<?xml version="1.0" encoding="UTF-8"?>
<testng-results skipped="0" failed="0" total="3" passed="3">
  <reporter-output>
  </reporter-output>
  <suite name="Demo Search test suite" duration-ms="120410" started-at="2015-07-24T20:13:07Z" finished-at="2015-07-24T20:15:08Z">
    <groups>
    </groups>
    <test name="Firefox Test" duration-ms="120410" started-at="2015-07-24T20:13:07Z" finished-at="2015-07-24T20:15:08Z">
      <class name="collateral.collateral360">
        <test-method status="PASS" signature="beforeTest(java.lang.String)[pri:0, instance:collateral.collateral360@14377358]" name="beforeTest" is-config="true" duration-ms="65033" started-at="2015-07-24T16:13:07Z" finished-at="2015-07-24T16:14:12Z">
          <params>
            <param index="0">
              <value>
                <![CDATA[Firefox]]>
              </value>
            </param>
          </params>
          <reporter-output>
          </reporter-output>
        </test-method> <!-- beforeTest -->
        <test-method status="PASS" signature="clickOnCollateralAndAdd()[pri:0, instance:collateral.collateral360@14377358]" name="clickOnCollateralAndAdd" duration-ms="5754" started-at="2015-07-24T16:14:12Z" finished-at="2015-07-24T16:14:18Z">
          <reporter-output>
          </reporter-output>
        </test-method> <!-- clickOnCollateralAndAdd -->
        <test-method status="PASS" signature="saveCollateralInformation()[pri:0, instance:collateral.collateral360@14377358]" name="saveCollateralInformation" duration-ms="46647" started-at="2015-07-24T16:14:18Z" finished-at="2015-07-24T16:15:05Z">
          <reporter-output>
          </reporter-output>
        </test-method> <!-- saveCollateralInformation -->
        <test-method status="PASS" signature="verifyCollateralTitle()[pri:0, instance:collateral.collateral360@14377358]" name="verifyCollateralTitle" duration-ms="1947" started-at="2015-07-24T16:15:05Z" finished-at="2015-07-24T16:15:07Z">
          <reporter-output>
          </reporter-output>
        </test-method> <!-- verifyCollateralTitle -->
        <test-method status="PASS" signature="afterTest()[pri:0, instance:collateral.collateral360@14377358]" name="afterTest" is-config="true" duration-ms="994" started-at="2015-07-24T16:15:07Z" finished-at="2015-07-24T16:15:08Z">
          <reporter-output>
          </reporter-output>
        </test-method> <!-- afterTest -->
      </class> <!-- collateral.collateral360 -->
    </test> <!-- Firefox Test -->
  </suite> <!-- Demo Search test suite -->
</testng-results>
