<?xml version="1.0" encoding="UTF-8"?>
<testng-results skipped="0" failed="1" total="2" passed="1">
  <reporter-output>
  </reporter-output>
  <suite name="Demo Search test suite" duration-ms="199591" started-at="2015-08-12T18:32:03Z" finished-at="2015-08-12T18:35:23Z">
    <groups>
    </groups>
    <test name="Chrome Test" duration-ms="199591" started-at="2015-08-12T18:32:03Z" finished-at="2015-08-12T18:35:23Z">
      <class name="credit.Credit360">
        <test-method status="PASS" signature="beforeTest(java.lang.String)[pri:0, instance:credit.Credit360@b99f7c6]" name="beforeTest" is-config="true" duration-ms="128397" started-at="2015-08-12T14:32:03Z" finished-at="2015-08-12T14:34:12Z">
          <params>
            <param index="0">
              <value>
                <![CDATA[Chrome]]>
              </value>
            </param>
          </params>
          <reporter-output>
          </reporter-output>
        </test-method> <!-- beforeTest -->
        <test-method status="FAIL" signature="addAndSaveBorrower()[pri:0, instance:credit.Credit360@b99f7c6]" name="addAndSaveBorrower" duration-ms="21125" started-at="2015-08-12T14:34:12Z" finished-at="2015-08-12T14:34:33Z">
          <exception class="org.openqa.selenium.WebDriverException">
            <message>
              <![CDATA[unknown error: Element is not clickable at point (221, 147). Other element would receive the click: <div class="blockUI blockOverlay" style="z-index: 1000; border: none; margin: 0px; padding: 0px; width: 100%; height: 100%; top: 0px; left: 0px; opacity: 0; cursor: default; position: fixed; background-color: rgb(0, 0, 0);"></div>
  (Session info: chrome=44.0.2403.130)
  (Driver info: chromedriver=2.16.333243 (0bfa1d3575fc1044244f21ddb82bf870944ef961),platform=Windows NT 6.1 SP1 x86_64) (WARNING: The server did not provide any stacktrace information)
Command duration or timeout: 76 milliseconds
Build info: version: '2.46.0', revision: '87c69e2', time: '2015-06-04 16:17:10'
System info: host: 'pbajpai', ip: '192.168.1.160', os.name: 'Windows 7', os.arch: 'amd64', os.version: '6.1', java.version: '1.7.0_71'
Session ID: d53ff954afe3d8141de96936130f3bfb
Driver info: org.openqa.selenium.remote.RemoteWebDriver
Capabilities [{platform=XP, acceptSslCerts=true, javascriptEnabled=true, browserName=chrome, chrome={userDataDir=C:\Users\provenir\AppData\Local\Temp\scoped_dir15268_4354}, rotatable=false, locationContextEnabled=true, mobileEmulationEnabled=false, version=44.0.2403.130, takesHeapSnapshot=true, cssSelectorsEnabled=true, databaseEnabled=false, handlesAlerts=true, browserConnectionEnabled=false, webStorageEnabled=true, nativeEvents=true, hasTouchScreen=false, applicationCacheEnabled=false, takesScreenshot=true}]]]>
            </message>
            <full-stacktrace>
              <![CDATA[org.openqa.selenium.WebDriverException: unknown error: Element is not clickable at point (221, 147). Other element would receive the click: <div class="blockUI blockOverlay" style="z-index: 1000; border: none; margin: 0px; padding: 0px; width: 100%; height: 100%; top: 0px; left: 0px; opacity: 0; cursor: default; position: fixed; background-color: rgb(0, 0, 0);"></div>
  (Session info: chrome=44.0.2403.130)
  (Driver info: chromedriver=2.16.333243 (0bfa1d3575fc1044244f21ddb82bf870944ef961),platform=Windows NT 6.1 SP1 x86_64) (WARNING: The server did not provide any stacktrace information)
Command duration or timeout: 76 milliseconds
Build info: version: '2.46.0', revision: '87c69e2', time: '2015-06-04 16:17:10'
System info: host: 'pbajpai', ip: '192.168.1.160', os.name: 'Windows 7', os.arch: 'amd64', os.version: '6.1', java.version: '1.7.0_71'
Session ID: d53ff954afe3d8141de96936130f3bfb
Driver info: org.openqa.selenium.remote.RemoteWebDriver
Capabilities [{platform=XP, acceptSslCerts=true, javascriptEnabled=true, browserName=chrome, chrome={userDataDir=C:\Users\provenir\AppData\Local\Temp\scoped_dir15268_4354}, rotatable=false, locationContextEnabled=true, mobileEmulationEnabled=false, version=44.0.2403.130, takesHeapSnapshot=true, cssSelectorsEnabled=true, databaseEnabled=false, handlesAlerts=true, browserConnectionEnabled=false, webStorageEnabled=true, nativeEvents=true, hasTouchScreen=false, applicationCacheEnabled=false, takesScreenshot=true}]
	at sun.reflect.NativeConstructorAccessorImpl.newInstance0(Native Method)
	at sun.reflect.NativeConstructorAccessorImpl.newInstance(Unknown Source)
	at sun.reflect.DelegatingConstructorAccessorImpl.newInstance(Unknown Source)
	at java.lang.reflect.Constructor.newInstance(Unknown Source)
	at org.openqa.selenium.remote.ErrorHandler.createThrowable(ErrorHandler.java:204)
	at org.openqa.selenium.remote.ErrorHandler.throwIfResponseFailed(ErrorHandler.java:156)
	at org.openqa.selenium.remote.RemoteWebDriver.execute(RemoteWebDriver.java:605)
	at org.openqa.selenium.remote.RemoteWebElement.execute(RemoteWebElement.java:269)
	at org.openqa.selenium.remote.RemoteWebElement.click(RemoteWebElement.java:80)
	at helper.Credit360Helper.clickCreditBorrowerAndAdd(Credit360Helper.java:37)
	at credit.Credit360.addAndSaveBorrower(Credit360.java:77)
	at sun.reflect.NativeMethodAccessorImpl.invoke0(Native Method)
	at sun.reflect.NativeMethodAccessorImpl.invoke(Unknown Source)
	at sun.reflect.DelegatingMethodAccessorImpl.invoke(Unknown Source)
	at java.lang.reflect.Method.invoke(Unknown Source)
	at org.testng.internal.MethodInvocationHelper.invokeMethod(MethodInvocationHelper.java:85)
	at org.testng.internal.Invoker.invokeMethod(Invoker.java:648)
	at org.testng.internal.Invoker.invokeTestMethod(Invoker.java:834)
	at org.testng.internal.Invoker.invokeTestMethods(Invoker.java:1142)
	at org.testng.internal.TestMethodWorker.invokeTestMethods(TestMethodWorker.java:124)
	at org.testng.internal.TestMethodWorker.run(TestMethodWorker.java:108)
	at org.testng.TestRunner.privateRun(TestRunner.java:771)
	at org.testng.TestRunner.run(TestRunner.java:621)
	at org.testng.SuiteRunner.runTest(SuiteRunner.java:357)
	at org.testng.SuiteRunner.access$000(SuiteRunner.java:38)
	at org.testng.SuiteRunner$SuiteWorker.run(SuiteRunner.java:391)
	at org.testng.internal.thread.ThreadUtil$2.call(ThreadUtil.java:64)
	at java.util.concurrent.FutureTask.run(Unknown Source)
	at java.util.concurrent.ThreadPoolExecutor.runWorker(Unknown Source)
	at java.util.concurrent.ThreadPoolExecutor$Worker.run(Unknown Source)
	at java.lang.Thread.run(Unknown Source)
]]>
            </full-stacktrace>
          </exception> <!-- org.openqa.selenium.WebDriverException -->
          <reporter-output>
          </reporter-output>
        </test-method> <!-- addAndSaveBorrower -->
        <test-method status="PASS" signature="searchRequest()[pri:0, instance:credit.Credit360@b99f7c6]" name="searchRequest" duration-ms="46971" started-at="2015-08-12T14:34:33Z" finished-at="2015-08-12T14:35:20Z">
          <reporter-output>
          </reporter-output>
        </test-method> <!-- searchRequest -->
        <test-method status="PASS" signature="afterTest()[pri:0, instance:credit.Credit360@b99f7c6]" name="afterTest" is-config="true" duration-ms="2996" started-at="2015-08-12T14:35:20Z" finished-at="2015-08-12T14:35:23Z">
          <reporter-output>
          </reporter-output>
        </test-method> <!-- afterTest -->
      </class> <!-- credit.Credit360 -->
    </test> <!-- Chrome Test -->
  </suite> <!-- Demo Search test suite -->
</testng-results>
