<?xml version="1.0" encoding="UTF-8"?>
<testng-results skipped="0" failed="0" total="0" passed="0">
  <reporter-output>
  </reporter-output>
  <suite name="Demo Search test suite" duration-ms="8" started-at="2015-08-11T15:35:39Z" finished-at="2015-08-11T15:35:39Z">
    <groups>
    </groups>
    <test name="Chrome Test" duration-ms="8" started-at="2015-08-11T15:35:39Z" finished-at="2015-08-11T15:35:39Z">
    </test> <!-- Chrome Test -->
  </suite> <!-- Demo Search test suite -->
</testng-results>
