<?xml version="1.0" encoding="UTF-8"?>
<testng-results skipped="0" failed="0" total="5" passed="5">
  <reporter-output>
  </reporter-output>
  <suite name="Demo Search test suite" duration-ms="126730" started-at="2015-09-04T18:04:17Z" finished-at="2015-09-04T18:06:24Z">
    <groups>
    </groups>
    <test name="Chrome Test" duration-ms="55819" started-at="2015-09-04T18:04:17Z" finished-at="2015-09-04T18:05:13Z">
      <class name="credit.Credit360">
        <test-method status="PASS" signature="beforeTest(java.lang.String)[pri:0, instance:credit.Credit360@6e7e4042]" name="beforeTest" is-config="true" duration-ms="54229" started-at="2015-09-04T14:04:17Z" finished-at="2015-09-04T14:05:12Z">
          <params>
            <param index="0">
              <value>
                <![CDATA[Chrome]]>
              </value>
            </param>
          </params>
          <reporter-output>
          </reporter-output>
        </test-method> <!-- beforeTest -->
        <test-method status="PASS" signature="searchRequest()[pri:0, instance:credit.Credit360@6e7e4042]" name="searchRequest" duration-ms="114" started-at="2015-09-04T14:05:12Z" finished-at="2015-09-04T14:05:12Z">
          <reporter-output>
          </reporter-output>
        </test-method> <!-- searchRequest -->
        <test-method status="PASS" signature="afterTest()[pri:0, instance:credit.Credit360@6e7e4042]" name="afterTest" is-config="true" duration-ms="1452" started-at="2015-09-04T14:05:12Z" finished-at="2015-09-04T14:05:13Z">
          <reporter-output>
          </reporter-output>
        </test-method> <!-- afterTest -->
      </class> <!-- credit.Credit360 -->
    </test> <!-- Chrome Test -->
    <test name="Firefox Test" duration-ms="94548" started-at="2015-09-04T18:04:17Z" finished-at="2015-09-04T18:05:52Z">
      <class name="customer.Cust360">
        <test-method status="PASS" signature="beforeTest(java.lang.String)[pri:0, instance:customer.Cust360@33b54d4e]" name="beforeTest" is-config="true" duration-ms="72093" started-at="2015-09-04T14:04:17Z" finished-at="2015-09-04T14:05:29Z">
          <params>
            <param index="0">
              <value>
                <![CDATA[Firefox]]>
              </value>
            </param>
          </params>
          <reporter-output>
          </reporter-output>
        </test-method> <!-- beforeTest -->
        <test-method status="PASS" signature="clickAddressAndAdd()[pri:0, instance:customer.Cust360@33b54d4e]" name="clickAddressAndAdd" duration-ms="4498" started-at="2015-09-04T14:05:29Z" finished-at="2015-09-04T14:05:34Z">
          <reporter-output>
          </reporter-output>
        </test-method> <!-- clickAddressAndAdd -->
        <test-method status="PASS" signature="saveAddress()[pri:0, instance:customer.Cust360@33b54d4e]" name="saveAddress" duration-ms="16821" started-at="2015-09-04T14:05:34Z" finished-at="2015-09-04T14:05:51Z">
          <reporter-output>
          </reporter-output>
        </test-method> <!-- saveAddress -->
        <test-method status="PASS" signature="afterTest()[pri:0, instance:customer.Cust360@33b54d4e]" name="afterTest" is-config="true" duration-ms="1120" started-at="2015-09-04T14:05:51Z" finished-at="2015-09-04T14:05:52Z">
          <reporter-output>
          </reporter-output>
        </test-method> <!-- afterTest -->
      </class> <!-- customer.Cust360 -->
    </test> <!-- Firefox Test -->
    <test name="IE Test" duration-ms="126730" started-at="2015-09-04T18:04:17Z" finished-at="2015-09-04T18:06:24Z">
      <class name="collateral.Collateral360">
        <test-method status="PASS" signature="beforeTest(java.lang.String)[pri:0, instance:collateral.Collateral360@19f67d34]" name="beforeTest" is-config="true" duration-ms="67225" started-at="2015-09-04T14:04:17Z" finished-at="2015-09-04T14:05:25Z">
          <params>
            <param index="0">
              <value>
                <![CDATA[InternetExplorer]]>
              </value>
            </param>
          </params>
          <reporter-output>
          </reporter-output>
        </test-method> <!-- beforeTest -->
        <test-method status="PASS" signature="verifyCollateralTitleOnCollateral()[pri:0, instance:collateral.Collateral360@19f67d34]" name="verifyCollateralTitleOnCollateral" duration-ms="11456" started-at="2015-09-04T14:05:25Z" finished-at="2015-09-04T14:05:36Z">
          <reporter-output>
          </reporter-output>
        </test-method> <!-- verifyCollateralTitleOnCollateral -->
        <test-method status="PASS" signature="saveCollateralDetails()[pri:0, instance:collateral.Collateral360@19f67d34]" name="saveCollateralDetails" duration-ms="47530" started-at="2015-09-04T14:05:36Z" finished-at="2015-09-04T14:06:24Z">
          <reporter-output>
          </reporter-output>
        </test-method> <!-- saveCollateralDetails -->
        <test-method status="PASS" signature="afterTest()[pri:0, instance:collateral.Collateral360@19f67d34]" name="afterTest" is-config="true" duration-ms="508" started-at="2015-09-04T14:06:24Z" finished-at="2015-09-04T14:06:24Z">
          <reporter-output>
          </reporter-output>
        </test-method> <!-- afterTest -->
      </class> <!-- collateral.Collateral360 -->
    </test> <!-- IE Test -->
  </suite> <!-- Demo Search test suite -->
</testng-results>
