<?xml version="1.0" encoding="UTF-8"?>
<testng-results skipped="0" failed="2" total="9" passed="7">
  <reporter-output>
  </reporter-output>
  <suite name="Demo Search test suite" duration-ms="222230" started-at="2015-08-06T14:46:10Z" finished-at="2015-08-06T14:49:53Z">
    <groups>
    </groups>
    <test name="Chrome Test" duration-ms="148801" started-at="2015-08-06T14:46:10Z" finished-at="2015-08-06T14:48:39Z">
      <class name="collateral.Collateral360">
        <test-method status="PASS" signature="beforeTest(java.lang.String)[pri:0, instance:collateral.Collateral360@3b1e7dd]" name="beforeTest" is-config="true" duration-ms="103037" started-at="2015-08-06T10:46:10Z" finished-at="2015-08-06T10:47:54Z">
          <params>
            <param index="0">
              <value>
                <![CDATA[Chrome]]>
              </value>
            </param>
          </params>
          <reporter-output>
          </reporter-output>
        </test-method> <!-- beforeTest -->
        <test-method status="PASS" signature="clickOnCollateralAndAdd()[pri:0, instance:collateral.Collateral360@3b1e7dd]" name="clickOnCollateralAndAdd" duration-ms="2276" started-at="2015-08-06T10:47:54Z" finished-at="2015-08-06T10:47:56Z">
          <reporter-output>
          </reporter-output>
        </test-method> <!-- clickOnCollateralAndAdd -->
        <test-method status="PASS" signature="verifyCollateralTitle()[pri:0, instance:collateral.Collateral360@3b1e7dd]" name="verifyCollateralTitle" duration-ms="4854" started-at="2015-08-06T10:47:56Z" finished-at="2015-08-06T10:48:01Z">
          <reporter-output>
          </reporter-output>
        </test-method> <!-- verifyCollateralTitle -->
        <test-method status="PASS" signature="saveCollateralInformation()[pri:0, instance:collateral.Collateral360@3b1e7dd]" name="saveCollateralInformation" duration-ms="38607" started-at="2015-08-06T10:48:01Z" finished-at="2015-08-06T10:48:39Z">
          <reporter-output>
          </reporter-output>
        </test-method> <!-- saveCollateralInformation -->
        <test-method status="PASS" signature="afterTest()[pri:0, instance:collateral.Collateral360@3b1e7dd]" name="afterTest" is-config="true" duration-ms="2" started-at="2015-08-06T10:48:39Z" finished-at="2015-08-06T10:48:39Z">
          <reporter-output>
          </reporter-output>
        </test-method> <!-- afterTest -->
      </class> <!-- collateral.Collateral360 -->
    </test> <!-- Chrome Test -->
    <test name="Firefox Test" duration-ms="188674" started-at="2015-08-06T14:46:10Z" finished-at="2015-08-06T14:49:19Z">
      <class name="collateral.Collateral360">
        <test-method status="PASS" signature="beforeTest(java.lang.String)[pri:0, instance:collateral.Collateral360@7a08c0a3]" name="beforeTest" is-config="true" duration-ms="127998" started-at="2015-08-06T10:46:10Z" finished-at="2015-08-06T10:48:18Z">
          <params>
            <param index="0">
              <value>
                <![CDATA[Firefox]]>
              </value>
            </param>
          </params>
          <reporter-output>
          </reporter-output>
        </test-method> <!-- beforeTest -->
        <test-method status="PASS" signature="clickOnCollateralAndAdd()[pri:0, instance:collateral.Collateral360@7a08c0a3]" name="clickOnCollateralAndAdd" duration-ms="2917" started-at="2015-08-06T10:48:18Z" finished-at="2015-08-06T10:48:21Z">
          <reporter-output>
          </reporter-output>
        </test-method> <!-- clickOnCollateralAndAdd -->
        <test-method status="PASS" signature="verifyCollateralTitle()[pri:0, instance:collateral.Collateral360@7a08c0a3]" name="verifyCollateralTitle" duration-ms="12031" started-at="2015-08-06T10:48:21Z" finished-at="2015-08-06T10:48:33Z">
          <reporter-output>
          </reporter-output>
        </test-method> <!-- verifyCollateralTitle -->
        <test-method status="PASS" signature="saveCollateralInformation()[pri:0, instance:collateral.Collateral360@7a08c0a3]" name="saveCollateralInformation" duration-ms="45711" started-at="2015-08-06T10:48:33Z" finished-at="2015-08-06T10:49:19Z">
          <reporter-output>
          </reporter-output>
        </test-method> <!-- saveCollateralInformation -->
        <test-method status="PASS" signature="afterTest()[pri:0, instance:collateral.Collateral360@7a08c0a3]" name="afterTest" is-config="true" duration-ms="1" started-at="2015-08-06T10:49:19Z" finished-at="2015-08-06T10:49:19Z">
          <reporter-output>
          </reporter-output>
        </test-method> <!-- afterTest -->
      </class> <!-- collateral.Collateral360 -->
    </test> <!-- Firefox Test -->
    <test name="IE Test" duration-ms="222230" started-at="2015-08-06T14:46:10Z" finished-at="2015-08-06T14:49:53Z">
      <class name="collateral.Collateral360">
        <test-method status="PASS" signature="beforeTest(java.lang.String)[pri:0, instance:collateral.Collateral360@2e78d8ac]" name="beforeTest" is-config="true" duration-ms="106631" started-at="2015-08-06T10:46:10Z" finished-at="2015-08-06T10:47:57Z">
          <params>
            <param index="0">
              <value>
                <![CDATA[InternetExplorer]]>
              </value>
            </param>
          </params>
          <reporter-output>
          </reporter-output>
        </test-method> <!-- beforeTest -->
        <test-method status="PASS" signature="clickOnCollateralAndAdd()[pri:0, instance:collateral.Collateral360@2e78d8ac]" name="clickOnCollateralAndAdd" duration-ms="12876" started-at="2015-08-06T10:47:57Z" finished-at="2015-08-06T10:48:10Z">
          <reporter-output>
          </reporter-output>
        </test-method> <!-- clickOnCollateralAndAdd -->
        <test-method status="FAIL" signature="verifyCollateralTitle()[pri:0, instance:collateral.Collateral360@2e78d8ac]" name="verifyCollateralTitle" duration-ms="61663" started-at="2015-08-06T10:48:10Z" finished-at="2015-08-06T10:49:12Z">
          <reporter-output>
          </reporter-output>
        </test-method> <!-- verifyCollateralTitle -->
        <test-method status="FAIL" signature="saveCollateralInformation()[pri:0, instance:collateral.Collateral360@2e78d8ac]" name="saveCollateralInformation" duration-ms="41041" started-at="2015-08-06T10:49:12Z" finished-at="2015-08-06T10:49:53Z">
          <reporter-output>
          </reporter-output>
        </test-method> <!-- saveCollateralInformation -->
        <test-method status="PASS" signature="afterTest()[pri:0, instance:collateral.Collateral360@2e78d8ac]" name="afterTest" is-config="true" duration-ms="2" started-at="2015-08-06T10:49:53Z" finished-at="2015-08-06T10:49:53Z">
          <reporter-output>
          </reporter-output>
        </test-method> <!-- afterTest -->
      </class> <!-- collateral.Collateral360 -->
    </test> <!-- IE Test -->
  </suite> <!-- Demo Search test suite -->
</testng-results>
