<?xml version="1.0" encoding="UTF-8"?>
<testng-results skipped="0" failed="1" total="2" passed="1">
  <reporter-output>
  </reporter-output>
  <suite name="Demo Search test suite" duration-ms="78316" started-at="2015-07-20T01:42:47Z" finished-at="2015-07-20T01:44:06Z">
    <groups>
    </groups>
    <test name="Firefox Test" duration-ms="78316" started-at="2015-07-20T01:42:47Z" finished-at="2015-07-20T01:44:06Z">
      <class name="collateral.collateral360">
        <test-method status="PASS" signature="beforeTest(java.lang.String)[pri:0, instance:collateral.collateral360@1639f9e3]" name="beforeTest" is-config="true" duration-ms="67382" started-at="2015-07-19T21:42:47Z" finished-at="2015-07-19T21:43:55Z">
          <params>
            <param index="0">
              <value>
                <![CDATA[Firefox]]>
              </value>
            </param>
          </params>
          <reporter-output>
          </reporter-output>
        </test-method> <!-- beforeTest -->
        <test-method status="FAIL" signature="saveCollateralInformation()[pri:0, instance:collateral.collateral360@1639f9e3]" name="saveCollateralInformation" duration-ms="8710" started-at="2015-07-19T21:43:55Z" finished-at="2015-07-19T21:44:04Z">
          <exception class="java.lang.IllegalMonitorStateException">
            <full-stacktrace>
              <![CDATA[java.lang.IllegalMonitorStateException
	at java.lang.Object.wait(Native Method)
	at collateral.collateral360Helper.selectCollateralType(collateral360Helper.java:63)
	at collateral.collateral360.saveCollateralInformation(collateral360.java:48)
	at sun.reflect.NativeMethodAccessorImpl.invoke0(Native Method)
	at sun.reflect.NativeMethodAccessorImpl.invoke(Unknown Source)
	at sun.reflect.DelegatingMethodAccessorImpl.invoke(Unknown Source)
	at java.lang.reflect.Method.invoke(Unknown Source)
	at org.testng.internal.MethodInvocationHelper.invokeMethod(MethodInvocationHelper.java:85)
	at org.testng.internal.Invoker.invokeMethod(Invoker.java:648)
	at org.testng.internal.Invoker.invokeTestMethod(Invoker.java:834)
	at org.testng.internal.Invoker.invokeTestMethods(Invoker.java:1142)
	at org.testng.internal.TestMethodWorker.invokeTestMethods(TestMethodWorker.java:124)
	at org.testng.internal.TestMethodWorker.run(TestMethodWorker.java:108)
	at org.testng.TestRunner.privateRun(TestRunner.java:771)
	at org.testng.TestRunner.run(TestRunner.java:621)
	at org.testng.SuiteRunner.runTest(SuiteRunner.java:357)
	at org.testng.SuiteRunner.access$000(SuiteRunner.java:38)
	at org.testng.SuiteRunner$SuiteWorker.run(SuiteRunner.java:391)
	at org.testng.internal.thread.ThreadUtil$2.call(ThreadUtil.java:64)
	at java.util.concurrent.FutureTask.run(Unknown Source)
	at java.util.concurrent.ThreadPoolExecutor.runWorker(Unknown Source)
	at java.util.concurrent.ThreadPoolExecutor$Worker.run(Unknown Source)
	at java.lang.Thread.run(Unknown Source)
]]>
            </full-stacktrace>
          </exception> <!-- java.lang.IllegalMonitorStateException -->
          <reporter-output>
          </reporter-output>
        </test-method> <!-- saveCollateralInformation -->
        <test-method status="PASS" signature="verifyCollateralTitle()[pri:0, instance:collateral.collateral360@1639f9e3]" name="verifyCollateralTitle" duration-ms="209" started-at="2015-07-19T21:44:04Z" finished-at="2015-07-19T21:44:04Z">
          <reporter-output>
          </reporter-output>
        </test-method> <!-- verifyCollateralTitle -->
        <test-method status="PASS" signature="afterTest()[pri:0, instance:collateral.collateral360@1639f9e3]" name="afterTest" is-config="true" duration-ms="1988" started-at="2015-07-19T21:44:04Z" finished-at="2015-07-19T21:44:06Z">
          <reporter-output>
          </reporter-output>
        </test-method> <!-- afterTest -->
      </class> <!-- collateral.collateral360 -->
    </test> <!-- Firefox Test -->
  </suite> <!-- Demo Search test suite -->
</testng-results>
