<?xml version="1.0" encoding="UTF-8"?>
<testng-results skipped="0" failed="0" total="3" passed="3">
  <reporter-output>
  </reporter-output>
  <suite name="Demo Search test suite" duration-ms="120445" started-at="2015-07-24T19:35:16Z" finished-at="2015-07-24T19:37:16Z">
    <groups>
    </groups>
    <test name="Firefox Test" duration-ms="120445" started-at="2015-07-24T19:35:16Z" finished-at="2015-07-24T19:37:16Z">
      <class name="collateral.collateral360">
        <test-method status="PASS" signature="beforeTest(java.lang.String)[pri:0, instance:collateral.collateral360@14377358]" name="beforeTest" is-config="true" duration-ms="69028" started-at="2015-07-24T15:35:16Z" finished-at="2015-07-24T15:36:25Z">
          <params>
            <param index="0">
              <value>
                <![CDATA[Firefox]]>
              </value>
            </param>
          </params>
          <reporter-output>
          </reporter-output>
        </test-method> <!-- beforeTest -->
        <test-method status="PASS" signature="clickOnCollateralAndAdd()[pri:0, instance:collateral.collateral360@14377358]" name="clickOnCollateralAndAdd" duration-ms="2138" started-at="2015-07-24T15:36:25Z" finished-at="2015-07-24T15:36:27Z">
          <reporter-output>
          </reporter-output>
        </test-method> <!-- clickOnCollateralAndAdd -->
        <test-method status="PASS" signature="saveCollateralInformation()[pri:0, instance:collateral.collateral360@14377358]" name="saveCollateralInformation" duration-ms="46233" started-at="2015-07-24T15:36:27Z" finished-at="2015-07-24T15:37:13Z">
          <reporter-output>
          </reporter-output>
        </test-method> <!-- saveCollateralInformation -->
        <test-method status="PASS" signature="verifyCollateralTitle()[pri:0, instance:collateral.collateral360@14377358]" name="verifyCollateralTitle" duration-ms="1863" started-at="2015-07-24T15:37:13Z" finished-at="2015-07-24T15:37:15Z">
          <reporter-output>
          </reporter-output>
        </test-method> <!-- verifyCollateralTitle -->
        <test-method status="PASS" signature="afterTest()[pri:0, instance:collateral.collateral360@14377358]" name="afterTest" is-config="true" duration-ms="1149" started-at="2015-07-24T15:37:15Z" finished-at="2015-07-24T15:37:16Z">
          <reporter-output>
          </reporter-output>
        </test-method> <!-- afterTest -->
      </class> <!-- collateral.collateral360 -->
    </test> <!-- Firefox Test -->
  </suite> <!-- Demo Search test suite -->
</testng-results>
