<?xml version="1.0" encoding="UTF-8"?>
<testng-results skipped="0" failed="0" total="3" passed="3">
  <reporter-output>
  </reporter-output>
  <suite name="Demo Search test suite" duration-ms="64" started-at="2015-08-04T20:02:58Z" finished-at="2015-08-04T20:02:58Z">
    <groups>
    </groups>
    <test name="Firefox Test" duration-ms="64" started-at="2015-08-04T20:02:58Z" finished-at="2015-08-04T20:02:58Z">
      <class name="collateral.Collateral360">
        <test-method status="PASS" signature="beforeTest(java.lang.String)[pri:0, instance:collateral.Collateral360@75d8ac9d]" name="beforeTest" is-config="true" duration-ms="28" started-at="2015-08-04T16:02:58Z" finished-at="2015-08-04T16:02:58Z">
          <params>
            <param index="0">
              <value>
                <![CDATA[Firefox]]>
              </value>
            </param>
          </params>
          <reporter-output>
          </reporter-output>
        </test-method> <!-- beforeTest -->
        <test-method status="PASS" signature="clickOnCollateralAndAdd()[pri:0, instance:collateral.Collateral360@75d8ac9d]" name="clickOnCollateralAndAdd" duration-ms="9" started-at="2015-08-04T16:02:58Z" finished-at="2015-08-04T16:02:58Z">
          <reporter-output>
          </reporter-output>
        </test-method> <!-- clickOnCollateralAndAdd -->
        <test-method status="PASS" signature="verifyCollateralTitle()[pri:0, instance:collateral.Collateral360@75d8ac9d]" name="verifyCollateralTitle" duration-ms="1" started-at="2015-08-04T16:02:58Z" finished-at="2015-08-04T16:02:58Z">
          <reporter-output>
          </reporter-output>
        </test-method> <!-- verifyCollateralTitle -->
        <test-method status="PASS" signature="saveCollateralInformation()[pri:0, instance:collateral.Collateral360@75d8ac9d]" name="saveCollateralInformation" duration-ms="1" started-at="2015-08-04T16:02:58Z" finished-at="2015-08-04T16:02:58Z">
          <reporter-output>
          </reporter-output>
        </test-method> <!-- saveCollateralInformation -->
        <test-method status="PASS" signature="afterTest()[pri:0, instance:collateral.Collateral360@75d8ac9d]" name="afterTest" is-config="true" duration-ms="1" started-at="2015-08-04T16:02:58Z" finished-at="2015-08-04T16:02:58Z">
          <reporter-output>
          </reporter-output>
        </test-method> <!-- afterTest -->
      </class> <!-- collateral.Collateral360 -->
    </test> <!-- Firefox Test -->
  </suite> <!-- Demo Search test suite -->
</testng-results>
