<?xml version="1.0" encoding="UTF-8"?>
<testng-results skipped="0" failed="1" total="3" passed="2">
  <reporter-output>
  </reporter-output>
  <suite name="Demo Search test suite" duration-ms="127541" started-at="2015-07-16T20:12:07Z" finished-at="2015-07-16T20:14:14Z">
    <groups>
    </groups>
    <test name="Firefox Test" duration-ms="60433" started-at="2015-07-16T20:12:07Z" finished-at="2015-07-16T20:13:07Z">
      <class name="collateral.addCollateral">
        <test-method status="PASS" signature="beforeTest(java.lang.String)[pri:0, instance:collateral.addCollateral@1dcd8d1f]" name="beforeTest" is-config="true" duration-ms="6385" started-at="2015-07-16T16:12:07Z" finished-at="2015-07-16T16:12:13Z">
          <params>
            <param index="0">
              <value>
                <![CDATA[Firefox]]>
              </value>
            </param>
          </params>
          <reporter-output>
          </reporter-output>
        </test-method> <!-- beforeTest -->
        <test-method status="PASS" signature="addCollateral()[pri:0, instance:collateral.addCollateral@1dcd8d1f]" name="addCollateral" duration-ms="49849" started-at="2015-07-16T16:12:13Z" finished-at="2015-07-16T16:13:03Z">
          <reporter-output>
          </reporter-output>
        </test-method> <!-- addCollateral -->
        <test-method status="PASS" signature="afterTest()[pri:0, instance:collateral.addCollateral@1dcd8d1f]" name="afterTest" is-config="true" duration-ms="4174" started-at="2015-07-16T16:13:03Z" finished-at="2015-07-16T16:13:07Z">
          <reporter-output>
          </reporter-output>
        </test-method> <!-- afterTest -->
      </class> <!-- collateral.addCollateral -->
    </test> <!-- Firefox Test -->
    <test name="IE Test" duration-ms="7881" started-at="2015-07-16T20:13:07Z" finished-at="2015-07-16T20:13:15Z">
      <class name="collateral.addCollateral">
        <test-method status="PASS" signature="beforeTest(java.lang.String)[pri:0, instance:collateral.addCollateral@2ed37507]" name="beforeTest" is-config="true" duration-ms="3243" started-at="2015-07-16T16:13:07Z" finished-at="2015-07-16T16:13:11Z">
          <params>
            <param index="0">
              <value>
                <![CDATA[IE]]>
              </value>
            </param>
          </params>
          <reporter-output>
          </reporter-output>
        </test-method> <!-- beforeTest -->
        <test-method status="FAIL" signature="addCollateral()[pri:0, instance:collateral.addCollateral@2ed37507]" name="addCollateral" duration-ms="3038" started-at="2015-07-16T16:13:11Z" finished-at="2015-07-16T16:13:14Z">
          <exception class="org.openqa.selenium.NoSuchElementException">
            <message>
              <![CDATA[Unable to find element with id == srchTxt (WARNING: The server did not provide any stacktrace information)
Command duration or timeout: 340 milliseconds
For documentation on this error, please visit: http://seleniumhq.org/exceptions/no_such_element.html
Build info: version: '2.46.0', revision: '87c69e2', time: '2015-06-04 16:17:10'
System info: host: 'pbajpai', ip: '192.168.1.160', os.name: 'Windows 7', os.arch: 'amd64', os.version: '6.1', java.version: '1.7.0_79'
*** Element info: {Using=id, value=srchTxt}
Session ID: 667c8c91-94dc-4ec5-b1ae-b0a41141dd5b
Driver info: org.openqa.selenium.ie.InternetExplorerDriver
Capabilities [{platform=WINDOWS, javascriptEnabled=true, elementScrollBehavior=0, ignoreZoomSetting=false, enablePersistentHover=true, ie.ensureCleanSession=false, browserName=internet explorer, enableElementCacheCleanup=true, unexpectedAlertBehaviour=dismiss, version=11, pageLoadStrategy=normal, ie.usePerProcessProxy=false, cssSelectorsEnabled=true, ignoreProtectedModeSettings=false, requireWindowFocus=false, initialBrowserUrl=http://localhost:18420/, handlesAlerts=true, ie.forceCreateProcessApi=false, nativeEvents=true, browserAttachTimeout=0, ie.browserCommandLineSwitches=, takesScreenshot=true}]]]>
            </message>
            <full-stacktrace>
              <![CDATA[org.openqa.selenium.NoSuchElementException: Unable to find element with id == srchTxt (WARNING: The server did not provide any stacktrace information)
Command duration or timeout: 340 milliseconds
For documentation on this error, please visit: http://seleniumhq.org/exceptions/no_such_element.html
Build info: version: '2.46.0', revision: '87c69e2', time: '2015-06-04 16:17:10'
System info: host: 'pbajpai', ip: '192.168.1.160', os.name: 'Windows 7', os.arch: 'amd64', os.version: '6.1', java.version: '1.7.0_79'
*** Element info: {Using=id, value=srchTxt}
Session ID: 667c8c91-94dc-4ec5-b1ae-b0a41141dd5b
Driver info: org.openqa.selenium.ie.InternetExplorerDriver
Capabilities [{platform=WINDOWS, javascriptEnabled=true, elementScrollBehavior=0, ignoreZoomSetting=false, enablePersistentHover=true, ie.ensureCleanSession=false, browserName=internet explorer, enableElementCacheCleanup=true, unexpectedAlertBehaviour=dismiss, version=11, pageLoadStrategy=normal, ie.usePerProcessProxy=false, cssSelectorsEnabled=true, ignoreProtectedModeSettings=false, requireWindowFocus=false, initialBrowserUrl=http://localhost:18420/, handlesAlerts=true, ie.forceCreateProcessApi=false, nativeEvents=true, browserAttachTimeout=0, ie.browserCommandLineSwitches=, takesScreenshot=true}]
	at sun.reflect.NativeConstructorAccessorImpl.newInstance0(Native Method)
	at sun.reflect.NativeConstructorAccessorImpl.newInstance(Unknown Source)
	at sun.reflect.DelegatingConstructorAccessorImpl.newInstance(Unknown Source)
	at java.lang.reflect.Constructor.newInstance(Unknown Source)
	at org.openqa.selenium.remote.ErrorHandler.createThrowable(ErrorHandler.java:204)
	at org.openqa.selenium.remote.ErrorHandler.throwIfResponseFailed(ErrorHandler.java:156)
	at org.openqa.selenium.remote.RemoteWebDriver.execute(RemoteWebDriver.java:605)
	at org.openqa.selenium.remote.RemoteWebDriver.findElement(RemoteWebDriver.java:358)
	at org.openqa.selenium.remote.RemoteWebDriver.findElementById(RemoteWebDriver.java:399)
	at org.openqa.selenium.By$ById.findElement(By.java:215)
	at org.openqa.selenium.remote.RemoteWebDriver.findElement(RemoteWebDriver.java:350)
	at collateral.searchResult.searchRequest(searchResult.java:13)
	at collateral.addCollateral.addCollateral(addCollateral.java:41)
	at sun.reflect.NativeMethodAccessorImpl.invoke0(Native Method)
	at sun.reflect.NativeMethodAccessorImpl.invoke(Unknown Source)
	at sun.reflect.DelegatingMethodAccessorImpl.invoke(Unknown Source)
	at java.lang.reflect.Method.invoke(Unknown Source)
	at org.testng.internal.MethodInvocationHelper.invokeMethod(MethodInvocationHelper.java:85)
	at org.testng.internal.Invoker.invokeMethod(Invoker.java:648)
	at org.testng.internal.Invoker.invokeTestMethod(Invoker.java:834)
	at org.testng.internal.Invoker.invokeTestMethods(Invoker.java:1142)
	at org.testng.internal.TestMethodWorker.invokeTestMethods(TestMethodWorker.java:124)
	at org.testng.internal.TestMethodWorker.run(TestMethodWorker.java:108)
	at org.testng.TestRunner.privateRun(TestRunner.java:771)
	at org.testng.TestRunner.run(TestRunner.java:621)
	at org.testng.SuiteRunner.runTest(SuiteRunner.java:357)
	at org.testng.SuiteRunner.access$000(SuiteRunner.java:38)
	at org.testng.SuiteRunner$SuiteWorker.run(SuiteRunner.java:391)
	at org.testng.internal.thread.ThreadUtil$2.call(ThreadUtil.java:64)
	at java.util.concurrent.FutureTask.run(Unknown Source)
	at java.util.concurrent.ThreadPoolExecutor.runWorker(Unknown Source)
	at java.util.concurrent.ThreadPoolExecutor$Worker.run(Unknown Source)
	at java.lang.Thread.run(Unknown Source)
]]>
            </full-stacktrace>
          </exception> <!-- org.openqa.selenium.NoSuchElementException -->
          <reporter-output>
          </reporter-output>
        </test-method> <!-- addCollateral -->
        <test-method status="PASS" signature="afterTest()[pri:0, instance:collateral.addCollateral@2ed37507]" name="afterTest" is-config="true" duration-ms="1546" started-at="2015-07-16T16:13:14Z" finished-at="2015-07-16T16:13:15Z">
          <reporter-output>
          </reporter-output>
        </test-method> <!-- afterTest -->
      </class> <!-- collateral.addCollateral -->
    </test> <!-- IE Test -->
    <test name="Chrome Test" duration-ms="59161" started-at="2015-07-16T20:13:15Z" finished-at="2015-07-16T20:14:14Z">
      <class name="collateral.addCollateral">
        <test-method status="PASS" signature="beforeTest(java.lang.String)[pri:0, instance:collateral.addCollateral@42ab91e8]" name="beforeTest" is-config="true" duration-ms="2234" started-at="2015-07-16T16:13:15Z" finished-at="2015-07-16T16:13:18Z">
          <params>
            <param index="0">
              <value>
                <![CDATA[Chrome]]>
              </value>
            </param>
          </params>
          <reporter-output>
          </reporter-output>
        </test-method> <!-- beforeTest -->
        <test-method status="PASS" signature="addCollateral()[pri:0, instance:collateral.addCollateral@42ab91e8]" name="addCollateral" duration-ms="55213" started-at="2015-07-16T16:13:18Z" finished-at="2015-07-16T16:14:13Z">
          <reporter-output>
          </reporter-output>
        </test-method> <!-- addCollateral -->
        <test-method status="PASS" signature="afterTest()[pri:0, instance:collateral.addCollateral@42ab91e8]" name="afterTest" is-config="true" duration-ms="1709" started-at="2015-07-16T16:14:13Z" finished-at="2015-07-16T16:14:14Z">
          <reporter-output>
          </reporter-output>
        </test-method> <!-- afterTest -->
      </class> <!-- collateral.addCollateral -->
    </test> <!-- Chrome Test -->
  </suite> <!-- Demo Search test suite -->
</testng-results>
