<?xml version="1.0" encoding="UTF-8"?>
<testng-results skipped="0" failed="0" total="6" passed="6">
  <reporter-output>
  </reporter-output>
  <suite name="Demo Search test suite" duration-ms="171918" started-at="2015-09-08T03:37:13Z" finished-at="2015-09-08T03:40:05Z">
    <groups>
    </groups>
    <test name="Firefox Test" duration-ms="171918" started-at="2015-09-08T03:37:13Z" finished-at="2015-09-08T03:40:05Z">
      <class name="collateral.Collateral360">
        <test-method status="PASS" signature="beforeTest(java.lang.String)[pri:0, instance:collateral.Collateral360@380febb9]" name="beforeTest" is-config="true" duration-ms="41609" started-at="2015-09-07T23:37:13Z" finished-at="2015-09-07T23:37:54Z">
          <params>
            <param index="0">
              <value>
                <![CDATA[Firefox]]>
              </value>
            </param>
          </params>
          <reporter-output>
          </reporter-output>
        </test-method> <!-- beforeTest -->
        <test-method status="PASS" signature="verifyCollateralTitleOnCollateral()[pri:0, instance:collateral.Collateral360@380febb9]" name="verifyCollateralTitleOnCollateral" duration-ms="7176" started-at="2015-09-07T23:37:54Z" finished-at="2015-09-07T23:38:01Z">
          <reporter-output>
          </reporter-output>
        </test-method> <!-- verifyCollateralTitleOnCollateral -->
        <test-method status="PASS" signature="saveCollateralDetails()[pri:0, instance:collateral.Collateral360@380febb9]" name="saveCollateralDetails" duration-ms="47581" started-at="2015-09-07T23:38:01Z" finished-at="2015-09-07T23:38:49Z">
          <reporter-output>
          </reporter-output>
        </test-method> <!-- saveCollateralDetails -->
        <test-method status="PASS" signature="verifyLeftHandNavigationForVehicle()[pri:0, instance:collateral.Collateral360@380febb9]" name="verifyLeftHandNavigationForVehicle" duration-ms="18661" started-at="2015-09-07T23:38:49Z" finished-at="2015-09-07T23:39:08Z">
          <reporter-output>
          </reporter-output>
        </test-method> <!-- verifyLeftHandNavigationForVehicle -->
        <test-method status="PASS" signature="verifyLeftHandNavigationForShares()[pri:0, instance:collateral.Collateral360@380febb9]" name="verifyLeftHandNavigationForShares" duration-ms="18819" started-at="2015-09-07T23:39:08Z" finished-at="2015-09-07T23:39:27Z">
          <reporter-output>
          </reporter-output>
        </test-method> <!-- verifyLeftHandNavigationForShares -->
        <test-method status="PASS" signature="verifyLeftHandNavigationForAccountsReceivable()[pri:0, instance:collateral.Collateral360@380febb9]" name="verifyLeftHandNavigationForAccountsReceivable" duration-ms="17994" started-at="2015-09-07T23:39:27Z" finished-at="2015-09-07T23:39:45Z">
          <reporter-output>
          </reporter-output>
        </test-method> <!-- verifyLeftHandNavigationForAccountsReceivable -->
        <test-method status="PASS" signature="verifyLeftHandNavigationForRealEstate()[pri:0, instance:collateral.Collateral360@380febb9]" name="verifyLeftHandNavigationForRealEstate" duration-ms="19222" started-at="2015-09-07T23:39:45Z" finished-at="2015-09-07T23:40:04Z">
          <reporter-output>
          </reporter-output>
        </test-method> <!-- verifyLeftHandNavigationForRealEstate -->
        <test-method status="PASS" signature="afterTest()[pri:0, instance:collateral.Collateral360@380febb9]" name="afterTest" is-config="true" duration-ms="830" started-at="2015-09-07T23:40:04Z" finished-at="2015-09-07T23:40:05Z">
          <reporter-output>
          </reporter-output>
        </test-method> <!-- afterTest -->
      </class> <!-- collateral.Collateral360 -->
    </test> <!-- Firefox Test -->
  </suite> <!-- Demo Search test suite -->
</testng-results>
