<?xml version="1.0" encoding="UTF-8"?>
<testng-results skipped="15" failed="0" total="15" passed="0">
  <reporter-output>
  </reporter-output>
  <suite name="Demo Search test suite" duration-ms="33684" started-at="2015-07-23T15:40:30Z" finished-at="2015-07-23T15:41:04Z">
    <groups>
    </groups>
    <test name="IE Test" duration-ms="7063" started-at="2015-07-23T15:40:30Z" finished-at="2015-07-23T15:40:37Z">
      <class name="collateral.collateral360">
        <test-method status="FAIL" signature="beforeTest(java.lang.String)[pri:0, instance:collateral.collateral360@399a8978]" name="beforeTest" is-config="true" duration-ms="0" started-at="2015-07-23T11:40:30Z" finished-at="2015-07-23T11:40:30Z">
          <params>
            <param index="0">
              <value>
                <![CDATA[IE]]>
              </value>
            </param>
          </params>
          <exception class="org.openqa.selenium.NoSuchElementException">
            <message>
              <![CDATA[Unable to find element with id == srchTxt (WARNING: The server did not provide any stacktrace information)
Command duration or timeout: 424 milliseconds
For documentation on this error, please visit: http://seleniumhq.org/exceptions/no_such_element.html
Build info: version: '2.46.0', revision: '87c69e2', time: '2015-06-04 16:17:10'
System info: host: 'pbajpai', ip: '192.168.1.161', os.name: 'Windows 7', os.arch: 'amd64', os.version: '6.1', java.version: '1.7.0_79'
*** Element info: {Using=id, value=srchTxt}
Session ID: e47c0668-7f3a-4b08-918d-4307aa60cdd1
Driver info: org.openqa.selenium.ie.InternetExplorerDriver
Capabilities [{platform=WINDOWS, javascriptEnabled=true, elementScrollBehavior=0, ignoreZoomSetting=false, enablePersistentHover=true, ie.ensureCleanSession=false, browserName=internet explorer, enableElementCacheCleanup=true, unexpectedAlertBehaviour=dismiss, version=11, pageLoadStrategy=normal, ie.usePerProcessProxy=false, cssSelectorsEnabled=true, ignoreProtectedModeSettings=false, requireWindowFocus=false, initialBrowserUrl=http://localhost:41300/, handlesAlerts=true, ie.forceCreateProcessApi=false, nativeEvents=true, browserAttachTimeout=0, ie.browserCommandLineSwitches=, takesScreenshot=true}]]]>
            </message>
            <full-stacktrace>
              <![CDATA[org.openqa.selenium.NoSuchElementException: Unable to find element with id == srchTxt (WARNING: The server did not provide any stacktrace information)
Command duration or timeout: 424 milliseconds
For documentation on this error, please visit: http://seleniumhq.org/exceptions/no_such_element.html
Build info: version: '2.46.0', revision: '87c69e2', time: '2015-06-04 16:17:10'
System info: host: 'pbajpai', ip: '192.168.1.161', os.name: 'Windows 7', os.arch: 'amd64', os.version: '6.1', java.version: '1.7.0_79'
*** Element info: {Using=id, value=srchTxt}
Session ID: e47c0668-7f3a-4b08-918d-4307aa60cdd1
Driver info: org.openqa.selenium.ie.InternetExplorerDriver
Capabilities [{platform=WINDOWS, javascriptEnabled=true, elementScrollBehavior=0, ignoreZoomSetting=false, enablePersistentHover=true, ie.ensureCleanSession=false, browserName=internet explorer, enableElementCacheCleanup=true, unexpectedAlertBehaviour=dismiss, version=11, pageLoadStrategy=normal, ie.usePerProcessProxy=false, cssSelectorsEnabled=true, ignoreProtectedModeSettings=false, requireWindowFocus=false, initialBrowserUrl=http://localhost:41300/, handlesAlerts=true, ie.forceCreateProcessApi=false, nativeEvents=true, browserAttachTimeout=0, ie.browserCommandLineSwitches=, takesScreenshot=true}]
	at sun.reflect.NativeConstructorAccessorImpl.newInstance0(Native Method)
	at sun.reflect.NativeConstructorAccessorImpl.newInstance(Unknown Source)
	at sun.reflect.DelegatingConstructorAccessorImpl.newInstance(Unknown Source)
	at java.lang.reflect.Constructor.newInstance(Unknown Source)
	at org.openqa.selenium.remote.ErrorHandler.createThrowable(ErrorHandler.java:204)
	at org.openqa.selenium.remote.ErrorHandler.throwIfResponseFailed(ErrorHandler.java:156)
	at org.openqa.selenium.remote.RemoteWebDriver.execute(RemoteWebDriver.java:605)
	at org.openqa.selenium.remote.RemoteWebDriver.findElement(RemoteWebDriver.java:358)
	at org.openqa.selenium.remote.RemoteWebDriver.findElementById(RemoteWebDriver.java:399)
	at org.openqa.selenium.By$ById.findElement(By.java:215)
	at org.openqa.selenium.remote.RemoteWebDriver.findElement(RemoteWebDriver.java:350)
	at helper.searchHelper.searchRequest(searchHelper.java:15)
	at collateral.collateral360.beforeTest(collateral360.java:43)
	at sun.reflect.NativeMethodAccessorImpl.invoke0(Native Method)
	at sun.reflect.NativeMethodAccessorImpl.invoke(Unknown Source)
	at sun.reflect.DelegatingMethodAccessorImpl.invoke(Unknown Source)
	at java.lang.reflect.Method.invoke(Unknown Source)
	at org.testng.internal.MethodInvocationHelper.invokeMethod(MethodInvocationHelper.java:85)
	at org.testng.internal.Invoker.invokeConfigurationMethod(Invoker.java:515)
	at org.testng.internal.Invoker.invokeConfigurations(Invoker.java:213)
	at org.testng.internal.Invoker.invokeConfigurations(Invoker.java:140)
	at org.testng.TestRunner.beforeRun(TestRunner.java:645)
	at org.testng.TestRunner.run(TestRunner.java:613)
	at org.testng.SuiteRunner.runTest(SuiteRunner.java:357)
	at org.testng.SuiteRunner.access$000(SuiteRunner.java:38)
	at org.testng.SuiteRunner$SuiteWorker.run(SuiteRunner.java:391)
	at org.testng.internal.thread.ThreadUtil$2.call(ThreadUtil.java:64)
	at java.util.concurrent.FutureTask.run(Unknown Source)
	at java.util.concurrent.ThreadPoolExecutor.runWorker(Unknown Source)
	at java.util.concurrent.ThreadPoolExecutor$Worker.run(Unknown Source)
	at java.lang.Thread.run(Unknown Source)
]]>
            </full-stacktrace>
          </exception> <!-- org.openqa.selenium.NoSuchElementException -->
          <reporter-output>
          </reporter-output>
        </test-method> <!-- beforeTest -->
        <test-method status="SKIP" signature="clickOnCollateralAndAdd()[pri:0, instance:collateral.collateral360@399a8978]" name="clickOnCollateralAndAdd" duration-ms="2" started-at="2015-07-23T11:40:37Z" finished-at="2015-07-23T11:40:37Z">
          <reporter-output>
          </reporter-output>
        </test-method> <!-- clickOnCollateralAndAdd -->
        <test-method status="SKIP" signature="saveCollateralInformation()[pri:0, instance:collateral.collateral360@399a8978]" name="saveCollateralInformation" duration-ms="2" started-at="2015-07-23T11:40:37Z" finished-at="2015-07-23T11:40:37Z">
          <reporter-output>
          </reporter-output>
        </test-method> <!-- saveCollateralInformation -->
        <test-method status="SKIP" signature="testParashar()[pri:0, instance:collateral.collateral360@399a8978]" name="testParashar" duration-ms="1" started-at="2015-07-23T11:40:37Z" finished-at="2015-07-23T11:40:37Z">
          <reporter-output>
          </reporter-output>
        </test-method> <!-- testParashar -->
        <test-method status="SKIP" signature="testRoy()[pri:0, instance:collateral.collateral360@399a8978]" name="testRoy" duration-ms="1" started-at="2015-07-23T11:40:37Z" finished-at="2015-07-23T11:40:37Z">
          <reporter-output>
          </reporter-output>
        </test-method> <!-- testRoy -->
        <test-method status="SKIP" signature="verifyCollateralTitle()[pri:0, instance:collateral.collateral360@399a8978]" name="verifyCollateralTitle" duration-ms="5" started-at="2015-07-23T11:40:37Z" finished-at="2015-07-23T11:40:37Z">
          <reporter-output>
          </reporter-output>
        </test-method> <!-- verifyCollateralTitle -->
        <test-method status="SKIP" signature="afterTest()[pri:0, instance:collateral.collateral360@399a8978]" name="afterTest" is-config="true" duration-ms="0" started-at="2015-07-23T11:40:37Z" finished-at="2015-07-23T11:40:37Z">
          <reporter-output>
          </reporter-output>
        </test-method> <!-- afterTest -->
      </class> <!-- collateral.collateral360 -->
    </test> <!-- IE Test -->
    <test name="Firefox Test" duration-ms="29947" started-at="2015-07-23T15:40:30Z" finished-at="2015-07-23T15:41:00Z">
      <class name="collateral.collateral360">
        <test-method status="FAIL" signature="beforeTest(java.lang.String)[pri:0, instance:collateral.collateral360@67ae7ead]" name="beforeTest" is-config="true" duration-ms="0" started-at="2015-07-23T11:40:30Z" finished-at="2015-07-23T11:40:30Z">
          <params>
            <param index="0">
              <value>
                <![CDATA[Firefox]]>
              </value>
            </param>
          </params>
          <exception class="org.openqa.selenium.remote.UnreachableBrowserException">
            <message>
              <![CDATA[Error communicating with the remote browser. It may have died.
Build info: version: '2.46.0', revision: '87c69e2', time: '2015-06-04 16:17:10'
System info: host: 'pbajpai', ip: '192.168.1.161', os.name: 'Windows 7', os.arch: 'amd64', os.version: '6.1', java.version: '1.7.0_79'
Driver info: driver.version: RemoteWebDriver]]>
            </message>
            <full-stacktrace>
              <![CDATA[org.openqa.selenium.remote.UnreachableBrowserException: Error communicating with the remote browser. It may have died.
Build info: version: '2.46.0', revision: '87c69e2', time: '2015-06-04 16:17:10'
System info: host: 'pbajpai', ip: '192.168.1.161', os.name: 'Windows 7', os.arch: 'amd64', os.version: '6.1', java.version: '1.7.0_79'
Driver info: driver.version: RemoteWebDriver
	at org.openqa.selenium.remote.RemoteWebDriver.execute(RemoteWebDriver.java:599)
	at org.openqa.selenium.remote.RemoteWebDriver.findElement(RemoteWebDriver.java:358)
	at org.openqa.selenium.remote.RemoteWebDriver.findElementById(RemoteWebDriver.java:399)
	at org.openqa.selenium.By$ById.findElement(By.java:215)
	at org.openqa.selenium.remote.RemoteWebDriver.findElement(RemoteWebDriver.java:350)
	at helper.searchHelper.searchRequest(searchHelper.java:15)
	at collateral.collateral360.beforeTest(collateral360.java:43)
	at sun.reflect.NativeMethodAccessorImpl.invoke0(Native Method)
	at sun.reflect.NativeMethodAccessorImpl.invoke(Unknown Source)
	at sun.reflect.DelegatingMethodAccessorImpl.invoke(Unknown Source)
	at java.lang.reflect.Method.invoke(Unknown Source)
	at org.testng.internal.MethodInvocationHelper.invokeMethod(MethodInvocationHelper.java:85)
	at org.testng.internal.Invoker.invokeConfigurationMethod(Invoker.java:515)
	at org.testng.internal.Invoker.invokeConfigurations(Invoker.java:213)
	at org.testng.internal.Invoker.invokeConfigurations(Invoker.java:140)
	at org.testng.TestRunner.beforeRun(TestRunner.java:645)
	at org.testng.TestRunner.run(TestRunner.java:613)
	at org.testng.SuiteRunner.runTest(SuiteRunner.java:357)
	at org.testng.SuiteRunner.access$000(SuiteRunner.java:38)
	at org.testng.SuiteRunner$SuiteWorker.run(SuiteRunner.java:391)
	at org.testng.internal.thread.ThreadUtil$2.call(ThreadUtil.java:64)
	at java.util.concurrent.FutureTask.run(Unknown Source)
	at java.util.concurrent.ThreadPoolExecutor.runWorker(Unknown Source)
	at java.util.concurrent.ThreadPoolExecutor$Worker.run(Unknown Source)
	at java.lang.Thread.run(Unknown Source)
Caused by: org.apache.http.conn.HttpHostConnectException: Connect to 127.0.0.1:7055 [/127.0.0.1] failed: Connection refused: connect
	at org.apache.http.impl.conn.DefaultHttpClientConnectionOperator.connect(DefaultHttpClientConnectionOperator.java:151)
	at org.apache.http.impl.conn.PoolingHttpClientConnectionManager.connect(PoolingHttpClientConnectionManager.java:353)
	at org.apache.http.impl.execchain.MainClientExec.establishRoute(MainClientExec.java:380)
	at org.apache.http.impl.execchain.MainClientExec.execute(MainClientExec.java:236)
	at org.apache.http.impl.execchain.ProtocolExec.execute(ProtocolExec.java:184)
	at org.apache.http.impl.execchain.RetryExec.execute(RetryExec.java:88)
	at org.apache.http.impl.execchain.RedirectExec.execute(RedirectExec.java:110)
	at org.apache.http.impl.client.InternalHttpClient.doExecute(InternalHttpClient.java:184)
	at org.apache.http.impl.client.CloseableHttpClient.execute(CloseableHttpClient.java:71)
	at org.apache.http.impl.client.CloseableHttpClient.execute(CloseableHttpClient.java:55)
	at org.openqa.selenium.remote.internal.ApacheHttpClient.fallBackExecute(ApacheHttpClient.java:143)
	at org.openqa.selenium.remote.internal.ApacheHttpClient.execute(ApacheHttpClient.java:89)
	at org.openqa.selenium.remote.HttpCommandExecutor.execute(HttpCommandExecutor.java:134)
	at org.openqa.selenium.firefox.internal.NewProfileExtensionConnection.execute(NewProfileExtensionConnection.java:168)
	at org.openqa.selenium.firefox.FirefoxDriver$LazyCommandExecutor.execute(FirefoxDriver.java:392)
	at org.openqa.selenium.remote.RemoteWebDriver.execute(RemoteWebDriver.java:578)
	... 24 more
Caused by: java.net.ConnectException: Connection refused: connect
	at java.net.DualStackPlainSocketImpl.waitForConnect(Native Method)
	at java.net.DualStackPlainSocketImpl.socketConnect(Unknown Source)
	at java.net.AbstractPlainSocketImpl.doConnect(Unknown Source)
	at java.net.AbstractPlainSocketImpl.connectToAddress(Unknown Source)
	at java.net.AbstractPlainSocketImpl.connect(Unknown Source)
	at java.net.PlainSocketImpl.connect(Unknown Source)
	at java.net.SocksSocketImpl.connect(Unknown Source)
	at java.net.Socket.connect(Unknown Source)
	at org.apache.http.conn.socket.PlainConnectionSocketFactory.connectSocket(PlainConnectionSocketFactory.java:74)
	at org.apache.http.impl.conn.DefaultHttpClientConnectionOperator.connect(DefaultHttpClientConnectionOperator.java:134)
	... 39 more
]]>
            </full-stacktrace>
          </exception> <!-- org.openqa.selenium.remote.UnreachableBrowserException -->
          <reporter-output>
          </reporter-output>
        </test-method> <!-- beforeTest -->
        <test-method status="SKIP" signature="clickOnCollateralAndAdd()[pri:0, instance:collateral.collateral360@67ae7ead]" name="clickOnCollateralAndAdd" duration-ms="2" started-at="2015-07-23T11:41:00Z" finished-at="2015-07-23T11:41:00Z">
          <reporter-output>
          </reporter-output>
        </test-method> <!-- clickOnCollateralAndAdd -->
        <test-method status="SKIP" signature="saveCollateralInformation()[pri:0, instance:collateral.collateral360@67ae7ead]" name="saveCollateralInformation" duration-ms="2" started-at="2015-07-23T11:41:00Z" finished-at="2015-07-23T11:41:00Z">
          <reporter-output>
          </reporter-output>
        </test-method> <!-- saveCollateralInformation -->
        <test-method status="SKIP" signature="testParashar()[pri:0, instance:collateral.collateral360@67ae7ead]" name="testParashar" duration-ms="1" started-at="2015-07-23T11:41:00Z" finished-at="2015-07-23T11:41:00Z">
          <reporter-output>
          </reporter-output>
        </test-method> <!-- testParashar -->
        <test-method status="SKIP" signature="testRoy()[pri:0, instance:collateral.collateral360@67ae7ead]" name="testRoy" duration-ms="2" started-at="2015-07-23T11:41:00Z" finished-at="2015-07-23T11:41:00Z">
          <reporter-output>
          </reporter-output>
        </test-method> <!-- testRoy -->
        <test-method status="SKIP" signature="verifyCollateralTitle()[pri:0, instance:collateral.collateral360@67ae7ead]" name="verifyCollateralTitle" duration-ms="1" started-at="2015-07-23T11:41:00Z" finished-at="2015-07-23T11:41:00Z">
          <reporter-output>
          </reporter-output>
        </test-method> <!-- verifyCollateralTitle -->
        <test-method status="SKIP" signature="afterTest()[pri:0, instance:collateral.collateral360@67ae7ead]" name="afterTest" is-config="true" duration-ms="0" started-at="2015-07-23T11:41:00Z" finished-at="2015-07-23T11:41:00Z">
          <reporter-output>
          </reporter-output>
        </test-method> <!-- afterTest -->
      </class> <!-- collateral.collateral360 -->
    </test> <!-- Firefox Test -->
    <test name="Chrome Test" duration-ms="33680" started-at="2015-07-23T15:40:30Z" finished-at="2015-07-23T15:41:04Z">
      <class name="collateral.collateral360">
        <test-method status="FAIL" signature="beforeTest(java.lang.String)[pri:0, instance:collateral.collateral360@54b24c03]" name="beforeTest" is-config="true" duration-ms="0" started-at="2015-07-23T11:40:30Z" finished-at="2015-07-23T11:40:30Z">
          <params>
            <param index="0">
              <value>
                <![CDATA[Chrome]]>
              </value>
            </param>
          </params>
          <exception class="org.openqa.selenium.WebDriverException">
            <message>
              <![CDATA[chrome not reachable
  (Session info: chrome=44.0.2403.89)
  (Driver info: chromedriver=2.16.333243 (0bfa1d3575fc1044244f21ddb82bf870944ef961),platform=Windows NT 6.1 SP1 x86_64) (WARNING: The server did not provide any stacktrace information)
Command duration or timeout: 2.02 seconds
Build info: version: '2.46.0', revision: '87c69e2', time: '2015-06-04 16:17:10'
System info: host: 'pbajpai', ip: '192.168.1.161', os.name: 'Windows 7', os.arch: 'amd64', os.version: '6.1', java.version: '1.7.0_79'
*** Element info: {Using=id, value=srchTxt}
Session ID: 3567dfcc34989fe6d7976ee414e49369
Driver info: org.openqa.selenium.chrome.ChromeDriver
Capabilities [{platform=XP, acceptSslCerts=true, javascriptEnabled=true, browserName=chrome, chrome={userDataDir=C:\Users\provenir\AppData\Local\Temp\scoped_dir4304_3325}, rotatable=false, locationContextEnabled=true, mobileEmulationEnabled=false, version=44.0.2403.89, takesHeapSnapshot=true, cssSelectorsEnabled=true, databaseEnabled=false, handlesAlerts=true, browserConnectionEnabled=false, webStorageEnabled=true, nativeEvents=true, hasTouchScreen=false, applicationCacheEnabled=false, takesScreenshot=true}]]]>
            </message>
            <full-stacktrace>
              <![CDATA[org.openqa.selenium.WebDriverException: chrome not reachable
  (Session info: chrome=44.0.2403.89)
  (Driver info: chromedriver=2.16.333243 (0bfa1d3575fc1044244f21ddb82bf870944ef961),platform=Windows NT 6.1 SP1 x86_64) (WARNING: The server did not provide any stacktrace information)
Command duration or timeout: 2.02 seconds
Build info: version: '2.46.0', revision: '87c69e2', time: '2015-06-04 16:17:10'
System info: host: 'pbajpai', ip: '192.168.1.161', os.name: 'Windows 7', os.arch: 'amd64', os.version: '6.1', java.version: '1.7.0_79'
*** Element info: {Using=id, value=srchTxt}
Session ID: 3567dfcc34989fe6d7976ee414e49369
Driver info: org.openqa.selenium.chrome.ChromeDriver
Capabilities [{platform=XP, acceptSslCerts=true, javascriptEnabled=true, browserName=chrome, chrome={userDataDir=C:\Users\provenir\AppData\Local\Temp\scoped_dir4304_3325}, rotatable=false, locationContextEnabled=true, mobileEmulationEnabled=false, version=44.0.2403.89, takesHeapSnapshot=true, cssSelectorsEnabled=true, databaseEnabled=false, handlesAlerts=true, browserConnectionEnabled=false, webStorageEnabled=true, nativeEvents=true, hasTouchScreen=false, applicationCacheEnabled=false, takesScreenshot=true}]
	at sun.reflect.NativeConstructorAccessorImpl.newInstance0(Native Method)
	at sun.reflect.NativeConstructorAccessorImpl.newInstance(Unknown Source)
	at sun.reflect.DelegatingConstructorAccessorImpl.newInstance(Unknown Source)
	at java.lang.reflect.Constructor.newInstance(Unknown Source)
	at org.openqa.selenium.remote.ErrorHandler.createThrowable(ErrorHandler.java:204)
	at org.openqa.selenium.remote.ErrorHandler.throwIfResponseFailed(ErrorHandler.java:156)
	at org.openqa.selenium.remote.RemoteWebDriver.execute(RemoteWebDriver.java:605)
	at org.openqa.selenium.remote.RemoteWebDriver.findElement(RemoteWebDriver.java:358)
	at org.openqa.selenium.remote.RemoteWebDriver.findElementById(RemoteWebDriver.java:399)
	at org.openqa.selenium.By$ById.findElement(By.java:215)
	at org.openqa.selenium.remote.RemoteWebDriver.findElement(RemoteWebDriver.java:350)
	at helper.searchHelper.searchRequest(searchHelper.java:15)
	at collateral.collateral360.beforeTest(collateral360.java:43)
	at sun.reflect.NativeMethodAccessorImpl.invoke0(Native Method)
	at sun.reflect.NativeMethodAccessorImpl.invoke(Unknown Source)
	at sun.reflect.DelegatingMethodAccessorImpl.invoke(Unknown Source)
	at java.lang.reflect.Method.invoke(Unknown Source)
	at org.testng.internal.MethodInvocationHelper.invokeMethod(MethodInvocationHelper.java:85)
	at org.testng.internal.Invoker.invokeConfigurationMethod(Invoker.java:515)
	at org.testng.internal.Invoker.invokeConfigurations(Invoker.java:213)
	at org.testng.internal.Invoker.invokeConfigurations(Invoker.java:140)
	at org.testng.TestRunner.beforeRun(TestRunner.java:645)
	at org.testng.TestRunner.run(TestRunner.java:613)
	at org.testng.SuiteRunner.runTest(SuiteRunner.java:357)
	at org.testng.SuiteRunner.access$000(SuiteRunner.java:38)
	at org.testng.SuiteRunner$SuiteWorker.run(SuiteRunner.java:391)
	at org.testng.internal.thread.ThreadUtil$2.call(ThreadUtil.java:64)
	at java.util.concurrent.FutureTask.run(Unknown Source)
	at java.util.concurrent.ThreadPoolExecutor.runWorker(Unknown Source)
	at java.util.concurrent.ThreadPoolExecutor$Worker.run(Unknown Source)
	at java.lang.Thread.run(Unknown Source)
]]>
            </full-stacktrace>
          </exception> <!-- org.openqa.selenium.WebDriverException -->
          <reporter-output>
          </reporter-output>
        </test-method> <!-- beforeTest -->
        <test-method status="SKIP" signature="clickOnCollateralAndAdd()[pri:0, instance:collateral.collateral360@54b24c03]" name="clickOnCollateralAndAdd" duration-ms="1" started-at="2015-07-23T11:41:04Z" finished-at="2015-07-23T11:41:04Z">
          <reporter-output>
          </reporter-output>
        </test-method> <!-- clickOnCollateralAndAdd -->
        <test-method status="SKIP" signature="saveCollateralInformation()[pri:0, instance:collateral.collateral360@54b24c03]" name="saveCollateralInformation" duration-ms="8" started-at="2015-07-23T11:41:04Z" finished-at="2015-07-23T11:41:04Z">
          <reporter-output>
          </reporter-output>
        </test-method> <!-- saveCollateralInformation -->
        <test-method status="SKIP" signature="testParashar()[pri:0, instance:collateral.collateral360@54b24c03]" name="testParashar" duration-ms="1" started-at="2015-07-23T11:41:04Z" finished-at="2015-07-23T11:41:04Z">
          <reporter-output>
          </reporter-output>
        </test-method> <!-- testParashar -->
        <test-method status="SKIP" signature="testRoy()[pri:0, instance:collateral.collateral360@54b24c03]" name="testRoy" duration-ms="1" started-at="2015-07-23T11:41:04Z" finished-at="2015-07-23T11:41:04Z">
          <reporter-output>
          </reporter-output>
        </test-method> <!-- testRoy -->
        <test-method status="SKIP" signature="verifyCollateralTitle()[pri:0, instance:collateral.collateral360@54b24c03]" name="verifyCollateralTitle" duration-ms="2" started-at="2015-07-23T11:41:04Z" finished-at="2015-07-23T11:41:04Z">
          <reporter-output>
          </reporter-output>
        </test-method> <!-- verifyCollateralTitle -->
        <test-method status="SKIP" signature="afterTest()[pri:0, instance:collateral.collateral360@54b24c03]" name="afterTest" is-config="true" duration-ms="0" started-at="2015-07-23T11:41:04Z" finished-at="2015-07-23T11:41:04Z">
          <reporter-output>
          </reporter-output>
        </test-method> <!-- afterTest -->
      </class> <!-- collateral.collateral360 -->
    </test> <!-- Chrome Test -->
  </suite> <!-- Demo Search test suite -->
</testng-results>
