<?xml version="1.0" encoding="UTF-8"?>
<testng-results skipped="0" failed="0" total="1" passed="1">
  <reporter-output>
  </reporter-output>
  <suite name="Demo Search test suite" duration-ms="41469" started-at="2015-08-20T18:59:38Z" finished-at="2015-08-20T19:00:20Z">
    <groups>
    </groups>
    <test name="Chrome Test" duration-ms="41469" started-at="2015-08-20T18:59:38Z" finished-at="2015-08-20T19:00:20Z">
      <class name="credit.Credit360">
        <test-method status="PASS" signature="beforeTest(java.lang.String)[pri:0, instance:credit.Credit360@5298db1f]" name="beforeTest" is-config="true" duration-ms="39867" started-at="2015-08-20T14:59:38Z" finished-at="2015-08-20T15:00:18Z">
          <params>
            <param index="0">
              <value>
                <![CDATA[Chrome]]>
              </value>
            </param>
          </params>
          <reporter-output>
          </reporter-output>
        </test-method> <!-- beforeTest -->
        <test-method status="PASS" signature="searchRequest()[pri:0, instance:credit.Credit360@5298db1f]" name="searchRequest" duration-ms="146" started-at="2015-08-20T15:00:18Z" finished-at="2015-08-20T15:00:18Z">
          <reporter-output>
          </reporter-output>
        </test-method> <!-- searchRequest -->
        <test-method status="PASS" signature="afterTest()[pri:0, instance:credit.Credit360@5298db1f]" name="afterTest" is-config="true" duration-ms="1428" started-at="2015-08-20T15:00:18Z" finished-at="2015-08-20T15:00:20Z">
          <reporter-output>
          </reporter-output>
        </test-method> <!-- afterTest -->
      </class> <!-- credit.Credit360 -->
    </test> <!-- Chrome Test -->
  </suite> <!-- Demo Search test suite -->
</testng-results>
