<?xml version="1.0" encoding="UTF-8"?>
<testng-results skipped="0" failed="0" total="3" passed="3">
  <reporter-output>
  </reporter-output>
  <suite name="Demo Search test suite" duration-ms="124387" started-at="2015-07-28T03:48:43Z" finished-at="2015-07-28T03:50:47Z">
    <groups>
    </groups>
    <test name="Firefox Test" duration-ms="124387" started-at="2015-07-28T03:48:43Z" finished-at="2015-07-28T03:50:47Z">
      <class name="collateral.Collateral360">
        <test-method status="PASS" signature="beforeTest(java.lang.String)[pri:0, instance:collateral.Collateral360@d5c4abf]" name="beforeTest" is-config="true" duration-ms="68713" started-at="2015-07-27T23:48:43Z" finished-at="2015-07-27T23:49:51Z">
          <params>
            <param index="0">
              <value>
                <![CDATA[Firefox]]>
              </value>
            </param>
          </params>
          <reporter-output>
          </reporter-output>
        </test-method> <!-- beforeTest -->
        <test-method status="PASS" signature="clickOnCollateralAndAdd()[pri:0, instance:collateral.Collateral360@d5c4abf]" name="clickOnCollateralAndAdd" duration-ms="6048" started-at="2015-07-27T23:49:51Z" finished-at="2015-07-27T23:49:57Z">
          <reporter-output>
          </reporter-output>
        </test-method> <!-- clickOnCollateralAndAdd -->
        <test-method status="PASS" signature="saveCollateralInformation()[pri:0, instance:collateral.Collateral360@d5c4abf]" name="saveCollateralInformation" duration-ms="46267" started-at="2015-07-27T23:49:57Z" finished-at="2015-07-27T23:50:44Z">
          <reporter-output>
          </reporter-output>
        </test-method> <!-- saveCollateralInformation -->
        <test-method status="PASS" signature="verifyCollateralTitle()[pri:0, instance:collateral.Collateral360@d5c4abf]" name="verifyCollateralTitle" duration-ms="1803" started-at="2015-07-27T23:50:44Z" finished-at="2015-07-27T23:50:46Z">
          <reporter-output>
          </reporter-output>
        </test-method> <!-- verifyCollateralTitle -->
        <test-method status="PASS" signature="afterTest()[pri:0, instance:collateral.Collateral360@d5c4abf]" name="afterTest" is-config="true" duration-ms="1532" started-at="2015-07-27T23:50:46Z" finished-at="2015-07-27T23:50:47Z">
          <reporter-output>
          </reporter-output>
        </test-method> <!-- afterTest -->
      </class> <!-- collateral.Collateral360 -->
    </test> <!-- Firefox Test -->
  </suite> <!-- Demo Search test suite -->
</testng-results>
