<?xml version="1.0" encoding="UTF-8"?>
<testng-results skipped="0" failed="0" total="5" passed="5">
  <reporter-output>
  </reporter-output>
  <suite name="Demo Search test suite" duration-ms="125889" started-at="2015-08-21T00:26:43Z" finished-at="2015-08-21T00:28:49Z">
    <groups>
    </groups>
    <test name="Chrome Test" duration-ms="57558" started-at="2015-08-21T00:26:43Z" finished-at="2015-08-21T00:27:40Z">
      <class name="credit.Credit360">
        <test-method status="PASS" signature="beforeTest(java.lang.String)[pri:0, instance:credit.Credit360@7083ca27]" name="beforeTest" is-config="true" duration-ms="55519" started-at="2015-08-20T20:26:43Z" finished-at="2015-08-20T20:27:38Z">
          <params>
            <param index="0">
              <value>
                <![CDATA[Chrome]]>
              </value>
            </param>
          </params>
          <reporter-output>
          </reporter-output>
        </test-method> <!-- beforeTest -->
        <test-method status="PASS" signature="searchRequest()[pri:0, instance:credit.Credit360@7083ca27]" name="searchRequest" duration-ms="217" started-at="2015-08-20T20:27:38Z" finished-at="2015-08-20T20:27:39Z">
          <reporter-output>
          </reporter-output>
        </test-method> <!-- searchRequest -->
        <test-method status="PASS" signature="afterTest()[pri:0, instance:credit.Credit360@7083ca27]" name="afterTest" is-config="true" duration-ms="1807" started-at="2015-08-20T20:27:39Z" finished-at="2015-08-20T20:27:40Z">
          <reporter-output>
          </reporter-output>
        </test-method> <!-- afterTest -->
      </class> <!-- credit.Credit360 -->
    </test> <!-- Chrome Test -->
    <test name="Firefox Test" duration-ms="94367" started-at="2015-08-21T00:26:43Z" finished-at="2015-08-21T00:28:17Z">
      <class name="customer.Cust360">
        <test-method status="PASS" signature="beforeTest(java.lang.String)[pri:0, instance:customer.Cust360@2810b7f7]" name="beforeTest" is-config="true" duration-ms="70937" started-at="2015-08-20T20:26:43Z" finished-at="2015-08-20T20:27:54Z">
          <params>
            <param index="0">
              <value>
                <![CDATA[Firefox]]>
              </value>
            </param>
          </params>
          <reporter-output>
          </reporter-output>
        </test-method> <!-- beforeTest -->
        <test-method status="PASS" signature="clickAddressAndAdd()[pri:0, instance:customer.Cust360@2810b7f7]" name="clickAddressAndAdd" duration-ms="5461" started-at="2015-08-20T20:27:54Z" finished-at="2015-08-20T20:27:59Z">
          <reporter-output>
          </reporter-output>
        </test-method> <!-- clickAddressAndAdd -->
        <test-method status="PASS" signature="saveAddress()[pri:0, instance:customer.Cust360@2810b7f7]" name="saveAddress" duration-ms="16317" started-at="2015-08-20T20:27:59Z" finished-at="2015-08-20T20:28:16Z">
          <reporter-output>
          </reporter-output>
        </test-method> <!-- saveAddress -->
        <test-method status="PASS" signature="afterTest()[pri:0, instance:customer.Cust360@2810b7f7]" name="afterTest" is-config="true" duration-ms="1648" started-at="2015-08-20T20:28:16Z" finished-at="2015-08-20T20:28:17Z">
          <reporter-output>
          </reporter-output>
        </test-method> <!-- afterTest -->
      </class> <!-- customer.Cust360 -->
    </test> <!-- Firefox Test -->
    <test name="IE Test" duration-ms="125889" started-at="2015-08-21T00:26:43Z" finished-at="2015-08-21T00:28:49Z">
      <class name="collateral.Collateral360">
        <test-method status="PASS" signature="beforeTest(java.lang.String)[pri:0, instance:collateral.Collateral360@31e956bd]" name="beforeTest" is-config="true" duration-ms="61909" started-at="2015-08-20T20:26:43Z" finished-at="2015-08-20T20:27:45Z">
          <params>
            <param index="0">
              <value>
                <![CDATA[InternetExplorer]]>
              </value>
            </param>
          </params>
          <reporter-output>
          </reporter-output>
        </test-method> <!-- beforeTest -->
        <test-method status="PASS" signature="verifyCollateralTitleOnCollateral()[pri:0, instance:collateral.Collateral360@31e956bd]" name="verifyCollateralTitleOnCollateral" duration-ms="10482" started-at="2015-08-20T20:27:45Z" finished-at="2015-08-20T20:27:55Z">
          <reporter-output>
          </reporter-output>
        </test-method> <!-- verifyCollateralTitleOnCollateral -->
        <test-method status="PASS" signature="saveCollateralDetails()[pri:0, instance:collateral.Collateral360@31e956bd]" name="saveCollateralDetails" duration-ms="52926" started-at="2015-08-20T20:27:55Z" finished-at="2015-08-20T20:28:48Z">
          <reporter-output>
          </reporter-output>
        </test-method> <!-- saveCollateralDetails -->
        <test-method status="PASS" signature="afterTest()[pri:0, instance:collateral.Collateral360@31e956bd]" name="afterTest" is-config="true" duration-ms="564" started-at="2015-08-20T20:28:48Z" finished-at="2015-08-20T20:28:49Z">
          <reporter-output>
          </reporter-output>
        </test-method> <!-- afterTest -->
      </class> <!-- collateral.Collateral360 -->
    </test> <!-- IE Test -->
  </suite> <!-- Demo Search test suite -->
</testng-results>
