<?xml version="1.0" encoding="UTF-8"?>
<testng-results skipped="5" failed="0" total="15" passed="10">
  <reporter-output>
  </reporter-output>
  <suite name="Demo Search test suite" duration-ms="137791" started-at="2015-07-23T12:56:34Z" finished-at="2015-07-23T12:58:52Z">
    <groups>
    </groups>
    <test name="IE Test" duration-ms="9387" started-at="2015-07-23T12:56:34Z" finished-at="2015-07-23T12:56:43Z">
      <class name="collateral.collateral360">
        <test-method status="FAIL" signature="beforeTest(java.lang.String)[pri:0, instance:collateral.collateral360@50b742d3]" name="beforeTest" is-config="true" duration-ms="0" started-at="2015-07-23T08:56:34Z" finished-at="2015-07-23T08:56:34Z">
          <params>
            <param index="0">
              <value>
                <![CDATA[IE]]>
              </value>
            </param>
          </params>
          <exception class="org.openqa.selenium.NoSuchElementException">
            <message>
              <![CDATA[Unable to find element with id == srchTxt (WARNING: The server did not provide any stacktrace information)
Command duration or timeout: 324 milliseconds
For documentation on this error, please visit: http://seleniumhq.org/exceptions/no_such_element.html
Build info: version: '2.46.0', revision: '87c69e2', time: '2015-06-04 16:17:10'
System info: host: 'pbajpai', ip: '192.168.1.161', os.name: 'Windows 7', os.arch: 'amd64', os.version: '6.1', java.version: '1.7.0_79'
*** Element info: {Using=id, value=srchTxt}
Session ID: a1e50c76-9686-4712-8c54-60b86bc5119f
Driver info: org.openqa.selenium.ie.InternetExplorerDriver
Capabilities [{platform=WINDOWS, javascriptEnabled=true, elementScrollBehavior=0, ignoreZoomSetting=false, enablePersistentHover=true, ie.ensureCleanSession=false, browserName=internet explorer, enableElementCacheCleanup=true, unexpectedAlertBehaviour=dismiss, version=11, pageLoadStrategy=normal, ie.usePerProcessProxy=false, cssSelectorsEnabled=true, ignoreProtectedModeSettings=false, requireWindowFocus=false, initialBrowserUrl=http://localhost:39524/, handlesAlerts=true, ie.forceCreateProcessApi=false, nativeEvents=true, browserAttachTimeout=0, ie.browserCommandLineSwitches=, takesScreenshot=true}]]]>
            </message>
            <full-stacktrace>
              <![CDATA[org.openqa.selenium.NoSuchElementException: Unable to find element with id == srchTxt (WARNING: The server did not provide any stacktrace information)
Command duration or timeout: 324 milliseconds
For documentation on this error, please visit: http://seleniumhq.org/exceptions/no_such_element.html
Build info: version: '2.46.0', revision: '87c69e2', time: '2015-06-04 16:17:10'
System info: host: 'pbajpai', ip: '192.168.1.161', os.name: 'Windows 7', os.arch: 'amd64', os.version: '6.1', java.version: '1.7.0_79'
*** Element info: {Using=id, value=srchTxt}
Session ID: a1e50c76-9686-4712-8c54-60b86bc5119f
Driver info: org.openqa.selenium.ie.InternetExplorerDriver
Capabilities [{platform=WINDOWS, javascriptEnabled=true, elementScrollBehavior=0, ignoreZoomSetting=false, enablePersistentHover=true, ie.ensureCleanSession=false, browserName=internet explorer, enableElementCacheCleanup=true, unexpectedAlertBehaviour=dismiss, version=11, pageLoadStrategy=normal, ie.usePerProcessProxy=false, cssSelectorsEnabled=true, ignoreProtectedModeSettings=false, requireWindowFocus=false, initialBrowserUrl=http://localhost:39524/, handlesAlerts=true, ie.forceCreateProcessApi=false, nativeEvents=true, browserAttachTimeout=0, ie.browserCommandLineSwitches=, takesScreenshot=true}]
	at sun.reflect.NativeConstructorAccessorImpl.newInstance0(Native Method)
	at sun.reflect.NativeConstructorAccessorImpl.newInstance(Unknown Source)
	at sun.reflect.DelegatingConstructorAccessorImpl.newInstance(Unknown Source)
	at java.lang.reflect.Constructor.newInstance(Unknown Source)
	at org.openqa.selenium.remote.ErrorHandler.createThrowable(ErrorHandler.java:204)
	at org.openqa.selenium.remote.ErrorHandler.throwIfResponseFailed(ErrorHandler.java:156)
	at org.openqa.selenium.remote.RemoteWebDriver.execute(RemoteWebDriver.java:605)
	at org.openqa.selenium.remote.RemoteWebDriver.findElement(RemoteWebDriver.java:358)
	at org.openqa.selenium.remote.RemoteWebDriver.findElementById(RemoteWebDriver.java:399)
	at org.openqa.selenium.By$ById.findElement(By.java:215)
	at org.openqa.selenium.remote.RemoteWebDriver.findElement(RemoteWebDriver.java:350)
	at helper.searchHelper.searchRequest(searchHelper.java:15)
	at collateral.collateral360.beforeTest(collateral360.java:43)
	at sun.reflect.NativeMethodAccessorImpl.invoke0(Native Method)
	at sun.reflect.NativeMethodAccessorImpl.invoke(Unknown Source)
	at sun.reflect.DelegatingMethodAccessorImpl.invoke(Unknown Source)
	at java.lang.reflect.Method.invoke(Unknown Source)
	at org.testng.internal.MethodInvocationHelper.invokeMethod(MethodInvocationHelper.java:85)
	at org.testng.internal.Invoker.invokeConfigurationMethod(Invoker.java:515)
	at org.testng.internal.Invoker.invokeConfigurations(Invoker.java:213)
	at org.testng.internal.Invoker.invokeConfigurations(Invoker.java:140)
	at org.testng.TestRunner.beforeRun(TestRunner.java:645)
	at org.testng.TestRunner.run(TestRunner.java:613)
	at org.testng.SuiteRunner.runTest(SuiteRunner.java:357)
	at org.testng.SuiteRunner.access$000(SuiteRunner.java:38)
	at org.testng.SuiteRunner$SuiteWorker.run(SuiteRunner.java:391)
	at org.testng.internal.thread.ThreadUtil$2.call(ThreadUtil.java:64)
	at java.util.concurrent.FutureTask.run(Unknown Source)
	at java.util.concurrent.ThreadPoolExecutor.runWorker(Unknown Source)
	at java.util.concurrent.ThreadPoolExecutor$Worker.run(Unknown Source)
	at java.lang.Thread.run(Unknown Source)
]]>
            </full-stacktrace>
          </exception> <!-- org.openqa.selenium.NoSuchElementException -->
          <reporter-output>
          </reporter-output>
        </test-method> <!-- beforeTest -->
        <test-method status="SKIP" signature="clickOnCollateralAndAdd()[pri:0, instance:collateral.collateral360@50b742d3]" name="clickOnCollateralAndAdd" duration-ms="1" started-at="2015-07-23T08:56:43Z" finished-at="2015-07-23T08:56:43Z">
          <reporter-output>
          </reporter-output>
        </test-method> <!-- clickOnCollateralAndAdd -->
        <test-method status="SKIP" signature="saveCollateralInformation()[pri:0, instance:collateral.collateral360@50b742d3]" name="saveCollateralInformation" duration-ms="2" started-at="2015-07-23T08:56:43Z" finished-at="2015-07-23T08:56:43Z">
          <reporter-output>
          </reporter-output>
        </test-method> <!-- saveCollateralInformation -->
        <test-method status="SKIP" signature="testParashar()[pri:0, instance:collateral.collateral360@50b742d3]" name="testParashar" duration-ms="3" started-at="2015-07-23T08:56:43Z" finished-at="2015-07-23T08:56:43Z">
          <reporter-output>
          </reporter-output>
        </test-method> <!-- testParashar -->
        <test-method status="SKIP" signature="testRoy()[pri:0, instance:collateral.collateral360@50b742d3]" name="testRoy" duration-ms="1" started-at="2015-07-23T08:56:43Z" finished-at="2015-07-23T08:56:43Z">
          <reporter-output>
          </reporter-output>
        </test-method> <!-- testRoy -->
        <test-method status="SKIP" signature="verifyCollateralTitle()[pri:0, instance:collateral.collateral360@50b742d3]" name="verifyCollateralTitle" duration-ms="1" started-at="2015-07-23T08:56:43Z" finished-at="2015-07-23T08:56:43Z">
          <reporter-output>
          </reporter-output>
        </test-method> <!-- verifyCollateralTitle -->
        <test-method status="SKIP" signature="afterTest()[pri:0, instance:collateral.collateral360@50b742d3]" name="afterTest" is-config="true" duration-ms="0" started-at="2015-07-23T08:56:43Z" finished-at="2015-07-23T08:56:43Z">
          <reporter-output>
          </reporter-output>
        </test-method> <!-- afterTest -->
      </class> <!-- collateral.collateral360 -->
    </test> <!-- IE Test -->
    <test name="Chrome Test" duration-ms="105698" started-at="2015-07-23T12:56:34Z" finished-at="2015-07-23T12:58:20Z">
      <class name="collateral.collateral360">
        <test-method status="PASS" signature="beforeTest(java.lang.String)[pri:0, instance:collateral.collateral360@4c58b4d5]" name="beforeTest" is-config="true" duration-ms="63327" started-at="2015-07-23T08:56:34Z" finished-at="2015-07-23T08:57:37Z">
          <params>
            <param index="0">
              <value>
                <![CDATA[Chrome]]>
              </value>
            </param>
          </params>
          <reporter-output>
          </reporter-output>
        </test-method> <!-- beforeTest -->
        <test-method status="PASS" signature="clickOnCollateralAndAdd()[pri:0, instance:collateral.collateral360@4c58b4d5]" name="clickOnCollateralAndAdd" duration-ms="1794" started-at="2015-07-23T08:57:37Z" finished-at="2015-07-23T08:57:39Z">
          <reporter-output>
          </reporter-output>
        </test-method> <!-- clickOnCollateralAndAdd -->
        <test-method status="PASS" signature="saveCollateralInformation()[pri:0, instance:collateral.collateral360@4c58b4d5]" name="saveCollateralInformation" duration-ms="38034" started-at="2015-07-23T08:57:39Z" finished-at="2015-07-23T08:58:17Z">
          <reporter-output>
          </reporter-output>
        </test-method> <!-- saveCollateralInformation -->
        <test-method status="PASS" signature="testParashar()[pri:0, instance:collateral.collateral360@4c58b4d5]" name="testParashar" duration-ms="3" started-at="2015-07-23T08:58:17Z" finished-at="2015-07-23T08:58:17Z">
          <reporter-output>
          </reporter-output>
        </test-method> <!-- testParashar -->
        <test-method status="PASS" signature="testRoy()[pri:0, instance:collateral.collateral360@4c58b4d5]" name="testRoy" duration-ms="2" started-at="2015-07-23T08:58:17Z" finished-at="2015-07-23T08:58:17Z">
          <reporter-output>
          </reporter-output>
        </test-method> <!-- testRoy -->
        <test-method status="PASS" signature="verifyCollateralTitle()[pri:0, instance:collateral.collateral360@4c58b4d5]" name="verifyCollateralTitle" duration-ms="314" started-at="2015-07-23T08:58:17Z" finished-at="2015-07-23T08:58:17Z">
          <reporter-output>
          </reporter-output>
        </test-method> <!-- verifyCollateralTitle -->
        <test-method status="PASS" signature="afterTest()[pri:0, instance:collateral.collateral360@4c58b4d5]" name="afterTest" is-config="true" duration-ms="2212" started-at="2015-07-23T08:58:17Z" finished-at="2015-07-23T08:58:20Z">
          <reporter-output>
          </reporter-output>
        </test-method> <!-- afterTest -->
      </class> <!-- collateral.collateral360 -->
    </test> <!-- Chrome Test -->
    <test name="Firefox Test" duration-ms="137791" started-at="2015-07-23T12:56:34Z" finished-at="2015-07-23T12:58:52Z">
      <class name="collateral.collateral360">
        <test-method status="PASS" signature="beforeTest(java.lang.String)[pri:0, instance:collateral.collateral360@70fec508]" name="beforeTest" is-config="true" duration-ms="78307" started-at="2015-07-23T08:56:34Z" finished-at="2015-07-23T08:57:52Z">
          <params>
            <param index="0">
              <value>
                <![CDATA[Firefox]]>
              </value>
            </param>
          </params>
          <reporter-output>
          </reporter-output>
        </test-method> <!-- beforeTest -->
        <test-method status="PASS" signature="clickOnCollateralAndAdd()[pri:0, instance:collateral.collateral360@70fec508]" name="clickOnCollateralAndAdd" duration-ms="6267" started-at="2015-07-23T08:57:52Z" finished-at="2015-07-23T08:57:59Z">
          <reporter-output>
          </reporter-output>
        </test-method> <!-- clickOnCollateralAndAdd -->
        <test-method status="PASS" signature="saveCollateralInformation()[pri:0, instance:collateral.collateral360@70fec508]" name="saveCollateralInformation" duration-ms="51971" started-at="2015-07-23T08:57:59Z" finished-at="2015-07-23T08:58:51Z">
          <reporter-output>
          </reporter-output>
        </test-method> <!-- saveCollateralInformation -->
        <test-method status="PASS" signature="testParashar()[pri:0, instance:collateral.collateral360@70fec508]" name="testParashar" duration-ms="0" started-at="2015-07-23T08:58:51Z" finished-at="2015-07-23T08:58:51Z">
          <reporter-output>
          </reporter-output>
        </test-method> <!-- testParashar -->
        <test-method status="PASS" signature="verifyCollateralTitle()[pri:0, instance:collateral.collateral360@70fec508]" name="verifyCollateralTitle" duration-ms="312" started-at="2015-07-23T08:58:51Z" finished-at="2015-07-23T08:58:51Z">
          <reporter-output>
          </reporter-output>
        </test-method> <!-- verifyCollateralTitle -->
        <test-method status="PASS" signature="testRoy()[pri:0, instance:collateral.collateral360@70fec508]" name="testRoy" duration-ms="0" started-at="2015-07-23T08:58:51Z" finished-at="2015-07-23T08:58:51Z">
          <reporter-output>
          </reporter-output>
        </test-method> <!-- testRoy -->
        <test-method status="PASS" signature="afterTest()[pri:0, instance:collateral.collateral360@70fec508]" name="afterTest" is-config="true" duration-ms="921" started-at="2015-07-23T08:58:51Z" finished-at="2015-07-23T08:58:52Z">
          <reporter-output>
          </reporter-output>
        </test-method> <!-- afterTest -->
      </class> <!-- collateral.collateral360 -->
    </test> <!-- Firefox Test -->
  </suite> <!-- Demo Search test suite -->
</testng-results>
