<?xml version="1.0" encoding="UTF-8"?>
<testng-results skipped="0" failed="2" total="7" passed="5">
  <reporter-output>
  </reporter-output>
  <suite name="Demo Search test suite" duration-ms="168800" started-at="2015-08-13T17:03:10Z" finished-at="2015-08-13T17:05:59Z">
    <groups>
    </groups>
    <test name="Chrome Test" duration-ms="96335" started-at="2015-08-13T17:03:10Z" finished-at="2015-08-13T17:04:46Z">
      <class name="credit.Credit360">
        <test-method status="PASS" signature="beforeTest(java.lang.String)[pri:0, instance:credit.Credit360@2717f065]" name="beforeTest" is-config="true" duration-ms="93107" started-at="2015-08-13T13:03:10Z" finished-at="2015-08-13T13:04:43Z">
          <params>
            <param index="0">
              <value>
                <![CDATA[Chrome]]>
              </value>
            </param>
          </params>
          <reporter-output>
          </reporter-output>
        </test-method> <!-- beforeTest -->
        <test-method status="FAIL" signature="addAndSaveBorrower()[pri:0, instance:credit.Credit360@2717f065]" name="addAndSaveBorrower" duration-ms="1392" started-at="2015-08-13T13:04:43Z" finished-at="2015-08-13T13:04:44Z">
          <exception class="org.openqa.selenium.WebDriverException">
            <message>
              <![CDATA[unknown error: Element is not clickable at point (221, 147). Other element would receive the click: <div class="blockUI blockOverlay" style="z-index: 1000; border: none; margin: 0px; padding: 0px; width: 100%; height: 100%; top: 0px; left: 0px; opacity: 0; cursor: default; position: fixed; background-color: rgb(0, 0, 0);"></div>
  (Session info: chrome=44.0.2403.130)
  (Driver info: chromedriver=2.16.333243 (0bfa1d3575fc1044244f21ddb82bf870944ef961),platform=Windows NT 6.1 SP1 x86_64) (WARNING: The server did not provide any stacktrace information)
Command duration or timeout: 93 milliseconds
Build info: version: '2.46.0', revision: '87c69e2', time: '2015-06-04 16:17:10'
System info: host: 'pbajpai', ip: '192.168.1.160', os.name: 'Windows 7', os.arch: 'amd64', os.version: '6.1', java.version: '1.7.0_71'
Session ID: a09c9225f465a75bd9f5a4dff626481e
Driver info: org.openqa.selenium.remote.RemoteWebDriver
Capabilities [{platform=XP, acceptSslCerts=true, javascriptEnabled=true, browserName=chrome, chrome={userDataDir=C:\Users\provenir\AppData\Local\Temp\scoped_dir9508_21748}, rotatable=false, locationContextEnabled=true, mobileEmulationEnabled=false, version=44.0.2403.130, takesHeapSnapshot=true, cssSelectorsEnabled=true, databaseEnabled=false, handlesAlerts=true, browserConnectionEnabled=false, webStorageEnabled=true, nativeEvents=true, hasTouchScreen=false, applicationCacheEnabled=false, takesScreenshot=true}]]]>
            </message>
            <full-stacktrace>
              <![CDATA[org.openqa.selenium.WebDriverException: unknown error: Element is not clickable at point (221, 147). Other element would receive the click: <div class="blockUI blockOverlay" style="z-index: 1000; border: none; margin: 0px; padding: 0px; width: 100%; height: 100%; top: 0px; left: 0px; opacity: 0; cursor: default; position: fixed; background-color: rgb(0, 0, 0);"></div>
  (Session info: chrome=44.0.2403.130)
  (Driver info: chromedriver=2.16.333243 (0bfa1d3575fc1044244f21ddb82bf870944ef961),platform=Windows NT 6.1 SP1 x86_64) (WARNING: The server did not provide any stacktrace information)
Command duration or timeout: 93 milliseconds
Build info: version: '2.46.0', revision: '87c69e2', time: '2015-06-04 16:17:10'
System info: host: 'pbajpai', ip: '192.168.1.160', os.name: 'Windows 7', os.arch: 'amd64', os.version: '6.1', java.version: '1.7.0_71'
Session ID: a09c9225f465a75bd9f5a4dff626481e
Driver info: org.openqa.selenium.remote.RemoteWebDriver
Capabilities [{platform=XP, acceptSslCerts=true, javascriptEnabled=true, browserName=chrome, chrome={userDataDir=C:\Users\provenir\AppData\Local\Temp\scoped_dir9508_21748}, rotatable=false, locationContextEnabled=true, mobileEmulationEnabled=false, version=44.0.2403.130, takesHeapSnapshot=true, cssSelectorsEnabled=true, databaseEnabled=false, handlesAlerts=true, browserConnectionEnabled=false, webStorageEnabled=true, nativeEvents=true, hasTouchScreen=false, applicationCacheEnabled=false, takesScreenshot=true}]
	at sun.reflect.NativeConstructorAccessorImpl.newInstance0(Native Method)
	at sun.reflect.NativeConstructorAccessorImpl.newInstance(Unknown Source)
	at sun.reflect.DelegatingConstructorAccessorImpl.newInstance(Unknown Source)
	at java.lang.reflect.Constructor.newInstance(Unknown Source)
	at org.openqa.selenium.remote.ErrorHandler.createThrowable(ErrorHandler.java:204)
	at org.openqa.selenium.remote.ErrorHandler.throwIfResponseFailed(ErrorHandler.java:156)
	at org.openqa.selenium.remote.RemoteWebDriver.execute(RemoteWebDriver.java:605)
	at org.openqa.selenium.remote.RemoteWebElement.execute(RemoteWebElement.java:269)
	at org.openqa.selenium.remote.RemoteWebElement.click(RemoteWebElement.java:80)
	at helper.Credit360Helper.clickCreditBorrowerAndAdd(Credit360Helper.java:37)
	at credit.Credit360.addAndSaveBorrower(Credit360.java:77)
	at sun.reflect.NativeMethodAccessorImpl.invoke0(Native Method)
	at sun.reflect.NativeMethodAccessorImpl.invoke(Unknown Source)
	at sun.reflect.DelegatingMethodAccessorImpl.invoke(Unknown Source)
	at java.lang.reflect.Method.invoke(Unknown Source)
	at org.testng.internal.MethodInvocationHelper.invokeMethod(MethodInvocationHelper.java:85)
	at org.testng.internal.Invoker.invokeMethod(Invoker.java:648)
	at org.testng.internal.Invoker.invokeTestMethod(Invoker.java:834)
	at org.testng.internal.Invoker.invokeTestMethods(Invoker.java:1142)
	at org.testng.internal.TestMethodWorker.invokeTestMethods(TestMethodWorker.java:124)
	at org.testng.internal.TestMethodWorker.run(TestMethodWorker.java:108)
	at org.testng.TestRunner.privateRun(TestRunner.java:771)
	at org.testng.TestRunner.run(TestRunner.java:621)
	at org.testng.SuiteRunner.runTest(SuiteRunner.java:357)
	at org.testng.SuiteRunner.access$000(SuiteRunner.java:38)
	at org.testng.SuiteRunner$SuiteWorker.run(SuiteRunner.java:391)
	at org.testng.internal.thread.ThreadUtil$2.call(ThreadUtil.java:64)
	at java.util.concurrent.FutureTask.run(Unknown Source)
	at java.util.concurrent.ThreadPoolExecutor.runWorker(Unknown Source)
	at java.util.concurrent.ThreadPoolExecutor$Worker.run(Unknown Source)
	at java.lang.Thread.run(Unknown Source)
]]>
            </full-stacktrace>
          </exception> <!-- org.openqa.selenium.WebDriverException -->
          <reporter-output>
          </reporter-output>
        </test-method> <!-- addAndSaveBorrower -->
        <test-method status="PASS" signature="searchRequest()[pri:0, instance:credit.Credit360@2717f065]" name="searchRequest" duration-ms="227" started-at="2015-08-13T13:04:44Z" finished-at="2015-08-13T13:04:44Z">
          <reporter-output>
          </reporter-output>
        </test-method> <!-- searchRequest -->
        <test-method status="PASS" signature="afterTest()[pri:0, instance:credit.Credit360@2717f065]" name="afterTest" is-config="true" duration-ms="1557" started-at="2015-08-13T13:04:45Z" finished-at="2015-08-13T13:04:46Z">
          <reporter-output>
          </reporter-output>
        </test-method> <!-- afterTest -->
      </class> <!-- credit.Credit360 -->
    </test> <!-- Chrome Test -->
    <test name="Firefox Test" duration-ms="167826" started-at="2015-08-13T17:03:10Z" finished-at="2015-08-13T17:05:58Z">
      <class name="customer.Cust360">
        <test-method status="PASS" signature="beforeTest(java.lang.String)[pri:0, instance:customer.Cust360@acf3c39]" name="beforeTest" is-config="true" duration-ms="103814" started-at="2015-08-13T13:03:10Z" finished-at="2015-08-13T13:04:54Z">
          <params>
            <param index="0">
              <value>
                <![CDATA[Firefox]]>
              </value>
            </param>
          </params>
          <reporter-output>
          </reporter-output>
        </test-method> <!-- beforeTest -->
        <test-method status="PASS" signature="clickAddressAndAdd()[pri:0, instance:customer.Cust360@acf3c39]" name="clickAddressAndAdd" duration-ms="9092" started-at="2015-08-13T13:04:54Z" finished-at="2015-08-13T13:05:03Z">
          <reporter-output>
          </reporter-output>
        </test-method> <!-- clickAddressAndAdd -->
        <test-method status="PASS" signature="saveAddress()[pri:0, instance:customer.Cust360@acf3c39]" name="saveAddress" duration-ms="21063" started-at="2015-08-13T13:05:03Z" finished-at="2015-08-13T13:05:24Z">
          <reporter-output>
          </reporter-output>
        </test-method> <!-- saveAddress -->
        <test-method status="FAIL" signature="verifyAddressTitleOnAddressPage()[pri:0, instance:customer.Cust360@acf3c39]" name="verifyAddressTitleOnAddressPage" duration-ms="31787" started-at="2015-08-13T13:05:24Z" finished-at="2015-08-13T13:05:55Z">
          <exception class="org.openqa.selenium.NoSuchElementException">
            <message>
              <![CDATA[Unable to locate element: {"method":"xpath","selector":"//h2[contains(.,'Add Address')]"}
Command duration or timeout: 37 milliseconds
For documentation on this error, please visit: http://seleniumhq.org/exceptions/no_such_element.html
Build info: version: '2.46.0', revision: '87c69e2', time: '2015-06-04 16:17:10'
System info: host: 'pbajpai', ip: '192.168.1.160', os.name: 'Windows 7', os.arch: 'amd64', os.version: '6.1', java.version: '1.7.0_71'
*** Element info: {Using=xpath, value=//h2[contains(.,'Add Address')]}
Session ID: 65e82f74-4242-4d21-8333-96f4c96d9412
Driver info: org.openqa.selenium.firefox.FirefoxDriver
Capabilities [{platform=WINDOWS, acceptSslCerts=true, javascriptEnabled=true, cssSelectorsEnabled=true, databaseEnabled=true, browserName=firefox, handlesAlerts=true, nativeEvents=false, webStorageEnabled=true, rotatable=false, locationContextEnabled=true, applicationCacheEnabled=true, takesScreenshot=true, version=39.0.3}]]]>
            </message>
            <full-stacktrace>
              <![CDATA[org.openqa.selenium.NoSuchElementException: Unable to locate element: {"method":"xpath","selector":"//h2[contains(.,'Add Address')]"}
Command duration or timeout: 37 milliseconds
For documentation on this error, please visit: http://seleniumhq.org/exceptions/no_such_element.html
Build info: version: '2.46.0', revision: '87c69e2', time: '2015-06-04 16:17:10'
System info: host: 'pbajpai', ip: '192.168.1.160', os.name: 'Windows 7', os.arch: 'amd64', os.version: '6.1', java.version: '1.7.0_71'
*** Element info: {Using=xpath, value=//h2[contains(.,'Add Address')]}
Session ID: 65e82f74-4242-4d21-8333-96f4c96d9412
Driver info: org.openqa.selenium.firefox.FirefoxDriver
Capabilities [{platform=WINDOWS, acceptSslCerts=true, javascriptEnabled=true, cssSelectorsEnabled=true, databaseEnabled=true, browserName=firefox, handlesAlerts=true, nativeEvents=false, webStorageEnabled=true, rotatable=false, locationContextEnabled=true, applicationCacheEnabled=true, takesScreenshot=true, version=39.0.3}]
	at sun.reflect.GeneratedConstructorAccessor14.newInstance(Unknown Source)
	at sun.reflect.DelegatingConstructorAccessorImpl.newInstance(Unknown Source)
	at java.lang.reflect.Constructor.newInstance(Unknown Source)
	at org.openqa.selenium.remote.ErrorHandler.createThrowable(ErrorHandler.java:204)
	at org.openqa.selenium.remote.ErrorHandler.throwIfResponseFailed(ErrorHandler.java:156)
	at org.openqa.selenium.remote.RemoteWebDriver.execute(RemoteWebDriver.java:605)
	at org.openqa.selenium.remote.RemoteWebDriver.findElement(RemoteWebDriver.java:358)
	at org.openqa.selenium.remote.RemoteWebDriver.findElementByXPath(RemoteWebDriver.java:455)
	at org.openqa.selenium.By$ByXPath.findElement(By.java:358)
	at org.openqa.selenium.remote.RemoteWebDriver.findElement(RemoteWebDriver.java:350)
	at helper.Customer360Helper.verifyAddressTitle(Customer360Helper.java:31)
	at customer.Cust360.verifyAddressTitleOnAddressPage(Cust360.java:72)
	at sun.reflect.NativeMethodAccessorImpl.invoke0(Native Method)
	at sun.reflect.NativeMethodAccessorImpl.invoke(Unknown Source)
	at sun.reflect.DelegatingMethodAccessorImpl.invoke(Unknown Source)
	at java.lang.reflect.Method.invoke(Unknown Source)
	at org.testng.internal.MethodInvocationHelper.invokeMethod(MethodInvocationHelper.java:85)
	at org.testng.internal.Invoker.invokeMethod(Invoker.java:648)
	at org.testng.internal.Invoker.invokeTestMethod(Invoker.java:834)
	at org.testng.internal.Invoker.invokeTestMethods(Invoker.java:1142)
	at org.testng.internal.TestMethodWorker.invokeTestMethods(TestMethodWorker.java:124)
	at org.testng.internal.TestMethodWorker.run(TestMethodWorker.java:108)
	at org.testng.TestRunner.privateRun(TestRunner.java:771)
	at org.testng.TestRunner.run(TestRunner.java:621)
	at org.testng.SuiteRunner.runTest(SuiteRunner.java:357)
	at org.testng.SuiteRunner.access$000(SuiteRunner.java:38)
	at org.testng.SuiteRunner$SuiteWorker.run(SuiteRunner.java:391)
	at org.testng.internal.thread.ThreadUtil$2.call(ThreadUtil.java:64)
	at java.util.concurrent.FutureTask.run(Unknown Source)
	at java.util.concurrent.ThreadPoolExecutor.runWorker(Unknown Source)
	at java.util.concurrent.ThreadPoolExecutor$Worker.run(Unknown Source)
	at java.lang.Thread.run(Unknown Source)
Caused by: org.openqa.selenium.NoSuchElementException: Unable to locate element: {"method":"xpath","selector":"//h2[contains(.,'Add Address')]"}
For documentation on this error, please visit: http://seleniumhq.org/exceptions/no_such_element.html
Build info: version: '2.46.0', revision: '87c69e2', time: '2015-06-04 16:17:10'
System info: host: 'pbajpai', ip: '192.168.1.160', os.name: 'Windows 7', os.arch: 'amd64', os.version: '6.1', java.version: '1.7.0_71'
Driver info: driver.version: unknown
	at <anonymous class>.FirefoxDriver.prototype.findElementInternal_(file:///C:/Users/provenir/AppData/Local/Temp/anonymous5047013134911459255webdriver-profile/extensions/fxdriver@googlecode.com/components/driver-component.js:10299)
	at <anonymous class>.FirefoxDriver.prototype.findElement(file:///C:/Users/provenir/AppData/Local/Temp/anonymous5047013134911459255webdriver-profile/extensions/fxdriver@googlecode.com/components/driver-component.js:10308)
	at <anonymous class>.DelayedCommand.prototype.executeInternal_/h(file:///C:/Users/provenir/AppData/Local/Temp/anonymous5047013134911459255webdriver-profile/extensions/fxdriver@googlecode.com/components/command-processor.js:12282)
	at <anonymous class>.DelayedCommand.prototype.executeInternal_(file:///C:/Users/provenir/AppData/Local/Temp/anonymous5047013134911459255webdriver-profile/extensions/fxdriver@googlecode.com/components/command-processor.js:12287)
	at <anonymous class>.DelayedCommand.prototype.execute/<(file:///C:/Users/provenir/AppData/Local/Temp/anonymous5047013134911459255webdriver-profile/extensions/fxdriver@googlecode.com/components/command-processor.js:12229)
]]>
            </full-stacktrace>
          </exception> <!-- org.openqa.selenium.NoSuchElementException -->
          <reporter-output>
          </reporter-output>
        </test-method> <!-- verifyAddressTitleOnAddressPage -->
        <test-method status="PASS" signature="afterTest()[pri:0, instance:customer.Cust360@acf3c39]" name="afterTest" is-config="true" duration-ms="2041" started-at="2015-08-13T13:05:56Z" finished-at="2015-08-13T13:05:58Z">
          <reporter-output>
          </reporter-output>
        </test-method> <!-- afterTest -->
      </class> <!-- customer.Cust360 -->
    </test> <!-- Firefox Test -->
    <test name="IE Test" duration-ms="168800" started-at="2015-08-13T17:03:10Z" finished-at="2015-08-13T17:05:59Z">
      <class name="collateral.Collateral360">
        <test-method status="PASS" signature="beforeTest(java.lang.String)[pri:0, instance:collateral.Collateral360@4ca92a58]" name="beforeTest" is-config="true" duration-ms="95229" started-at="2015-08-13T13:03:10Z" finished-at="2015-08-13T13:04:45Z">
          <params>
            <param index="0">
              <value>
                <![CDATA[InternetExplorer]]>
              </value>
            </param>
          </params>
          <reporter-output>
          </reporter-output>
        </test-method> <!-- beforeTest -->
        <test-method status="PASS" signature="verifyCollateralTitleOnCollateral()[pri:0, instance:collateral.Collateral360@4ca92a58]" name="verifyCollateralTitleOnCollateral" duration-ms="11236" started-at="2015-08-13T13:04:45Z" finished-at="2015-08-13T13:04:56Z">
          <reporter-output>
          </reporter-output>
        </test-method> <!-- verifyCollateralTitleOnCollateral -->
        <test-method status="PASS" signature="saveCollateralDetails()[pri:0, instance:collateral.Collateral360@4ca92a58]" name="saveCollateralDetails" duration-ms="61865" started-at="2015-08-13T13:04:56Z" finished-at="2015-08-13T13:05:58Z">
          <reporter-output>
          </reporter-output>
        </test-method> <!-- saveCollateralDetails -->
        <test-method status="PASS" signature="afterTest()[pri:0, instance:collateral.Collateral360@4ca92a58]" name="afterTest" is-config="true" duration-ms="445" started-at="2015-08-13T13:05:58Z" finished-at="2015-08-13T13:05:59Z">
          <reporter-output>
          </reporter-output>
        </test-method> <!-- afterTest -->
      </class> <!-- collateral.Collateral360 -->
    </test> <!-- IE Test -->
  </suite> <!-- Demo Search test suite -->
</testng-results>
