<?xml version="1.0" encoding="UTF-8"?>
<!-- Generated by org.testng.reporters.JUnitXMLReporter -->
<testsuite hostname="parasharb-w7" name="Chrome Test" tests="1" failures="0" timestamp="17 Sep 2015 11:10:36 GMT" time="19.929" errors="0">
  <testcase name="@BeforeMethod landingPage" time="0.0" classname="com.provenir.automation.framework.testcases.Credit360">
    <failure type="java.lang.NullPointerException">
      <![CDATA[java.lang.NullPointerException
	at org.openqa.selenium.support.pagefactory.DefaultElementLocator.findElement(DefaultElementLocator.java:69)
	at org.openqa.selenium.support.pagefactory.internal.LocatingElementHandler.invoke(LocatingElementHandler.java:38)
	at com.sun.proxy.$Proxy10.click(Unknown Source)
	at com.provenir.automation.framework.helper.AdvanceSearchHelper.clickAdvanceSearchLink(AdvanceSearchHelper.java:42)
	at com.provenir.automation.framework.testcases.Credit360.landingPage(Credit360.java:48)
	at java.util.concurrent.FutureTask.run(Unknown Source)
	at java.util.concurrent.ThreadPoolExecutor.runWorker(Unknown Source)
	at java.util.concurrent.ThreadPoolExecutor$Worker.run(Unknown Source)
	at java.lang.Thread.run(Unknown Source)
... Removed 18 stack frames]]>
    </failure>
  </testcase> <!-- @BeforeMethod landingPage -->
  <testcase name="test123" time="0.001" classname="com.provenir.automation.framework.testcases.Credit360">
    <skipped/>
  </testcase> <!-- test123 -->
</testsuite> <!-- Chrome Test -->
