<?xml version="1.0" encoding="UTF-8"?>
<!-- Generated by org.testng.reporters.JUnitXMLReporter -->
<testsuite hostname="parasharb-w7" name="Firefox Test" tests="12" failures="1" timestamp="23 Feb 2016 04:32:37 GMT" time="310.737" errors="0">
  <testcase name="landingPage" time="44.532" classname="com.provenir.automation.framework.testcases.RuleBasedSecurity"/>
  <testcase name="test1_clickSecuritySettings" time="33.616" classname="com.provenir.automation.framework.testcases.RuleBasedSecurity"/>
  <testcase name="test2_enterEditPermission" time="0.417" classname="com.provenir.automation.framework.testcases.RuleBasedSecurity"/>
  <testcase name="test3_selectAnyRuleFromDEAndSave" time="13.089" classname="com.provenir.automation.framework.testcases.RuleBasedSecurity">
    <failure type="java.lang.IndexOutOfBoundsException" message="Index: 0, Size: 0">
      <![CDATA[java.lang.IndexOutOfBoundsException: Index: 0, Size: 0
	at java.util.ArrayList.rangeCheck(Unknown Source)
	at java.util.ArrayList.get(Unknown Source)
	at com.provenir.automation.framework.helper.AdminPage.selectRule(AdminPage.java:869)
	at com.provenir.automation.framework.testcases.RuleBasedSecurity.test3_selectAnyRuleFromDEAndSave(RuleBasedSecurity.java:77)
	at java.util.concurrent.FutureTask.run(Unknown Source)
	at java.util.concurrent.ThreadPoolExecutor.runWorker(Unknown Source)
	at java.util.concurrent.ThreadPoolExecutor$Worker.run(Unknown Source)
	at java.lang.Thread.run(Unknown Source)
... Removed 16 stack frames]]>
    </failure>
  </testcase> <!-- test3_selectAnyRuleFromDEAndSave -->
  <testcase name="test4_verifySecurityWithOtherUser" time="29.795" classname="com.provenir.automation.framework.testcases.RuleBasedSecurity"/>
  <testcase name="test5_loginWithOtherUser" time="32.486" classname="com.provenir.automation.framework.testcases.RuleBasedSecurity"/>
  <testcase name="test6_goToSecuritySettingsAndSelectGroup" time="34.226" classname="com.provenir.automation.framework.testcases.RuleBasedSecurity"/>
  <testcase name="test7_enterPermission" time="0.426" classname="com.provenir.automation.framework.testcases.RuleBasedSecurity"/>
  <testcase name="test8_selectRuleFromDEAndSave" time="28.263" classname="com.provenir.automation.framework.testcases.RuleBasedSecurity"/>
  <testcase name="test9_loginWithOtherUser" time="32.1" classname="com.provenir.automation.framework.testcases.RuleBasedSecurity"/>
  <testcase name="test10_searchReq" time="31.168" classname="com.provenir.automation.framework.testcases.RuleBasedSecurity"/>
  <testcase name="test11_verifySecurityforOtherUser" time="0.028" classname="com.provenir.automation.framework.testcases.RuleBasedSecurity"/>
</testsuite> <!-- Firefox Test -->
