<?xml version="1.0" encoding="UTF-8"?>
<!-- Generated by org.testng.reporters.JUnitXMLReporter -->
<testsuite hostname="parasharb-w7" name="Firefox Test" tests="12" failures="1" timestamp="7 Dec 2015 05:27:53 GMT" time="195.546" errors="0">
  <testcase name="landingPage" time="46.242" classname="com.provenir.automation.framework.testcases.FacilityLevelWorkflow"/>
  <testcase name="test10_goToHomePage" time="6.413" classname="com.provenir.automation.framework.testcases.FacilityLevelWorkflow"/>
  <testcase name="test11_clickNewCreditRequest" time="3.144" classname="com.provenir.automation.framework.testcases.FacilityLevelWorkflow"/>
  <testcase name="test12_verifyDefaultCreditLevelWorkflow" time="0.117" classname="com.provenir.automation.framework.testcases.FacilityLevelWorkflow"/>
  <testcase name="test13_verifySavedWorkflow" time="17.51" classname="com.provenir.automation.framework.testcases.FacilityLevelWorkflow"/>
  <testcase name="test14_clickTransactionInfoPage" time="16.858" classname="com.provenir.automation.framework.testcases.FacilityLevelWorkflow"/>
  <testcase name="test15_verifyDefaultFacilityLevelWorkflow" time="10.22" classname="com.provenir.automation.framework.testcases.FacilityLevelWorkflow"/>
  <testcase name="test16_verifysavedFacilityWorkflow" time="11.284" classname="com.provenir.automation.framework.testcases.FacilityLevelWorkflow"/>
  <testcase name="test17_gotoHomePage" time="5.885" classname="com.provenir.automation.framework.testcases.FacilityLevelWorkflow"/>
  <testcase name="test18_searchRequest" time="42.383" classname="com.provenir.automation.framework.testcases.FacilityLevelWorkflow"/>
  <testcase name="test19_verifyTaskManagementSection" time="1.711" classname="com.provenir.automation.framework.testcases.FacilityLevelWorkflow">
    <failure type="java.lang.NullPointerException">
      <![CDATA[java.lang.NullPointerException
	at com.provenir.automation.framework.helper.Credit360Helper.clickActionColumnAndVerifyAddedWorkflow(Credit360Helper.java:99)
	at com.provenir.automation.framework.testcases.FacilityLevelWorkflow.test19_verifyTaskManagementSection(FacilityLevelWorkflow.java:248)
	at java.util.concurrent.FutureTask.run(Unknown Source)
	at java.util.concurrent.ThreadPoolExecutor.runWorker(Unknown Source)
	at java.util.concurrent.ThreadPoolExecutor$Worker.run(Unknown Source)
	at java.lang.Thread.run(Unknown Source)
... Removed 16 stack frames]]>
    </failure>
  </testcase> <!-- test19_verifyTaskManagementSection -->
  <testcase name="test20_gotoFacility360" time="11.342" classname="com.provenir.automation.framework.testcases.FacilityLevelWorkflow"/>
</testsuite> <!-- Firefox Test -->
