<?xml version="1.0" encoding="UTF-8"?>
<!-- Generated by org.testng.reporters.JUnitXMLReporter -->
<testsuite hostname="gulshango-w7" name="Firefox Test" tests="4" failures="1" timestamp="19 Sep 2015 12:17:16 GMT" time="196.56" errors="0">
  <testcase name="test1_gotoCollateral360" time="60.833" classname="com.provenir.automation.framework.testcases.Collateral360"/>
  <testcase name="test2_verifyCollateralTitle" time="10.213" classname="com.provenir.automation.framework.testcases.Collateral360"/>
  <testcase name="test3_saveCollateralDetails" time="52.701" classname="com.provenir.automation.framework.testcases.Collateral360"/>
  <testcase name="test9_saveCollateralDetailsAsRealState" time="15.505" classname="com.provenir.automation.framework.testcases.Collateral360">
    <failure type="org.openqa.selenium.NoSuchElementException" message="Unable to locate element: {&amp;quot;method&amp;quot;:&amp;quot;id&amp;quot;,&amp;quot;selector&amp;quot;:&amp;quot;collCd&amp;quot;}
Command duration or timeout: 10 milliseconds
For documentation on this error, please visit: http://seleniumhq.org/exceptions/no_such_element.html
Build info: version: &amp;apos;2.46.0&amp;apos;, revision: &amp;apos;87c69e2&amp;apos;, time: &amp;apos;2015-06-04 16:17:10&amp;apos;
System info: host: &amp;apos;gulshango-w7&amp;apos;, ip: &amp;apos;172.27.103.85&amp;apos;, os.name: &amp;apos;Windows 7&amp;apos;, os.arch: &amp;apos;amd64&amp;apos;, os.version: &amp;apos;6.1&amp;apos;, java.version: &amp;apos;1.7.0_71&amp;apos;
*** Element info: {Using=id, value=collCd}
Session ID: 53b5ec45-651b-4744-9067-34a153b7cfdb
Driver info: org.openqa.selenium.firefox.FirefoxDriver
Capabilities [{platform=WINDOWS, acceptSslCerts=true, javascriptEnabled=true, cssSelectorsEnabled=true, databaseEnabled=true, browserName=firefox, handlesAlerts=true, nativeEvents=false, webStorageEnabled=true, rotatable=false, locationContextEnabled=true, applicationCacheEnabled=true, takesScreenshot=true, version=40.0.3}]">
      <![CDATA[org.openqa.selenium.NoSuchElementException: Unable to locate element: {"method":"id","selector":"collCd"}
Command duration or timeout: 10 milliseconds
For documentation on this error, please visit: http://seleniumhq.org/exceptions/no_such_element.html
Build info: version: '2.46.0', revision: '87c69e2', time: '2015-06-04 16:17:10'
System info: host: 'gulshango-w7', ip: '172.27.103.85', os.name: 'Windows 7', os.arch: 'amd64', os.version: '6.1', java.version: '1.7.0_71'
*** Element info: {Using=id, value=collCd}
Session ID: 53b5ec45-651b-4744-9067-34a153b7cfdb
Driver info: org.openqa.selenium.firefox.FirefoxDriver
Capabilities [{platform=WINDOWS, acceptSslCerts=true, javascriptEnabled=true, cssSelectorsEnabled=true, databaseEnabled=true, browserName=firefox, handlesAlerts=true, nativeEvents=false, webStorageEnabled=true, rotatable=false, locationContextEnabled=true, applicationCacheEnabled=true, takesScreenshot=true, version=40.0.3}]
	at org.openqa.selenium.remote.ErrorHandler.createThrowable(ErrorHandler.java:204)
	at org.openqa.selenium.remote.ErrorHandler.throwIfResponseFailed(ErrorHandler.java:156)
	at org.openqa.selenium.remote.RemoteWebDriver.execute(RemoteWebDriver.java:605)
	at org.openqa.selenium.remote.RemoteWebDriver.findElement(RemoteWebDriver.java:358)
	at org.openqa.selenium.remote.RemoteWebDriver.findElementById(RemoteWebDriver.java:399)
	at org.openqa.selenium.By$ById.findElement(By.java:215)
	at org.openqa.selenium.remote.RemoteWebDriver.findElement(RemoteWebDriver.java:350)
	at org.openqa.selenium.support.pagefactory.DefaultElementLocator.findElement(DefaultElementLocator.java:69)
	at org.openqa.selenium.support.pagefactory.internal.LocatingElementHandler.invoke(LocatingElementHandler.java:38)
	at com.sun.proxy.$Proxy10.sendKeys(Unknown Source)
	at com.provenir.automation.framework.helper.Collateral360Helper.enterCollateralCode(Collateral360Helper.java:136)
	at com.provenir.automation.framework.testcases.Collateral360.test9_saveCollateralDetailsAsRealState(Collateral360.java:84)
	at java.util.concurrent.FutureTask.run(Unknown Source)
	at java.util.concurrent.ThreadPoolExecutor.runWorker(Unknown Source)
	at java.util.concurrent.ThreadPoolExecutor$Worker.run(Unknown Source)
	at java.lang.Thread.run(Unknown Source)
Caused by: org.openqa.selenium.NoSuchElementException: Unable to locate element: {"method":"id","selector":"collCd"}
For documentation on this error, please visit: http://seleniumhq.org/exceptions/no_such_element.html
Build info: version: '2.46.0', revision: '87c69e2', time: '2015-06-04 16:17:10'
System info: host: 'gulshango-w7', ip: '172.27.103.85', os.name: 'Windows 7', os.arch: 'amd64', os.version: '6.1', java.version: '1.7.0_71'
Driver info: driver.version: unknown
	at <anonymous class>.FirefoxDriver.prototype.findElementInternal_(file:///C:/Users/GULSHA~1/AppData/Local/Temp/anonymous1687639159779847639webdriver-profile/extensions/fxdriver@googlecode.com/components/driver-component.js:10299)
	at <anonymous class>.FirefoxDriver.prototype.findElement(file:///C:/Users/GULSHA~1/AppData/Local/Temp/anonymous1687639159779847639webdriver-profile/extensions/fxdriver@googlecode.com/components/driver-component.js:10308)
	at <anonymous class>.DelayedCommand.prototype.executeInternal_/h(file:///C:/Users/GULSHA~1/AppData/Local/Temp/anonymous1687639159779847639webdriver-profile/extensions/fxdriver@googlecode.com/components/command-processor.js:12282)
	at <anonymous class>.DelayedCommand.prototype.executeInternal_(file:///C:/Users/GULSHA~1/AppData/Local/Temp/anonymous1687639159779847639webdriver-profile/extensions/fxdriver@googlecode.com/components/command-processor.js:12287)
	at <anonymous class>.DelayedCommand.prototype.execute/<(file:///C:/Users/GULSHA~1/AppData/Local/Temp/anonymous1687639159779847639webdriver-profile/extensions/fxdriver@googlecode.com/components/command-processor.js:12229)
... Removed 19 stack frames]]>
    </failure>
  </testcase> <!-- test9_saveCollateralDetailsAsRealState -->
</testsuite> <!-- Firefox Test -->
