<?xml version="1.0" encoding="UTF-8"?>
<!-- Generated by org.testng.reporters.JUnitXMLReporter -->
<testsuite hostname="parasharb-w7" name="Firefox Test" tests="14" failures="7" timestamp="19 Sep 2015 06:02:10 GMT" time="474.381" errors="0">
  <testcase name="test10_verifyMandatoryDetails" time="5.045" classname="com.provenir.automation.framework.testcases.Collateral360">
    <failure type="org.openqa.selenium.NoSuchElementException" message="Unable to locate element: {&amp;quot;method&amp;quot;:&amp;quot;id&amp;quot;,&amp;quot;selector&amp;quot;:&amp;quot;saveTitledMotorDetails&amp;quot;}
Command duration or timeout: 5.04 seconds
For documentation on this error, please visit: http://seleniumhq.org/exceptions/no_such_element.html
Build info: version: &amp;apos;2.46.0&amp;apos;, revision: &amp;apos;87c69e2&amp;apos;, time: &amp;apos;2015-06-04 16:17:10&amp;apos;
System info: host: &amp;apos;parasharb-w7&amp;apos;, ip: &amp;apos;172.27.103.84&amp;apos;, os.name: &amp;apos;Windows 7&amp;apos;, os.arch: &amp;apos;amd64&amp;apos;, os.version: &amp;apos;6.1&amp;apos;, java.version: &amp;apos;1.7.0_75&amp;apos;
*** Element info: {Using=id, value=saveTitledMotorDetails}
Session ID: 7c72692d-20c9-4345-82f1-64a13f89007c
Driver info: org.openqa.selenium.firefox.FirefoxDriver
Capabilities [{platform=WINDOWS, acceptSslCerts=true, javascriptEnabled=true, cssSelectorsEnabled=true, databaseEnabled=true, browserName=firefox, handlesAlerts=true, nativeEvents=false, webStorageEnabled=true, rotatable=false, locationContextEnabled=true, applicationCacheEnabled=true, takesScreenshot=true, version=38.0.5}]">
      <![CDATA[org.openqa.selenium.NoSuchElementException: Unable to locate element: {"method":"id","selector":"saveTitledMotorDetails"}
Command duration or timeout: 5.04 seconds
For documentation on this error, please visit: http://seleniumhq.org/exceptions/no_such_element.html
Build info: version: '2.46.0', revision: '87c69e2', time: '2015-06-04 16:17:10'
System info: host: 'parasharb-w7', ip: '172.27.103.84', os.name: 'Windows 7', os.arch: 'amd64', os.version: '6.1', java.version: '1.7.0_75'
*** Element info: {Using=id, value=saveTitledMotorDetails}
Session ID: 7c72692d-20c9-4345-82f1-64a13f89007c
Driver info: org.openqa.selenium.firefox.FirefoxDriver
Capabilities [{platform=WINDOWS, acceptSslCerts=true, javascriptEnabled=true, cssSelectorsEnabled=true, databaseEnabled=true, browserName=firefox, handlesAlerts=true, nativeEvents=false, webStorageEnabled=true, rotatable=false, locationContextEnabled=true, applicationCacheEnabled=true, takesScreenshot=true, version=38.0.5}]
	at org.openqa.selenium.remote.ErrorHandler.createThrowable(ErrorHandler.java:204)
	at org.openqa.selenium.remote.ErrorHandler.throwIfResponseFailed(ErrorHandler.java:156)
	at org.openqa.selenium.remote.RemoteWebDriver.execute(RemoteWebDriver.java:605)
	at org.openqa.selenium.remote.RemoteWebDriver.findElement(RemoteWebDriver.java:358)
	at org.openqa.selenium.remote.RemoteWebDriver.findElementById(RemoteWebDriver.java:399)
	at org.openqa.selenium.By$ById.findElement(By.java:215)
	at org.openqa.selenium.remote.RemoteWebDriver.findElement(RemoteWebDriver.java:350)
	at org.openqa.selenium.support.pagefactory.DefaultElementLocator.findElement(DefaultElementLocator.java:69)
	at org.openqa.selenium.support.pagefactory.internal.LocatingElementHandler.invoke(LocatingElementHandler.java:38)
	at com.sun.proxy.$Proxy10.click(Unknown Source)
	at com.provenir.automation.framework.helper.Collateral360Helper.verifyMandatoryDetailsOnTitledMotorVehicle(Collateral360Helper.java:555)
	at com.provenir.automation.framework.testcases.Collateral360.test10_verifyMandatoryDetails(Collateral360.java:146)
	at java.util.concurrent.FutureTask.run(Unknown Source)
	at java.util.concurrent.ThreadPoolExecutor.runWorker(Unknown Source)
	at java.util.concurrent.ThreadPoolExecutor$Worker.run(Unknown Source)
	at java.lang.Thread.run(Unknown Source)
Caused by: org.openqa.selenium.NoSuchElementException: Unable to locate element: {"method":"id","selector":"saveTitledMotorDetails"}
For documentation on this error, please visit: http://seleniumhq.org/exceptions/no_such_element.html
Build info: version: '2.46.0', revision: '87c69e2', time: '2015-06-04 16:17:10'
System info: host: 'parasharb-w7', ip: '172.27.103.84', os.name: 'Windows 7', os.arch: 'amd64', os.version: '6.1', java.version: '1.7.0_75'
Driver info: driver.version: unknown
	at <anonymous class>.FirefoxDriver.prototype.findElementInternal_(file:///C:/Users/PARASH~1/AppData/Local/Temp/anonymous3632354675533528201webdriver-profile/extensions/fxdriver@googlecode.com/components/driver-component.js:10299)
	at <anonymous class>.fxdriver.Timer.prototype.setTimeout/<.notify(file:///C:/Users/PARASH~1/AppData/Local/Temp/anonymous3632354675533528201webdriver-profile/extensions/fxdriver@googlecode.com/components/driver-component.js:603)
... Removed 19 stack frames]]>
    </failure>
  </testcase> <!-- test10_verifyMandatoryDetails -->
  <testcase name="test11_saveOnTitledMotorVehicle" time="5.099" classname="com.provenir.automation.framework.testcases.Collateral360">
    <failure type="org.openqa.selenium.NoSuchElementException" message="Unable to locate element: {&amp;quot;method&amp;quot;:&amp;quot;xpath&amp;quot;,&amp;quot;selector&amp;quot;:&amp;quot;.//*[@id=&amp;apos;titledMotorGrid&amp;apos;]/div/table/tbody/tr/td[1]/input&amp;quot;}
Command duration or timeout: 5.10 seconds
For documentation on this error, please visit: http://seleniumhq.org/exceptions/no_such_element.html
Build info: version: &amp;apos;2.46.0&amp;apos;, revision: &amp;apos;87c69e2&amp;apos;, time: &amp;apos;2015-06-04 16:17:10&amp;apos;
System info: host: &amp;apos;parasharb-w7&amp;apos;, ip: &amp;apos;172.27.103.84&amp;apos;, os.name: &amp;apos;Windows 7&amp;apos;, os.arch: &amp;apos;amd64&amp;apos;, os.version: &amp;apos;6.1&amp;apos;, java.version: &amp;apos;1.7.0_75&amp;apos;
*** Element info: {Using=xpath, value=.//*[@id=&amp;apos;titledMotorGrid&amp;apos;]/div/table/tbody/tr/td[1]/input}
Session ID: 7c72692d-20c9-4345-82f1-64a13f89007c
Driver info: org.openqa.selenium.firefox.FirefoxDriver
Capabilities [{platform=WINDOWS, acceptSslCerts=true, javascriptEnabled=true, cssSelectorsEnabled=true, databaseEnabled=true, browserName=firefox, handlesAlerts=true, nativeEvents=false, webStorageEnabled=true, rotatable=false, locationContextEnabled=true, applicationCacheEnabled=true, takesScreenshot=true, version=38.0.5}]">
      <![CDATA[org.openqa.selenium.NoSuchElementException: Unable to locate element: {"method":"xpath","selector":".//*[@id='titledMotorGrid']/div/table/tbody/tr/td[1]/input"}
Command duration or timeout: 5.10 seconds
For documentation on this error, please visit: http://seleniumhq.org/exceptions/no_such_element.html
Build info: version: '2.46.0', revision: '87c69e2', time: '2015-06-04 16:17:10'
System info: host: 'parasharb-w7', ip: '172.27.103.84', os.name: 'Windows 7', os.arch: 'amd64', os.version: '6.1', java.version: '1.7.0_75'
*** Element info: {Using=xpath, value=.//*[@id='titledMotorGrid']/div/table/tbody/tr/td[1]/input}
Session ID: 7c72692d-20c9-4345-82f1-64a13f89007c
Driver info: org.openqa.selenium.firefox.FirefoxDriver
Capabilities [{platform=WINDOWS, acceptSslCerts=true, javascriptEnabled=true, cssSelectorsEnabled=true, databaseEnabled=true, browserName=firefox, handlesAlerts=true, nativeEvents=false, webStorageEnabled=true, rotatable=false, locationContextEnabled=true, applicationCacheEnabled=true, takesScreenshot=true, version=38.0.5}]
	at org.openqa.selenium.remote.ErrorHandler.createThrowable(ErrorHandler.java:204)
	at org.openqa.selenium.remote.ErrorHandler.throwIfResponseFailed(ErrorHandler.java:156)
	at org.openqa.selenium.remote.RemoteWebDriver.execute(RemoteWebDriver.java:605)
	at org.openqa.selenium.remote.RemoteWebDriver.findElement(RemoteWebDriver.java:358)
	at org.openqa.selenium.remote.RemoteWebDriver.findElementByXPath(RemoteWebDriver.java:455)
	at org.openqa.selenium.By$ByXPath.findElement(By.java:358)
	at org.openqa.selenium.remote.RemoteWebDriver.findElement(RemoteWebDriver.java:350)
	at org.openqa.selenium.support.pagefactory.DefaultElementLocator.findElement(DefaultElementLocator.java:69)
	at org.openqa.selenium.support.pagefactory.internal.LocatingElementHandler.invoke(LocatingElementHandler.java:38)
	at com.sun.proxy.$Proxy10.sendKeys(Unknown Source)
	at com.provenir.automation.framework.helper.Collateral360Helper.saveTitledMotorVehicleDetails(Collateral360Helper.java:521)
	at com.provenir.automation.framework.testcases.Collateral360.test11_saveOnTitledMotorVehicle(Collateral360.java:151)
	at java.util.concurrent.FutureTask.run(Unknown Source)
	at java.util.concurrent.ThreadPoolExecutor.runWorker(Unknown Source)
	at java.util.concurrent.ThreadPoolExecutor$Worker.run(Unknown Source)
	at java.lang.Thread.run(Unknown Source)
Caused by: org.openqa.selenium.NoSuchElementException: Unable to locate element: {"method":"xpath","selector":".//*[@id='titledMotorGrid']/div/table/tbody/tr/td[1]/input"}
For documentation on this error, please visit: http://seleniumhq.org/exceptions/no_such_element.html
Build info: version: '2.46.0', revision: '87c69e2', time: '2015-06-04 16:17:10'
System info: host: 'parasharb-w7', ip: '172.27.103.84', os.name: 'Windows 7', os.arch: 'amd64', os.version: '6.1', java.version: '1.7.0_75'
Driver info: driver.version: unknown
	at <anonymous class>.FirefoxDriver.prototype.findElementInternal_(file:///C:/Users/PARASH~1/AppData/Local/Temp/anonymous3632354675533528201webdriver-profile/extensions/fxdriver@googlecode.com/components/driver-component.js:10299)
	at <anonymous class>.fxdriver.Timer.prototype.setTimeout/<.notify(file:///C:/Users/PARASH~1/AppData/Local/Temp/anonymous3632354675533528201webdriver-profile/extensions/fxdriver@googlecode.com/components/driver-component.js:603)
... Removed 19 stack frames]]>
    </failure>
  </testcase> <!-- test11_saveOnTitledMotorVehicle -->
  <testcase name="test12_updateTitledMotorVehicle" time="10.276" classname="com.provenir.automation.framework.testcases.Collateral360">
    <failure type="org.openqa.selenium.NoSuchElementException" message="Unable to locate element: {&amp;quot;method&amp;quot;:&amp;quot;id&amp;quot;,&amp;quot;selector&amp;quot;:&amp;quot;editBtn&amp;quot;}
Command duration or timeout: 57 milliseconds
For documentation on this error, please visit: http://seleniumhq.org/exceptions/no_such_element.html
Build info: version: &amp;apos;2.46.0&amp;apos;, revision: &amp;apos;87c69e2&amp;apos;, time: &amp;apos;2015-06-04 16:17:10&amp;apos;
System info: host: &amp;apos;parasharb-w7&amp;apos;, ip: &amp;apos;172.27.103.84&amp;apos;, os.name: &amp;apos;Windows 7&amp;apos;, os.arch: &amp;apos;amd64&amp;apos;, os.version: &amp;apos;6.1&amp;apos;, java.version: &amp;apos;1.7.0_75&amp;apos;
*** Element info: {Using=id, value=editBtn}
Session ID: 7c72692d-20c9-4345-82f1-64a13f89007c
Driver info: org.openqa.selenium.firefox.FirefoxDriver
Capabilities [{platform=WINDOWS, acceptSslCerts=true, javascriptEnabled=true, cssSelectorsEnabled=true, databaseEnabled=true, browserName=firefox, handlesAlerts=true, nativeEvents=false, webStorageEnabled=true, rotatable=false, locationContextEnabled=true, applicationCacheEnabled=true, takesScreenshot=true, version=38.0.5}]">
      <![CDATA[org.openqa.selenium.NoSuchElementException: Unable to locate element: {"method":"id","selector":"editBtn"}
Command duration or timeout: 57 milliseconds
For documentation on this error, please visit: http://seleniumhq.org/exceptions/no_such_element.html
Build info: version: '2.46.0', revision: '87c69e2', time: '2015-06-04 16:17:10'
System info: host: 'parasharb-w7', ip: '172.27.103.84', os.name: 'Windows 7', os.arch: 'amd64', os.version: '6.1', java.version: '1.7.0_75'
*** Element info: {Using=id, value=editBtn}
Session ID: 7c72692d-20c9-4345-82f1-64a13f89007c
Driver info: org.openqa.selenium.firefox.FirefoxDriver
Capabilities [{platform=WINDOWS, acceptSslCerts=true, javascriptEnabled=true, cssSelectorsEnabled=true, databaseEnabled=true, browserName=firefox, handlesAlerts=true, nativeEvents=false, webStorageEnabled=true, rotatable=false, locationContextEnabled=true, applicationCacheEnabled=true, takesScreenshot=true, version=38.0.5}]
	at org.openqa.selenium.remote.ErrorHandler.createThrowable(ErrorHandler.java:204)
	at org.openqa.selenium.remote.ErrorHandler.throwIfResponseFailed(ErrorHandler.java:156)
	at org.openqa.selenium.remote.RemoteWebDriver.execute(RemoteWebDriver.java:605)
	at org.openqa.selenium.remote.RemoteWebDriver.findElement(RemoteWebDriver.java:358)
	at org.openqa.selenium.remote.RemoteWebDriver.findElementById(RemoteWebDriver.java:399)
	at org.openqa.selenium.By$ById.findElement(By.java:215)
	at org.openqa.selenium.remote.RemoteWebDriver.findElement(RemoteWebDriver.java:350)
	at org.openqa.selenium.support.pagefactory.DefaultElementLocator.findElement(DefaultElementLocator.java:69)
	at org.openqa.selenium.support.pagefactory.internal.LocatingElementHandler.invoke(LocatingElementHandler.java:38)
	at com.sun.proxy.$Proxy10.click(Unknown Source)
	at com.provenir.automation.framework.helper.Collateral360Helper.clickEditOnTitledMotorVehicle(Collateral360Helper.java:512)
	at com.provenir.automation.framework.testcases.Collateral360.test12_updateTitledMotorVehicle(Collateral360.java:156)
	at java.util.concurrent.FutureTask.run(Unknown Source)
	at java.util.concurrent.ThreadPoolExecutor.runWorker(Unknown Source)
	at java.util.concurrent.ThreadPoolExecutor$Worker.run(Unknown Source)
	at java.lang.Thread.run(Unknown Source)
Caused by: org.openqa.selenium.NoSuchElementException: Unable to locate element: {"method":"id","selector":"editBtn"}
For documentation on this error, please visit: http://seleniumhq.org/exceptions/no_such_element.html
Build info: version: '2.46.0', revision: '87c69e2', time: '2015-06-04 16:17:10'
System info: host: 'parasharb-w7', ip: '172.27.103.84', os.name: 'Windows 7', os.arch: 'amd64', os.version: '6.1', java.version: '1.7.0_75'
Driver info: driver.version: unknown
	at <anonymous class>.FirefoxDriver.prototype.findElementInternal_(file:///C:/Users/PARASH~1/AppData/Local/Temp/anonymous3632354675533528201webdriver-profile/extensions/fxdriver@googlecode.com/components/driver-component.js:10299)
	at <anonymous class>.FirefoxDriver.prototype.findElement(file:///C:/Users/PARASH~1/AppData/Local/Temp/anonymous3632354675533528201webdriver-profile/extensions/fxdriver@googlecode.com/components/driver-component.js:10308)
	at <anonymous class>.DelayedCommand.prototype.executeInternal_/h(file:///C:/Users/PARASH~1/AppData/Local/Temp/anonymous3632354675533528201webdriver-profile/extensions/fxdriver@googlecode.com/components/command-processor.js:12282)
	at <anonymous class>.DelayedCommand.prototype.executeInternal_(file:///C:/Users/PARASH~1/AppData/Local/Temp/anonymous3632354675533528201webdriver-profile/extensions/fxdriver@googlecode.com/components/command-processor.js:12287)
	at <anonymous class>.DelayedCommand.prototype.execute/<(file:///C:/Users/PARASH~1/AppData/Local/Temp/anonymous3632354675533528201webdriver-profile/extensions/fxdriver@googlecode.com/components/command-processor.js:12229)
... Removed 19 stack frames]]>
    </failure>
  </testcase> <!-- test12_updateTitledMotorVehicle -->
  <testcase name="test13_deleteTitledMotorVehicleInfo" time="0.075" classname="com.provenir.automation.framework.testcases.Collateral360">
    <failure type="org.openqa.selenium.NoSuchElementException" message="Unable to locate element: {&amp;quot;method&amp;quot;:&amp;quot;xpath&amp;quot;,&amp;quot;selector&amp;quot;:&amp;quot;.//*[@id=&amp;apos;titledMotorGrid&amp;apos;]/div/table/tbody/tr/td[6]/a&amp;quot;}
Command duration or timeout: 71 milliseconds
For documentation on this error, please visit: http://seleniumhq.org/exceptions/no_such_element.html
Build info: version: &amp;apos;2.46.0&amp;apos;, revision: &amp;apos;87c69e2&amp;apos;, time: &amp;apos;2015-06-04 16:17:10&amp;apos;
System info: host: &amp;apos;parasharb-w7&amp;apos;, ip: &amp;apos;172.27.103.84&amp;apos;, os.name: &amp;apos;Windows 7&amp;apos;, os.arch: &amp;apos;amd64&amp;apos;, os.version: &amp;apos;6.1&amp;apos;, java.version: &amp;apos;1.7.0_75&amp;apos;
*** Element info: {Using=xpath, value=.//*[@id=&amp;apos;titledMotorGrid&amp;apos;]/div/table/tbody/tr/td[6]/a}
Session ID: 7c72692d-20c9-4345-82f1-64a13f89007c
Driver info: org.openqa.selenium.firefox.FirefoxDriver
Capabilities [{platform=WINDOWS, acceptSslCerts=true, javascriptEnabled=true, cssSelectorsEnabled=true, databaseEnabled=true, browserName=firefox, handlesAlerts=true, nativeEvents=false, webStorageEnabled=true, rotatable=false, locationContextEnabled=true, applicationCacheEnabled=true, takesScreenshot=true, version=38.0.5}]">
      <![CDATA[org.openqa.selenium.NoSuchElementException: Unable to locate element: {"method":"xpath","selector":".//*[@id='titledMotorGrid']/div/table/tbody/tr/td[6]/a"}
Command duration or timeout: 71 milliseconds
For documentation on this error, please visit: http://seleniumhq.org/exceptions/no_such_element.html
Build info: version: '2.46.0', revision: '87c69e2', time: '2015-06-04 16:17:10'
System info: host: 'parasharb-w7', ip: '172.27.103.84', os.name: 'Windows 7', os.arch: 'amd64', os.version: '6.1', java.version: '1.7.0_75'
*** Element info: {Using=xpath, value=.//*[@id='titledMotorGrid']/div/table/tbody/tr/td[6]/a}
Session ID: 7c72692d-20c9-4345-82f1-64a13f89007c
Driver info: org.openqa.selenium.firefox.FirefoxDriver
Capabilities [{platform=WINDOWS, acceptSslCerts=true, javascriptEnabled=true, cssSelectorsEnabled=true, databaseEnabled=true, browserName=firefox, handlesAlerts=true, nativeEvents=false, webStorageEnabled=true, rotatable=false, locationContextEnabled=true, applicationCacheEnabled=true, takesScreenshot=true, version=38.0.5}]
	at org.openqa.selenium.remote.ErrorHandler.createThrowable(ErrorHandler.java:204)
	at org.openqa.selenium.remote.ErrorHandler.throwIfResponseFailed(ErrorHandler.java:156)
	at org.openqa.selenium.remote.RemoteWebDriver.execute(RemoteWebDriver.java:605)
	at org.openqa.selenium.remote.RemoteWebDriver.findElement(RemoteWebDriver.java:358)
	at org.openqa.selenium.remote.RemoteWebDriver.findElementByXPath(RemoteWebDriver.java:455)
	at org.openqa.selenium.By$ByXPath.findElement(By.java:358)
	at org.openqa.selenium.remote.RemoteWebDriver.findElement(RemoteWebDriver.java:350)
	at org.openqa.selenium.support.pagefactory.DefaultElementLocator.findElement(DefaultElementLocator.java:69)
	at org.openqa.selenium.support.pagefactory.internal.LocatingElementHandler.invoke(LocatingElementHandler.java:38)
	at com.sun.proxy.$Proxy10.getCoordinates(Unknown Source)
	at org.openqa.selenium.interactions.internal.MouseAction.getActionLocation(MouseAction.java:51)
	at org.openqa.selenium.interactions.MoveMouseAction.perform(MoveMouseAction.java:39)
	at org.openqa.selenium.interactions.CompositeAction.perform(CompositeAction.java:50)
	at org.openqa.selenium.interactions.Actions.perform(Actions.java:371)
	at com.provenir.automation.framework.helper.Collateral360Helper.clickDeleteOnTitledMotorVehicle(Collateral360Helper.java:548)
	at com.provenir.automation.framework.testcases.Collateral360.test13_deleteTitledMotorVehicleInfo(Collateral360.java:162)
	at java.util.concurrent.FutureTask.run(Unknown Source)
	at java.util.concurrent.ThreadPoolExecutor.runWorker(Unknown Source)
	at java.util.concurrent.ThreadPoolExecutor$Worker.run(Unknown Source)
	at java.lang.Thread.run(Unknown Source)
Caused by: org.openqa.selenium.NoSuchElementException: Unable to locate element: {"method":"xpath","selector":".//*[@id='titledMotorGrid']/div/table/tbody/tr/td[6]/a"}
For documentation on this error, please visit: http://seleniumhq.org/exceptions/no_such_element.html
Build info: version: '2.46.0', revision: '87c69e2', time: '2015-06-04 16:17:10'
System info: host: 'parasharb-w7', ip: '172.27.103.84', os.name: 'Windows 7', os.arch: 'amd64', os.version: '6.1', java.version: '1.7.0_75'
Driver info: driver.version: unknown
	at <anonymous class>.FirefoxDriver.prototype.findElementInternal_(file:///C:/Users/PARASH~1/AppData/Local/Temp/anonymous3632354675533528201webdriver-profile/extensions/fxdriver@googlecode.com/components/driver-component.js:10299)
	at <anonymous class>.FirefoxDriver.prototype.findElement(file:///C:/Users/PARASH~1/AppData/Local/Temp/anonymous3632354675533528201webdriver-profile/extensions/fxdriver@googlecode.com/components/driver-component.js:10308)
	at <anonymous class>.DelayedCommand.prototype.executeInternal_/h(file:///C:/Users/PARASH~1/AppData/Local/Temp/anonymous3632354675533528201webdriver-profile/extensions/fxdriver@googlecode.com/components/command-processor.js:12282)
	at <anonymous class>.DelayedCommand.prototype.executeInternal_(file:///C:/Users/PARASH~1/AppData/Local/Temp/anonymous3632354675533528201webdriver-profile/extensions/fxdriver@googlecode.com/components/command-processor.js:12287)
	at <anonymous class>.DelayedCommand.prototype.execute/<(file:///C:/Users/PARASH~1/AppData/Local/Temp/anonymous3632354675533528201webdriver-profile/extensions/fxdriver@googlecode.com/components/command-processor.js:12229)
... Removed 19 stack frames]]>
    </failure>
  </testcase> <!-- test13_deleteTitledMotorVehicleInfo -->
  <testcase name="test14_cancelOnTitledMotorVehicle" time="10.532" classname="com.provenir.automation.framework.testcases.Collateral360">
    <failure type="org.openqa.selenium.NoSuchElementException" message="Unable to locate element: {&amp;quot;method&amp;quot;:&amp;quot;id&amp;quot;,&amp;quot;selector&amp;quot;:&amp;quot;editBtn&amp;quot;}
Command duration or timeout: 39 milliseconds
For documentation on this error, please visit: http://seleniumhq.org/exceptions/no_such_element.html
Build info: version: &amp;apos;2.46.0&amp;apos;, revision: &amp;apos;87c69e2&amp;apos;, time: &amp;apos;2015-06-04 16:17:10&amp;apos;
System info: host: &amp;apos;parasharb-w7&amp;apos;, ip: &amp;apos;172.27.103.84&amp;apos;, os.name: &amp;apos;Windows 7&amp;apos;, os.arch: &amp;apos;amd64&amp;apos;, os.version: &amp;apos;6.1&amp;apos;, java.version: &amp;apos;1.7.0_75&amp;apos;
*** Element info: {Using=id, value=editBtn}
Session ID: 7c72692d-20c9-4345-82f1-64a13f89007c
Driver info: org.openqa.selenium.firefox.FirefoxDriver
Capabilities [{platform=WINDOWS, acceptSslCerts=true, javascriptEnabled=true, cssSelectorsEnabled=true, databaseEnabled=true, browserName=firefox, handlesAlerts=true, nativeEvents=false, webStorageEnabled=true, rotatable=false, locationContextEnabled=true, applicationCacheEnabled=true, takesScreenshot=true, version=38.0.5}]">
      <![CDATA[org.openqa.selenium.NoSuchElementException: Unable to locate element: {"method":"id","selector":"editBtn"}
Command duration or timeout: 39 milliseconds
For documentation on this error, please visit: http://seleniumhq.org/exceptions/no_such_element.html
Build info: version: '2.46.0', revision: '87c69e2', time: '2015-06-04 16:17:10'
System info: host: 'parasharb-w7', ip: '172.27.103.84', os.name: 'Windows 7', os.arch: 'amd64', os.version: '6.1', java.version: '1.7.0_75'
*** Element info: {Using=id, value=editBtn}
Session ID: 7c72692d-20c9-4345-82f1-64a13f89007c
Driver info: org.openqa.selenium.firefox.FirefoxDriver
Capabilities [{platform=WINDOWS, acceptSslCerts=true, javascriptEnabled=true, cssSelectorsEnabled=true, databaseEnabled=true, browserName=firefox, handlesAlerts=true, nativeEvents=false, webStorageEnabled=true, rotatable=false, locationContextEnabled=true, applicationCacheEnabled=true, takesScreenshot=true, version=38.0.5}]
	at org.openqa.selenium.remote.ErrorHandler.createThrowable(ErrorHandler.java:204)
	at org.openqa.selenium.remote.ErrorHandler.throwIfResponseFailed(ErrorHandler.java:156)
	at org.openqa.selenium.remote.RemoteWebDriver.execute(RemoteWebDriver.java:605)
	at org.openqa.selenium.remote.RemoteWebDriver.findElement(RemoteWebDriver.java:358)
	at org.openqa.selenium.remote.RemoteWebDriver.findElementById(RemoteWebDriver.java:399)
	at org.openqa.selenium.By$ById.findElement(By.java:215)
	at org.openqa.selenium.remote.RemoteWebDriver.findElement(RemoteWebDriver.java:350)
	at org.openqa.selenium.support.pagefactory.DefaultElementLocator.findElement(DefaultElementLocator.java:69)
	at org.openqa.selenium.support.pagefactory.internal.LocatingElementHandler.invoke(LocatingElementHandler.java:38)
	at com.sun.proxy.$Proxy10.click(Unknown Source)
	at com.provenir.automation.framework.helper.Collateral360Helper.clickEditOnTitledMotorVehicle(Collateral360Helper.java:512)
	at com.provenir.automation.framework.testcases.Collateral360.test14_cancelOnTitledMotorVehicle(Collateral360.java:167)
	at java.util.concurrent.FutureTask.run(Unknown Source)
	at java.util.concurrent.ThreadPoolExecutor.runWorker(Unknown Source)
	at java.util.concurrent.ThreadPoolExecutor$Worker.run(Unknown Source)
	at java.lang.Thread.run(Unknown Source)
Caused by: org.openqa.selenium.NoSuchElementException: Unable to locate element: {"method":"id","selector":"editBtn"}
For documentation on this error, please visit: http://seleniumhq.org/exceptions/no_such_element.html
Build info: version: '2.46.0', revision: '87c69e2', time: '2015-06-04 16:17:10'
System info: host: 'parasharb-w7', ip: '172.27.103.84', os.name: 'Windows 7', os.arch: 'amd64', os.version: '6.1', java.version: '1.7.0_75'
Driver info: driver.version: unknown
	at <anonymous class>.FirefoxDriver.prototype.findElementInternal_(file:///C:/Users/PARASH~1/AppData/Local/Temp/anonymous3632354675533528201webdriver-profile/extensions/fxdriver@googlecode.com/components/driver-component.js:10299)
	at <anonymous class>.FirefoxDriver.prototype.findElement(file:///C:/Users/PARASH~1/AppData/Local/Temp/anonymous3632354675533528201webdriver-profile/extensions/fxdriver@googlecode.com/components/driver-component.js:10308)
	at <anonymous class>.DelayedCommand.prototype.executeInternal_/h(file:///C:/Users/PARASH~1/AppData/Local/Temp/anonymous3632354675533528201webdriver-profile/extensions/fxdriver@googlecode.com/components/command-processor.js:12282)
	at <anonymous class>.DelayedCommand.prototype.executeInternal_(file:///C:/Users/PARASH~1/AppData/Local/Temp/anonymous3632354675533528201webdriver-profile/extensions/fxdriver@googlecode.com/components/command-processor.js:12287)
	at <anonymous class>.DelayedCommand.prototype.execute/<(file:///C:/Users/PARASH~1/AppData/Local/Temp/anonymous3632354675533528201webdriver-profile/extensions/fxdriver@googlecode.com/components/command-processor.js:12229)
... Removed 19 stack frames]]>
    </failure>
  </testcase> <!-- test14_cancelOnTitledMotorVehicle -->
  <testcase name="test1_gotoCollateral360" time="62.208" classname="com.provenir.automation.framework.testcases.Collateral360"/>
  <testcase name="test2_verifyCollateralTitle" time="10.369" classname="com.provenir.automation.framework.testcases.Collateral360"/>
  <testcase name="test3_saveCollateralDetails" time="63.859" classname="com.provenir.automation.framework.testcases.Collateral360"/>
  <testcase name="test4_verifyLeftHandNavigationForVehicle" time="25.789" classname="com.provenir.automation.framework.testcases.Collateral360"/>
  <testcase name="test5_verifyLeftHandNavigationForShares" time="25.578" classname="com.provenir.automation.framework.testcases.Collateral360"/>
  <testcase name="test6_verifyLeftHandNavigationForAccountsReceivable" time="25.95" classname="com.provenir.automation.framework.testcases.Collateral360"/>
  <testcase name="test7_verifyLeftHandNavigationForRealEstate" time="28.576" classname="com.provenir.automation.framework.testcases.Collateral360"/>
  <testcase name="test8_saveCollateralDetailsAsVehicle" time="47.081" classname="com.provenir.automation.framework.testcases.Collateral360">
    <failure type="org.openqa.selenium.ElementNotVisibleException" message="Element is not currently visible and so may not be interacted with
Command duration or timeout: 5.10 seconds
Build info: version: &amp;apos;2.46.0&amp;apos;, revision: &amp;apos;87c69e2&amp;apos;, time: &amp;apos;2015-06-04 16:17:10&amp;apos;
System info: host: &amp;apos;parasharb-w7&amp;apos;, ip: &amp;apos;172.27.103.84&amp;apos;, os.name: &amp;apos;Windows 7&amp;apos;, os.arch: &amp;apos;amd64&amp;apos;, os.version: &amp;apos;6.1&amp;apos;, java.version: &amp;apos;1.7.0_75&amp;apos;
Session ID: 7c72692d-20c9-4345-82f1-64a13f89007c
Driver info: org.openqa.selenium.firefox.FirefoxDriver
Capabilities [{platform=WINDOWS, acceptSslCerts=true, javascriptEnabled=true, cssSelectorsEnabled=true, databaseEnabled=true, browserName=firefox, handlesAlerts=true, nativeEvents=false, webStorageEnabled=true, rotatable=false, locationContextEnabled=true, applicationCacheEnabled=true, takesScreenshot=true, version=38.0.5}]">
      <![CDATA[org.openqa.selenium.ElementNotVisibleException: Element is not currently visible and so may not be interacted with
Command duration or timeout: 5.10 seconds
Build info: version: '2.46.0', revision: '87c69e2', time: '2015-06-04 16:17:10'
System info: host: 'parasharb-w7', ip: '172.27.103.84', os.name: 'Windows 7', os.arch: 'amd64', os.version: '6.1', java.version: '1.7.0_75'
Session ID: 7c72692d-20c9-4345-82f1-64a13f89007c
Driver info: org.openqa.selenium.firefox.FirefoxDriver
Capabilities [{platform=WINDOWS, acceptSslCerts=true, javascriptEnabled=true, cssSelectorsEnabled=true, databaseEnabled=true, browserName=firefox, handlesAlerts=true, nativeEvents=false, webStorageEnabled=true, rotatable=false, locationContextEnabled=true, applicationCacheEnabled=true, takesScreenshot=true, version=38.0.5}]
	at org.openqa.selenium.remote.ErrorHandler.createThrowable(ErrorHandler.java:204)
	at org.openqa.selenium.remote.ErrorHandler.throwIfResponseFailed(ErrorHandler.java:156)
	at org.openqa.selenium.remote.RemoteWebDriver.execute(RemoteWebDriver.java:605)
	at org.openqa.selenium.remote.RemoteWebElement.execute(RemoteWebElement.java:269)
	at org.openqa.selenium.remote.RemoteWebElement.sendKeys(RemoteWebElement.java:90)
	at org.openqa.selenium.support.pagefactory.internal.LocatingElementHandler.invoke(LocatingElementHandler.java:51)
	at com.sun.proxy.$Proxy10.sendKeys(Unknown Source)
	at com.provenir.automation.framework.helper.Collateral360Helper.enterCity(Collateral360Helper.java:321)
	at com.provenir.automation.framework.testcases.Collateral360.test8_saveCollateralDetailsAsVehicle(Collateral360.java:125)
	at java.util.concurrent.FutureTask.run(Unknown Source)
	at java.util.concurrent.ThreadPoolExecutor.runWorker(Unknown Source)
	at java.util.concurrent.ThreadPoolExecutor$Worker.run(Unknown Source)
	at java.lang.Thread.run(Unknown Source)
Caused by: org.openqa.selenium.ElementNotVisibleException: Element is not currently visible and so may not be interacted with
Build info: version: '2.46.0', revision: '87c69e2', time: '2015-06-04 16:17:10'
System info: host: 'parasharb-w7', ip: '172.27.103.84', os.name: 'Windows 7', os.arch: 'amd64', os.version: '6.1', java.version: '1.7.0_75'
Driver info: driver.version: unknown
	at <anonymous class>.fxdriver.preconditions.visible(file:///C:/Users/PARASH~1/AppData/Local/Temp/anonymous3632354675533528201webdriver-profile/extensions/fxdriver@googlecode.com/components/command-processor.js:9615)
	at <anonymous class>.DelayedCommand.prototype.checkPreconditions_(file:///C:/Users/PARASH~1/AppData/Local/Temp/anonymous3632354675533528201webdriver-profile/extensions/fxdriver@googlecode.com/components/command-processor.js:12265)
	at <anonymous class>.DelayedCommand.prototype.executeInternal_/h(file:///C:/Users/PARASH~1/AppData/Local/Temp/anonymous3632354675533528201webdriver-profile/extensions/fxdriver@googlecode.com/components/command-processor.js:12282)
	at <anonymous class>.fxdriver.Timer.prototype.setTimeout/<.notify(file:///C:/Users/PARASH~1/AppData/Local/Temp/anonymous3632354675533528201webdriver-profile/extensions/fxdriver@googlecode.com/components/command-processor.js:603)
... Removed 23 stack frames]]>
    </failure>
  </testcase> <!-- test8_saveCollateralDetailsAsVehicle -->
  <testcase name="test9_verifyActionMenuDisplayed" time="20.52" classname="com.provenir.automation.framework.testcases.Collateral360">
    <failure type="org.openqa.selenium.ElementNotVisibleException" message="Element is not currently visible and so may not be interacted with
Command duration or timeout: 13 milliseconds
Build info: version: &amp;apos;2.46.0&amp;apos;, revision: &amp;apos;87c69e2&amp;apos;, time: &amp;apos;2015-06-04 16:17:10&amp;apos;
System info: host: &amp;apos;parasharb-w7&amp;apos;, ip: &amp;apos;172.27.103.84&amp;apos;, os.name: &amp;apos;Windows 7&amp;apos;, os.arch: &amp;apos;amd64&amp;apos;, os.version: &amp;apos;6.1&amp;apos;, java.version: &amp;apos;1.7.0_75&amp;apos;
Session ID: 7c72692d-20c9-4345-82f1-64a13f89007c
Driver info: org.openqa.selenium.firefox.FirefoxDriver
Capabilities [{platform=WINDOWS, acceptSslCerts=true, javascriptEnabled=true, cssSelectorsEnabled=true, databaseEnabled=true, browserName=firefox, handlesAlerts=true, nativeEvents=false, webStorageEnabled=true, rotatable=false, locationContextEnabled=true, applicationCacheEnabled=true, takesScreenshot=true, version=38.0.5}]">
      <![CDATA[org.openqa.selenium.ElementNotVisibleException: Element is not currently visible and so may not be interacted with
Command duration or timeout: 13 milliseconds
Build info: version: '2.46.0', revision: '87c69e2', time: '2015-06-04 16:17:10'
System info: host: 'parasharb-w7', ip: '172.27.103.84', os.name: 'Windows 7', os.arch: 'amd64', os.version: '6.1', java.version: '1.7.0_75'
Session ID: 7c72692d-20c9-4345-82f1-64a13f89007c
Driver info: org.openqa.selenium.firefox.FirefoxDriver
Capabilities [{platform=WINDOWS, acceptSslCerts=true, javascriptEnabled=true, cssSelectorsEnabled=true, databaseEnabled=true, browserName=firefox, handlesAlerts=true, nativeEvents=false, webStorageEnabled=true, rotatable=false, locationContextEnabled=true, applicationCacheEnabled=true, takesScreenshot=true, version=38.0.5}]
	at org.openqa.selenium.remote.ErrorHandler.createThrowable(ErrorHandler.java:204)
	at org.openqa.selenium.remote.ErrorHandler.throwIfResponseFailed(ErrorHandler.java:156)
	at org.openqa.selenium.remote.RemoteWebDriver.execute(RemoteWebDriver.java:605)
	at org.openqa.selenium.remote.RemoteWebElement.execute(RemoteWebElement.java:269)
	at org.openqa.selenium.remote.RemoteWebElement.click(RemoteWebElement.java:80)
	at org.openqa.selenium.support.pagefactory.internal.LocatingElementHandler.invoke(LocatingElementHandler.java:51)
	at com.sun.proxy.$Proxy10.click(Unknown Source)
	at com.provenir.automation.framework.helper.Collateral360Helper.clickOnTitledMotorVehicleSection(Collateral360Helper.java:506)
	at com.provenir.automation.framework.testcases.Collateral360.test9_verifyActionMenuDisplayed(Collateral360.java:138)
	at java.util.concurrent.FutureTask.run(Unknown Source)
	at java.util.concurrent.ThreadPoolExecutor.runWorker(Unknown Source)
	at java.util.concurrent.ThreadPoolExecutor$Worker.run(Unknown Source)
	at java.lang.Thread.run(Unknown Source)
Caused by: org.openqa.selenium.ElementNotVisibleException: Element is not currently visible and so may not be interacted with
Build info: version: '2.46.0', revision: '87c69e2', time: '2015-06-04 16:17:10'
System info: host: 'parasharb-w7', ip: '172.27.103.84', os.name: 'Windows 7', os.arch: 'amd64', os.version: '6.1', java.version: '1.7.0_75'
Driver info: driver.version: unknown
	at <anonymous class>.fxdriver.preconditions.visible(file:///C:/Users/PARASH~1/AppData/Local/Temp/anonymous3632354675533528201webdriver-profile/extensions/fxdriver@googlecode.com/components/command-processor.js:9615)
	at <anonymous class>.DelayedCommand.prototype.checkPreconditions_(file:///C:/Users/PARASH~1/AppData/Local/Temp/anonymous3632354675533528201webdriver-profile/extensions/fxdriver@googlecode.com/components/command-processor.js:12265)
	at <anonymous class>.DelayedCommand.prototype.executeInternal_/h(file:///C:/Users/PARASH~1/AppData/Local/Temp/anonymous3632354675533528201webdriver-profile/extensions/fxdriver@googlecode.com/components/command-processor.js:12282)
	at <anonymous class>.DelayedCommand.prototype.executeInternal_(file:///C:/Users/PARASH~1/AppData/Local/Temp/anonymous3632354675533528201webdriver-profile/extensions/fxdriver@googlecode.com/components/command-processor.js:12287)
	at <anonymous class>.DelayedCommand.prototype.execute/<(file:///C:/Users/PARASH~1/AppData/Local/Temp/anonymous3632354675533528201webdriver-profile/extensions/fxdriver@googlecode.com/components/command-processor.js:12229)
... Removed 23 stack frames]]>
    </failure>
  </testcase> <!-- test9_verifyActionMenuDisplayed -->
</testsuite> <!-- Firefox Test -->
