<?xml version="1.0" encoding="UTF-8"?>
<!-- Generated by org.testng.reporters.JUnitXMLReporter -->
<testsuite hostname="gulshango-w7" name="Firefox Test" tests="3" failures="0" timestamp="17 Sep 2015 10:27:59 GMT" time="172.054" errors="0">
  <testcase name="test1_gotoCustomer360" time="46.116" classname="com.provenir.automation.framework.testcases.Customer360"/>
  <testcase name="test2_verifyAddressTitle" time="0.075" classname="com.provenir.automation.framework.testcases.Customer360"/>
  <testcase name="test3_saveAddress" time="72.583" classname="com.provenir.automation.framework.testcases.Customer360"/>
</testsuite> <!-- Firefox Test -->
