<?xml version="1.0" encoding="UTF-8"?>
<!-- Generated by org.testng.reporters.JUnitXMLReporter -->
<testsuite hostname="pbajpai" name="Firefox Test" tests="3" failures="0" timestamp="11 Sep 2015 17:16:56 GMT" time="167.674" errors="0">
  <testcase name="test1_gotoCustomer360" time="20.365" classname="com.provenir.automation.framework.testcases.Customer360"/>
  <testcase name="test2_verifyAddressTitle" time="0.127" classname="com.provenir.automation.framework.testcases.Customer360"/>
  <testcase name="test3_saveAddress" time="71.316" classname="com.provenir.automation.framework.testcases.Customer360"/>
</testsuite> <!-- Firefox Test -->
