<?xml version="1.0" encoding="UTF-8"?>
<!-- Generated by org.testng.reporters.JUnitXMLReporter -->
<testsuite hostname="pbajpai" name="Firefox Test" tests="3" failures="0" timestamp="10 Sep 2015 18:10:10 GMT" time="163.47" errors="0">
  <testcase name="test1_gotoCustomer360" time="18.865" classname="com.provenir.automation.framework.testcases.Customer360"/>
  <testcase name="test2_verifyAddressTitle" time="0.124" classname="com.provenir.automation.framework.testcases.Customer360"/>
  <testcase name="test3_saveAddress" time="72.009" classname="com.provenir.automation.framework.testcases.Customer360"/>
</testsuite> <!-- Firefox Test -->
