<?xml version="1.0" encoding="UTF-8"?>
<!-- Generated by org.testng.reporters.JUnitXMLReporter -->
<testsuite hostname="parasharb-w7" name="Firefox Test" tests="42" failures="0" timestamp="23 Dec 2015 13:22:51 GMT" time="1331.368" errors="0">
  <testcase name="test0_landingPage" time="34.987" classname="com.provenir.automation.framework.testcases.Collateral360"/>
  <testcase name="test1_gotoCollateral360" time="44.367" classname="com.provenir.automation.framework.testcases.Collateral360"/>
  <testcase name="test2_verifyCollateralTitle" time="10.3" classname="com.provenir.automation.framework.testcases.Collateral360"/>
  <testcase name="test3_saveCollateralDetails" time="57.399" classname="com.provenir.automation.framework.testcases.Collateral360"/>
  <testcase name="test4_verifyLeftHandNavigationForVehicle" time="26.5" classname="com.provenir.automation.framework.testcases.Collateral360"/>
  <testcase name="test5_verifyLeftHandNavigationForShares" time="21.498" classname="com.provenir.automation.framework.testcases.Collateral360"/>
  <testcase name="test6_verifyLeftHandNavigationForAccountsReceivable" time="20.356" classname="com.provenir.automation.framework.testcases.Collateral360"/>
  <testcase name="test7_verifyLeftHandNavigationForRealEstate" time="28.404" classname="com.provenir.automation.framework.testcases.Collateral360"/>
  <testcase name="test8_saveCollateralDetailsAsVehicle" time="149.447" classname="com.provenir.automation.framework.testcases.Collateral360"/>
  <testcase name="test9_verifyActionMenuDisplayedOnVehicle" time="35.08" classname="com.provenir.automation.framework.testcases.Collateral360"/>
  <testcase name="test11_saveOnTitledMotorVehicle" time="2.872" classname="com.provenir.automation.framework.testcases.Collateral360"/>
  <testcase name="test12_updateTitledMotorVehicle" time="36.648" classname="com.provenir.automation.framework.testcases.Collateral360"/>
  <testcase name="test13_deleteTitledMotorVehicleInfo" time="3.147" classname="com.provenir.automation.framework.testcases.Collateral360"/>
  <testcase name="test14_cancelOnTitledMotorVehicle" time="3.776" classname="com.provenir.automation.framework.testcases.Collateral360"/>
  <testcase name="test15_gotoCollateralPool" time="42.859" classname="com.provenir.automation.framework.testcases.Collateral360"/>
  <testcase name="test16_saveCollateralDetailsAsUCC" time="127.647" classname="com.provenir.automation.framework.testcases.Collateral360"/>
  <testcase name="test17_verifyDeleteOnUCC" time="29.208" classname="com.provenir.automation.framework.testcases.Collateral360"/>
  <testcase name="test18_verifyActionMenuDisplayedOnUCC" time="4.974" classname="com.provenir.automation.framework.testcases.Collateral360"/>
  <testcase name="test19_verifyMandatoryDetailsOnUCCUCC" time="1.343" classname="com.provenir.automation.framework.testcases.Collateral360"/>
  <testcase name="test20_saveUCC" time="6.613" classname="com.provenir.automation.framework.testcases.Collateral360"/>
  <testcase name="test21_updateUCC" time="10.182" classname="com.provenir.automation.framework.testcases.Collateral360"/>
  <testcase name="test22_cancelUCCDetails" time="21.974" classname="com.provenir.automation.framework.testcases.Collateral360"/>
  <testcase name="test23_gotoCollateral360" time="36.233" classname="com.provenir.automation.framework.testcases.Collateral360"/>
  <testcase name="test24_verifyMutualFundsSection" time="73.545" classname="com.provenir.automation.framework.testcases.Collateral360"/>
  <testcase name="test25_verifyMandatoryFieldsOnMutualFunds" time="13.159" classname="com.provenir.automation.framework.testcases.Collateral360"/>
  <testcase name="test26_saveOnMutualFunds" time="24.581" classname="com.provenir.automation.framework.testcases.Collateral360"/>
  <testcase name="test27_updateMutualFunds" time="5.349" classname="com.provenir.automation.framework.testcases.Collateral360"/>
  <testcase name="test28_cancelMutualFunds" time="5.024" classname="com.provenir.automation.framework.testcases.Collateral360"/>
  <testcase name="test29_verifyCertificatedBondsSection" time="5.519" classname="com.provenir.automation.framework.testcases.Collateral360"/>
  <testcase name="test30_saveOnCertifiedBonds" time="10.63" classname="com.provenir.automation.framework.testcases.Collateral360"/>
  <testcase name="test31_updateCertifiedBonds" time="57.232" classname="com.provenir.automation.framework.testcases.Collateral360"/>
  <testcase name="test32_cancelCertifiedBonds" time="21.198" classname="com.provenir.automation.framework.testcases.Collateral360"/>
  <testcase name="test33_VerifyUncertifiedSecuritiesOrMutualFundsSection" time="29.865" classname="com.provenir.automation.framework.testcases.Collateral360"/>
  <testcase name="test34_saveOnUncertifiedSecurities" time="15.26" classname="com.provenir.automation.framework.testcases.Collateral360"/>
  <testcase name="test35_updateOnUncertifiedSecurities" time="37.58" classname="com.provenir.automation.framework.testcases.Collateral360"/>
  <testcase name="test36_cancelOnUncertifiedSecurities" time="22.521" classname="com.provenir.automation.framework.testcases.Collateral360"/>
  <testcase name="test37_goToCollateralPool" time="42.325" classname="com.provenir.automation.framework.testcases.Collateral360"/>
  <testcase name="test38_saveCollateralDetailsAsRealState" time="133.233" classname="com.provenir.automation.framework.testcases.Collateral360"/>
  <testcase name="test39_ClickTaxInformation" time="15.982" classname="com.provenir.automation.framework.testcases.Collateral360"/>
  <testcase name="test40_AddTaxInformation" time="4.499" classname="com.provenir.automation.framework.testcases.Collateral360"/>
  <testcase name="test41_verifyErrorMsgTaxApnDetails" time="0.487" classname="com.provenir.automation.framework.testcases.Collateral360"/>
  <testcase name="test42_SaveTaxInformationDetails" time="28.39" classname="com.provenir.automation.framework.testcases.Collateral360"/>
</testsuite> <!-- Firefox Test -->
