<?xml version="1.0" encoding="UTF-8"?>
<!-- Generated by org.testng.reporters.JUnitXMLReporter -->
<testsuite hostname="parasharb-w7" name="IE Test" tests="25" failures="8" timestamp="21 Dec 2015 11:42:52 GMT" time="281.09" errors="0">
  <testcase name="test1_landingPage" time="43.169" classname="com.provenir.automation.framework.testcases.FilteredQueues"/>
  <testcase name="test2_verifyFiltersOnMyRequestsPage" time="1.46" classname="com.provenir.automation.framework.testcases.FilteredQueues"/>
  <testcase name="test3_verifyDefaultValuesOfFilters" time="0.151" classname="com.provenir.automation.framework.testcases.FilteredQueues"/>
  <testcase name="test4_verifyFiltersFunctionality" time="5.13" classname="com.provenir.automation.framework.testcases.FilteredQueues"/>
  <testcase name="test5_verifyInitialWorkflowStatusOfNewlyCreatedRequest" time="13.999" classname="com.provenir.automation.framework.testcases.FilteredQueues"/>
  <testcase name="test6_verifyInitialDecisionStatusOfNewlyCreatedRequest" time="7.271" classname="com.provenir.automation.framework.testcases.FilteredQueues"/>
  <testcase name="test7_verifyReqCount" time="0.187" classname="com.provenir.automation.framework.testcases.FilteredQueues"/>
  <testcase name="test8_verifyExpandAllOnMyReqPage" time="0.305" classname="com.provenir.automation.framework.testcases.FilteredQueues"/>
  <testcase name="test9_verifyHeaderOnTMActAsHyperlink" time="12.048" classname="com.provenir.automation.framework.testcases.FilteredQueues"/>
  <testcase name="test10_verifyWorkflowExpandedOrNot" time="2.186" classname="com.provenir.automation.framework.testcases.FilteredQueues"/>
  <testcase name="test11_verifyTaskListDisplayedOnExpanding" time="0.349" classname="com.provenir.automation.framework.testcases.FilteredQueues"/>
  <testcase name="test12_verifyExpandBtnAgainstEachTask" time="0.335" classname="com.provenir.automation.framework.testcases.FilteredQueues"/>
  <testcase name="test13_verifyCollapseAllFunctionality" time="0.296" classname="com.provenir.automation.framework.testcases.FilteredQueues"/>
  <testcase name="test14_clickCollapseOption" time="1.113" classname="com.provenir.automation.framework.testcases.FilteredQueues"/>
  <testcase name="test15_verifyExpansionOfTMOnCredit360" time="30.972" classname="com.provenir.automation.framework.testcases.FilteredQueues">
    <failure type="org.openqa.selenium.NoSuchElementException" message="Unable to find element with id == taskMangmnt (WARNING: The server did not provide any stacktrace information)
Command duration or timeout: 327 milliseconds
For documentation on this error, please visit: http://seleniumhq.org/exceptions/no_such_element.html
Build info: version: &amp;apos;2.46.0&amp;apos;, revision: &amp;apos;87c69e2&amp;apos;, time: &amp;apos;2015-06-04 16:17:10&amp;apos;
System info: host: &amp;apos;parasharb-w7&amp;apos;, ip: &amp;apos;172.27.103.103&amp;apos;, os.name: &amp;apos;Windows 7&amp;apos;, os.arch: &amp;apos;amd64&amp;apos;, os.version: &amp;apos;6.1&amp;apos;, java.version: &amp;apos;1.7.0_75&amp;apos;
*** Element info: {Using=id, value=taskMangmnt}
Session ID: 528fe5f1-4939-486d-9175-da23979340f7
Driver info: org.openqa.selenium.remote.RemoteWebDriver
Capabilities [{platform=WINDOWS, javascriptEnabled=true, elementScrollBehavior=0, ignoreZoomSetting=true, enablePersistentHover=true, ie.ensureCleanSession=false, browserName=internet explorer, enableElementCacheCleanup=true, unexpectedAlertBehaviour=dismiss, version=11, ie.usePerProcessProxy=false, ignoreProtectedModeSettings=true, cssSelectorsEnabled=true, requireWindowFocus=false, initialBrowserUrl=http://localhost:5757/, handlesAlerts=true, ie.forceCreateProcessApi=false, nativeEvents=true, browserAttachTimeout=0, ie.browserCommandLineSwitches=, takesScreenshot=true}]">
      <![CDATA[org.openqa.selenium.NoSuchElementException: Unable to find element with id == taskMangmnt (WARNING: The server did not provide any stacktrace information)
Command duration or timeout: 327 milliseconds
For documentation on this error, please visit: http://seleniumhq.org/exceptions/no_such_element.html
Build info: version: '2.46.0', revision: '87c69e2', time: '2015-06-04 16:17:10'
System info: host: 'parasharb-w7', ip: '172.27.103.103', os.name: 'Windows 7', os.arch: 'amd64', os.version: '6.1', java.version: '1.7.0_75'
*** Element info: {Using=id, value=taskMangmnt}
Session ID: 528fe5f1-4939-486d-9175-da23979340f7
Driver info: org.openqa.selenium.remote.RemoteWebDriver
Capabilities [{platform=WINDOWS, javascriptEnabled=true, elementScrollBehavior=0, ignoreZoomSetting=true, enablePersistentHover=true, ie.ensureCleanSession=false, browserName=internet explorer, enableElementCacheCleanup=true, unexpectedAlertBehaviour=dismiss, version=11, ie.usePerProcessProxy=false, ignoreProtectedModeSettings=true, cssSelectorsEnabled=true, requireWindowFocus=false, initialBrowserUrl=http://localhost:5757/, handlesAlerts=true, ie.forceCreateProcessApi=false, nativeEvents=true, browserAttachTimeout=0, ie.browserCommandLineSwitches=, takesScreenshot=true}]
	at org.openqa.selenium.remote.ErrorHandler.createThrowable(ErrorHandler.java:204)
	at org.openqa.selenium.remote.ErrorHandler.throwIfResponseFailed(ErrorHandler.java:156)
	at org.openqa.selenium.remote.RemoteWebDriver.execute(RemoteWebDriver.java:605)
	at org.openqa.selenium.remote.RemoteWebDriver.findElement(RemoteWebDriver.java:358)
	at org.openqa.selenium.remote.RemoteWebDriver.findElementById(RemoteWebDriver.java:399)
	at org.openqa.selenium.By$ById.findElement(By.java:215)
	at org.openqa.selenium.remote.RemoteWebDriver.findElement(RemoteWebDriver.java:350)
	at org.openqa.selenium.support.pagefactory.DefaultElementLocator.findElement(DefaultElementLocator.java:69)
	at org.openqa.selenium.support.pagefactory.internal.LocatingElementHandler.invoke(LocatingElementHandler.java:38)
	at com.sun.proxy.$Proxy9.click(Unknown Source)
	at com.provenir.automation.framework.helper.Credit360Helper.clickTaskManagement(Credit360Helper.java:161)
	at com.provenir.automation.framework.testcases.FilteredQueues.test15_verifyExpansionOfTMOnCredit360(FilteredQueues.java:143)
	at java.util.concurrent.FutureTask.run(Unknown Source)
	at java.util.concurrent.ThreadPoolExecutor.runWorker(Unknown Source)
	at java.util.concurrent.ThreadPoolExecutor$Worker.run(Unknown Source)
	at java.lang.Thread.run(Unknown Source)
... Removed 19 stack frames]]>
    </failure>
  </testcase> <!-- test15_verifyExpansionOfTMOnCredit360 -->
  <testcase name="test16_verifyExpansionOfTMOnFacility360" time="27.957" classname="com.provenir.automation.framework.testcases.FilteredQueues">
    <failure type="org.openqa.selenium.NoSuchElementException" message="Unable to find element with id == taskMangmntr (WARNING: The server did not provide any stacktrace information)
Command duration or timeout: 326 milliseconds
For documentation on this error, please visit: http://seleniumhq.org/exceptions/no_such_element.html
Build info: version: &amp;apos;2.46.0&amp;apos;, revision: &amp;apos;87c69e2&amp;apos;, time: &amp;apos;2015-06-04 16:17:10&amp;apos;
System info: host: &amp;apos;parasharb-w7&amp;apos;, ip: &amp;apos;172.27.103.103&amp;apos;, os.name: &amp;apos;Windows 7&amp;apos;, os.arch: &amp;apos;amd64&amp;apos;, os.version: &amp;apos;6.1&amp;apos;, java.version: &amp;apos;1.7.0_75&amp;apos;
*** Element info: {Using=id, value=taskMangmntr}
Session ID: 528fe5f1-4939-486d-9175-da23979340f7
Driver info: org.openqa.selenium.remote.RemoteWebDriver
Capabilities [{platform=WINDOWS, javascriptEnabled=true, elementScrollBehavior=0, ignoreZoomSetting=true, enablePersistentHover=true, ie.ensureCleanSession=false, browserName=internet explorer, enableElementCacheCleanup=true, unexpectedAlertBehaviour=dismiss, version=11, ie.usePerProcessProxy=false, ignoreProtectedModeSettings=true, cssSelectorsEnabled=true, requireWindowFocus=false, initialBrowserUrl=http://localhost:5757/, handlesAlerts=true, ie.forceCreateProcessApi=false, nativeEvents=true, browserAttachTimeout=0, ie.browserCommandLineSwitches=, takesScreenshot=true}]">
      <![CDATA[org.openqa.selenium.NoSuchElementException: Unable to find element with id == taskMangmntr (WARNING: The server did not provide any stacktrace information)
Command duration or timeout: 326 milliseconds
For documentation on this error, please visit: http://seleniumhq.org/exceptions/no_such_element.html
Build info: version: '2.46.0', revision: '87c69e2', time: '2015-06-04 16:17:10'
System info: host: 'parasharb-w7', ip: '172.27.103.103', os.name: 'Windows 7', os.arch: 'amd64', os.version: '6.1', java.version: '1.7.0_75'
*** Element info: {Using=id, value=taskMangmntr}
Session ID: 528fe5f1-4939-486d-9175-da23979340f7
Driver info: org.openqa.selenium.remote.RemoteWebDriver
Capabilities [{platform=WINDOWS, javascriptEnabled=true, elementScrollBehavior=0, ignoreZoomSetting=true, enablePersistentHover=true, ie.ensureCleanSession=false, browserName=internet explorer, enableElementCacheCleanup=true, unexpectedAlertBehaviour=dismiss, version=11, ie.usePerProcessProxy=false, ignoreProtectedModeSettings=true, cssSelectorsEnabled=true, requireWindowFocus=false, initialBrowserUrl=http://localhost:5757/, handlesAlerts=true, ie.forceCreateProcessApi=false, nativeEvents=true, browserAttachTimeout=0, ie.browserCommandLineSwitches=, takesScreenshot=true}]
	at org.openqa.selenium.remote.ErrorHandler.createThrowable(ErrorHandler.java:204)
	at org.openqa.selenium.remote.ErrorHandler.throwIfResponseFailed(ErrorHandler.java:156)
	at org.openqa.selenium.remote.RemoteWebDriver.execute(RemoteWebDriver.java:605)
	at org.openqa.selenium.remote.RemoteWebDriver.findElement(RemoteWebDriver.java:358)
	at org.openqa.selenium.remote.RemoteWebDriver.findElementById(RemoteWebDriver.java:399)
	at org.openqa.selenium.By$ById.findElement(By.java:215)
	at org.openqa.selenium.remote.RemoteWebDriver.findElement(RemoteWebDriver.java:350)
	at org.openqa.selenium.support.pagefactory.DefaultElementLocator.findElement(DefaultElementLocator.java:69)
	at org.openqa.selenium.support.pagefactory.internal.LocatingElementHandler.invoke(LocatingElementHandler.java:38)
	at com.sun.proxy.$Proxy9.click(Unknown Source)
	at com.provenir.automation.framework.helper.Facility360Details.clickTaskManagement(Facility360Details.java:1500)
	at com.provenir.automation.framework.testcases.FilteredQueues.test16_verifyExpansionOfTMOnFacility360(FilteredQueues.java:152)
	at java.util.concurrent.FutureTask.run(Unknown Source)
	at java.util.concurrent.ThreadPoolExecutor.runWorker(Unknown Source)
	at java.util.concurrent.ThreadPoolExecutor$Worker.run(Unknown Source)
	at java.lang.Thread.run(Unknown Source)
... Removed 19 stack frames]]>
    </failure>
  </testcase> <!-- test16_verifyExpansionOfTMOnFacility360 -->
  <testcase name="test17_verifyMyTeamTasksPage" time="30.269" classname="com.provenir.automation.framework.testcases.FilteredQueues">
    <failure type="org.openqa.selenium.NoSuchElementException" message="Unable to find element with xpath == //label[contains(.,&amp;apos;My Team Tasks&amp;apos;)] (WARNING: The server did not provide any stacktrace information)
Command duration or timeout: 340 milliseconds
For documentation on this error, please visit: http://seleniumhq.org/exceptions/no_such_element.html
Build info: version: &amp;apos;2.46.0&amp;apos;, revision: &amp;apos;87c69e2&amp;apos;, time: &amp;apos;2015-06-04 16:17:10&amp;apos;
System info: host: &amp;apos;parasharb-w7&amp;apos;, ip: &amp;apos;172.27.103.103&amp;apos;, os.name: &amp;apos;Windows 7&amp;apos;, os.arch: &amp;apos;amd64&amp;apos;, os.version: &amp;apos;6.1&amp;apos;, java.version: &amp;apos;1.7.0_75&amp;apos;
*** Element info: {Using=xpath, value=//label[contains(.,&amp;apos;My Team Tasks&amp;apos;)]}
Session ID: 528fe5f1-4939-486d-9175-da23979340f7
Driver info: org.openqa.selenium.remote.RemoteWebDriver
Capabilities [{platform=WINDOWS, javascriptEnabled=true, elementScrollBehavior=0, ignoreZoomSetting=true, enablePersistentHover=true, ie.ensureCleanSession=false, browserName=internet explorer, enableElementCacheCleanup=true, unexpectedAlertBehaviour=dismiss, version=11, ie.usePerProcessProxy=false, ignoreProtectedModeSettings=true, cssSelectorsEnabled=true, requireWindowFocus=false, initialBrowserUrl=http://localhost:5757/, handlesAlerts=true, ie.forceCreateProcessApi=false, nativeEvents=true, browserAttachTimeout=0, ie.browserCommandLineSwitches=, takesScreenshot=true}]">
      <![CDATA[org.openqa.selenium.NoSuchElementException: Unable to find element with xpath == //label[contains(.,'My Team Tasks')] (WARNING: The server did not provide any stacktrace information)
Command duration or timeout: 340 milliseconds
For documentation on this error, please visit: http://seleniumhq.org/exceptions/no_such_element.html
Build info: version: '2.46.0', revision: '87c69e2', time: '2015-06-04 16:17:10'
System info: host: 'parasharb-w7', ip: '172.27.103.103', os.name: 'Windows 7', os.arch: 'amd64', os.version: '6.1', java.version: '1.7.0_75'
*** Element info: {Using=xpath, value=//label[contains(.,'My Team Tasks')]}
Session ID: 528fe5f1-4939-486d-9175-da23979340f7
Driver info: org.openqa.selenium.remote.RemoteWebDriver
Capabilities [{platform=WINDOWS, javascriptEnabled=true, elementScrollBehavior=0, ignoreZoomSetting=true, enablePersistentHover=true, ie.ensureCleanSession=false, browserName=internet explorer, enableElementCacheCleanup=true, unexpectedAlertBehaviour=dismiss, version=11, ie.usePerProcessProxy=false, ignoreProtectedModeSettings=true, cssSelectorsEnabled=true, requireWindowFocus=false, initialBrowserUrl=http://localhost:5757/, handlesAlerts=true, ie.forceCreateProcessApi=false, nativeEvents=true, browserAttachTimeout=0, ie.browserCommandLineSwitches=, takesScreenshot=true}]
	at org.openqa.selenium.remote.ErrorHandler.createThrowable(ErrorHandler.java:204)
	at org.openqa.selenium.remote.ErrorHandler.throwIfResponseFailed(ErrorHandler.java:156)
	at org.openqa.selenium.remote.RemoteWebDriver.execute(RemoteWebDriver.java:605)
	at org.openqa.selenium.remote.RemoteWebDriver.findElement(RemoteWebDriver.java:358)
	at org.openqa.selenium.remote.RemoteWebDriver.findElementByXPath(RemoteWebDriver.java:455)
	at org.openqa.selenium.By$ByXPath.findElement(By.java:358)
	at org.openqa.selenium.remote.RemoteWebDriver.findElement(RemoteWebDriver.java:350)
	at org.openqa.selenium.support.pagefactory.DefaultElementLocator.findElement(DefaultElementLocator.java:69)
	at org.openqa.selenium.support.pagefactory.internal.LocatingElementHandler.invoke(LocatingElementHandler.java:38)
	at com.sun.proxy.$Proxy9.isDisplayed(Unknown Source)
	at com.provenir.automation.framework.helper.MyTeamTasks.verifyMyTeamTasksTitle(MyTeamTasks.java:74)
	at com.provenir.automation.framework.testcases.FilteredQueues.test17_verifyMyTeamTasksPage(FilteredQueues.java:163)
	at java.util.concurrent.FutureTask.run(Unknown Source)
	at java.util.concurrent.ThreadPoolExecutor.runWorker(Unknown Source)
	at java.util.concurrent.ThreadPoolExecutor$Worker.run(Unknown Source)
	at java.lang.Thread.run(Unknown Source)
... Removed 19 stack frames]]>
    </failure>
  </testcase> <!-- test17_verifyMyTeamTasksPage -->
  <testcase name="test18_verifyFiltersOnMyTeamTasksPage" time="0.335" classname="com.provenir.automation.framework.testcases.FilteredQueues">
    <failure type="org.openqa.selenium.NoSuchElementException" message="Unable to find element with xpath == //label[contains(.,&amp;apos;Entity Type:&amp;apos;)] (WARNING: The server did not provide any stacktrace information)
Command duration or timeout: 332 milliseconds
For documentation on this error, please visit: http://seleniumhq.org/exceptions/no_such_element.html
Build info: version: &amp;apos;2.46.0&amp;apos;, revision: &amp;apos;87c69e2&amp;apos;, time: &amp;apos;2015-06-04 16:17:10&amp;apos;
System info: host: &amp;apos;parasharb-w7&amp;apos;, ip: &amp;apos;172.27.103.103&amp;apos;, os.name: &amp;apos;Windows 7&amp;apos;, os.arch: &amp;apos;amd64&amp;apos;, os.version: &amp;apos;6.1&amp;apos;, java.version: &amp;apos;1.7.0_75&amp;apos;
*** Element info: {Using=xpath, value=//label[contains(.,&amp;apos;Entity Type:&amp;apos;)]}
Session ID: 528fe5f1-4939-486d-9175-da23979340f7
Driver info: org.openqa.selenium.remote.RemoteWebDriver
Capabilities [{platform=WINDOWS, javascriptEnabled=true, elementScrollBehavior=0, ignoreZoomSetting=true, enablePersistentHover=true, ie.ensureCleanSession=false, browserName=internet explorer, enableElementCacheCleanup=true, unexpectedAlertBehaviour=dismiss, version=11, ie.usePerProcessProxy=false, ignoreProtectedModeSettings=true, cssSelectorsEnabled=true, requireWindowFocus=false, initialBrowserUrl=http://localhost:5757/, handlesAlerts=true, ie.forceCreateProcessApi=false, nativeEvents=true, browserAttachTimeout=0, ie.browserCommandLineSwitches=, takesScreenshot=true}]">
      <![CDATA[org.openqa.selenium.NoSuchElementException: Unable to find element with xpath == //label[contains(.,'Entity Type:')] (WARNING: The server did not provide any stacktrace information)
Command duration or timeout: 332 milliseconds
For documentation on this error, please visit: http://seleniumhq.org/exceptions/no_such_element.html
Build info: version: '2.46.0', revision: '87c69e2', time: '2015-06-04 16:17:10'
System info: host: 'parasharb-w7', ip: '172.27.103.103', os.name: 'Windows 7', os.arch: 'amd64', os.version: '6.1', java.version: '1.7.0_75'
*** Element info: {Using=xpath, value=//label[contains(.,'Entity Type:')]}
Session ID: 528fe5f1-4939-486d-9175-da23979340f7
Driver info: org.openqa.selenium.remote.RemoteWebDriver
Capabilities [{platform=WINDOWS, javascriptEnabled=true, elementScrollBehavior=0, ignoreZoomSetting=true, enablePersistentHover=true, ie.ensureCleanSession=false, browserName=internet explorer, enableElementCacheCleanup=true, unexpectedAlertBehaviour=dismiss, version=11, ie.usePerProcessProxy=false, ignoreProtectedModeSettings=true, cssSelectorsEnabled=true, requireWindowFocus=false, initialBrowserUrl=http://localhost:5757/, handlesAlerts=true, ie.forceCreateProcessApi=false, nativeEvents=true, browserAttachTimeout=0, ie.browserCommandLineSwitches=, takesScreenshot=true}]
	at org.openqa.selenium.remote.ErrorHandler.createThrowable(ErrorHandler.java:204)
	at org.openqa.selenium.remote.ErrorHandler.throwIfResponseFailed(ErrorHandler.java:156)
	at org.openqa.selenium.remote.RemoteWebDriver.execute(RemoteWebDriver.java:605)
	at org.openqa.selenium.remote.RemoteWebDriver.findElement(RemoteWebDriver.java:358)
	at org.openqa.selenium.remote.RemoteWebDriver.findElementByXPath(RemoteWebDriver.java:455)
	at org.openqa.selenium.By$ByXPath.findElement(By.java:358)
	at org.openqa.selenium.remote.RemoteWebDriver.findElement(RemoteWebDriver.java:350)
	at org.openqa.selenium.support.pagefactory.DefaultElementLocator.findElement(DefaultElementLocator.java:69)
	at org.openqa.selenium.support.pagefactory.internal.LocatingElementHandler.invoke(LocatingElementHandler.java:38)
	at com.sun.proxy.$Proxy9.getText(Unknown Source)
	at com.provenir.automation.framework.helper.MyTeamTasks.verifyFiltersOnMyTeamTasks(MyTeamTasks.java:81)
	at com.provenir.automation.framework.testcases.FilteredQueues.test18_verifyFiltersOnMyTeamTasksPage(FilteredQueues.java:168)
	at java.util.concurrent.FutureTask.run(Unknown Source)
	at java.util.concurrent.ThreadPoolExecutor.runWorker(Unknown Source)
	at java.util.concurrent.ThreadPoolExecutor$Worker.run(Unknown Source)
	at java.lang.Thread.run(Unknown Source)
... Removed 19 stack frames]]>
    </failure>
  </testcase> <!-- test18_verifyFiltersOnMyTeamTasksPage -->
  <testcase name="test19_verifyDefaultValuesOfFiltersOnMyTeamTasksPage" time="0.455" classname="com.provenir.automation.framework.testcases.FilteredQueues"/>
  <testcase name="test20_verifyFilterationOnMyTeamTasksPage" time="21.207" classname="com.provenir.automation.framework.testcases.FilteredQueues">
    <failure type="org.openqa.selenium.NoSuchElementException" message="Unable to find element with xpath == .//*[@id=&amp;apos;rightContent&amp;apos;]/div/div[2]/div/div[1]/div/div[2]/div[1]/p/div/button (WARNING: The server did not provide any stacktrace information)
Command duration or timeout: 337 milliseconds
For documentation on this error, please visit: http://seleniumhq.org/exceptions/no_such_element.html
Build info: version: &amp;apos;2.46.0&amp;apos;, revision: &amp;apos;87c69e2&amp;apos;, time: &amp;apos;2015-06-04 16:17:10&amp;apos;
System info: host: &amp;apos;parasharb-w7&amp;apos;, ip: &amp;apos;172.27.103.103&amp;apos;, os.name: &amp;apos;Windows 7&amp;apos;, os.arch: &amp;apos;amd64&amp;apos;, os.version: &amp;apos;6.1&amp;apos;, java.version: &amp;apos;1.7.0_75&amp;apos;
*** Element info: {Using=xpath, value=.//*[@id=&amp;apos;rightContent&amp;apos;]/div/div[2]/div/div[1]/div/div[2]/div[1]/p/div/button}
Session ID: 528fe5f1-4939-486d-9175-da23979340f7
Driver info: org.openqa.selenium.remote.RemoteWebDriver
Capabilities [{platform=WINDOWS, javascriptEnabled=true, elementScrollBehavior=0, ignoreZoomSetting=true, enablePersistentHover=true, ie.ensureCleanSession=false, browserName=internet explorer, enableElementCacheCleanup=true, unexpectedAlertBehaviour=dismiss, version=11, ie.usePerProcessProxy=false, ignoreProtectedModeSettings=true, cssSelectorsEnabled=true, requireWindowFocus=false, initialBrowserUrl=http://localhost:5757/, handlesAlerts=true, ie.forceCreateProcessApi=false, nativeEvents=true, browserAttachTimeout=0, ie.browserCommandLineSwitches=, takesScreenshot=true}]">
      <![CDATA[org.openqa.selenium.NoSuchElementException: Unable to find element with xpath == .//*[@id='rightContent']/div/div[2]/div/div[1]/div/div[2]/div[1]/p/div/button (WARNING: The server did not provide any stacktrace information)
Command duration or timeout: 337 milliseconds
For documentation on this error, please visit: http://seleniumhq.org/exceptions/no_such_element.html
Build info: version: '2.46.0', revision: '87c69e2', time: '2015-06-04 16:17:10'
System info: host: 'parasharb-w7', ip: '172.27.103.103', os.name: 'Windows 7', os.arch: 'amd64', os.version: '6.1', java.version: '1.7.0_75'
*** Element info: {Using=xpath, value=.//*[@id='rightContent']/div/div[2]/div/div[1]/div/div[2]/div[1]/p/div/button}
Session ID: 528fe5f1-4939-486d-9175-da23979340f7
Driver info: org.openqa.selenium.remote.RemoteWebDriver
Capabilities [{platform=WINDOWS, javascriptEnabled=true, elementScrollBehavior=0, ignoreZoomSetting=true, enablePersistentHover=true, ie.ensureCleanSession=false, browserName=internet explorer, enableElementCacheCleanup=true, unexpectedAlertBehaviour=dismiss, version=11, ie.usePerProcessProxy=false, ignoreProtectedModeSettings=true, cssSelectorsEnabled=true, requireWindowFocus=false, initialBrowserUrl=http://localhost:5757/, handlesAlerts=true, ie.forceCreateProcessApi=false, nativeEvents=true, browserAttachTimeout=0, ie.browserCommandLineSwitches=, takesScreenshot=true}]
	at org.openqa.selenium.remote.ErrorHandler.createThrowable(ErrorHandler.java:204)
	at org.openqa.selenium.remote.ErrorHandler.throwIfResponseFailed(ErrorHandler.java:156)
	at org.openqa.selenium.remote.RemoteWebDriver.execute(RemoteWebDriver.java:605)
	at org.openqa.selenium.remote.RemoteWebDriver.findElement(RemoteWebDriver.java:358)
	at org.openqa.selenium.remote.RemoteWebDriver.findElementByXPath(RemoteWebDriver.java:455)
	at org.openqa.selenium.By$ByXPath.findElement(By.java:358)
	at org.openqa.selenium.remote.RemoteWebDriver.findElement(RemoteWebDriver.java:350)
	at org.openqa.selenium.support.pagefactory.DefaultElementLocator.findElement(DefaultElementLocator.java:69)
	at org.openqa.selenium.support.pagefactory.internal.LocatingElementHandler.invoke(LocatingElementHandler.java:38)
	at com.sun.proxy.$Proxy9.click(Unknown Source)
	at com.provenir.automation.framework.helper.MyTeamTasks.selectEntityType(MyTeamTasks.java:116)
	at com.provenir.automation.framework.testcases.FilteredQueues.test20_verifyFilterationOnMyTeamTasksPage(FilteredQueues.java:178)
	at java.util.concurrent.FutureTask.run(Unknown Source)
	at java.util.concurrent.ThreadPoolExecutor.runWorker(Unknown Source)
	at java.util.concurrent.ThreadPoolExecutor$Worker.run(Unknown Source)
	at java.lang.Thread.run(Unknown Source)
... Removed 19 stack frames]]>
    </failure>
  </testcase> <!-- test20_verifyFilterationOnMyTeamTasksPage -->
  <testcase name="test21_verifyMyTaskPageDisplayed" time="27.323" classname="com.provenir.automation.framework.testcases.FilteredQueues">
    <failure type="org.openqa.selenium.NoSuchElementException" message="Unable to find element with xpath == //label[contains(.,&amp;apos;My Tasks Queue&amp;apos;)] (WARNING: The server did not provide any stacktrace information)
Command duration or timeout: 322 milliseconds
For documentation on this error, please visit: http://seleniumhq.org/exceptions/no_such_element.html
Build info: version: &amp;apos;2.46.0&amp;apos;, revision: &amp;apos;87c69e2&amp;apos;, time: &amp;apos;2015-06-04 16:17:10&amp;apos;
System info: host: &amp;apos;parasharb-w7&amp;apos;, ip: &amp;apos;172.27.103.103&amp;apos;, os.name: &amp;apos;Windows 7&amp;apos;, os.arch: &amp;apos;amd64&amp;apos;, os.version: &amp;apos;6.1&amp;apos;, java.version: &amp;apos;1.7.0_75&amp;apos;
*** Element info: {Using=xpath, value=//label[contains(.,&amp;apos;My Tasks Queue&amp;apos;)]}
Session ID: 528fe5f1-4939-486d-9175-da23979340f7
Driver info: org.openqa.selenium.remote.RemoteWebDriver
Capabilities [{platform=WINDOWS, javascriptEnabled=true, elementScrollBehavior=0, ignoreZoomSetting=true, enablePersistentHover=true, ie.ensureCleanSession=false, browserName=internet explorer, enableElementCacheCleanup=true, unexpectedAlertBehaviour=dismiss, version=11, ie.usePerProcessProxy=false, ignoreProtectedModeSettings=true, cssSelectorsEnabled=true, requireWindowFocus=false, initialBrowserUrl=http://localhost:5757/, handlesAlerts=true, ie.forceCreateProcessApi=false, nativeEvents=true, browserAttachTimeout=0, ie.browserCommandLineSwitches=, takesScreenshot=true}]">
      <![CDATA[org.openqa.selenium.NoSuchElementException: Unable to find element with xpath == //label[contains(.,'My Tasks Queue')] (WARNING: The server did not provide any stacktrace information)
Command duration or timeout: 322 milliseconds
For documentation on this error, please visit: http://seleniumhq.org/exceptions/no_such_element.html
Build info: version: '2.46.0', revision: '87c69e2', time: '2015-06-04 16:17:10'
System info: host: 'parasharb-w7', ip: '172.27.103.103', os.name: 'Windows 7', os.arch: 'amd64', os.version: '6.1', java.version: '1.7.0_75'
*** Element info: {Using=xpath, value=//label[contains(.,'My Tasks Queue')]}
Session ID: 528fe5f1-4939-486d-9175-da23979340f7
Driver info: org.openqa.selenium.remote.RemoteWebDriver
Capabilities [{platform=WINDOWS, javascriptEnabled=true, elementScrollBehavior=0, ignoreZoomSetting=true, enablePersistentHover=true, ie.ensureCleanSession=false, browserName=internet explorer, enableElementCacheCleanup=true, unexpectedAlertBehaviour=dismiss, version=11, ie.usePerProcessProxy=false, ignoreProtectedModeSettings=true, cssSelectorsEnabled=true, requireWindowFocus=false, initialBrowserUrl=http://localhost:5757/, handlesAlerts=true, ie.forceCreateProcessApi=false, nativeEvents=true, browserAttachTimeout=0, ie.browserCommandLineSwitches=, takesScreenshot=true}]
	at org.openqa.selenium.remote.ErrorHandler.createThrowable(ErrorHandler.java:204)
	at org.openqa.selenium.remote.ErrorHandler.throwIfResponseFailed(ErrorHandler.java:156)
	at org.openqa.selenium.remote.RemoteWebDriver.execute(RemoteWebDriver.java:605)
	at org.openqa.selenium.remote.RemoteWebDriver.findElement(RemoteWebDriver.java:358)
	at org.openqa.selenium.remote.RemoteWebDriver.findElementByXPath(RemoteWebDriver.java:455)
	at org.openqa.selenium.By$ByXPath.findElement(By.java:358)
	at org.openqa.selenium.remote.RemoteWebDriver.findElement(RemoteWebDriver.java:350)
	at org.openqa.selenium.support.pagefactory.DefaultElementLocator.findElement(DefaultElementLocator.java:69)
	at org.openqa.selenium.support.pagefactory.internal.LocatingElementHandler.invoke(LocatingElementHandler.java:38)
	at com.sun.proxy.$Proxy9.isDisplayed(Unknown Source)
	at com.provenir.automation.framework.helper.MyTasks.verifyMyTaskPage(MyTasks.java:74)
	at com.provenir.automation.framework.testcases.FilteredQueues.test21_verifyMyTaskPageDisplayed(FilteredQueues.java:189)
	at java.util.concurrent.FutureTask.run(Unknown Source)
	at java.util.concurrent.ThreadPoolExecutor.runWorker(Unknown Source)
	at java.util.concurrent.ThreadPoolExecutor$Worker.run(Unknown Source)
	at java.lang.Thread.run(Unknown Source)
... Removed 19 stack frames]]>
    </failure>
  </testcase> <!-- test21_verifyMyTaskPageDisplayed -->
  <testcase name="test22_verifyFiltersOnMyTasksPAge" time="0.327" classname="com.provenir.automation.framework.testcases.FilteredQueues">
    <failure type="org.openqa.selenium.NoSuchElementException" message="Unable to find element with xpath == //label[contains(.,&amp;apos;Entity Type:&amp;apos;)] (WARNING: The server did not provide any stacktrace information)
Command duration or timeout: 325 milliseconds
For documentation on this error, please visit: http://seleniumhq.org/exceptions/no_such_element.html
Build info: version: &amp;apos;2.46.0&amp;apos;, revision: &amp;apos;87c69e2&amp;apos;, time: &amp;apos;2015-06-04 16:17:10&amp;apos;
System info: host: &amp;apos;parasharb-w7&amp;apos;, ip: &amp;apos;172.27.103.103&amp;apos;, os.name: &amp;apos;Windows 7&amp;apos;, os.arch: &amp;apos;amd64&amp;apos;, os.version: &amp;apos;6.1&amp;apos;, java.version: &amp;apos;1.7.0_75&amp;apos;
*** Element info: {Using=xpath, value=//label[contains(.,&amp;apos;Entity Type:&amp;apos;)]}
Session ID: 528fe5f1-4939-486d-9175-da23979340f7
Driver info: org.openqa.selenium.remote.RemoteWebDriver
Capabilities [{platform=WINDOWS, javascriptEnabled=true, elementScrollBehavior=0, ignoreZoomSetting=true, enablePersistentHover=true, ie.ensureCleanSession=false, browserName=internet explorer, enableElementCacheCleanup=true, unexpectedAlertBehaviour=dismiss, version=11, ie.usePerProcessProxy=false, ignoreProtectedModeSettings=true, cssSelectorsEnabled=true, requireWindowFocus=false, initialBrowserUrl=http://localhost:5757/, handlesAlerts=true, ie.forceCreateProcessApi=false, nativeEvents=true, browserAttachTimeout=0, ie.browserCommandLineSwitches=, takesScreenshot=true}]">
      <![CDATA[org.openqa.selenium.NoSuchElementException: Unable to find element with xpath == //label[contains(.,'Entity Type:')] (WARNING: The server did not provide any stacktrace information)
Command duration or timeout: 325 milliseconds
For documentation on this error, please visit: http://seleniumhq.org/exceptions/no_such_element.html
Build info: version: '2.46.0', revision: '87c69e2', time: '2015-06-04 16:17:10'
System info: host: 'parasharb-w7', ip: '172.27.103.103', os.name: 'Windows 7', os.arch: 'amd64', os.version: '6.1', java.version: '1.7.0_75'
*** Element info: {Using=xpath, value=//label[contains(.,'Entity Type:')]}
Session ID: 528fe5f1-4939-486d-9175-da23979340f7
Driver info: org.openqa.selenium.remote.RemoteWebDriver
Capabilities [{platform=WINDOWS, javascriptEnabled=true, elementScrollBehavior=0, ignoreZoomSetting=true, enablePersistentHover=true, ie.ensureCleanSession=false, browserName=internet explorer, enableElementCacheCleanup=true, unexpectedAlertBehaviour=dismiss, version=11, ie.usePerProcessProxy=false, ignoreProtectedModeSettings=true, cssSelectorsEnabled=true, requireWindowFocus=false, initialBrowserUrl=http://localhost:5757/, handlesAlerts=true, ie.forceCreateProcessApi=false, nativeEvents=true, browserAttachTimeout=0, ie.browserCommandLineSwitches=, takesScreenshot=true}]
	at org.openqa.selenium.remote.ErrorHandler.createThrowable(ErrorHandler.java:204)
	at org.openqa.selenium.remote.ErrorHandler.throwIfResponseFailed(ErrorHandler.java:156)
	at org.openqa.selenium.remote.RemoteWebDriver.execute(RemoteWebDriver.java:605)
	at org.openqa.selenium.remote.RemoteWebDriver.findElement(RemoteWebDriver.java:358)
	at org.openqa.selenium.remote.RemoteWebDriver.findElementByXPath(RemoteWebDriver.java:455)
	at org.openqa.selenium.By$ByXPath.findElement(By.java:358)
	at org.openqa.selenium.remote.RemoteWebDriver.findElement(RemoteWebDriver.java:350)
	at org.openqa.selenium.support.pagefactory.DefaultElementLocator.findElement(DefaultElementLocator.java:69)
	at org.openqa.selenium.support.pagefactory.internal.LocatingElementHandler.invoke(LocatingElementHandler.java:38)
	at com.sun.proxy.$Proxy9.getText(Unknown Source)
	at com.provenir.automation.framework.helper.MyTasks.verifyFiltersOnMyTasks(MyTasks.java:81)
	at com.provenir.automation.framework.testcases.FilteredQueues.test22_verifyFiltersOnMyTasksPAge(FilteredQueues.java:194)
	at java.util.concurrent.FutureTask.run(Unknown Source)
	at java.util.concurrent.ThreadPoolExecutor.runWorker(Unknown Source)
	at java.util.concurrent.ThreadPoolExecutor$Worker.run(Unknown Source)
	at java.lang.Thread.run(Unknown Source)
... Removed 19 stack frames]]>
    </failure>
  </testcase> <!-- test22_verifyFiltersOnMyTasksPAge -->
  <testcase name="test23_verifyDefaultValuesOfFiltersOnMyTasksPage" time="0.474" classname="com.provenir.automation.framework.testcases.FilteredQueues"/>
  <testcase name="test24_verifyFilterationOnMyTasksPage" time="21.041" classname="com.provenir.automation.framework.testcases.FilteredQueues">
    <failure type="org.openqa.selenium.NoSuchElementException" message="Unable to find element with xpath == .//*[@id=&amp;apos;myTaskGrid&amp;apos;]/div[2]/div[1]/div[2]/div[1]/p/div/button (WARNING: The server did not provide any stacktrace information)
Command duration or timeout: 325 milliseconds
For documentation on this error, please visit: http://seleniumhq.org/exceptions/no_such_element.html
Build info: version: &amp;apos;2.46.0&amp;apos;, revision: &amp;apos;87c69e2&amp;apos;, time: &amp;apos;2015-06-04 16:17:10&amp;apos;
System info: host: &amp;apos;parasharb-w7&amp;apos;, ip: &amp;apos;172.27.103.103&amp;apos;, os.name: &amp;apos;Windows 7&amp;apos;, os.arch: &amp;apos;amd64&amp;apos;, os.version: &amp;apos;6.1&amp;apos;, java.version: &amp;apos;1.7.0_75&amp;apos;
*** Element info: {Using=xpath, value=.//*[@id=&amp;apos;myTaskGrid&amp;apos;]/div[2]/div[1]/div[2]/div[1]/p/div/button}
Session ID: 528fe5f1-4939-486d-9175-da23979340f7
Driver info: org.openqa.selenium.remote.RemoteWebDriver
Capabilities [{platform=WINDOWS, javascriptEnabled=true, elementScrollBehavior=0, ignoreZoomSetting=true, enablePersistentHover=true, ie.ensureCleanSession=false, browserName=internet explorer, enableElementCacheCleanup=true, unexpectedAlertBehaviour=dismiss, version=11, ie.usePerProcessProxy=false, ignoreProtectedModeSettings=true, cssSelectorsEnabled=true, requireWindowFocus=false, initialBrowserUrl=http://localhost:5757/, handlesAlerts=true, ie.forceCreateProcessApi=false, nativeEvents=true, browserAttachTimeout=0, ie.browserCommandLineSwitches=, takesScreenshot=true}]">
      <![CDATA[org.openqa.selenium.NoSuchElementException: Unable to find element with xpath == .//*[@id='myTaskGrid']/div[2]/div[1]/div[2]/div[1]/p/div/button (WARNING: The server did not provide any stacktrace information)
Command duration or timeout: 325 milliseconds
For documentation on this error, please visit: http://seleniumhq.org/exceptions/no_such_element.html
Build info: version: '2.46.0', revision: '87c69e2', time: '2015-06-04 16:17:10'
System info: host: 'parasharb-w7', ip: '172.27.103.103', os.name: 'Windows 7', os.arch: 'amd64', os.version: '6.1', java.version: '1.7.0_75'
*** Element info: {Using=xpath, value=.//*[@id='myTaskGrid']/div[2]/div[1]/div[2]/div[1]/p/div/button}
Session ID: 528fe5f1-4939-486d-9175-da23979340f7
Driver info: org.openqa.selenium.remote.RemoteWebDriver
Capabilities [{platform=WINDOWS, javascriptEnabled=true, elementScrollBehavior=0, ignoreZoomSetting=true, enablePersistentHover=true, ie.ensureCleanSession=false, browserName=internet explorer, enableElementCacheCleanup=true, unexpectedAlertBehaviour=dismiss, version=11, ie.usePerProcessProxy=false, ignoreProtectedModeSettings=true, cssSelectorsEnabled=true, requireWindowFocus=false, initialBrowserUrl=http://localhost:5757/, handlesAlerts=true, ie.forceCreateProcessApi=false, nativeEvents=true, browserAttachTimeout=0, ie.browserCommandLineSwitches=, takesScreenshot=true}]
	at org.openqa.selenium.remote.ErrorHandler.createThrowable(ErrorHandler.java:204)
	at org.openqa.selenium.remote.ErrorHandler.throwIfResponseFailed(ErrorHandler.java:156)
	at org.openqa.selenium.remote.RemoteWebDriver.execute(RemoteWebDriver.java:605)
	at org.openqa.selenium.remote.RemoteWebDriver.findElement(RemoteWebDriver.java:358)
	at org.openqa.selenium.remote.RemoteWebDriver.findElementByXPath(RemoteWebDriver.java:455)
	at org.openqa.selenium.By$ByXPath.findElement(By.java:358)
	at org.openqa.selenium.remote.RemoteWebDriver.findElement(RemoteWebDriver.java:350)
	at org.openqa.selenium.support.pagefactory.DefaultElementLocator.findElement(DefaultElementLocator.java:69)
	at org.openqa.selenium.support.pagefactory.internal.LocatingElementHandler.invoke(LocatingElementHandler.java:38)
	at com.sun.proxy.$Proxy9.click(Unknown Source)
	at com.provenir.automation.framework.helper.MyTasks.selectEntityType(MyTasks.java:116)
	at com.provenir.automation.framework.testcases.FilteredQueues.test24_verifyFilterationOnMyTasksPage(FilteredQueues.java:204)
	at java.util.concurrent.FutureTask.run(Unknown Source)
	at java.util.concurrent.ThreadPoolExecutor.runWorker(Unknown Source)
	at java.util.concurrent.ThreadPoolExecutor$Worker.run(Unknown Source)
	at java.lang.Thread.run(Unknown Source)
... Removed 19 stack frames]]>
    </failure>
  </testcase> <!-- test24_verifyFilterationOnMyTasksPage -->
  <testcase name="test25_verifyGroupQueuePageDisplayed" time="11.022" classname="com.provenir.automation.framework.testcases.FilteredQueues"/>
</testsuite> <!-- IE Test -->
