<?xml version="1.0" encoding="UTF-8"?>
<!-- Generated by org.testng.reporters.JUnitXMLReporter -->
<testsuite hostname="parasharb-w7" name="IE Test" tests="3" failures="0" timestamp="21 Sep 2015 06:28:09 GMT" time="219.079" errors="0">
  <testcase name="test1_gotoCustomer360" time="49.236" classname="com.provenir.automation.framework.testcases.Customer360"/>
  <testcase name="test2_verifyAddressTitle" time="0.473" classname="com.provenir.automation.framework.testcases.Customer360"/>
  <testcase name="test3_saveAddress" time="75.795" classname="com.provenir.automation.framework.testcases.Customer360"/>
</testsuite> <!-- IE Test -->
