<?xml version="1.0" encoding="UTF-8"?>
<!-- Generated by org.testng.reporters.JUnitXMLReporter -->
<testsuite hostname="parasharb-w7" name="IE Test" tests="3" failures="0" timestamp="19 Sep 2015 05:58:16 GMT" time="240.181" errors="0">
  <testcase name="test1_gotoCustomer360" time="51.207" classname="com.provenir.automation.framework.testcases.Customer360"/>
  <testcase name="test2_verifyAddressTitle" time="0.529" classname="com.provenir.automation.framework.testcases.Customer360"/>
  <testcase name="test3_saveAddress" time="87.884" classname="com.provenir.automation.framework.testcases.Customer360"/>
</testsuite> <!-- IE Test -->
