<?xml version="1.0" encoding="UTF-8"?>
<!-- Generated by org.testng.reporters.JUnitXMLReporter -->
<testsuite hostname="pbajpai" name="IE Test" tests="4" failures="0" timestamp="11 Sep 2015 17:18:16 GMT" time="247.357" errors="0">
  <testcase name="test1_gotoCollateral360" time="36.998" classname="com.provenir.automation.framework.testcases.Collateral360"/>
  <testcase name="test2_verifyCollateralTitle" time="10.415" classname="com.provenir.automation.framework.testcases.Collateral360"/>
  <testcase name="test3_saveCollateralDetails" time="67.878" classname="com.provenir.automation.framework.testcases.Collateral360"/>
  <testcase name="test_new_page_by_madhu" time="0.002" classname="com.provenir.automation.framework.testcases.Collateral360"/>
</testsuite> <!-- IE Test -->
