<?xml version="1.0" encoding="UTF-8"?>
<!-- Generated by org.testng.reporters.JUnitXMLReporter -->
<testsuite hostname="parasharb-w7" name="IE Test" tests="3" failures="0" timestamp="22 Sep 2015 10:35:58 GMT" time="206.948" errors="0">
  <testcase name="test1_gotoCustomer360" time="33.698" classname="com.provenir.automation.framework.testcases.Customer360"/>
  <testcase name="test2_verifyAddressTitle" time="0.74" classname="com.provenir.automation.framework.testcases.Customer360"/>
  <testcase name="test3_saveAddress" time="75.807" classname="com.provenir.automation.framework.testcases.Customer360"/>
</testsuite> <!-- IE Test -->
