<?xml version="1.0" encoding="UTF-8"?>
<testng-results skipped="0" failed="0" total="3" passed="3">
  <reporter-output>
  </reporter-output>
  <suite name="Demo Search test suite" duration-ms="61126" started-at="2015-07-15T19:54:07Z" finished-at="2015-07-15T19:55:08Z">
    <groups>
    </groups>
    <test name="IE Test" duration-ms="10212" started-at="2015-07-15T19:54:07Z" finished-at="2015-07-15T19:54:18Z">
      <class name="collateral.addCollateral">
        <test-method status="PASS" signature="beforeTest(java.lang.String)[pri:0, instance:collateral.addCollateral@5298d146]" name="beforeTest" is-config="true" duration-ms="4153" started-at="2015-07-15T15:54:07Z" finished-at="2015-07-15T15:54:12Z">
          <params>
            <param index="0">
              <value>
                <![CDATA[IE]]>
              </value>
            </param>
          </params>
          <reporter-output>
          </reporter-output>
        </test-method> <!-- beforeTest -->
        <test-method status="PASS" signature="addCollateral()[pri:0, instance:collateral.addCollateral@5298d146]" name="addCollateral" duration-ms="4263" started-at="2015-07-15T15:54:12Z" finished-at="2015-07-15T15:54:16Z">
          <reporter-output>
          </reporter-output>
        </test-method> <!-- addCollateral -->
        <test-method status="PASS" signature="afterTest()[pri:0, instance:collateral.addCollateral@5298d146]" name="afterTest" is-config="true" duration-ms="1784" started-at="2015-07-15T15:54:16Z" finished-at="2015-07-15T15:54:18Z">
          <reporter-output>
          </reporter-output>
        </test-method> <!-- afterTest -->
      </class> <!-- collateral.addCollateral -->
    </test> <!-- IE Test -->
    <test name="Chrome Test" duration-ms="59964" started-at="2015-07-15T19:54:07Z" finished-at="2015-07-15T19:55:07Z">
      <class name="collateral.addCollateral">
        <test-method status="PASS" signature="beforeTest(java.lang.String)[pri:0, instance:collateral.addCollateral@33462704]" name="beforeTest" is-config="true" duration-ms="3528" started-at="2015-07-15T15:54:07Z" finished-at="2015-07-15T15:54:11Z">
          <params>
            <param index="0">
              <value>
                <![CDATA[Chrome]]>
              </value>
            </param>
          </params>
          <reporter-output>
          </reporter-output>
        </test-method> <!-- beforeTest -->
        <test-method status="PASS" signature="addCollateral()[pri:0, instance:collateral.addCollateral@33462704]" name="addCollateral" duration-ms="54546" started-at="2015-07-15T15:54:11Z" finished-at="2015-07-15T15:55:05Z">
          <reporter-output>
          </reporter-output>
        </test-method> <!-- addCollateral -->
        <test-method status="PASS" signature="afterTest()[pri:0, instance:collateral.addCollateral@33462704]" name="afterTest" is-config="true" duration-ms="1870" started-at="2015-07-15T15:55:05Z" finished-at="2015-07-15T15:55:07Z">
          <reporter-output>
          </reporter-output>
        </test-method> <!-- afterTest -->
      </class> <!-- collateral.addCollateral -->
    </test> <!-- Chrome Test -->
    <test name="Firefox Test" duration-ms="61126" started-at="2015-07-15T19:54:07Z" finished-at="2015-07-15T19:55:08Z">
      <class name="collateral.addCollateral">
        <test-method status="PASS" signature="beforeTest(java.lang.String)[pri:0, instance:collateral.addCollateral@6229abca]" name="beforeTest" is-config="true" duration-ms="8179" started-at="2015-07-15T15:54:07Z" finished-at="2015-07-15T15:54:16Z">
          <params>
            <param index="0">
              <value>
                <![CDATA[Firefox]]>
              </value>
            </param>
          </params>
          <reporter-output>
          </reporter-output>
        </test-method> <!-- beforeTest -->
        <test-method status="PASS" signature="addCollateral()[pri:0, instance:collateral.addCollateral@6229abca]" name="addCollateral" duration-ms="52203" started-at="2015-07-15T15:54:16Z" finished-at="2015-07-15T15:55:08Z">
          <reporter-output>
          </reporter-output>
        </test-method> <!-- addCollateral -->
        <test-method status="PASS" signature="afterTest()[pri:0, instance:collateral.addCollateral@6229abca]" name="afterTest" is-config="true" duration-ms="735" started-at="2015-07-15T15:55:08Z" finished-at="2015-07-15T15:55:08Z">
          <reporter-output>
          </reporter-output>
        </test-method> <!-- afterTest -->
      </class> <!-- collateral.addCollateral -->
    </test> <!-- Firefox Test -->
  </suite> <!-- Demo Search test suite -->
</testng-results>
