<?xml version="1.0" encoding="UTF-8"?>
<!-- Generated by org.testng.reporters.JUnitXMLReporter -->
<testsuite hostname="rroque" name="Testing Parameterization" tests="3" failures="0" timestamp="21 Apr 2015 11:05:16 GMT" time="4.544" errors="0">
  <testcase name="testCaseOne" time="0.0" classname="com.parameterization.TestParameters">
    <skipped/>
  </testcase> <!-- testCaseOne -->
  <testcase name="testCaseTwo" time="0.0" classname="com.parameterization.TestParameters"/>
  <testcase name="testSearchforObama" time="0.0" classname="com.parameterization.TestParameters">
    <skipped/>
  </testcase> <!-- testSearchforObama -->
</testsuite> <!-- Testing Parameterization -->
