<!DOCTYPE html>

<html>
  <head>
  <title>TestNG reports</title>

    <link type="text/css" href="testng-reports.css" rel="stylesheet" />  
    <script type="text/javascript" src="jquery-1.7.1.min.js"></script>
    <script type="text/javascript" src="testng-reports.js"></script>
    <script type="text/javascript" src="https://www.google.com/jsapi"></script>
    <script type='text/javascript'>
      google.load('visualization', '1', {packages:['table']});
      google.setOnLoadCallback(drawTable);
      var suiteTableInitFunctions = new Array();
      var suiteTableData = new Array();
    </script>
    <!--
      <script type="text/javascript" src="jquery-ui/js/jquery-ui-1.8.16.custom.min.js"></script>
     -->
  </head>

  <body>
    <div class="top-banner-root">
      <span class="top-banner-title-font">Test results</span>
      <br/>
<<<<<<< HEAD
<<<<<<< HEAD
      <span class="top-banner-font-1">1 suite, 8 failed tests</span>
=======
      <span class="top-banner-font-1">1 suite, 3 failed tests</span>
>>>>>>> f3d93f2d33644c08c724cd42938163248aae61b8
=======
      <span class="top-banner-font-1">1 suite, 1 failed test</span>
>>>>>>> 2f0cc87abc1ab0d060f6f9ecdcd194af458d3e96
    </div> <!-- top-banner-root -->
    <div class="navigator-root">
      <div class="navigator-suite-header">
        <span>All suites</span>
        <a href="#" class="collapse-all-link" title="Collapse/expand all the suites">
          <img class="collapse-all-icon" src="collapseall.gif">
          </img> <!-- collapse-all-icon -->
        </a> <!-- collapse-all-link -->
      </div> <!-- navigator-suite-header -->
      <div class="suite">
        <div class="rounded-window">
          <div class="suite-header light-rounded-window-top">
            <a href="#" class="navigator-link" panel-name="suite-Automation_test_suite">
              <span class="suite-name border-failed">Automation test suite</span>
            </a> <!-- navigator-link -->
          </div> <!-- suite-header light-rounded-window-top -->
          <div class="navigator-suite-content">
            <div class="suite-section-title">
              <span>Info</span>
            </div> <!-- suite-section-title -->
            <div class="suite-section-content">
              <ul>
                <li>
                  <a href="#" class="navigator-link " panel-name="test-xml-Automation_test_suite">
                    <span>D:\workspace_selenium\TestCases\src\com\provenir\automation\framework\config\TestAll.xml</span>
                  </a> <!-- navigator-link  -->
                </li>
                <li>
                  <a href="#" class="navigator-link " panel-name="testlist-Automation_test_suite">
                    <span class="test-stats">1 test</span>
                  </a> <!-- navigator-link  -->
                </li>
                <li>
                  <a href="#" class="navigator-link " panel-name="group-Automation_test_suite">
                    <span>0 groups</span>
                  </a> <!-- navigator-link  -->
                </li>
                <li>
                  <a href="#" class="navigator-link " panel-name="times-Automation_test_suite">
                    <span>Times</span>
                  </a> <!-- navigator-link  -->
                </li>
                <li>
                  <a href="#" class="navigator-link " panel-name="reporter-Automation_test_suite">
                    <span>Reporter output</span>
                  </a> <!-- navigator-link  -->
                </li>
                <li>
                  <a href="#" class="navigator-link " panel-name="ignored-methods-Automation_test_suite">
                    <span>Ignored methods</span>
                  </a> <!-- navigator-link  -->
                </li>
                <li>
                  <a href="#" class="navigator-link " panel-name="chronological-Automation_test_suite">
                    <span>Chronological view</span>
                  </a> <!-- navigator-link  -->
                </li>
              </ul>
            </div> <!-- suite-section-content -->
            <div class="result-section">
              <div class="suite-section-title">
                <span>Results</span>
              </div> <!-- suite-section-title -->
              <div class="suite-section-content">
                <ul>
                  <li>
<<<<<<< HEAD
<<<<<<< HEAD
                    <span class="method-stats">20 methods, 8 failed,   12 passed</span>
=======
                    <span class="method-stats">8 methods, 3 failed,  1 skipped,  4 passed</span>
>>>>>>> f3d93f2d33644c08c724cd42938163248aae61b8
=======
                    <span class="method-stats">4 methods, 1 failed,   3 passed</span>
>>>>>>> 2f0cc87abc1ab0d060f6f9ecdcd194af458d3e96
                  </li>
                  <li>
                    <span class="method-list-title failed">Failed methods</span>
                    <span class="show-or-hide-methods failed">
                      <a href="#" panel-name="suite-Automation_test_suite" class="hide-methods failed suite-Automation_test_suite"> (hide)</a> <!-- hide-methods failed suite-Automation_test_suite -->
                      <a href="#" panel-name="suite-Automation_test_suite" class="show-methods failed suite-Automation_test_suite"> (show)</a> <!-- show-methods failed suite-Automation_test_suite -->
                    </span>
                    <div class="method-list-content failed suite-Automation_test_suite">
                      <span>
                        <img width="3%" src="failed.png"/>
<<<<<<< HEAD
                        <a href="#" class="method navigator-link" panel-name="suite-Automation_test_suite" title="com.provenir.automation.framework.testcases.Collateral360" hash-for-method="test1_gotoCollateral360">test1_gotoCollateral360</a> <!-- method navigator-link -->
                      </span>
                      <br/>
                      <span>
                        <img width="3%" src="failed.png"/>
                        <a href="#" class="method navigator-link" panel-name="suite-Automation_test_suite" title="com.provenir.automation.framework.testcases.Collateral360" hash-for-method="test2_verifyCollateralTitle">test2_verifyCollateralTitle</a> <!-- method navigator-link -->
                      </span>
                      <br/>
                      <span>
                        <img width="3%" src="failed.png"/>
<<<<<<< HEAD
                        <a href="#" class="method navigator-link" panel-name="suite-Automation_test_suite" title="com.provenir.automation.framework.testcases.Collateral360" hash-for-method="test15_saveCollateralDetailsAsUCC">test15_saveCollateralDetailsAsUCC</a> <!-- method navigator-link -->
                      </span>
                      <br/>
                      <span>
                        <img width="3%" src="failed.png"/>
                        <a href="#" class="method navigator-link" panel-name="suite-Automation_test_suite" title="com.provenir.automation.framework.testcases.Collateral360" hash-for-method="test8_saveCollateralDetailsAsVehicle">test8_saveCollateralDetailsAsVehicle</a> <!-- method navigator-link -->
=======
                        <a href="#" class="method navigator-link" panel-name="suite-Automation_test_suite" title="com.provenir.automation.framework.testcases.Collateral360" hash-for-method="test3_saveCollateralDetails">test3_saveCollateralDetails</a> <!-- method navigator-link -->
>>>>>>> f3d93f2d33644c08c724cd42938163248aae61b8
=======
                        <a href="#" class="method navigator-link" panel-name="suite-Automation_test_suite" title="com.provenir.automation.framework.testcases.Collateral360" hash-for-method="test9_saveCollateralDetailsAsRealState">test9_saveCollateralDetailsAsRealState</a> <!-- method navigator-link -->
>>>>>>> 2f0cc87abc1ab0d060f6f9ecdcd194af458d3e96
                      </span>
                      <br/>
                    </div> <!-- method-list-content failed suite-Automation_test_suite -->
                  </li>
                  <li>
<<<<<<< HEAD
                    <span class="method-list-title skipped">Skipped methods</span>
                    <span class="show-or-hide-methods skipped">
                      <a href="#" panel-name="suite-Automation_test_suite" class="hide-methods skipped suite-Automation_test_suite"> (hide)</a> <!-- hide-methods skipped suite-Automation_test_suite -->
                      <a href="#" panel-name="suite-Automation_test_suite" class="show-methods skipped suite-Automation_test_suite"> (show)</a> <!-- show-methods skipped suite-Automation_test_suite -->
                    </span>
                    <div class="method-list-content skipped suite-Automation_test_suite">
                      <span>
<<<<<<< HEAD
                        <img width="3%" src="failed.png"/>
                        <a href="#" class="method navigator-link" panel-name="suite-Automation_test_suite" title="com.provenir.automation.framework.testcases.Collateral360" hash-for-method="test9_verifyActionMenuDisplayedOnVehicle">test9_verifyActionMenuDisplayedOnVehicle</a> <!-- method navigator-link -->
=======
                        <img width="3%" src="skipped.png"/>
                        <a href="#" class="method navigator-link" panel-name="suite-Automation_test_suite" title="com.provenir.automation.framework.testcases.Credit360" hash-for-method="test123">test123</a> <!-- method navigator-link -->
>>>>>>> f3d93f2d33644c08c724cd42938163248aae61b8
                      </span>
                      <br/>
                    </div> <!-- method-list-content skipped suite-Automation_test_suite -->
                  </li>
                  <li>
=======
>>>>>>> 2f0cc87abc1ab0d060f6f9ecdcd194af458d3e96
                    <span class="method-list-title passed">Passed methods</span>
                    <span class="show-or-hide-methods passed">
                      <a href="#" panel-name="suite-Automation_test_suite" class="hide-methods passed suite-Automation_test_suite"> (hide)</a> <!-- hide-methods passed suite-Automation_test_suite -->
                      <a href="#" panel-name="suite-Automation_test_suite" class="show-methods passed suite-Automation_test_suite"> (show)</a> <!-- show-methods passed suite-Automation_test_suite -->
                    </span>
                    <div class="method-list-content passed suite-Automation_test_suite">
                      <span>
                        <img width="3%" src="passed.png"/>
<<<<<<< HEAD
<<<<<<< HEAD
                        <a href="#" class="method navigator-link" panel-name="suite-Automation_test_suite" title="com.provenir.automation.framework.testcases.Credit360" hash-for-method="test123">test123</a> <!-- method navigator-link -->
                      </span>
                      <br/>
                      <span>
                        <img width="3%" src="passed.png"/>
                        <a href="#" class="method navigator-link" panel-name="suite-Automation_test_suite" title="com.provenir.automation.framework.testcases.Collateral360" hash-for-method="test16_verifyActionMenuDisplayedOnUCC">test16_verifyActionMenuDisplayedOnUCC</a> <!-- method navigator-link -->
                      </span>
                      <br/>
                      <span>
                        <img width="3%" src="passed.png"/>
                        <a href="#" class="method navigator-link" panel-name="suite-Automation_test_suite" title="com.provenir.automation.framework.testcases.Collateral360" hash-for-method="test1_gotoCollateral360">test1_gotoCollateral360</a> <!-- method navigator-link -->
                      </span>
                      <br/>
                      <span>
                        <img width="3%" src="passed.png"/>
=======
>>>>>>> f3d93f2d33644c08c724cd42938163248aae61b8
                        <a href="#" class="method navigator-link" panel-name="suite-Automation_test_suite" title="com.provenir.automation.framework.testcases.Customer360" hash-for-method="test1_gotoCustomer360">test1_gotoCustomer360</a> <!-- method navigator-link -->
                      </span>
                      <br/>
                      <span>
                        <img width="3%" src="passed.png"/>
                        <a href="#" class="method navigator-link" panel-name="suite-Automation_test_suite" title="com.provenir.automation.framework.testcases.Customer360" hash-for-method="test2_verifyAddressTitle">test2_verifyAddressTitle</a> <!-- method navigator-link -->
=======
                        <a href="#" class="method navigator-link" panel-name="suite-Automation_test_suite" title="com.provenir.automation.framework.testcases.Collateral360" hash-for-method="test1_gotoCollateral360">test1_gotoCollateral360</a> <!-- method navigator-link -->
>>>>>>> 2f0cc87abc1ab0d060f6f9ecdcd194af458d3e96
                      </span>
                      <br/>
                      <span>
                        <img width="3%" src="passed.png"/>
                        <a href="#" class="method navigator-link" panel-name="suite-Automation_test_suite" title="com.provenir.automation.framework.testcases.Collateral360" hash-for-method="test2_verifyCollateralTitle">test2_verifyCollateralTitle</a> <!-- method navigator-link -->
                      </span>
                      <br/>
                      <span>
                        <img width="3%" src="passed.png"/>
                        <a href="#" class="method navigator-link" panel-name="suite-Automation_test_suite" title="com.provenir.automation.framework.testcases.Collateral360" hash-for-method="test3_saveCollateralDetails">test3_saveCollateralDetails</a> <!-- method navigator-link -->
                      </span>
                      <br/>
                    </div> <!-- method-list-content passed suite-Automation_test_suite -->
                  </li>
                </ul>
              </div> <!-- suite-section-content -->
            </div> <!-- result-section -->
          </div> <!-- navigator-suite-content -->
        </div> <!-- rounded-window -->
      </div> <!-- suite -->
    </div> <!-- navigator-root -->
    <div class="wrapper">
      <div class="main-panel-root">
        <div panel-name="suite-Automation_test_suite" class="panel Automation_test_suite">
          <div class="suite-Automation_test_suite-class-failed">
            <div class="main-panel-header rounded-window-top">
              <img src="failed.png"/>
              <span class="class-name">com.provenir.automation.framework.testcases.Collateral360</span>
            </div> <!-- main-panel-header rounded-window-top -->
            <div class="main-panel-content rounded-window-bottom">
              <div class="method">
                <div class="method-content">
<<<<<<< HEAD
<<<<<<< HEAD
                  <a name="test10_verifyMandatoryDetails">
                  </a> <!-- test10_verifyMandatoryDetails -->
                  <span class="method-name">test10_verifyMandatoryDetails</span>
                  <div class="stack-trace">org.openqa.selenium.NoSuchElementException: Unable to locate element: {&quot;method&quot;:&quot;id&quot;,&quot;selector&quot;:&quot;saveTitledMotorDetails&quot;}
Command duration or timeout: 5.05 seconds
For documentation on this error, please visit: http://seleniumhq.org/exceptions/no_such_element.html
Build info: version: &apos;2.46.0&apos;, revision: &apos;87c69e2&apos;, time: &apos;2015-06-04 16:17:10&apos;
System info: host: &apos;parasharb-w7&apos;, ip: &apos;172.27.103.84&apos;, os.name: &apos;Windows 7&apos;, os.arch: &apos;amd64&apos;, os.version: &apos;6.1&apos;, java.version: &apos;1.7.0_75&apos;
*** Element info: {Using=id, value=saveTitledMotorDetails}
Session ID: f1aa2a21-5f1b-4f77-ac02-c7d363dd493f
Driver info: org.openqa.selenium.firefox.FirefoxDriver
Capabilities [{platform=WINDOWS, acceptSslCerts=true, javascriptEnabled=true, cssSelectorsEnabled=true, databaseEnabled=true, browserName=firefox, handlesAlerts=true, nativeEvents=false, webStorageEnabled=true, rotatable=false, locationContextEnabled=true, applicationCacheEnabled=true, takesScreenshot=true, version=38.0.5}]
	at org.openqa.selenium.remote.ErrorHandler.createThrowable(ErrorHandler.java:204)
	at org.openqa.selenium.remote.ErrorHandler.throwIfResponseFailed(ErrorHandler.java:156)
	at org.openqa.selenium.remote.RemoteWebDriver.execute(RemoteWebDriver.java:605)
	at org.openqa.selenium.remote.RemoteWebDriver.findElement(RemoteWebDriver.java:358)
	at org.openqa.selenium.remote.RemoteWebDriver.findElementById(RemoteWebDriver.java:399)
	at org.openqa.selenium.By$ById.findElement(By.java:215)
	at org.openqa.selenium.remote.RemoteWebDriver.findElement(RemoteWebDriver.java:350)
	at org.openqa.selenium.support.pagefactory.DefaultElementLocator.findElement(DefaultElementLocator.java:69)
	at org.openqa.selenium.support.pagefactory.internal.LocatingElementHandler.invoke(LocatingElementHandler.java:38)
	at com.sun.proxy.$Proxy10.click(Unknown Source)
	at com.provenir.automation.framework.helper.Collateral360Helper.verifyMandatoryDetailsOnTitledMotorVehicle(Collateral360Helper.java:594)
	at com.provenir.automation.framework.testcases.Collateral360.test10_verifyMandatoryDetails(Collateral360.java:146)
	at java.util.concurrent.FutureTask.run(Unknown Source)
	at java.util.concurrent.ThreadPoolExecutor.runWorker(Unknown Source)
	at java.util.concurrent.ThreadPoolExecutor$Worker.run(Unknown Source)
	at java.lang.Thread.run(Unknown Source)
Caused by: org.openqa.selenium.NoSuchElementException: Unable to locate element: {&quot;method&quot;:&quot;id&quot;,&quot;selector&quot;:&quot;saveTitledMotorDetails&quot;}
For documentation on this error, please visit: http://seleniumhq.org/exceptions/no_such_element.html
Build info: version: &apos;2.46.0&apos;, revision: &apos;87c69e2&apos;, time: &apos;2015-06-04 16:17:10&apos;
System info: host: &apos;parasharb-w7&apos;, ip: &apos;172.27.103.84&apos;, os.name: &apos;Windows 7&apos;, os.arch: &apos;amd64&apos;, os.version: &apos;6.1&apos;, java.version: &apos;1.7.0_75&apos;
Driver info: driver.version: unknown
	at &lt;anonymous class&gt;.FirefoxDriver.prototype.findElementInternal_(file:///C:/Users/PARASH~1/AppData/Local/Temp/anonymous5440549049073054264webdriver-profile/extensions/fxdriver@googlecode.com/components/driver-component.js:10299)
	at &lt;anonymous class&gt;.fxdriver.Timer.prototype.setTimeout/&lt;.notify(file:///C:/Users/PARASH~1/AppData/Local/Temp/anonymous5440549049073054264webdriver-profile/extensions/fxdriver@googlecode.com/components/driver-component.js:603)
... Removed 20 stack frames
</div> <!-- stack-trace -->
                </div> <!-- method-content -->
              </div> <!-- method -->
              <div class="method">
                <div class="method-content">
                  <a name="test11_saveOnTitledMotorVehicle">
                  </a> <!-- test11_saveOnTitledMotorVehicle -->
                  <span class="method-name">test11_saveOnTitledMotorVehicle</span>
                  <div class="stack-trace">org.openqa.selenium.NoSuchElementException: Unable to locate element: {&quot;method&quot;:&quot;xpath&quot;,&quot;selector&quot;:&quot;.//*[@id=&apos;titledMotorGrid&apos;]/div/table/tbody/tr/td[1]/input&quot;}
Command duration or timeout: 5.13 seconds
For documentation on this error, please visit: http://seleniumhq.org/exceptions/no_such_element.html
Build info: version: &apos;2.46.0&apos;, revision: &apos;87c69e2&apos;, time: &apos;2015-06-04 16:17:10&apos;
System info: host: &apos;parasharb-w7&apos;, ip: &apos;172.27.103.84&apos;, os.name: &apos;Windows 7&apos;, os.arch: &apos;amd64&apos;, os.version: &apos;6.1&apos;, java.version: &apos;1.7.0_75&apos;
*** Element info: {Using=xpath, value=.//*[@id=&apos;titledMotorGrid&apos;]/div/table/tbody/tr/td[1]/input}
Session ID: f1aa2a21-5f1b-4f77-ac02-c7d363dd493f
Driver info: org.openqa.selenium.firefox.FirefoxDriver
Capabilities [{platform=WINDOWS, acceptSslCerts=true, javascriptEnabled=true, cssSelectorsEnabled=true, databaseEnabled=true, browserName=firefox, handlesAlerts=true, nativeEvents=false, webStorageEnabled=true, rotatable=false, locationContextEnabled=true, applicationCacheEnabled=true, takesScreenshot=true, version=38.0.5}]
	at org.openqa.selenium.remote.ErrorHandler.createThrowable(ErrorHandler.java:204)
	at org.openqa.selenium.remote.ErrorHandler.throwIfResponseFailed(ErrorHandler.java:156)
	at org.openqa.selenium.remote.RemoteWebDriver.execute(RemoteWebDriver.java:605)
	at org.openqa.selenium.remote.RemoteWebDriver.findElement(RemoteWebDriver.java:358)
	at org.openqa.selenium.remote.RemoteWebDriver.findElementByXPath(RemoteWebDriver.java:455)
	at org.openqa.selenium.By$ByXPath.findElement(By.java:358)
	at org.openqa.selenium.remote.RemoteWebDriver.findElement(RemoteWebDriver.java:350)
	at org.openqa.selenium.support.pagefactory.DefaultElementLocator.findElement(DefaultElementLocator.java:69)
	at org.openqa.selenium.support.pagefactory.internal.LocatingElementHandler.invoke(LocatingElementHandler.java:38)
	at com.sun.proxy.$Proxy10.sendKeys(Unknown Source)
	at com.provenir.automation.framework.helper.Collateral360Helper.saveTitledMotorVehicleDetails(Collateral360Helper.java:560)
	at com.provenir.automation.framework.testcases.Collateral360.test11_saveOnTitledMotorVehicle(Collateral360.java:151)
=======
                  <a name="test1_gotoCollateral360">
                  </a> <!-- test1_gotoCollateral360 -->
                  <span class="method-name">test1_gotoCollateral360</span>
                  <div class="stack-trace">java.lang.NullPointerException
	at org.openqa.selenium.support.pagefactory.DefaultElementLocator.findElement(DefaultElementLocator.java:69)
	at org.openqa.selenium.support.pagefactory.internal.LocatingElementHandler.invoke(LocatingElementHandler.java:38)
	at com.sun.proxy.$Proxy10.sendKeys(Unknown Source)
	at com.provenir.automation.framework.helper.SearchHelper.searchCustomer(SearchHelper.java:42)
	at com.provenir.automation.framework.testcases.Collateral360.test1_gotoCollateral360(Collateral360.java:55)
>>>>>>> f3d93f2d33644c08c724cd42938163248aae61b8
	at java.util.concurrent.FutureTask.run(Unknown Source)
	at java.util.concurrent.ThreadPoolExecutor.runWorker(Unknown Source)
	at java.util.concurrent.ThreadPoolExecutor$Worker.run(Unknown Source)
	at java.lang.Thread.run(Unknown Source)
<<<<<<< HEAD
Caused by: org.openqa.selenium.NoSuchElementException: Unable to locate element: {&quot;method&quot;:&quot;xpath&quot;,&quot;selector&quot;:&quot;.//*[@id=&apos;titledMotorGrid&apos;]/div/table/tbody/tr/td[1]/input&quot;}
For documentation on this error, please visit: http://seleniumhq.org/exceptions/no_such_element.html
Build info: version: &apos;2.46.0&apos;, revision: &apos;87c69e2&apos;, time: &apos;2015-06-04 16:17:10&apos;
System info: host: &apos;parasharb-w7&apos;, ip: &apos;172.27.103.84&apos;, os.name: &apos;Windows 7&apos;, os.arch: &apos;amd64&apos;, os.version: &apos;6.1&apos;, java.version: &apos;1.7.0_75&apos;
Driver info: driver.version: unknown
	at &lt;anonymous class&gt;.FirefoxDriver.prototype.findElementInternal_(file:///C:/Users/PARASH~1/AppData/Local/Temp/anonymous5440549049073054264webdriver-profile/extensions/fxdriver@googlecode.com/components/driver-component.js:10299)
	at &lt;anonymous class&gt;.fxdriver.Timer.prototype.setTimeout/&lt;.notify(file:///C:/Users/PARASH~1/AppData/Local/Temp/anonymous5440549049073054264webdriver-profile/extensions/fxdriver@googlecode.com/components/driver-component.js:603)
... Removed 20 stack frames
=======
... Removed 16 stack frames
>>>>>>> f3d93f2d33644c08c724cd42938163248aae61b8
</div> <!-- stack-trace -->
                </div> <!-- method-content -->
              </div> <!-- method -->
              <div class="method">
                <div class="method-content">
<<<<<<< HEAD
                  <a name="test12_updateTitledMotorVehicle">
                  </a> <!-- test12_updateTitledMotorVehicle -->
                  <span class="method-name">test12_updateTitledMotorVehicle</span>
                  <div class="stack-trace">org.openqa.selenium.NoSuchElementException: Unable to locate element: {&quot;method&quot;:&quot;id&quot;,&quot;selector&quot;:&quot;editBtn&quot;}
Command duration or timeout: 13 milliseconds
For documentation on this error, please visit: http://seleniumhq.org/exceptions/no_such_element.html
Build info: version: &apos;2.46.0&apos;, revision: &apos;87c69e2&apos;, time: &apos;2015-06-04 16:17:10&apos;
System info: host: &apos;parasharb-w7&apos;, ip: &apos;172.27.103.84&apos;, os.name: &apos;Windows 7&apos;, os.arch: &apos;amd64&apos;, os.version: &apos;6.1&apos;, java.version: &apos;1.7.0_75&apos;
*** Element info: {Using=id, value=editBtn}
Session ID: f1aa2a21-5f1b-4f77-ac02-c7d363dd493f
Driver info: org.openqa.selenium.firefox.FirefoxDriver
Capabilities [{platform=WINDOWS, acceptSslCerts=true, javascriptEnabled=true, cssSelectorsEnabled=true, databaseEnabled=true, browserName=firefox, handlesAlerts=true, nativeEvents=false, webStorageEnabled=true, rotatable=false, locationContextEnabled=true, applicationCacheEnabled=true, takesScreenshot=true, version=38.0.5}]
	at org.openqa.selenium.remote.ErrorHandler.createThrowable(ErrorHandler.java:204)
	at org.openqa.selenium.remote.ErrorHandler.throwIfResponseFailed(ErrorHandler.java:156)
	at org.openqa.selenium.remote.RemoteWebDriver.execute(RemoteWebDriver.java:605)
	at org.openqa.selenium.remote.RemoteWebDriver.findElement(RemoteWebDriver.java:358)
	at org.openqa.selenium.remote.RemoteWebDriver.findElementById(RemoteWebDriver.java:399)
	at org.openqa.selenium.By$ById.findElement(By.java:215)
	at org.openqa.selenium.remote.RemoteWebDriver.findElement(RemoteWebDriver.java:350)
	at org.openqa.selenium.support.pagefactory.DefaultElementLocator.findElement(DefaultElementLocator.java:69)
	at org.openqa.selenium.support.pagefactory.internal.LocatingElementHandler.invoke(LocatingElementHandler.java:38)
	at com.sun.proxy.$Proxy10.click(Unknown Source)
	at com.provenir.automation.framework.helper.Collateral360Helper.clickEditOnTitledMotorVehicle(Collateral360Helper.java:551)
	at com.provenir.automation.framework.testcases.Collateral360.test12_updateTitledMotorVehicle(Collateral360.java:156)
	at java.util.concurrent.FutureTask.run(Unknown Source)
	at java.util.concurrent.ThreadPoolExecutor.runWorker(Unknown Source)
	at java.util.concurrent.ThreadPoolExecutor$Worker.run(Unknown Source)
	at java.lang.Thread.run(Unknown Source)
Caused by: org.openqa.selenium.NoSuchElementException: Unable to locate element: {&quot;method&quot;:&quot;id&quot;,&quot;selector&quot;:&quot;editBtn&quot;}
For documentation on this error, please visit: http://seleniumhq.org/exceptions/no_such_element.html
Build info: version: &apos;2.46.0&apos;, revision: &apos;87c69e2&apos;, time: &apos;2015-06-04 16:17:10&apos;
System info: host: &apos;parasharb-w7&apos;, ip: &apos;172.27.103.84&apos;, os.name: &apos;Windows 7&apos;, os.arch: &apos;amd64&apos;, os.version: &apos;6.1&apos;, java.version: &apos;1.7.0_75&apos;
Driver info: driver.version: unknown
	at &lt;anonymous class&gt;.FirefoxDriver.prototype.findElementInternal_(file:///C:/Users/PARASH~1/AppData/Local/Temp/anonymous5440549049073054264webdriver-profile/extensions/fxdriver@googlecode.com/components/driver-component.js:10299)
	at &lt;anonymous class&gt;.FirefoxDriver.prototype.findElement(file:///C:/Users/PARASH~1/AppData/Local/Temp/anonymous5440549049073054264webdriver-profile/extensions/fxdriver@googlecode.com/components/driver-component.js:10308)
	at &lt;anonymous class&gt;.DelayedCommand.prototype.executeInternal_/h(file:///C:/Users/PARASH~1/AppData/Local/Temp/anonymous5440549049073054264webdriver-profile/extensions/fxdriver@googlecode.com/components/command-processor.js:12282)
	at &lt;anonymous class&gt;.DelayedCommand.prototype.executeInternal_(file:///C:/Users/PARASH~1/AppData/Local/Temp/anonymous5440549049073054264webdriver-profile/extensions/fxdriver@googlecode.com/components/command-processor.js:12287)
	at &lt;anonymous class&gt;.DelayedCommand.prototype.execute/&lt;(file:///C:/Users/PARASH~1/AppData/Local/Temp/anonymous5440549049073054264webdriver-profile/extensions/fxdriver@googlecode.com/components/command-processor.js:12229)
... Removed 19 stack frames
</div> <!-- stack-trace -->
                </div> <!-- method-content -->
              </div> <!-- method -->
              <div class="method">
                <div class="method-content">
                  <a name="test13_deleteTitledMotorVehicleInfo">
                  </a> <!-- test13_deleteTitledMotorVehicleInfo -->
                  <span class="method-name">test13_deleteTitledMotorVehicleInfo</span>
                  <div class="stack-trace">org.openqa.selenium.NoSuchElementException: Unable to locate element: {&quot;method&quot;:&quot;xpath&quot;,&quot;selector&quot;:&quot;.//*[@id=&apos;titledMotorGrid&apos;]/div/table/tbody/tr/td[6]/a&quot;}
Command duration or timeout: 39 milliseconds
For documentation on this error, please visit: http://seleniumhq.org/exceptions/no_such_element.html
Build info: version: &apos;2.46.0&apos;, revision: &apos;87c69e2&apos;, time: &apos;2015-06-04 16:17:10&apos;
System info: host: &apos;parasharb-w7&apos;, ip: &apos;172.27.103.84&apos;, os.name: &apos;Windows 7&apos;, os.arch: &apos;amd64&apos;, os.version: &apos;6.1&apos;, java.version: &apos;1.7.0_75&apos;
*** Element info: {Using=xpath, value=.//*[@id=&apos;titledMotorGrid&apos;]/div/table/tbody/tr/td[6]/a}
Session ID: f1aa2a21-5f1b-4f77-ac02-c7d363dd493f
Driver info: org.openqa.selenium.firefox.FirefoxDriver
Capabilities [{platform=WINDOWS, acceptSslCerts=true, javascriptEnabled=true, cssSelectorsEnabled=true, databaseEnabled=true, browserName=firefox, handlesAlerts=true, nativeEvents=false, webStorageEnabled=true, rotatable=false, locationContextEnabled=true, applicationCacheEnabled=true, takesScreenshot=true, version=38.0.5}]
	at org.openqa.selenium.remote.ErrorHandler.createThrowable(ErrorHandler.java:204)
	at org.openqa.selenium.remote.ErrorHandler.throwIfResponseFailed(ErrorHandler.java:156)
	at org.openqa.selenium.remote.RemoteWebDriver.execute(RemoteWebDriver.java:605)
	at org.openqa.selenium.remote.RemoteWebDriver.findElement(RemoteWebDriver.java:358)
	at org.openqa.selenium.remote.RemoteWebDriver.findElementByXPath(RemoteWebDriver.java:455)
	at org.openqa.selenium.By$ByXPath.findElement(By.java:358)
	at org.openqa.selenium.remote.RemoteWebDriver.findElement(RemoteWebDriver.java:350)
	at org.openqa.selenium.support.pagefactory.DefaultElementLocator.findElement(DefaultElementLocator.java:69)
	at org.openqa.selenium.support.pagefactory.internal.LocatingElementHandler.invoke(LocatingElementHandler.java:38)
	at com.sun.proxy.$Proxy10.getCoordinates(Unknown Source)
	at org.openqa.selenium.interactions.internal.MouseAction.getActionLocation(MouseAction.java:51)
	at org.openqa.selenium.interactions.MoveMouseAction.perform(MoveMouseAction.java:39)
	at org.openqa.selenium.interactions.CompositeAction.perform(CompositeAction.java:50)
	at org.openqa.selenium.interactions.Actions.perform(Actions.java:371)
	at com.provenir.automation.framework.helper.Collateral360Helper.clickDeleteOnTitledMotorVehicle(Collateral360Helper.java:587)
	at com.provenir.automation.framework.testcases.Collateral360.test13_deleteTitledMotorVehicleInfo(Collateral360.java:162)
=======
                  <a name="test2_verifyCollateralTitle">
                  </a> <!-- test2_verifyCollateralTitle -->
                  <span class="method-name">test2_verifyCollateralTitle</span>
                  <div class="stack-trace">java.lang.NullPointerException
	at org.openqa.selenium.support.pagefactory.DefaultElementLocator.findElement(DefaultElementLocator.java:69)
	at org.openqa.selenium.support.pagefactory.internal.LocatingElementHandler.invoke(LocatingElementHandler.java:38)
	at com.sun.proxy.$Proxy10.getText(Unknown Source)
	at com.provenir.automation.framework.helper.Collateral360Helper.verifyCollateralTitle(Collateral360Helper.java:105)
	at com.provenir.automation.framework.testcases.Collateral360.test2_verifyCollateralTitle(Collateral360.java:64)
>>>>>>> f3d93f2d33644c08c724cd42938163248aae61b8
	at java.util.concurrent.FutureTask.run(Unknown Source)
	at java.util.concurrent.ThreadPoolExecutor.runWorker(Unknown Source)
	at java.util.concurrent.ThreadPoolExecutor$Worker.run(Unknown Source)
	at java.lang.Thread.run(Unknown Source)
<<<<<<< HEAD
Caused by: org.openqa.selenium.NoSuchElementException: Unable to locate element: {&quot;method&quot;:&quot;xpath&quot;,&quot;selector&quot;:&quot;.//*[@id=&apos;titledMotorGrid&apos;]/div/table/tbody/tr/td[6]/a&quot;}
For documentation on this error, please visit: http://seleniumhq.org/exceptions/no_such_element.html
Build info: version: &apos;2.46.0&apos;, revision: &apos;87c69e2&apos;, time: &apos;2015-06-04 16:17:10&apos;
System info: host: &apos;parasharb-w7&apos;, ip: &apos;172.27.103.84&apos;, os.name: &apos;Windows 7&apos;, os.arch: &apos;amd64&apos;, os.version: &apos;6.1&apos;, java.version: &apos;1.7.0_75&apos;
Driver info: driver.version: unknown
	at &lt;anonymous class&gt;.FirefoxDriver.prototype.findElementInternal_(file:///C:/Users/PARASH~1/AppData/Local/Temp/anonymous5440549049073054264webdriver-profile/extensions/fxdriver@googlecode.com/components/driver-component.js:10299)
	at &lt;anonymous class&gt;.FirefoxDriver.prototype.findElement(file:///C:/Users/PARASH~1/AppData/Local/Temp/anonymous5440549049073054264webdriver-profile/extensions/fxdriver@googlecode.com/components/driver-component.js:10308)
	at &lt;anonymous class&gt;.DelayedCommand.prototype.executeInternal_/h(file:///C:/Users/PARASH~1/AppData/Local/Temp/anonymous5440549049073054264webdriver-profile/extensions/fxdriver@googlecode.com/components/command-processor.js:12282)
	at &lt;anonymous class&gt;.DelayedCommand.prototype.executeInternal_(file:///C:/Users/PARASH~1/AppData/Local/Temp/anonymous5440549049073054264webdriver-profile/extensions/fxdriver@googlecode.com/components/command-processor.js:12287)
	at &lt;anonymous class&gt;.DelayedCommand.prototype.execute/&lt;(file:///C:/Users/PARASH~1/AppData/Local/Temp/anonymous5440549049073054264webdriver-profile/extensions/fxdriver@googlecode.com/components/command-processor.js:12229)
... Removed 19 stack frames
=======
... Removed 16 stack frames
>>>>>>> f3d93f2d33644c08c724cd42938163248aae61b8
</div> <!-- stack-trace -->
                </div> <!-- method-content -->
              </div> <!-- method -->
              <div class="method">
                <div class="method-content">
<<<<<<< HEAD
                  <a name="test14_cancelOnTitledMotorVehicle">
                  </a> <!-- test14_cancelOnTitledMotorVehicle -->
                  <span class="method-name">test14_cancelOnTitledMotorVehicle</span>
                  <div class="stack-trace">org.openqa.selenium.NoSuchElementException: Unable to locate element: {&quot;method&quot;:&quot;id&quot;,&quot;selector&quot;:&quot;editBtn&quot;}
Command duration or timeout: 13 milliseconds
For documentation on this error, please visit: http://seleniumhq.org/exceptions/no_such_element.html
Build info: version: &apos;2.46.0&apos;, revision: &apos;87c69e2&apos;, time: &apos;2015-06-04 16:17:10&apos;
System info: host: &apos;parasharb-w7&apos;, ip: &apos;172.27.103.84&apos;, os.name: &apos;Windows 7&apos;, os.arch: &apos;amd64&apos;, os.version: &apos;6.1&apos;, java.version: &apos;1.7.0_75&apos;
*** Element info: {Using=id, value=editBtn}
Session ID: f1aa2a21-5f1b-4f77-ac02-c7d363dd493f
Driver info: org.openqa.selenium.firefox.FirefoxDriver
Capabilities [{platform=WINDOWS, acceptSslCerts=true, javascriptEnabled=true, cssSelectorsEnabled=true, databaseEnabled=true, browserName=firefox, handlesAlerts=true, nativeEvents=false, webStorageEnabled=true, rotatable=false, locationContextEnabled=true, applicationCacheEnabled=true, takesScreenshot=true, version=38.0.5}]
	at org.openqa.selenium.remote.ErrorHandler.createThrowable(ErrorHandler.java:204)
	at org.openqa.selenium.remote.ErrorHandler.throwIfResponseFailed(ErrorHandler.java:156)
	at org.openqa.selenium.remote.RemoteWebDriver.execute(RemoteWebDriver.java:605)
	at org.openqa.selenium.remote.RemoteWebDriver.findElement(RemoteWebDriver.java:358)
	at org.openqa.selenium.remote.RemoteWebDriver.findElementById(RemoteWebDriver.java:399)
	at org.openqa.selenium.By$ById.findElement(By.java:215)
	at org.openqa.selenium.remote.RemoteWebDriver.findElement(RemoteWebDriver.java:350)
	at org.openqa.selenium.support.pagefactory.DefaultElementLocator.findElement(DefaultElementLocator.java:69)
	at org.openqa.selenium.support.pagefactory.internal.LocatingElementHandler.invoke(LocatingElementHandler.java:38)
	at com.sun.proxy.$Proxy10.click(Unknown Source)
	at com.provenir.automation.framework.helper.Collateral360Helper.clickEditOnTitledMotorVehicle(Collateral360Helper.java:551)
	at com.provenir.automation.framework.testcases.Collateral360.test14_cancelOnTitledMotorVehicle(Collateral360.java:167)
	at java.util.concurrent.FutureTask.run(Unknown Source)
	at java.util.concurrent.ThreadPoolExecutor.runWorker(Unknown Source)
	at java.util.concurrent.ThreadPoolExecutor$Worker.run(Unknown Source)
	at java.lang.Thread.run(Unknown Source)
Caused by: org.openqa.selenium.NoSuchElementException: Unable to locate element: {&quot;method&quot;:&quot;id&quot;,&quot;selector&quot;:&quot;editBtn&quot;}
For documentation on this error, please visit: http://seleniumhq.org/exceptions/no_such_element.html
Build info: version: &apos;2.46.0&apos;, revision: &apos;87c69e2&apos;, time: &apos;2015-06-04 16:17:10&apos;
System info: host: &apos;parasharb-w7&apos;, ip: &apos;172.27.103.84&apos;, os.name: &apos;Windows 7&apos;, os.arch: &apos;amd64&apos;, os.version: &apos;6.1&apos;, java.version: &apos;1.7.0_75&apos;
Driver info: driver.version: unknown
	at &lt;anonymous class&gt;.FirefoxDriver.prototype.findElementInternal_(file:///C:/Users/PARASH~1/AppData/Local/Temp/anonymous5440549049073054264webdriver-profile/extensions/fxdriver@googlecode.com/components/driver-component.js:10299)
	at &lt;anonymous class&gt;.FirefoxDriver.prototype.findElement(file:///C:/Users/PARASH~1/AppData/Local/Temp/anonymous5440549049073054264webdriver-profile/extensions/fxdriver@googlecode.com/components/driver-component.js:10308)
	at &lt;anonymous class&gt;.DelayedCommand.prototype.executeInternal_/h(file:///C:/Users/PARASH~1/AppData/Local/Temp/anonymous5440549049073054264webdriver-profile/extensions/fxdriver@googlecode.com/components/command-processor.js:12282)
	at &lt;anonymous class&gt;.DelayedCommand.prototype.executeInternal_(file:///C:/Users/PARASH~1/AppData/Local/Temp/anonymous5440549049073054264webdriver-profile/extensions/fxdriver@googlecode.com/components/command-processor.js:12287)
	at &lt;anonymous class&gt;.DelayedCommand.prototype.execute/&lt;(file:///C:/Users/PARASH~1/AppData/Local/Temp/anonymous5440549049073054264webdriver-profile/extensions/fxdriver@googlecode.com/components/command-processor.js:12229)
... Removed 19 stack frames
</div> <!-- stack-trace -->
                </div> <!-- method-content -->
              </div> <!-- method -->
              <div class="method">
                <div class="method-content">
                  <a name="test15_saveCollateralDetailsAsUCC">
                  </a> <!-- test15_saveCollateralDetailsAsUCC -->
                  <span class="method-name">test15_saveCollateralDetailsAsUCC</span>
                  <div class="stack-trace">org.openqa.selenium.NoSuchElementException: Unable to locate element: {&quot;method&quot;:&quot;id&quot;,&quot;selector&quot;:&quot;collAccName&quot;}
Command duration or timeout: 10 milliseconds
For documentation on this error, please visit: http://seleniumhq.org/exceptions/no_such_element.html
Build info: version: &apos;2.46.0&apos;, revision: &apos;87c69e2&apos;, time: &apos;2015-06-04 16:17:10&apos;
System info: host: &apos;parasharb-w7&apos;, ip: &apos;172.27.103.84&apos;, os.name: &apos;Windows 7&apos;, os.arch: &apos;amd64&apos;, os.version: &apos;6.1&apos;, java.version: &apos;1.7.0_75&apos;
*** Element info: {Using=id, value=collAccName}
Session ID: f1aa2a21-5f1b-4f77-ac02-c7d363dd493f
Driver info: org.openqa.selenium.firefox.FirefoxDriver
Capabilities [{platform=WINDOWS, acceptSslCerts=true, javascriptEnabled=true, cssSelectorsEnabled=true, databaseEnabled=true, browserName=firefox, handlesAlerts=true, nativeEvents=false, webStorageEnabled=true, rotatable=false, locationContextEnabled=true, applicationCacheEnabled=true, takesScreenshot=true, version=38.0.5}]
	at org.openqa.selenium.remote.ErrorHandler.createThrowable(ErrorHandler.java:204)
	at org.openqa.selenium.remote.ErrorHandler.throwIfResponseFailed(ErrorHandler.java:156)
	at org.openqa.selenium.remote.RemoteWebDriver.execute(RemoteWebDriver.java:605)
	at org.openqa.selenium.remote.RemoteWebDriver.findElement(RemoteWebDriver.java:358)
	at org.openqa.selenium.remote.RemoteWebDriver.findElementById(RemoteWebDriver.java:399)
	at org.openqa.selenium.By$ById.findElement(By.java:215)
	at org.openqa.selenium.remote.RemoteWebDriver.findElement(RemoteWebDriver.java:350)
	at org.openqa.selenium.support.pagefactory.DefaultElementLocator.findElement(DefaultElementLocator.java:69)
	at org.openqa.selenium.support.pagefactory.internal.LocatingElementHandler.invoke(LocatingElementHandler.java:38)
	at com.sun.proxy.$Proxy10.sendKeys(Unknown Source)
	at com.provenir.automation.framework.helper.Collateral360Helper.enterCollateralName(Collateral360Helper.java:262)
	at com.provenir.automation.framework.testcases.Collateral360.test15_saveCollateralDetailsAsUCC(Collateral360.java:176)
	at java.util.concurrent.FutureTask.run(Unknown Source)
	at java.util.concurrent.ThreadPoolExecutor.runWorker(Unknown Source)
	at java.util.concurrent.ThreadPoolExecutor$Worker.run(Unknown Source)
	at java.lang.Thread.run(Unknown Source)
Caused by: org.openqa.selenium.NoSuchElementException: Unable to locate element: {&quot;method&quot;:&quot;id&quot;,&quot;selector&quot;:&quot;collAccName&quot;}
For documentation on this error, please visit: http://seleniumhq.org/exceptions/no_such_element.html
Build info: version: &apos;2.46.0&apos;, revision: &apos;87c69e2&apos;, time: &apos;2015-06-04 16:17:10&apos;
System info: host: &apos;parasharb-w7&apos;, ip: &apos;172.27.103.84&apos;, os.name: &apos;Windows 7&apos;, os.arch: &apos;amd64&apos;, os.version: &apos;6.1&apos;, java.version: &apos;1.7.0_75&apos;
Driver info: driver.version: unknown
	at &lt;anonymous class&gt;.FirefoxDriver.prototype.findElementInternal_(file:///C:/Users/PARASH~1/AppData/Local/Temp/anonymous5440549049073054264webdriver-profile/extensions/fxdriver@googlecode.com/components/driver-component.js:10299)
	at &lt;anonymous class&gt;.FirefoxDriver.prototype.findElement(file:///C:/Users/PARASH~1/AppData/Local/Temp/anonymous5440549049073054264webdriver-profile/extensions/fxdriver@googlecode.com/components/driver-component.js:10308)
	at &lt;anonymous class&gt;.DelayedCommand.prototype.executeInternal_/h(file:///C:/Users/PARASH~1/AppData/Local/Temp/anonymous5440549049073054264webdriver-profile/extensions/fxdriver@googlecode.com/components/command-processor.js:12282)
	at &lt;anonymous class&gt;.DelayedCommand.prototype.executeInternal_(file:///C:/Users/PARASH~1/AppData/Local/Temp/anonymous5440549049073054264webdriver-profile/extensions/fxdriver@googlecode.com/components/command-processor.js:12287)
	at &lt;anonymous class&gt;.DelayedCommand.prototype.execute/&lt;(file:///C:/Users/PARASH~1/AppData/Local/Temp/anonymous5440549049073054264webdriver-profile/extensions/fxdriver@googlecode.com/components/command-processor.js:12229)
... Removed 19 stack frames
</div> <!-- stack-trace -->
                </div> <!-- method-content -->
              </div> <!-- method -->
              <div class="method">
                <div class="method-content">
                  <a name="test8_saveCollateralDetailsAsVehicle">
                  </a> <!-- test8_saveCollateralDetailsAsVehicle -->
                  <span class="method-name">test8_saveCollateralDetailsAsVehicle</span>
                  <div class="stack-trace">org.openqa.selenium.WebDriverException: Session not found: f1aa2a21-5f1b-4f77-ac02-c7d363dd493f
Command duration or timeout: 54 milliseconds
Build info: version: &apos;2.46.0&apos;, revision: &apos;87c69e2&apos;, time: &apos;2015-06-04 16:17:10&apos;
System info: host: &apos;parasharb-w7&apos;, ip: &apos;172.27.103.84&apos;, os.name: &apos;Windows 7&apos;, os.arch: &apos;amd64&apos;, os.version: &apos;6.1&apos;, java.version: &apos;1.7.0_75&apos;
*** Element info: {Using=id, value=ownerPer}
Session ID: f1aa2a21-5f1b-4f77-ac02-c7d363dd493f
Driver info: org.openqa.selenium.firefox.FirefoxDriver
Capabilities [{platform=WINDOWS, acceptSslCerts=true, javascriptEnabled=true, cssSelectorsEnabled=true, databaseEnabled=true, browserName=firefox, handlesAlerts=true, nativeEvents=false, webStorageEnabled=true, rotatable=false, locationContextEnabled=true, applicationCacheEnabled=true, takesScreenshot=true, version=38.0.5}]
	at org.openqa.selenium.remote.ErrorHandler.createThrowable(ErrorHandler.java:204)
	at org.openqa.selenium.remote.ErrorHandler.throwIfResponseFailed(ErrorHandler.java:156)
	at org.openqa.selenium.remote.RemoteWebDriver.execute(RemoteWebDriver.java:605)
	at org.openqa.selenium.remote.RemoteWebDriver.findElement(RemoteWebDriver.java:358)
	at org.openqa.selenium.remote.RemoteWebDriver.findElementById(RemoteWebDriver.java:399)
	at org.openqa.selenium.By$ById.findElement(By.java:215)
	at org.openqa.selenium.remote.RemoteWebDriver.findElement(RemoteWebDriver.java:350)
	at org.openqa.selenium.support.pagefactory.DefaultElementLocator.findElement(DefaultElementLocator.java:69)
	at org.openqa.selenium.support.pagefactory.internal.LocatingElementHandler.invoke(LocatingElementHandler.java:38)
	at com.sun.proxy.$Proxy10.sendKeys(Unknown Source)
	at com.provenir.automation.framework.helper.Collateral360Helper.enterCollateralPercentage(Collateral360Helper.java:283)
	at com.provenir.automation.framework.testcases.Collateral360.test8_saveCollateralDetailsAsVehicle(Collateral360.java:131)
	at java.util.concurrent.FutureTask.run(Unknown Source)
	at java.util.concurrent.ThreadPoolExecutor.runWorker(Unknown Source)
	at java.util.concurrent.ThreadPoolExecutor$Worker.run(Unknown Source)
	at java.lang.Thread.run(Unknown Source)
Caused by: org.openqa.selenium.WebDriverException: Session not found: f1aa2a21-5f1b-4f77-ac02-c7d363dd493f
Build info: version: &apos;2.46.0&apos;, revision: &apos;87c69e2&apos;, time: &apos;2015-06-04 16:17:10&apos;
System info: host: &apos;parasharb-w7&apos;, ip: &apos;172.27.103.84&apos;, os.name: &apos;Windows 7&apos;, os.arch: &apos;amd64&apos;, os.version: &apos;6.1&apos;, java.version: &apos;1.7.0_75&apos;
Driver info: driver.version: unknown
	at &lt;anonymous class&gt;.nsCommandProcessor.prototype.execute(file:///C:/Users/PARASH~1/AppData/Local/Temp/anonymous1175629033830807257webdriver-profile/extensions/fxdriver@googlecode.com/components/command-processor.js:12325)
	at &lt;anonymous class&gt;.Dispatcher.executeAs/&lt;(file:///C:/Users/PARASH~1/AppData/Local/Temp/anonymous1175629033830807257webdriver-profile/extensions/fxdriver@googlecode.com/components/driver-component.js:9089)
	at &lt;anonymous class&gt;.Resource.prototype.handle(file:///C:/Users/PARASH~1/AppData/Local/Temp/anonymous1175629033830807257webdriver-profile/extensions/fxdriver@googlecode.com/components/driver-component.js:9236)
	at &lt;anonymous class&gt;.Dispatcher.prototype.dispatch(file:///C:/Users/PARASH~1/AppData/Local/Temp/anonymous1175629033830807257webdriver-profile/extensions/fxdriver@googlecode.com/components/driver-component.js:9183)
	at &lt;anonymous class&gt;.WebDriverServer/&lt;.handle(file:///C:/Users/PARASH~1/AppData/Local/Temp/anonymous1175629033830807257webdriver-profile/extensions/fxdriver@googlecode.com/components/driver-component.js:12136)
	at &lt;anonymous class&gt;.createHandlerFunc/&lt;(file:///C:/Users/PARASH~1/AppData/Local/Temp/anonymous1175629033830807257webdriver-profile/extensions/fxdriver@googlecode.com/components/httpd.js:2054)
	at &lt;anonymous class&gt;.ServerHandler.prototype.handleResponse(file:///C:/Users/PARASH~1/AppData/Local/Temp/anonymous1175629033830807257webdriver-profile/extensions/fxdriver@googlecode.com/components/httpd.js:2387)
	at &lt;anonymous class&gt;.Connection.prototype.process(file:///C:/Users/PARASH~1/AppData/Local/Temp/anonymous1175629033830807257webdriver-profile/extensions/fxdriver@googlecode.com/components/httpd.js:1223)
	at &lt;anonymous class&gt;.RequestReader.prototype._handleResponse(file:///C:/Users/PARASH~1/AppData/Local/Temp/anonymous1175629033830807257webdriver-profile/extensions/fxdriver@googlecode.com/components/httpd.js:1677)
	at &lt;anonymous class&gt;.RequestReader.prototype._processBody(file:///C:/Users/PARASH~1/AppData/Local/Temp/anonymous1175629033830807257webdriver-profile/extensions/fxdriver@googlecode.com/components/httpd.js:1525)
	at &lt;anonymous class&gt;.RequestReader.prototype.onInputStreamReady(file:///C:/Users/PARASH~1/AppData/Local/Temp/anonymous1175629033830807257webdriver-profile/extensions/fxdriver@googlecode.com/components/httpd.js:1393)
... Removed 20 stack frames
</div> <!-- stack-trace -->
                </div> <!-- method-content -->
              </div> <!-- method -->
              <div class="method">
                <div class="method-content">
                  <a name="test9_verifyActionMenuDisplayedOnVehicle">
                  </a> <!-- test9_verifyActionMenuDisplayedOnVehicle -->
                  <span class="method-name">test9_verifyActionMenuDisplayedOnVehicle</span>
                  <div class="stack-trace">org.openqa.selenium.WebDriverException: Session not found: f1aa2a21-5f1b-4f77-ac02-c7d363dd493f
Command duration or timeout: 19 milliseconds
Build info: version: &apos;2.46.0&apos;, revision: &apos;87c69e2&apos;, time: &apos;2015-06-04 16:17:10&apos;
System info: host: &apos;parasharb-w7&apos;, ip: &apos;172.27.103.84&apos;, os.name: &apos;Windows 7&apos;, os.arch: &apos;amd64&apos;, os.version: &apos;6.1&apos;, java.version: &apos;1.7.0_75&apos;
*** Element info: {Using=id, value=titledMot}
Session ID: f1aa2a21-5f1b-4f77-ac02-c7d363dd493f
Driver info: org.openqa.selenium.firefox.FirefoxDriver
Capabilities [{platform=WINDOWS, acceptSslCerts=true, javascriptEnabled=true, cssSelectorsEnabled=true, databaseEnabled=true, browserName=firefox, handlesAlerts=true, nativeEvents=false, webStorageEnabled=true, rotatable=false, locationContextEnabled=true, applicationCacheEnabled=true, takesScreenshot=true, version=38.0.5}]
=======
                  <a name="test9_saveCollateralDetailsAsRealState">
                  </a> <!-- test9_saveCollateralDetailsAsRealState -->
                  <span class="method-name">test9_saveCollateralDetailsAsRealState</span>
                  <div class="stack-trace">org.openqa.selenium.NoSuchElementException: Unable to locate element: {&quot;method&quot;:&quot;id&quot;,&quot;selector&quot;:&quot;collCd&quot;}
Command duration or timeout: 10 milliseconds
For documentation on this error, please visit: http://seleniumhq.org/exceptions/no_such_element.html
Build info: version: &apos;2.46.0&apos;, revision: &apos;87c69e2&apos;, time: &apos;2015-06-04 16:17:10&apos;
System info: host: &apos;gulshango-w7&apos;, ip: &apos;172.27.103.85&apos;, os.name: &apos;Windows 7&apos;, os.arch: &apos;amd64&apos;, os.version: &apos;6.1&apos;, java.version: &apos;1.7.0_71&apos;
*** Element info: {Using=id, value=collCd}
Session ID: 53b5ec45-651b-4744-9067-34a153b7cfdb
Driver info: org.openqa.selenium.firefox.FirefoxDriver
Capabilities [{platform=WINDOWS, acceptSslCerts=true, javascriptEnabled=true, cssSelectorsEnabled=true, databaseEnabled=true, browserName=firefox, handlesAlerts=true, nativeEvents=false, webStorageEnabled=true, rotatable=false, locationContextEnabled=true, applicationCacheEnabled=true, takesScreenshot=true, version=40.0.3}]
>>>>>>> 2f0cc87abc1ab0d060f6f9ecdcd194af458d3e96
	at org.openqa.selenium.remote.ErrorHandler.createThrowable(ErrorHandler.java:204)
	at org.openqa.selenium.remote.ErrorHandler.throwIfResponseFailed(ErrorHandler.java:156)
	at org.openqa.selenium.remote.RemoteWebDriver.execute(RemoteWebDriver.java:605)
	at org.openqa.selenium.remote.RemoteWebDriver.findElement(RemoteWebDriver.java:358)
	at org.openqa.selenium.remote.RemoteWebDriver.findElementById(RemoteWebDriver.java:399)
	at org.openqa.selenium.By$ById.findElement(By.java:215)
	at org.openqa.selenium.remote.RemoteWebDriver.findElement(RemoteWebDriver.java:350)
<<<<<<< HEAD
	at org.openqa.selenium.support.pagefactory.DefaultElementLocator.findElement(DefaultElementLocator.java:69)
	at org.openqa.selenium.support.pagefactory.internal.LocatingElementHandler.invoke(LocatingElementHandler.java:38)
	at com.sun.proxy.$Proxy10.click(Unknown Source)
	at com.provenir.automation.framework.helper.Collateral360Helper.clickOnTitledMotorVehicleSection(Collateral360Helper.java:545)
	at com.provenir.automation.framework.testcases.Collateral360.test9_verifyActionMenuDisplayedOnVehicle(Collateral360.java:138)
=======
                  <a name="test3_saveCollateralDetails">
                  </a> <!-- test3_saveCollateralDetails -->
                  <span class="method-name">test3_saveCollateralDetails</span>
                  <div class="stack-trace">java.lang.NullPointerException
	at org.openqa.selenium.support.pagefactory.DefaultElementLocator.findElement(DefaultElementLocator.java:69)
	at org.openqa.selenium.support.pagefactory.internal.LocatingElementHandler.invoke(LocatingElementHandler.java:38)
	at com.sun.proxy.$Proxy10.sendKeys(Unknown Source)
	at com.provenir.automation.framework.helper.Collateral360Helper.enterCollateralName(Collateral360Helper.java:117)
	at com.provenir.automation.framework.testcases.Collateral360.test3_saveCollateralDetails(Collateral360.java:70)
>>>>>>> f3d93f2d33644c08c724cd42938163248aae61b8
=======
	at org.openqa.selenium.support.pagefactory.DefaultElementLocator.findElement(DefaultElementLocator.java:69)
	at org.openqa.selenium.support.pagefactory.internal.LocatingElementHandler.invoke(LocatingElementHandler.java:38)
	at com.sun.proxy.$Proxy10.sendKeys(Unknown Source)
	at com.provenir.automation.framework.helper.Collateral360Helper.enterCollateralCode(Collateral360Helper.java:136)
	at com.provenir.automation.framework.testcases.Collateral360.test9_saveCollateralDetailsAsRealState(Collateral360.java:84)
>>>>>>> 2f0cc87abc1ab0d060f6f9ecdcd194af458d3e96
	at java.util.concurrent.FutureTask.run(Unknown Source)
	at java.util.concurrent.ThreadPoolExecutor.runWorker(Unknown Source)
	at java.util.concurrent.ThreadPoolExecutor$Worker.run(Unknown Source)
	at java.lang.Thread.run(Unknown Source)
<<<<<<< HEAD
<<<<<<< HEAD
Caused by: org.openqa.selenium.WebDriverException: Session not found: f1aa2a21-5f1b-4f77-ac02-c7d363dd493f
Build info: version: &apos;2.46.0&apos;, revision: &apos;87c69e2&apos;, time: &apos;2015-06-04 16:17:10&apos;
System info: host: &apos;parasharb-w7&apos;, ip: &apos;172.27.103.84&apos;, os.name: &apos;Windows 7&apos;, os.arch: &apos;amd64&apos;, os.version: &apos;6.1&apos;, java.version: &apos;1.7.0_75&apos;
Driver info: driver.version: unknown
	at &lt;anonymous class&gt;.nsCommandProcessor.prototype.execute(file:///C:/Users/PARASH~1/AppData/Local/Temp/anonymous1175629033830807257webdriver-profile/extensions/fxdriver@googlecode.com/components/command-processor.js:12325)
	at &lt;anonymous class&gt;.Dispatcher.executeAs/&lt;(file:///C:/Users/PARASH~1/AppData/Local/Temp/anonymous1175629033830807257webdriver-profile/extensions/fxdriver@googlecode.com/components/driver-component.js:9089)
	at &lt;anonymous class&gt;.Resource.prototype.handle(file:///C:/Users/PARASH~1/AppData/Local/Temp/anonymous1175629033830807257webdriver-profile/extensions/fxdriver@googlecode.com/components/driver-component.js:9236)
	at &lt;anonymous class&gt;.Dispatcher.prototype.dispatch(file:///C:/Users/PARASH~1/AppData/Local/Temp/anonymous1175629033830807257webdriver-profile/extensions/fxdriver@googlecode.com/components/driver-component.js:9183)
	at &lt;anonymous class&gt;.WebDriverServer/&lt;.handle(file:///C:/Users/PARASH~1/AppData/Local/Temp/anonymous1175629033830807257webdriver-profile/extensions/fxdriver@googlecode.com/components/driver-component.js:12136)
	at &lt;anonymous class&gt;.createHandlerFunc/&lt;(file:///C:/Users/PARASH~1/AppData/Local/Temp/anonymous1175629033830807257webdriver-profile/extensions/fxdriver@googlecode.com/components/httpd.js:2054)
	at &lt;anonymous class&gt;.ServerHandler.prototype.handleResponse(file:///C:/Users/PARASH~1/AppData/Local/Temp/anonymous1175629033830807257webdriver-profile/extensions/fxdriver@googlecode.com/components/httpd.js:2387)
	at &lt;anonymous class&gt;.Connection.prototype.process(file:///C:/Users/PARASH~1/AppData/Local/Temp/anonymous1175629033830807257webdriver-profile/extensions/fxdriver@googlecode.com/components/httpd.js:1223)
	at &lt;anonymous class&gt;.RequestReader.prototype._handleResponse(file:///C:/Users/PARASH~1/AppData/Local/Temp/anonymous1175629033830807257webdriver-profile/extensions/fxdriver@googlecode.com/components/httpd.js:1677)
	at &lt;anonymous class&gt;.RequestReader.prototype._processBody(file:///C:/Users/PARASH~1/AppData/Local/Temp/anonymous1175629033830807257webdriver-profile/extensions/fxdriver@googlecode.com/components/httpd.js:1525)
	at &lt;anonymous class&gt;.RequestReader.prototype.onInputStreamReady(file:///C:/Users/PARASH~1/AppData/Local/Temp/anonymous1175629033830807257webdriver-profile/extensions/fxdriver@googlecode.com/components/httpd.js:1393)
... Removed 20 stack frames
=======
... Removed 16 stack frames
>>>>>>> f3d93f2d33644c08c724cd42938163248aae61b8
=======
Caused by: org.openqa.selenium.NoSuchElementException: Unable to locate element: {&quot;method&quot;:&quot;id&quot;,&quot;selector&quot;:&quot;collCd&quot;}
For documentation on this error, please visit: http://seleniumhq.org/exceptions/no_such_element.html
Build info: version: &apos;2.46.0&apos;, revision: &apos;87c69e2&apos;, time: &apos;2015-06-04 16:17:10&apos;
System info: host: &apos;gulshango-w7&apos;, ip: &apos;172.27.103.85&apos;, os.name: &apos;Windows 7&apos;, os.arch: &apos;amd64&apos;, os.version: &apos;6.1&apos;, java.version: &apos;1.7.0_71&apos;
Driver info: driver.version: unknown
	at &lt;anonymous class&gt;.FirefoxDriver.prototype.findElementInternal_(file:///C:/Users/GULSHA~1/AppData/Local/Temp/anonymous1687639159779847639webdriver-profile/extensions/fxdriver@googlecode.com/components/driver-component.js:10299)
	at &lt;anonymous class&gt;.FirefoxDriver.prototype.findElement(file:///C:/Users/GULSHA~1/AppData/Local/Temp/anonymous1687639159779847639webdriver-profile/extensions/fxdriver@googlecode.com/components/driver-component.js:10308)
	at &lt;anonymous class&gt;.DelayedCommand.prototype.executeInternal_/h(file:///C:/Users/GULSHA~1/AppData/Local/Temp/anonymous1687639159779847639webdriver-profile/extensions/fxdriver@googlecode.com/components/command-processor.js:12282)
	at &lt;anonymous class&gt;.DelayedCommand.prototype.executeInternal_(file:///C:/Users/GULSHA~1/AppData/Local/Temp/anonymous1687639159779847639webdriver-profile/extensions/fxdriver@googlecode.com/components/command-processor.js:12287)
	at &lt;anonymous class&gt;.DelayedCommand.prototype.execute/&lt;(file:///C:/Users/GULSHA~1/AppData/Local/Temp/anonymous1687639159779847639webdriver-profile/extensions/fxdriver@googlecode.com/components/command-processor.js:12229)
... Removed 19 stack frames
>>>>>>> 2f0cc87abc1ab0d060f6f9ecdcd194af458d3e96
</div> <!-- stack-trace -->
                </div> <!-- method-content -->
              </div> <!-- method -->
            </div> <!-- main-panel-content rounded-window-bottom -->
          </div> <!-- suite-Automation_test_suite-class-failed -->
<<<<<<< HEAD
          <div class="suite-Automation_test_suite-class-skipped">
            <div class="main-panel-header rounded-window-top">
              <img src="skipped.png"/>
              <span class="class-name">com.provenir.automation.framework.testcases.Credit360</span>
            </div> <!-- main-panel-header rounded-window-top -->
            <div class="main-panel-content rounded-window-bottom">
              <div class="method">
                <div class="method-content">
<<<<<<< HEAD
                  <a name="test16_verifyActionMenuDisplayedOnUCC">
                  </a> <!-- test16_verifyActionMenuDisplayedOnUCC -->
                  <span class="method-name">test16_verifyActionMenuDisplayedOnUCC</span>
                </div> <!-- method-content -->
              </div> <!-- method -->
              <div class="method">
                <div class="method-content">
                  <a name="test1_gotoCollateral360">
                  </a> <!-- test1_gotoCollateral360 -->
                  <span class="method-name">test1_gotoCollateral360</span>
                </div> <!-- method-content -->
              </div> <!-- method -->
              <div class="method">
                <div class="method-content">
                  <a name="test2_verifyCollateralTitle">
                  </a> <!-- test2_verifyCollateralTitle -->
                  <span class="method-name">test2_verifyCollateralTitle</span>
                </div> <!-- method-content -->
              </div> <!-- method -->
              <div class="method">
                <div class="method-content">
                  <a name="test3_saveCollateralDetails">
                  </a> <!-- test3_saveCollateralDetails -->
                  <span class="method-name">test3_saveCollateralDetails</span>
                </div> <!-- method-content -->
              </div> <!-- method -->
              <div class="method">
                <div class="method-content">
                  <a name="test4_verifyLeftHandNavigationForVehicle">
                  </a> <!-- test4_verifyLeftHandNavigationForVehicle -->
                  <span class="method-name">test4_verifyLeftHandNavigationForVehicle</span>
                </div> <!-- method-content -->
              </div> <!-- method -->
              <div class="method">
                <div class="method-content">
                  <a name="test5_verifyLeftHandNavigationForShares">
                  </a> <!-- test5_verifyLeftHandNavigationForShares -->
                  <span class="method-name">test5_verifyLeftHandNavigationForShares</span>
                </div> <!-- method-content -->
              </div> <!-- method -->
              <div class="method">
                <div class="method-content">
                  <a name="test6_verifyLeftHandNavigationForAccountsReceivable">
                  </a> <!-- test6_verifyLeftHandNavigationForAccountsReceivable -->
                  <span class="method-name">test6_verifyLeftHandNavigationForAccountsReceivable</span>
                </div> <!-- method-content -->
              </div> <!-- method -->
              <div class="method">
                <div class="method-content">
                  <a name="test7_verifyLeftHandNavigationForRealEstate">
                  </a> <!-- test7_verifyLeftHandNavigationForRealEstate -->
                  <span class="method-name">test7_verifyLeftHandNavigationForRealEstate</span>
=======
                  <a name="test123">
                  </a> <!-- test123 -->
                  <span class="method-name">test123</span>
>>>>>>> f3d93f2d33644c08c724cd42938163248aae61b8
                </div> <!-- method-content -->
              </div> <!-- method -->
            </div> <!-- main-panel-content rounded-window-bottom -->
          </div> <!-- suite-Automation_test_suite-class-skipped -->
=======
>>>>>>> 2f0cc87abc1ab0d060f6f9ecdcd194af458d3e96
          <div class="suite-Automation_test_suite-class-passed">
            <div class="main-panel-header rounded-window-top">
              <img src="passed.png"/>
<<<<<<< HEAD
=======
              <span class="class-name">com.provenir.automation.framework.testcases.Collateral360</span>
            </div> <!-- main-panel-header rounded-window-top -->
            <div class="main-panel-content rounded-window-bottom">
              <div class="method">
                <div class="method-content">
<<<<<<< HEAD
                  <a name="test_new_page_by_madhu">
                  </a> <!-- test_new_page_by_madhu -->
                  <span class="method-name">test_new_page_by_madhu</span>
                </div> <!-- method-content -->
              </div> <!-- method -->
            </div> <!-- main-panel-content rounded-window-bottom -->
          </div> <!-- suite-Automation_test_suite-class-passed -->
          <div class="suite-Automation_test_suite-class-passed">
            <div class="main-panel-header rounded-window-top">
              <img src="passed.png"/>
>>>>>>> f3d93f2d33644c08c724cd42938163248aae61b8
              <span class="class-name">com.provenir.automation.framework.testcases.Customer360</span>
            </div> <!-- main-panel-header rounded-window-top -->
            <div class="main-panel-content rounded-window-bottom">
              <div class="method">
                <div class="method-content">
                  <a name="test1_gotoCustomer360">
                  </a> <!-- test1_gotoCustomer360 -->
                  <span class="method-name">test1_gotoCustomer360</span>
=======
                  <a name="test1_gotoCollateral360">
                  </a> <!-- test1_gotoCollateral360 -->
                  <span class="method-name">test1_gotoCollateral360</span>
>>>>>>> 2f0cc87abc1ab0d060f6f9ecdcd194af458d3e96
                </div> <!-- method-content -->
              </div> <!-- method -->
              <div class="method">
                <div class="method-content">
                  <a name="test2_verifyCollateralTitle">
                  </a> <!-- test2_verifyCollateralTitle -->
                  <span class="method-name">test2_verifyCollateralTitle</span>
                </div> <!-- method-content -->
              </div> <!-- method -->
              <div class="method">
                <div class="method-content">
                  <a name="test3_saveCollateralDetails">
                  </a> <!-- test3_saveCollateralDetails -->
                  <span class="method-name">test3_saveCollateralDetails</span>
                </div> <!-- method-content -->
              </div> <!-- method -->
            </div> <!-- main-panel-content rounded-window-bottom -->
          </div> <!-- suite-Automation_test_suite-class-passed -->
          <div class="suite-Automation_test_suite-class-passed">
            <div class="main-panel-header rounded-window-top">
              <img src="passed.png"/>
              <span class="class-name">com.provenir.automation.framework.testcases.Credit360</span>
            </div> <!-- main-panel-header rounded-window-top -->
            <div class="main-panel-content rounded-window-bottom">
              <div class="method">
                <div class="method-content">
                  <a name="test123">
                  </a> <!-- test123 -->
                  <span class="method-name">test123</span>
                </div> <!-- method-content -->
              </div> <!-- method -->
            </div> <!-- main-panel-content rounded-window-bottom -->
          </div> <!-- suite-Automation_test_suite-class-passed -->
        </div> <!-- panel Automation_test_suite -->
        <div panel-name="test-xml-Automation_test_suite" class="panel">
          <div class="main-panel-header rounded-window-top">
            <span class="header-content">D:\workspace_selenium\TestCases\src\com\provenir\automation\framework\config\TestAll.xml</span>
          </div> <!-- main-panel-header rounded-window-top -->
          <div class="main-panel-content rounded-window-bottom">
            <pre>
&lt;?xml version=&quot;1.0&quot; encoding=&quot;UTF-8&quot;?&gt;
&lt;!DOCTYPE suite SYSTEM &quot;http://testng.org/testng-1.0.dtd&quot;&gt;
&lt;suite thread-count=&quot;3&quot; name=&quot;Automation test suite&quot; parallel=&quot;tests&quot;&gt;
  &lt;parameter name=&quot;environment&quot; value=&quot;src/com/provenir/automation/framework/config/Env.properties&quot;/&gt;
  &lt;listeners&gt;
    &lt;listener class-name=&quot;com.provenir.automation.framework.utility.Listener&quot;/&gt;
  &lt;/listeners&gt;
  &lt;test name=&quot;Firefox Test&quot;&gt;
    &lt;parameter name=&quot;browser&quot; value=&quot;Firefox&quot;/&gt;
    &lt;classes&gt;
      &lt;class name=&quot;com.provenir.automation.framework.testcases.Collateral360&quot;/&gt;
    &lt;/classes&gt;
  &lt;/test&gt; &lt;!-- Firefox Test --&gt;
&lt;/suite&gt; &lt;!-- Automation test suite --&gt;
            </pre>
          </div> <!-- main-panel-content rounded-window-bottom -->
        </div> <!-- panel -->
        <div panel-name="testlist-Automation_test_suite" class="panel">
          <div class="main-panel-header rounded-window-top">
            <span class="header-content">Tests for Automation test suite</span>
          </div> <!-- main-panel-header rounded-window-top -->
          <div class="main-panel-content rounded-window-bottom">
            <ul>
              <li>
                <span class="test-name">Firefox Test (1 class)</span>
              </li>
            </ul>
          </div> <!-- main-panel-content rounded-window-bottom -->
        </div> <!-- panel -->
        <div panel-name="group-Automation_test_suite" class="panel">
          <div class="main-panel-header rounded-window-top">
            <span class="header-content">Groups for Automation test suite</span>
          </div> <!-- main-panel-header rounded-window-top -->
          <div class="main-panel-content rounded-window-bottom">
          </div> <!-- main-panel-content rounded-window-bottom -->
        </div> <!-- panel -->
        <div panel-name="times-Automation_test_suite" class="panel">
          <div class="main-panel-header rounded-window-top">
            <span class="header-content">Times for Automation test suite</span>
          </div> <!-- main-panel-header rounded-window-top -->
          <div class="main-panel-content rounded-window-bottom">
            <div class="times-div">
              <script type="text/javascript">
suiteTableInitFunctions.push('tableData_Automation_test_suite');
function tableData_Automation_test_suite() {
var data = new google.visualization.DataTable();
data.addColumn('number', 'Number');
data.addColumn('string', 'Method');
data.addColumn('string', 'Class');
data.addColumn('number', 'Time (ms)');
<<<<<<< HEAD
<<<<<<< HEAD
data.addRows(20);
data.setCell(0, 0, 0)
data.setCell(0, 1, 'test8_saveCollateralDetailsAsVehicle')
data.setCell(0, 2, 'com.provenir.automation.framework.testcases.Collateral360')
data.setCell(0, 3, 153876241);
data.setCell(1, 0, 1)
data.setCell(1, 1, 'test3_saveAddress')
data.setCell(1, 2, 'com.provenir.automation.framework.testcases.Customer360')
data.setCell(1, 3, 75117);
data.setCell(2, 0, 2)
data.setCell(2, 1, 'test3_saveCollateralDetails')
data.setCell(2, 2, 'com.provenir.automation.framework.testcases.Collateral360')
data.setCell(2, 3, 62991);
data.setCell(3, 0, 3)
data.setCell(3, 1, 'test1_gotoCollateral360')
data.setCell(3, 2, 'com.provenir.automation.framework.testcases.Collateral360')
data.setCell(3, 3, 58590);
data.setCell(4, 0, 4)
data.setCell(4, 1, 'test1_gotoCustomer360')
data.setCell(4, 2, 'com.provenir.automation.framework.testcases.Customer360')
data.setCell(4, 3, 50160);
=======
data.addRows(8);
=======
data.addRows(4);
>>>>>>> 2f0cc87abc1ab0d060f6f9ecdcd194af458d3e96
data.setCell(0, 0, 0)
data.setCell(0, 1, 'test1_gotoCollateral360')
data.setCell(0, 2, 'com.provenir.automation.framework.testcases.Collateral360')
data.setCell(0, 3, 60833);
data.setCell(1, 0, 1)
data.setCell(1, 1, 'test3_saveCollateralDetails')
data.setCell(1, 2, 'com.provenir.automation.framework.testcases.Collateral360')
data.setCell(1, 3, 52701);
data.setCell(2, 0, 2)
data.setCell(2, 1, 'test9_saveCollateralDetailsAsRealState')
data.setCell(2, 2, 'com.provenir.automation.framework.testcases.Collateral360')
data.setCell(2, 3, 15505);
data.setCell(3, 0, 3)
<<<<<<< HEAD
data.setCell(3, 1, 'test2_verifyAddressTitle')
data.setCell(3, 2, 'com.provenir.automation.framework.testcases.Customer360')
data.setCell(3, 3, 75);
data.setCell(4, 0, 4)
data.setCell(4, 1, 'test1_gotoCollateral360')
data.setCell(4, 2, 'com.provenir.automation.framework.testcases.Collateral360')
data.setCell(4, 3, 4);
>>>>>>> f3d93f2d33644c08c724cd42938163248aae61b8
data.setCell(5, 0, 5)
data.setCell(5, 1, 'test3_saveCollateralDetails')
data.setCell(5, 2, 'com.provenir.automation.framework.testcases.Collateral360')
<<<<<<< HEAD
data.setCell(5, 3, 26494);
data.setCell(6, 0, 6)
data.setCell(6, 1, 'test4_verifyLeftHandNavigationForVehicle')
data.setCell(6, 2, 'com.provenir.automation.framework.testcases.Collateral360')
data.setCell(6, 3, 24809);
data.setCell(7, 0, 7)
data.setCell(7, 1, 'test5_verifyLeftHandNavigationForShares')
data.setCell(7, 2, 'com.provenir.automation.framework.testcases.Collateral360')
data.setCell(7, 3, 24801);
data.setCell(8, 0, 8)
data.setCell(8, 1, 'test6_verifyLeftHandNavigationForAccountsReceivable')
data.setCell(8, 2, 'com.provenir.automation.framework.testcases.Collateral360')
data.setCell(8, 3, 24619);
data.setCell(9, 0, 9)
data.setCell(9, 1, 'test15_saveCollateralDetailsAsUCC')
data.setCell(9, 2, 'com.provenir.automation.framework.testcases.Collateral360')
data.setCell(9, 3, 20515);
data.setCell(10, 0, 10)
data.setCell(10, 1, 'test14_cancelOnTitledMotorVehicle')
data.setCell(10, 2, 'com.provenir.automation.framework.testcases.Collateral360')
data.setCell(10, 3, 10369);
data.setCell(11, 0, 11)
data.setCell(11, 1, 'test2_verifyCollateralTitle')
data.setCell(11, 2, 'com.provenir.automation.framework.testcases.Collateral360')
data.setCell(11, 3, 10350);
data.setCell(12, 0, 12)
data.setCell(12, 1, 'test12_updateTitledMotorVehicle')
data.setCell(12, 2, 'com.provenir.automation.framework.testcases.Collateral360')
data.setCell(12, 3, 10122);
data.setCell(13, 0, 13)
data.setCell(13, 1, 'test11_saveOnTitledMotorVehicle')
data.setCell(13, 2, 'com.provenir.automation.framework.testcases.Collateral360')
data.setCell(13, 3, 5134);
data.setCell(14, 0, 14)
data.setCell(14, 1, 'test10_verifyMandatoryDetails')
data.setCell(14, 2, 'com.provenir.automation.framework.testcases.Collateral360')
data.setCell(14, 3, 5055);
data.setCell(15, 0, 15)
data.setCell(15, 1, 'test2_verifyAddressTitle')
data.setCell(15, 2, 'com.provenir.automation.framework.testcases.Customer360')
data.setCell(15, 3, 422);
data.setCell(16, 0, 16)
data.setCell(16, 1, 'test13_deleteTitledMotorVehicleInfo')
data.setCell(16, 2, 'com.provenir.automation.framework.testcases.Collateral360')
data.setCell(16, 3, 43);
data.setCell(17, 0, 17)
data.setCell(17, 1, 'test9_verifyActionMenuDisplayedOnVehicle')
data.setCell(17, 2, 'com.provenir.automation.framework.testcases.Collateral360')
data.setCell(17, 3, 37);
data.setCell(18, 0, 18)
data.setCell(18, 1, 'test123')
data.setCell(18, 2, 'com.provenir.automation.framework.testcases.Credit360')
data.setCell(18, 3, 1);
data.setCell(19, 0, 19)
data.setCell(19, 1, 'test16_verifyActionMenuDisplayedOnUCC')
data.setCell(19, 2, 'com.provenir.automation.framework.testcases.Collateral360')
data.setCell(19, 3, 1);
=======
data.setCell(5, 3, 2);
data.setCell(6, 0, 6)
data.setCell(6, 1, 'test_new_page_by_madhu')
data.setCell(6, 2, 'com.provenir.automation.framework.testcases.Collateral360')
data.setCell(6, 3, 1);
data.setCell(7, 0, 7)
data.setCell(7, 1, 'test123')
data.setCell(7, 2, 'com.provenir.automation.framework.testcases.Credit360')
data.setCell(7, 3, 0);
>>>>>>> f3d93f2d33644c08c724cd42938163248aae61b8
=======
data.setCell(3, 1, 'test2_verifyCollateralTitle')
data.setCell(3, 2, 'com.provenir.automation.framework.testcases.Collateral360')
data.setCell(3, 3, 10213);
>>>>>>> 2f0cc87abc1ab0d060f6f9ecdcd194af458d3e96
window.suiteTableData['Automation_test_suite']= { tableData: data, tableDiv: 'times-div-Automation_test_suite'}
return data;
}
              </script>
<<<<<<< HEAD
<<<<<<< HEAD
              <span class="suite-total-time">Total running time: 42 hours</span>
=======
              <span class="suite-total-time">Total running time: 1 minutes</span>
>>>>>>> f3d93f2d33644c08c724cd42938163248aae61b8
=======
              <span class="suite-total-time">Total running time: 2 minutes</span>
>>>>>>> 2f0cc87abc1ab0d060f6f9ecdcd194af458d3e96
              <div id="times-div-Automation_test_suite">
              </div> <!-- times-div-Automation_test_suite -->
            </div> <!-- times-div -->
          </div> <!-- main-panel-content rounded-window-bottom -->
        </div> <!-- panel -->
        <div panel-name="reporter-Automation_test_suite" class="panel">
          <div class="main-panel-header rounded-window-top">
            <span class="header-content">Reporter output for Automation test suite</span>
          </div> <!-- main-panel-header rounded-window-top -->
          <div class="main-panel-content rounded-window-bottom">
          </div> <!-- main-panel-content rounded-window-bottom -->
        </div> <!-- panel -->
        <div panel-name="ignored-methods-Automation_test_suite" class="panel">
          <div class="main-panel-header rounded-window-top">
            <span class="header-content">0 ignored methods</span>
          </div> <!-- main-panel-header rounded-window-top -->
          <div class="main-panel-content rounded-window-bottom">
          </div> <!-- main-panel-content rounded-window-bottom -->
        </div> <!-- panel -->
        <div panel-name="chronological-Automation_test_suite" class="panel">
          <div class="main-panel-header rounded-window-top">
            <span class="header-content">Methods in chronological order</span>
          </div> <!-- main-panel-header rounded-window-top -->
          <div class="main-panel-content rounded-window-bottom">
            <div class="chronological-class">
              <div class="chronological-class-name">com.provenir.automation.framework.testcases.Collateral360</div> <!-- chronological-class-name -->
              <div class="configuration-suite before">
                <span class="method-name">initialize</span>
                <span class="method-start">0 ms</span>
              </div> <!-- configuration-suite before -->
<<<<<<< HEAD
            </div> <!-- chronological-class -->
            <div class="chronological-class">
              <div class="chronological-class-name">com.provenir.automation.framework.testcases.Collateral360</div> <!-- chronological-class-name -->
=======
>>>>>>> 2f0cc87abc1ab0d060f6f9ecdcd194af458d3e96
              <div class="configuration-test before">
                <span class="method-name">beforeTest</span>
<<<<<<< HEAD
                <span class="method-start">80 ms</span>
=======
                <span class="method-start">28 ms</span>
>>>>>>> f3d93f2d33644c08c724cd42938163248aae61b8
              </div> <!-- configuration-test before -->
<<<<<<< HEAD
            </div> <!-- chronological-class -->
            <div class="chronological-class">
              <div class="chronological-class-name">com.provenir.automation.framework.testcases.Credit360</div> <!-- chronological-class-name -->
              <div class="configuration-test before">
                <span class="method-name">beforeTest</span>
<<<<<<< HEAD
                <span class="method-start">84 ms</span>
=======
                <span class="method-start">29 ms</span>
>>>>>>> f3d93f2d33644c08c724cd42938163248aae61b8
              </div> <!-- configuration-test before -->
            </div> <!-- chronological-class -->
            <div class="chronological-class">
              <div class="chronological-class-name">com.provenir.automation.framework.testcases.Customer360</div> <!-- chronological-class-name -->
              <div class="configuration-test before">
                <span class="method-name">beforeTest</span>
<<<<<<< HEAD
                <span class="method-start">88 ms</span>
              </div> <!-- configuration-test before -->
              <div class="configuration-class before">
                <span class="method-name">beforeMethod(InternetExplorer)</span>
                <span class="method-start">31217 ms</span>
              </div> <!-- configuration-class before -->
            </div> <!-- chronological-class -->
            <div class="chronological-class">
              <div class="chronological-class-name">com.provenir.automation.framework.testcases.Credit360</div> <!-- chronological-class-name -->
              <div class="configuration-class before">
                <span class="method-name">beforeMethod(Chrome)</span>
                <span class="method-start">31323 ms</span>
              </div> <!-- configuration-class before -->
            </div> <!-- chronological-class -->
            <div class="chronological-class">
              <div class="chronological-class-name">com.provenir.automation.framework.testcases.Customer360</div> <!-- chronological-class-name -->
              <div class="configuration-method before">
                <span class="method-name">landingPage</span>
                <span class="method-start">31345 ms</span>
              </div> <!-- configuration-method before -->
            </div> <!-- chronological-class -->
            <div class="chronological-class">
              <div class="chronological-class-name">com.provenir.automation.framework.testcases.Credit360</div> <!-- chronological-class-name -->
              <div class="configuration-method before">
                <span class="method-name">landingPage</span>
                <span class="method-start">31380 ms</span>
              </div> <!-- configuration-method before -->
=======
                <span class="method-start">42 ms</span>
              </div> <!-- configuration-test before -->
>>>>>>> f3d93f2d33644c08c724cd42938163248aae61b8
            </div> <!-- chronological-class -->
            <div class="chronological-class">
              <div class="chronological-class-name">com.provenir.automation.framework.testcases.Collateral360</div> <!-- chronological-class-name -->
              <div class="configuration-class before">
<<<<<<< HEAD
                <span class="method-name">beforeMethod(Firefox)</span>
                <span class="method-start">37463 ms</span>
              </div> <!-- configuration-class before -->
              <div class="configuration-method before">
                <span class="method-name">landingPage</span>
                <span class="method-start">37560 ms</span>
=======
                <span class="method-name">beforeMethod(InternetExplorer)</span>
                <span class="method-start">13780 ms</span>
              </div> <!-- configuration-class before -->
              <div class="configuration-method before">
                <span class="method-name">landingPage</span>
                <span class="method-start">13913 ms</span>
>>>>>>> f3d93f2d33644c08c724cd42938163248aae61b8
              </div> <!-- configuration-method before -->
              <div class="test-method">
                <img src="failed.png">
                </img>
<<<<<<< HEAD
                <span class="method-name">test10_verifyMandatoryDetails</span>
                <span class="method-start">84739 ms</span>
              </div> <!-- test-method -->
            </div> <!-- chronological-class -->
            <div class="chronological-class">
              <div class="chronological-class-name">com.provenir.automation.framework.testcases.Customer360</div> <!-- chronological-class-name -->
              <div class="test-method">
                <span class="method-name">test1_gotoCustomer360</span>
                <span class="method-start">89125 ms</span>
              </div> <!-- test-method -->
            </div> <!-- chronological-class -->
            <div class="chronological-class">
              <div class="chronological-class-name">com.provenir.automation.framework.testcases.Collateral360</div> <!-- chronological-class-name -->
              <div class="configuration-method before">
                <span class="method-name">landingPage</span>
                <span class="method-start">89813 ms</span>
              </div> <!-- configuration-method before -->
              <div class="test-method">
                <img src="failed.png">
                </img>
                <span class="method-name">test11_saveOnTitledMotorVehicle</span>
                <span class="method-start">94974 ms</span>
              </div> <!-- test-method -->
              <div class="configuration-method before">
                <span class="method-name">landingPage</span>
                <span class="method-start">100141 ms</span>
              </div> <!-- configuration-method before -->
              <div class="test-method">
                <img src="failed.png">
                </img>
                <span class="method-name">test12_updateTitledMotorVehicle</span>
                <span class="method-start">105717 ms</span>
              </div> <!-- test-method -->
              <div class="configuration-method before">
                <span class="method-name">landingPage</span>
                <span class="method-start">115842 ms</span>
=======
=======
              <div class="configuration-class before">
                <span class="method-name">beforeMethod(Firefox)</span>
                <span class="method-start">11092 ms</span>
              </div> <!-- configuration-class before -->
              <div class="configuration-method before">
                <span class="method-name">landingPage</span>
                <span class="method-start">11108 ms</span>
              </div> <!-- configuration-method before -->
              <div class="test-method">
>>>>>>> 2f0cc87abc1ab0d060f6f9ecdcd194af458d3e96
                <span class="method-name">test1_gotoCollateral360</span>
                <span class="method-start">47191 ms</span>
              </div> <!-- test-method -->
              <div class="configuration-method before">
                <span class="method-name">landingPage</span>
<<<<<<< HEAD
                <span class="method-start">13927 ms</span>
>>>>>>> f3d93f2d33644c08c724cd42938163248aae61b8
              </div> <!-- configuration-method before -->
              <div class="test-method">
                <img src="failed.png">
                </img>
<<<<<<< HEAD
                <span class="method-name">test13_deleteTitledMotorVehicleInfo</span>
                <span class="method-start">115870 ms</span>
              </div> <!-- test-method -->
              <div class="configuration-method before">
                <span class="method-name">landingPage</span>
                <span class="method-start">115917 ms</span>
=======
=======
                <span class="method-start">108026 ms</span>
              </div> <!-- configuration-method before -->
              <div class="test-method">
>>>>>>> 2f0cc87abc1ab0d060f6f9ecdcd194af458d3e96
                <span class="method-name">test2_verifyCollateralTitle</span>
                <span class="method-start">113096 ms</span>
              </div> <!-- test-method -->
              <div class="configuration-method before">
                <span class="method-name">landingPage</span>
<<<<<<< HEAD
                <span class="method-start">14082 ms</span>
>>>>>>> f3d93f2d33644c08c724cd42938163248aae61b8
              </div> <!-- configuration-method before -->
              <div class="test-method">
                <img src="failed.png">
                </img>
<<<<<<< HEAD
                <span class="method-name">test14_cancelOnTitledMotorVehicle</span>
                <span class="method-start">115939 ms</span>
              </div> <!-- test-method -->
            </div> <!-- chronological-class -->
            <div class="chronological-class">
              <div class="chronological-class-name">com.provenir.automation.framework.testcases.Credit360</div> <!-- chronological-class-name -->
              <div class="test-method">
                <span class="method-name">test123</span>
                <span class="method-start">125427 ms</span>
=======
                <span class="method-name">test3_saveCollateralDetails</span>
                <span class="method-start">14085 ms</span>
>>>>>>> f3d93f2d33644c08c724cd42938163248aae61b8
=======
                <span class="method-start">123310 ms</span>
              </div> <!-- configuration-method before -->
              <div class="test-method">
                <span class="method-name">test3_saveCollateralDetails</span>
                <span class="method-start">123318 ms</span>
>>>>>>> 2f0cc87abc1ab0d060f6f9ecdcd194af458d3e96
              </div> <!-- test-method -->
            </div> <!-- chronological-class -->
            <div class="chronological-class">
              <div class="chronological-class-name">com.provenir.automation.framework.testcases.Collateral360</div> <!-- chronological-class-name -->
              <div class="configuration-method before">
                <span class="method-name">landingPage</span>
<<<<<<< HEAD
<<<<<<< HEAD
                <span class="method-start">126311 ms</span>
              </div> <!-- configuration-method before -->
              <div class="test-method">
                <img src="failed.png">
                </img>
                <span class="method-name">test15_saveCollateralDetailsAsUCC</span>
                <span class="method-start">126325 ms</span>
=======
                <span class="method-start">14093 ms</span>
              </div> <!-- configuration-method before -->
              <div class="test-method">
                <span class="method-name">test_new_page_by_madhu</span>
                <span class="method-start">14094 ms</span>
>>>>>>> f3d93f2d33644c08c724cd42938163248aae61b8
              </div> <!-- test-method -->
            </div> <!-- chronological-class -->
            <div class="chronological-class">
              <div class="chronological-class-name">com.provenir.automation.framework.testcases.Customer360</div> <!-- chronological-class-name -->
              <div class="configuration-class before">
                <span class="method-name">beforeMethod(Firefox)</span>
                <span class="method-start">15998 ms</span>
              </div> <!-- configuration-class before -->
              <div class="configuration-method before">
                <span class="method-name">landingPage</span>
<<<<<<< HEAD
                <span class="method-start">139292 ms</span>
              </div> <!-- configuration-method before -->
              <div class="test-method">
                <span class="method-name">test2_verifyAddressTitle</span>
                <span class="method-start">139618 ms</span>
              </div> <!-- test-method -->
              <div class="configuration-method before">
                <span class="method-name">landingPage</span>
                <span class="method-start">140041 ms</span>
              </div> <!-- configuration-method before -->
              <div class="test-method">
                <span class="method-name">test3_saveAddress</span>
                <span class="method-start">140352 ms</span>
              </div> <!-- test-method -->
            </div> <!-- chronological-class -->
            <div class="chronological-class">
              <div class="chronological-class-name">com.provenir.automation.framework.testcases.Collateral360</div> <!-- chronological-class-name -->
              <div class="configuration-method before">
                <span class="method-name">landingPage</span>
                <span class="method-start">146842 ms</span>
              </div> <!-- configuration-method before -->
              <div class="test-method">
                <span class="method-name">test16_verifyActionMenuDisplayedOnUCC</span>
                <span class="method-start">146876 ms</span>
              </div> <!-- test-method -->
              <div class="configuration-method before">
                <span class="method-name">landingPage</span>
                <span class="method-start">146881 ms</span>
              </div> <!-- configuration-method before -->
              <div class="test-method">
                <span class="method-name">test1_gotoCollateral360</span>
                <span class="method-start">146898 ms</span>
              </div> <!-- test-method -->
              <div class="configuration-method before">
                <span class="method-name">landingPage</span>
                <span class="method-start">205490 ms</span>
              </div> <!-- configuration-method before -->
              <div class="test-method">
                <span class="method-name">test2_verifyCollateralTitle</span>
                <span class="method-start">210619 ms</span>
              </div> <!-- test-method -->
              <div class="configuration-method before">
                <span class="method-name">landingPage</span>
                <span class="method-start">220970 ms</span>
              </div> <!-- configuration-method before -->
              <div class="test-method">
                <span class="method-name">test3_saveCollateralDetails</span>
                <span class="method-start">220986 ms</span>
              </div> <!-- test-method -->
              <div class="configuration-method before">
                <span class="method-name">landingPage</span>
                <span class="method-start">283979 ms</span>
              </div> <!-- configuration-method before -->
              <div class="test-method">
                <span class="method-name">test4_verifyLeftHandNavigationForVehicle</span>
                <span class="method-start">289059 ms</span>
              </div> <!-- test-method -->
              <div class="configuration-method before">
                <span class="method-name">landingPage</span>
                <span class="method-start">313870 ms</span>
              </div> <!-- configuration-method before -->
              <div class="test-method">
                <span class="method-name">test5_verifyLeftHandNavigationForShares</span>
                <span class="method-start">318958 ms</span>
              </div> <!-- test-method -->
=======
                <span class="method-start">16001 ms</span>
              </div> <!-- configuration-method before -->
            </div> <!-- chronological-class -->
            <div class="chronological-class">
              <div class="chronological-class-name">com.provenir.automation.framework.testcases.Credit360</div> <!-- chronological-class-name -->
              <div class="configuration-class before">
                <span class="method-name">beforeMethod(Chrome)</span>
                <span class="method-start">28157 ms</span>
              </div> <!-- configuration-class before -->
>>>>>>> f3d93f2d33644c08c724cd42938163248aae61b8
              <div class="configuration-method before">
                <img src="failed.png">
                </img>
                <span class="method-name">landingPage</span>
<<<<<<< HEAD
                <span class="method-start">343760 ms</span>
              </div> <!-- configuration-method before -->
              <div class="test-method">
                <span class="method-name">test6_verifyLeftHandNavigationForAccountsReceivable</span>
                <span class="method-start">348849 ms</span>
              </div> <!-- test-method -->
              <div class="configuration-method before">
                <span class="method-name">landingPage</span>
                <span class="method-start">373470 ms</span>
              </div> <!-- configuration-method before -->
              <div class="test-method">
                <span class="method-name">test7_verifyLeftHandNavigationForRealEstate</span>
                <span class="method-start">378560 ms</span>
              </div> <!-- test-method -->
              <div class="configuration-method before">
                <span class="method-name">landingPage</span>
                <span class="method-start">405066 ms</span>
              </div> <!-- configuration-method before -->
              <div class="test-method">
                <img src="failed.png">
                </img>
                <span class="method-name">test8_saveCollateralDetailsAsVehicle</span>
                <span class="method-start">410093 ms</span>
              </div> <!-- test-method -->
              <div class="configuration-method before">
                <span class="method-name">landingPage</span>
                <span class="method-start">154286347 ms</span>
              </div> <!-- configuration-method before -->
              <div class="test-method">
                <img src="failed.png">
                </img>
                <span class="method-name">test9_verifyActionMenuDisplayedOnVehicle</span>
                <span class="method-start">154286389 ms</span>
              </div> <!-- test-method -->
            </div> <!-- chronological-class -->
            <div class="chronological-class">
              <div class="chronological-class-name">com.provenir.automation.framework.testcases.Credit360</div> <!-- chronological-class-name -->
              <div class="configuration-suite after">
                <img src="failed.png">
                </img>
                <span class="method-name">tearDown</span>
                <span class="method-start">154286586 ms</span>
              </div> <!-- configuration-suite after -->
=======
                <span class="method-start">28160 ms</span>
              </div> <!-- configuration-method before -->
              <div class="test-method">
                <span class="method-name">test123</span>
                <span class="method-start">28162 ms</span>
              </div> <!-- test-method -->
            </div> <!-- chronological-class -->
            <div class="chronological-class">
              <div class="chronological-class-name">com.provenir.automation.framework.testcases.Customer360</div> <!-- chronological-class-name -->
              <div class="test-method">
                <span class="method-name">test1_gotoCustomer360</span>
                <span class="method-start">53276 ms</span>
              </div> <!-- test-method -->
              <div class="configuration-method before">
                <span class="method-name">landingPage</span>
                <span class="method-start">99394 ms</span>
              </div> <!-- configuration-method before -->
              <div class="test-method">
                <span class="method-name">test2_verifyAddressTitle</span>
                <span class="method-start">99415 ms</span>
              </div> <!-- test-method -->
              <div class="configuration-method before">
                <span class="method-name">landingPage</span>
                <span class="method-start">99490 ms</span>
              </div> <!-- configuration-method before -->
              <div class="test-method">
                <span class="method-name">test3_saveAddress</span>
                <span class="method-start">99498 ms</span>
              </div> <!-- test-method -->
>>>>>>> f3d93f2d33644c08c724cd42938163248aae61b8
=======
                <span class="method-start">176020 ms</span>
              </div> <!-- configuration-method before -->
              <div class="test-method">
                <img src="failed.png">
                </img>
                <span class="method-name">test9_saveCollateralDetailsAsRealState</span>
                <span class="method-start">181076 ms</span>
              </div> <!-- test-method -->
              <div class="configuration-suite after">
                <img src="failed.png">
                </img>
                <span class="method-name">tearDown</span>
                <span class="method-start">196609 ms</span>
              </div> <!-- configuration-suite after -->
>>>>>>> 2f0cc87abc1ab0d060f6f9ecdcd194af458d3e96
          </div> <!-- main-panel-content rounded-window-bottom -->
        </div> <!-- panel -->
      </div> <!-- main-panel-root -->
    </div> <!-- wrapper -->
  </body>
</html>
