<?xml version="1.0" encoding="UTF-8"?>
<testng-results skipped="0" failed="7" total="18" passed="11">
  <reporter-output>
  </reporter-output>
  <suite name="Automation test suite" duration-ms="474381" started-at="2015-09-19T05:54:15Z" finished-at="2015-09-19T06:02:10Z">
    <groups>
    </groups>
    <test name="Chrome Test" duration-ms="112922" started-at="2015-09-19T05:54:15Z" finished-at="2015-09-19T05:56:08Z">
      <class name="com.provenir.automation.framework.testcases.Credit360">
        <test-method status="PASS" signature="initialize()[pri:0, instance:com.provenir.automation.framework.testcases.Credit360@2779bd11]" name="initialize" is-config="true" duration-ms="59" started-at="2015-09-19T11:24:15Z" finished-at="2015-09-19T11:24:15Z">
          <reporter-output>
          </reporter-output>
        </test-method> <!-- initialize -->
        <test-method status="PASS" signature="beforeTest()[pri:0, instance:com.provenir.automation.framework.testcases.Credit360@2779bd11]" name="beforeTest" is-config="true" duration-ms="27462" started-at="2015-09-19T11:24:15Z" finished-at="2015-09-19T11:24:43Z">
          <reporter-output>
          </reporter-output>
        </test-method> <!-- beforeTest -->
        <test-method status="PASS" signature="beforeMethod(java.lang.String)[pri:0, instance:com.provenir.automation.framework.testcases.Credit360@2779bd11]" name="beforeMethod" is-config="true" duration-ms="40" started-at="2015-09-19T11:24:43Z" finished-at="2015-09-19T11:24:43Z">
          <params>
            <param index="0">
              <value>
                <![CDATA[Chrome]]>
              </value>
            </param>
          </params>
          <reporter-output>
          </reporter-output>
        </test-method> <!-- beforeMethod -->
        <test-method status="PASS" signature="landingPage()[pri:0, instance:com.provenir.automation.framework.testcases.Credit360@2779bd11]" name="landingPage" is-config="true" duration-ms="85380" started-at="2015-09-19T11:24:43Z" finished-at="2015-09-19T11:26:08Z">
          <reporter-output>
          </reporter-output>
        </test-method> <!-- landingPage -->
        <test-method status="PASS" signature="test123()[pri:0, instance:com.provenir.automation.framework.testcases.Credit360@2779bd11]" name="test123" duration-ms="1" started-at="2015-09-19T11:26:08Z" finished-at="2015-09-19T11:26:08Z">
          <reporter-output>
          </reporter-output>
        </test-method> <!-- test123 -->
        <test-method status="PASS" signature="tearDown()[pri:0, instance:com.provenir.automation.framework.testcases.Credit360@2779bd11]" name="tearDown" is-config="true" duration-ms="4620" started-at="2015-09-19T11:32:10Z" finished-at="2015-09-19T11:32:15Z">
          <reporter-output>
          </reporter-output>
        </test-method> <!-- tearDown -->
      </class> <!-- com.provenir.automation.framework.testcases.Credit360 -->
    </test> <!-- Chrome Test -->
    <test name="IE Test" duration-ms="240181" started-at="2015-09-19T05:54:15Z" finished-at="2015-09-19T05:58:16Z">
      <class name="com.provenir.automation.framework.testcases.Customer360">
        <test-method status="PASS" signature="beforeTest()[pri:0, instance:com.provenir.automation.framework.testcases.Customer360@5b4bf56d]" name="beforeTest" is-config="true" duration-ms="36031" started-at="2015-09-19T11:24:15Z" finished-at="2015-09-19T11:24:51Z">
          <reporter-output>
          </reporter-output>
        </test-method> <!-- beforeTest -->
        <test-method status="PASS" signature="beforeMethod(java.lang.String)[pri:0, instance:com.provenir.automation.framework.testcases.Customer360@5b4bf56d]" name="beforeMethod" is-config="true" duration-ms="5" started-at="2015-09-19T11:24:51Z" finished-at="2015-09-19T11:24:51Z">
          <params>
            <param index="0">
              <value>
                <![CDATA[InternetExplorer]]>
              </value>
            </param>
          </params>
          <reporter-output>
          </reporter-output>
        </test-method> <!-- beforeMethod -->
        <test-method status="PASS" signature="landingPage()[pri:0, instance:com.provenir.automation.framework.testcases.Customer360@5b4bf56d]" name="landingPage" is-config="true" duration-ms="63853" started-at="2015-09-19T11:24:51Z" finished-at="2015-09-19T11:25:55Z">
          <reporter-output>
          </reporter-output>
        </test-method> <!-- landingPage -->
        <test-method status="PASS" signature="test1_gotoCustomer360()[pri:0, instance:com.provenir.automation.framework.testcases.Customer360@5b4bf56d]" name="test1_gotoCustomer360" duration-ms="51207" started-at="2015-09-19T11:25:55Z" finished-at="2015-09-19T11:26:47Z">
          <reporter-output>
          </reporter-output>
        </test-method> <!-- test1_gotoCustomer360 -->
        <test-method status="PASS" signature="landingPage()[pri:0, instance:com.provenir.automation.framework.testcases.Customer360@5b4bf56d]" name="landingPage" is-config="true" duration-ms="331" started-at="2015-09-19T11:26:47Z" finished-at="2015-09-19T11:26:47Z">
          <reporter-output>
          </reporter-output>
        </test-method> <!-- landingPage -->
        <test-method status="PASS" signature="test2_verifyAddressTitle()[pri:0, instance:com.provenir.automation.framework.testcases.Customer360@5b4bf56d]" name="test2_verifyAddressTitle" duration-ms="529" started-at="2015-09-19T11:26:47Z" finished-at="2015-09-19T11:26:47Z">
          <reporter-output>
          </reporter-output>
        </test-method> <!-- test2_verifyAddressTitle -->
        <test-method status="PASS" signature="landingPage()[pri:0, instance:com.provenir.automation.framework.testcases.Customer360@5b4bf56d]" name="landingPage" is-config="true" duration-ms="318" started-at="2015-09-19T11:26:47Z" finished-at="2015-09-19T11:26:48Z">
          <reporter-output>
          </reporter-output>
        </test-method> <!-- landingPage -->
        <test-method status="PASS" signature="test3_saveAddress()[pri:0, instance:com.provenir.automation.framework.testcases.Customer360@5b4bf56d]" name="test3_saveAddress" duration-ms="87884" started-at="2015-09-19T11:26:48Z" finished-at="2015-09-19T11:28:16Z">
          <reporter-output>
          </reporter-output>
        </test-method> <!-- test3_saveAddress -->
      </class> <!-- com.provenir.automation.framework.testcases.Customer360 -->
    </test> <!-- IE Test -->
    <test name="Firefox Test" duration-ms="474381" started-at="2015-09-19T05:54:15Z" finished-at="2015-09-19T06:02:10Z">
      <class name="com.provenir.automation.framework.testcases.Collateral360">
        <test-method status="PASS" signature="beforeTest()[pri:0, instance:com.provenir.automation.framework.testcases.Collateral360@53ec7c56]" name="beforeTest" is-config="true" duration-ms="40196" started-at="2015-09-19T11:24:15Z" finished-at="2015-09-19T11:24:56Z">
          <reporter-output>
          </reporter-output>
        </test-method> <!-- beforeTest -->
        <test-method status="PASS" signature="beforeMethod(java.lang.String)[pri:0, instance:com.provenir.automation.framework.testcases.Collateral360@53ec7c56]" name="beforeMethod" is-config="true" duration-ms="22" started-at="2015-09-19T11:24:56Z" finished-at="2015-09-19T11:24:56Z">
          <params>
            <param index="0">
              <value>
                <![CDATA[Firefox]]>
              </value>
            </param>
          </params>
          <reporter-output>
          </reporter-output>
        </test-method> <!-- beforeMethod -->
        <test-method status="PASS" signature="landingPage()[pri:0, instance:com.provenir.automation.framework.testcases.Collateral360@53ec7c56]" name="landingPage" is-config="true" duration-ms="46994" started-at="2015-09-19T11:24:56Z" finished-at="2015-09-19T11:25:43Z">
          <reporter-output>
          </reporter-output>
        </test-method> <!-- landingPage -->
        <test-method status="FAIL" signature="test10_verifyMandatoryDetails()[pri:0, instance:com.provenir.automation.framework.testcases.Collateral360@53ec7c56]" name="test10_verifyMandatoryDetails" duration-ms="5045" started-at="2015-09-19T11:25:43Z" finished-at="2015-09-19T11:25:48Z">
          <exception class="org.openqa.selenium.NoSuchElementException">
            <message>
              <![CDATA[Unable to locate element: {"method":"id","selector":"saveTitledMotorDetails"}
Command duration or timeout: 5.04 seconds
For documentation on this error, please visit: http://seleniumhq.org/exceptions/no_such_element.html
Build info: version: '2.46.0', revision: '87c69e2', time: '2015-06-04 16:17:10'
System info: host: 'parasharb-w7', ip: '172.27.103.84', os.name: 'Windows 7', os.arch: 'amd64', os.version: '6.1', java.version: '1.7.0_75'
*** Element info: {Using=id, value=saveTitledMotorDetails}
Session ID: 7c72692d-20c9-4345-82f1-64a13f89007c
Driver info: org.openqa.selenium.firefox.FirefoxDriver
Capabilities [{platform=WINDOWS, acceptSslCerts=true, javascriptEnabled=true, cssSelectorsEnabled=true, databaseEnabled=true, browserName=firefox, handlesAlerts=true, nativeEvents=false, webStorageEnabled=true, rotatable=false, locationContextEnabled=true, applicationCacheEnabled=true, takesScreenshot=true, version=38.0.5}]]]>
            </message>
            <full-stacktrace>
              <![CDATA[org.openqa.selenium.NoSuchElementException: Unable to locate element: {"method":"id","selector":"saveTitledMotorDetails"}
Command duration or timeout: 5.04 seconds
For documentation on this error, please visit: http://seleniumhq.org/exceptions/no_such_element.html
Build info: version: '2.46.0', revision: '87c69e2', time: '2015-06-04 16:17:10'
System info: host: 'parasharb-w7', ip: '172.27.103.84', os.name: 'Windows 7', os.arch: 'amd64', os.version: '6.1', java.version: '1.7.0_75'
*** Element info: {Using=id, value=saveTitledMotorDetails}
Session ID: 7c72692d-20c9-4345-82f1-64a13f89007c
Driver info: org.openqa.selenium.firefox.FirefoxDriver
Capabilities [{platform=WINDOWS, acceptSslCerts=true, javascriptEnabled=true, cssSelectorsEnabled=true, databaseEnabled=true, browserName=firefox, handlesAlerts=true, nativeEvents=false, webStorageEnabled=true, rotatable=false, locationContextEnabled=true, applicationCacheEnabled=true, takesScreenshot=true, version=38.0.5}]
	at sun.reflect.GeneratedConstructorAccessor19.newInstance(Unknown Source)
	at sun.reflect.DelegatingConstructorAccessorImpl.newInstance(Unknown Source)
	at java.lang.reflect.Constructor.newInstance(Unknown Source)
	at org.openqa.selenium.remote.ErrorHandler.createThrowable(ErrorHandler.java:204)
	at org.openqa.selenium.remote.ErrorHandler.throwIfResponseFailed(ErrorHandler.java:156)
	at org.openqa.selenium.remote.RemoteWebDriver.execute(RemoteWebDriver.java:605)
	at org.openqa.selenium.remote.RemoteWebDriver.findElement(RemoteWebDriver.java:358)
	at org.openqa.selenium.remote.RemoteWebDriver.findElementById(RemoteWebDriver.java:399)
	at org.openqa.selenium.By$ById.findElement(By.java:215)
	at org.openqa.selenium.remote.RemoteWebDriver.findElement(RemoteWebDriver.java:350)
	at org.openqa.selenium.support.pagefactory.DefaultElementLocator.findElement(DefaultElementLocator.java:69)
	at org.openqa.selenium.support.pagefactory.internal.LocatingElementHandler.invoke(LocatingElementHandler.java:38)
	at com.sun.proxy.$Proxy10.click(Unknown Source)
	at com.provenir.automation.framework.helper.Collateral360Helper.verifyMandatoryDetailsOnTitledMotorVehicle(Collateral360Helper.java:555)
	at com.provenir.automation.framework.testcases.Collateral360.test10_verifyMandatoryDetails(Collateral360.java:146)
	at sun.reflect.NativeMethodAccessorImpl.invoke0(Native Method)
	at sun.reflect.NativeMethodAccessorImpl.invoke(Unknown Source)
	at sun.reflect.DelegatingMethodAccessorImpl.invoke(Unknown Source)
	at java.lang.reflect.Method.invoke(Unknown Source)
	at org.testng.internal.MethodInvocationHelper.invokeMethod(MethodInvocationHelper.java:84)
	at org.testng.internal.Invoker.invokeMethod(Invoker.java:714)
	at org.testng.internal.Invoker.invokeTestMethod(Invoker.java:901)
	at org.testng.internal.Invoker.invokeTestMethods(Invoker.java:1231)
	at org.testng.internal.TestMethodWorker.invokeTestMethods(TestMethodWorker.java:127)
	at org.testng.internal.TestMethodWorker.run(TestMethodWorker.java:111)
	at org.testng.TestRunner.privateRun(TestRunner.java:767)
	at org.testng.TestRunner.run(TestRunner.java:617)
	at org.testng.SuiteRunner.runTest(SuiteRunner.java:334)
	at org.testng.SuiteRunner.access$000(SuiteRunner.java:37)
	at org.testng.SuiteRunner$SuiteWorker.run(SuiteRunner.java:368)
	at org.testng.internal.thread.ThreadUtil$2.call(ThreadUtil.java:64)
	at java.util.concurrent.FutureTask.run(Unknown Source)
	at java.util.concurrent.ThreadPoolExecutor.runWorker(Unknown Source)
	at java.util.concurrent.ThreadPoolExecutor$Worker.run(Unknown Source)
	at java.lang.Thread.run(Unknown Source)
Caused by: org.openqa.selenium.NoSuchElementException: Unable to locate element: {"method":"id","selector":"saveTitledMotorDetails"}
For documentation on this error, please visit: http://seleniumhq.org/exceptions/no_such_element.html
Build info: version: '2.46.0', revision: '87c69e2', time: '2015-06-04 16:17:10'
System info: host: 'parasharb-w7', ip: '172.27.103.84', os.name: 'Windows 7', os.arch: 'amd64', os.version: '6.1', java.version: '1.7.0_75'
Driver info: driver.version: unknown
	at <anonymous class>.FirefoxDriver.prototype.findElementInternal_(file:///C:/Users/PARASH~1/AppData/Local/Temp/anonymous3632354675533528201webdriver-profile/extensions/fxdriver@googlecode.com/components/driver-component.js:10299)
	at <anonymous class>.fxdriver.Timer.prototype.setTimeout/<.notify(file:///C:/Users/PARASH~1/AppData/Local/Temp/anonymous3632354675533528201webdriver-profile/extensions/fxdriver@googlecode.com/components/driver-component.js:603)
]]>
            </full-stacktrace>
          </exception> <!-- org.openqa.selenium.NoSuchElementException -->
          <reporter-output>
          </reporter-output>
        </test-method> <!-- test10_verifyMandatoryDetails -->
        <test-method status="PASS" signature="landingPage()[pri:0, instance:com.provenir.automation.framework.testcases.Collateral360@53ec7c56]" name="landingPage" is-config="true" duration-ms="5183" started-at="2015-09-19T11:25:48Z" finished-at="2015-09-19T11:25:53Z">
          <reporter-output>
          </reporter-output>
        </test-method> <!-- landingPage -->
        <test-method status="FAIL" signature="test11_saveOnTitledMotorVehicle()[pri:0, instance:com.provenir.automation.framework.testcases.Collateral360@53ec7c56]" name="test11_saveOnTitledMotorVehicle" duration-ms="5099" started-at="2015-09-19T11:25:53Z" finished-at="2015-09-19T11:25:58Z">
          <exception class="org.openqa.selenium.NoSuchElementException">
            <message>
              <![CDATA[Unable to locate element: {"method":"xpath","selector":".//*[@id='titledMotorGrid']/div/table/tbody/tr/td[1]/input"}
Command duration or timeout: 5.10 seconds
For documentation on this error, please visit: http://seleniumhq.org/exceptions/no_such_element.html
Build info: version: '2.46.0', revision: '87c69e2', time: '2015-06-04 16:17:10'
System info: host: 'parasharb-w7', ip: '172.27.103.84', os.name: 'Windows 7', os.arch: 'amd64', os.version: '6.1', java.version: '1.7.0_75'
*** Element info: {Using=xpath, value=.//*[@id='titledMotorGrid']/div/table/tbody/tr/td[1]/input}
Session ID: 7c72692d-20c9-4345-82f1-64a13f89007c
Driver info: org.openqa.selenium.firefox.FirefoxDriver
Capabilities [{platform=WINDOWS, acceptSslCerts=true, javascriptEnabled=true, cssSelectorsEnabled=true, databaseEnabled=true, browserName=firefox, handlesAlerts=true, nativeEvents=false, webStorageEnabled=true, rotatable=false, locationContextEnabled=true, applicationCacheEnabled=true, takesScreenshot=true, version=38.0.5}]]]>
            </message>
            <full-stacktrace>
              <![CDATA[org.openqa.selenium.NoSuchElementException: Unable to locate element: {"method":"xpath","selector":".//*[@id='titledMotorGrid']/div/table/tbody/tr/td[1]/input"}
Command duration or timeout: 5.10 seconds
For documentation on this error, please visit: http://seleniumhq.org/exceptions/no_such_element.html
Build info: version: '2.46.0', revision: '87c69e2', time: '2015-06-04 16:17:10'
System info: host: 'parasharb-w7', ip: '172.27.103.84', os.name: 'Windows 7', os.arch: 'amd64', os.version: '6.1', java.version: '1.7.0_75'
*** Element info: {Using=xpath, value=.//*[@id='titledMotorGrid']/div/table/tbody/tr/td[1]/input}
Session ID: 7c72692d-20c9-4345-82f1-64a13f89007c
Driver info: org.openqa.selenium.firefox.FirefoxDriver
Capabilities [{platform=WINDOWS, acceptSslCerts=true, javascriptEnabled=true, cssSelectorsEnabled=true, databaseEnabled=true, browserName=firefox, handlesAlerts=true, nativeEvents=false, webStorageEnabled=true, rotatable=false, locationContextEnabled=true, applicationCacheEnabled=true, takesScreenshot=true, version=38.0.5}]
	at sun.reflect.GeneratedConstructorAccessor19.newInstance(Unknown Source)
	at sun.reflect.DelegatingConstructorAccessorImpl.newInstance(Unknown Source)
	at java.lang.reflect.Constructor.newInstance(Unknown Source)
	at org.openqa.selenium.remote.ErrorHandler.createThrowable(ErrorHandler.java:204)
	at org.openqa.selenium.remote.ErrorHandler.throwIfResponseFailed(ErrorHandler.java:156)
	at org.openqa.selenium.remote.RemoteWebDriver.execute(RemoteWebDriver.java:605)
	at org.openqa.selenium.remote.RemoteWebDriver.findElement(RemoteWebDriver.java:358)
	at org.openqa.selenium.remote.RemoteWebDriver.findElementByXPath(RemoteWebDriver.java:455)
	at org.openqa.selenium.By$ByXPath.findElement(By.java:358)
	at org.openqa.selenium.remote.RemoteWebDriver.findElement(RemoteWebDriver.java:350)
	at org.openqa.selenium.support.pagefactory.DefaultElementLocator.findElement(DefaultElementLocator.java:69)
	at org.openqa.selenium.support.pagefactory.internal.LocatingElementHandler.invoke(LocatingElementHandler.java:38)
	at com.sun.proxy.$Proxy10.sendKeys(Unknown Source)
	at com.provenir.automation.framework.helper.Collateral360Helper.saveTitledMotorVehicleDetails(Collateral360Helper.java:521)
	at com.provenir.automation.framework.testcases.Collateral360.test11_saveOnTitledMotorVehicle(Collateral360.java:151)
	at sun.reflect.NativeMethodAccessorImpl.invoke0(Native Method)
	at sun.reflect.NativeMethodAccessorImpl.invoke(Unknown Source)
	at sun.reflect.DelegatingMethodAccessorImpl.invoke(Unknown Source)
	at java.lang.reflect.Method.invoke(Unknown Source)
	at org.testng.internal.MethodInvocationHelper.invokeMethod(MethodInvocationHelper.java:84)
	at org.testng.internal.Invoker.invokeMethod(Invoker.java:714)
	at org.testng.internal.Invoker.invokeTestMethod(Invoker.java:901)
	at org.testng.internal.Invoker.invokeTestMethods(Invoker.java:1231)
	at org.testng.internal.TestMethodWorker.invokeTestMethods(TestMethodWorker.java:127)
	at org.testng.internal.TestMethodWorker.run(TestMethodWorker.java:111)
	at org.testng.TestRunner.privateRun(TestRunner.java:767)
	at org.testng.TestRunner.run(TestRunner.java:617)
	at org.testng.SuiteRunner.runTest(SuiteRunner.java:334)
	at org.testng.SuiteRunner.access$000(SuiteRunner.java:37)
	at org.testng.SuiteRunner$SuiteWorker.run(SuiteRunner.java:368)
	at org.testng.internal.thread.ThreadUtil$2.call(ThreadUtil.java:64)
	at java.util.concurrent.FutureTask.run(Unknown Source)
	at java.util.concurrent.ThreadPoolExecutor.runWorker(Unknown Source)
	at java.util.concurrent.ThreadPoolExecutor$Worker.run(Unknown Source)
	at java.lang.Thread.run(Unknown Source)
Caused by: org.openqa.selenium.NoSuchElementException: Unable to locate element: {"method":"xpath","selector":".//*[@id='titledMotorGrid']/div/table/tbody/tr/td[1]/input"}
For documentation on this error, please visit: http://seleniumhq.org/exceptions/no_such_element.html
Build info: version: '2.46.0', revision: '87c69e2', time: '2015-06-04 16:17:10'
System info: host: 'parasharb-w7', ip: '172.27.103.84', os.name: 'Windows 7', os.arch: 'amd64', os.version: '6.1', java.version: '1.7.0_75'
Driver info: driver.version: unknown
	at <anonymous class>.FirefoxDriver.prototype.findElementInternal_(file:///C:/Users/PARASH~1/AppData/Local/Temp/anonymous3632354675533528201webdriver-profile/extensions/fxdriver@googlecode.com/components/driver-component.js:10299)
	at <anonymous class>.fxdriver.Timer.prototype.setTimeout/<.notify(file:///C:/Users/PARASH~1/AppData/Local/Temp/anonymous3632354675533528201webdriver-profile/extensions/fxdriver@googlecode.com/components/driver-component.js:603)
]]>
            </full-stacktrace>
          </exception> <!-- org.openqa.selenium.NoSuchElementException -->
          <reporter-output>
          </reporter-output>
        </test-method> <!-- test11_saveOnTitledMotorVehicle -->
        <test-method status="PASS" signature="landingPage()[pri:0, instance:com.provenir.automation.framework.testcases.Collateral360@53ec7c56]" name="landingPage" is-config="true" duration-ms="5079" started-at="2015-09-19T11:25:58Z" finished-at="2015-09-19T11:26:03Z">
          <reporter-output>
          </reporter-output>
        </test-method> <!-- landingPage -->
        <test-method status="FAIL" signature="test12_updateTitledMotorVehicle()[pri:0, instance:com.provenir.automation.framework.testcases.Collateral360@53ec7c56]" name="test12_updateTitledMotorVehicle" duration-ms="10276" started-at="2015-09-19T11:26:03Z" finished-at="2015-09-19T11:26:13Z">
          <exception class="org.openqa.selenium.NoSuchElementException">
            <message>
              <![CDATA[Unable to locate element: {"method":"id","selector":"editBtn"}
Command duration or timeout: 57 milliseconds
For documentation on this error, please visit: http://seleniumhq.org/exceptions/no_such_element.html
Build info: version: '2.46.0', revision: '87c69e2', time: '2015-06-04 16:17:10'
System info: host: 'parasharb-w7', ip: '172.27.103.84', os.name: 'Windows 7', os.arch: 'amd64', os.version: '6.1', java.version: '1.7.0_75'
*** Element info: {Using=id, value=editBtn}
Session ID: 7c72692d-20c9-4345-82f1-64a13f89007c
Driver info: org.openqa.selenium.firefox.FirefoxDriver
Capabilities [{platform=WINDOWS, acceptSslCerts=true, javascriptEnabled=true, cssSelectorsEnabled=true, databaseEnabled=true, browserName=firefox, handlesAlerts=true, nativeEvents=false, webStorageEnabled=true, rotatable=false, locationContextEnabled=true, applicationCacheEnabled=true, takesScreenshot=true, version=38.0.5}]]]>
            </message>
            <full-stacktrace>
              <![CDATA[org.openqa.selenium.NoSuchElementException: Unable to locate element: {"method":"id","selector":"editBtn"}
Command duration or timeout: 57 milliseconds
For documentation on this error, please visit: http://seleniumhq.org/exceptions/no_such_element.html
Build info: version: '2.46.0', revision: '87c69e2', time: '2015-06-04 16:17:10'
System info: host: 'parasharb-w7', ip: '172.27.103.84', os.name: 'Windows 7', os.arch: 'amd64', os.version: '6.1', java.version: '1.7.0_75'
*** Element info: {Using=id, value=editBtn}
Session ID: 7c72692d-20c9-4345-82f1-64a13f89007c
Driver info: org.openqa.selenium.firefox.FirefoxDriver
Capabilities [{platform=WINDOWS, acceptSslCerts=true, javascriptEnabled=true, cssSelectorsEnabled=true, databaseEnabled=true, browserName=firefox, handlesAlerts=true, nativeEvents=false, webStorageEnabled=true, rotatable=false, locationContextEnabled=true, applicationCacheEnabled=true, takesScreenshot=true, version=38.0.5}]
	at sun.reflect.GeneratedConstructorAccessor19.newInstance(Unknown Source)
	at sun.reflect.DelegatingConstructorAccessorImpl.newInstance(Unknown Source)
	at java.lang.reflect.Constructor.newInstance(Unknown Source)
	at org.openqa.selenium.remote.ErrorHandler.createThrowable(ErrorHandler.java:204)
	at org.openqa.selenium.remote.ErrorHandler.throwIfResponseFailed(ErrorHandler.java:156)
	at org.openqa.selenium.remote.RemoteWebDriver.execute(RemoteWebDriver.java:605)
	at org.openqa.selenium.remote.RemoteWebDriver.findElement(RemoteWebDriver.java:358)
	at org.openqa.selenium.remote.RemoteWebDriver.findElementById(RemoteWebDriver.java:399)
	at org.openqa.selenium.By$ById.findElement(By.java:215)
	at org.openqa.selenium.remote.RemoteWebDriver.findElement(RemoteWebDriver.java:350)
	at org.openqa.selenium.support.pagefactory.DefaultElementLocator.findElement(DefaultElementLocator.java:69)
	at org.openqa.selenium.support.pagefactory.internal.LocatingElementHandler.invoke(LocatingElementHandler.java:38)
	at com.sun.proxy.$Proxy10.click(Unknown Source)
	at com.provenir.automation.framework.helper.Collateral360Helper.clickEditOnTitledMotorVehicle(Collateral360Helper.java:512)
	at com.provenir.automation.framework.testcases.Collateral360.test12_updateTitledMotorVehicle(Collateral360.java:156)
	at sun.reflect.NativeMethodAccessorImpl.invoke0(Native Method)
	at sun.reflect.NativeMethodAccessorImpl.invoke(Unknown Source)
	at sun.reflect.DelegatingMethodAccessorImpl.invoke(Unknown Source)
	at java.lang.reflect.Method.invoke(Unknown Source)
	at org.testng.internal.MethodInvocationHelper.invokeMethod(MethodInvocationHelper.java:84)
	at org.testng.internal.Invoker.invokeMethod(Invoker.java:714)
	at org.testng.internal.Invoker.invokeTestMethod(Invoker.java:901)
	at org.testng.internal.Invoker.invokeTestMethods(Invoker.java:1231)
	at org.testng.internal.TestMethodWorker.invokeTestMethods(TestMethodWorker.java:127)
	at org.testng.internal.TestMethodWorker.run(TestMethodWorker.java:111)
	at org.testng.TestRunner.privateRun(TestRunner.java:767)
	at org.testng.TestRunner.run(TestRunner.java:617)
	at org.testng.SuiteRunner.runTest(SuiteRunner.java:334)
	at org.testng.SuiteRunner.access$000(SuiteRunner.java:37)
	at org.testng.SuiteRunner$SuiteWorker.run(SuiteRunner.java:368)
	at org.testng.internal.thread.ThreadUtil$2.call(ThreadUtil.java:64)
	at java.util.concurrent.FutureTask.run(Unknown Source)
	at java.util.concurrent.ThreadPoolExecutor.runWorker(Unknown Source)
	at java.util.concurrent.ThreadPoolExecutor$Worker.run(Unknown Source)
	at java.lang.Thread.run(Unknown Source)
Caused by: org.openqa.selenium.NoSuchElementException: Unable to locate element: {"method":"id","selector":"editBtn"}
For documentation on this error, please visit: http://seleniumhq.org/exceptions/no_such_element.html
Build info: version: '2.46.0', revision: '87c69e2', time: '2015-06-04 16:17:10'
System info: host: 'parasharb-w7', ip: '172.27.103.84', os.name: 'Windows 7', os.arch: 'amd64', os.version: '6.1', java.version: '1.7.0_75'
Driver info: driver.version: unknown
	at <anonymous class>.FirefoxDriver.prototype.findElementInternal_(file:///C:/Users/PARASH~1/AppData/Local/Temp/anonymous3632354675533528201webdriver-profile/extensions/fxdriver@googlecode.com/components/driver-component.js:10299)
	at <anonymous class>.FirefoxDriver.prototype.findElement(file:///C:/Users/PARASH~1/AppData/Local/Temp/anonymous3632354675533528201webdriver-profile/extensions/fxdriver@googlecode.com/components/driver-component.js:10308)
	at <anonymous class>.DelayedCommand.prototype.executeInternal_/h(file:///C:/Users/PARASH~1/AppData/Local/Temp/anonymous3632354675533528201webdriver-profile/extensions/fxdriver@googlecode.com/components/command-processor.js:12282)
	at <anonymous class>.DelayedCommand.prototype.executeInternal_(file:///C:/Users/PARASH~1/AppData/Local/Temp/anonymous3632354675533528201webdriver-profile/extensions/fxdriver@googlecode.com/components/command-processor.js:12287)
	at <anonymous class>.DelayedCommand.prototype.execute/<(file:///C:/Users/PARASH~1/AppData/Local/Temp/anonymous3632354675533528201webdriver-profile/extensions/fxdriver@googlecode.com/components/command-processor.js:12229)
]]>
            </full-stacktrace>
          </exception> <!-- org.openqa.selenium.NoSuchElementException -->
          <reporter-output>
          </reporter-output>
        </test-method> <!-- test12_updateTitledMotorVehicle -->
        <test-method status="PASS" signature="landingPage()[pri:0, instance:com.provenir.automation.framework.testcases.Collateral360@53ec7c56]" name="landingPage" is-config="true" duration-ms="29" started-at="2015-09-19T11:26:13Z" finished-at="2015-09-19T11:26:13Z">
          <reporter-output>
          </reporter-output>
        </test-method> <!-- landingPage -->
        <test-method status="FAIL" signature="test13_deleteTitledMotorVehicleInfo()[pri:0, instance:com.provenir.automation.framework.testcases.Collateral360@53ec7c56]" name="test13_deleteTitledMotorVehicleInfo" duration-ms="75" started-at="2015-09-19T11:26:13Z" finished-at="2015-09-19T11:26:13Z">
          <exception class="org.openqa.selenium.NoSuchElementException">
            <message>
              <![CDATA[Unable to locate element: {"method":"xpath","selector":".//*[@id='titledMotorGrid']/div/table/tbody/tr/td[6]/a"}
Command duration or timeout: 71 milliseconds
For documentation on this error, please visit: http://seleniumhq.org/exceptions/no_such_element.html
Build info: version: '2.46.0', revision: '87c69e2', time: '2015-06-04 16:17:10'
System info: host: 'parasharb-w7', ip: '172.27.103.84', os.name: 'Windows 7', os.arch: 'amd64', os.version: '6.1', java.version: '1.7.0_75'
*** Element info: {Using=xpath, value=.//*[@id='titledMotorGrid']/div/table/tbody/tr/td[6]/a}
Session ID: 7c72692d-20c9-4345-82f1-64a13f89007c
Driver info: org.openqa.selenium.firefox.FirefoxDriver
Capabilities [{platform=WINDOWS, acceptSslCerts=true, javascriptEnabled=true, cssSelectorsEnabled=true, databaseEnabled=true, browserName=firefox, handlesAlerts=true, nativeEvents=false, webStorageEnabled=true, rotatable=false, locationContextEnabled=true, applicationCacheEnabled=true, takesScreenshot=true, version=38.0.5}]]]>
            </message>
            <full-stacktrace>
              <![CDATA[org.openqa.selenium.NoSuchElementException: Unable to locate element: {"method":"xpath","selector":".//*[@id='titledMotorGrid']/div/table/tbody/tr/td[6]/a"}
Command duration or timeout: 71 milliseconds
For documentation on this error, please visit: http://seleniumhq.org/exceptions/no_such_element.html
Build info: version: '2.46.0', revision: '87c69e2', time: '2015-06-04 16:17:10'
System info: host: 'parasharb-w7', ip: '172.27.103.84', os.name: 'Windows 7', os.arch: 'amd64', os.version: '6.1', java.version: '1.7.0_75'
*** Element info: {Using=xpath, value=.//*[@id='titledMotorGrid']/div/table/tbody/tr/td[6]/a}
Session ID: 7c72692d-20c9-4345-82f1-64a13f89007c
Driver info: org.openqa.selenium.firefox.FirefoxDriver
Capabilities [{platform=WINDOWS, acceptSslCerts=true, javascriptEnabled=true, cssSelectorsEnabled=true, databaseEnabled=true, browserName=firefox, handlesAlerts=true, nativeEvents=false, webStorageEnabled=true, rotatable=false, locationContextEnabled=true, applicationCacheEnabled=true, takesScreenshot=true, version=38.0.5}]
	at sun.reflect.GeneratedConstructorAccessor19.newInstance(Unknown Source)
	at sun.reflect.DelegatingConstructorAccessorImpl.newInstance(Unknown Source)
	at java.lang.reflect.Constructor.newInstance(Unknown Source)
	at org.openqa.selenium.remote.ErrorHandler.createThrowable(ErrorHandler.java:204)
	at org.openqa.selenium.remote.ErrorHandler.throwIfResponseFailed(ErrorHandler.java:156)
	at org.openqa.selenium.remote.RemoteWebDriver.execute(RemoteWebDriver.java:605)
	at org.openqa.selenium.remote.RemoteWebDriver.findElement(RemoteWebDriver.java:358)
	at org.openqa.selenium.remote.RemoteWebDriver.findElementByXPath(RemoteWebDriver.java:455)
	at org.openqa.selenium.By$ByXPath.findElement(By.java:358)
	at org.openqa.selenium.remote.RemoteWebDriver.findElement(RemoteWebDriver.java:350)
	at org.openqa.selenium.support.pagefactory.DefaultElementLocator.findElement(DefaultElementLocator.java:69)
	at org.openqa.selenium.support.pagefactory.internal.LocatingElementHandler.invoke(LocatingElementHandler.java:38)
	at com.sun.proxy.$Proxy10.getCoordinates(Unknown Source)
	at org.openqa.selenium.interactions.internal.MouseAction.getActionLocation(MouseAction.java:51)
	at org.openqa.selenium.interactions.MoveMouseAction.perform(MoveMouseAction.java:39)
	at org.openqa.selenium.interactions.CompositeAction.perform(CompositeAction.java:50)
	at org.openqa.selenium.interactions.Actions.perform(Actions.java:371)
	at com.provenir.automation.framework.helper.Collateral360Helper.clickDeleteOnTitledMotorVehicle(Collateral360Helper.java:548)
	at com.provenir.automation.framework.testcases.Collateral360.test13_deleteTitledMotorVehicleInfo(Collateral360.java:162)
	at sun.reflect.NativeMethodAccessorImpl.invoke0(Native Method)
	at sun.reflect.NativeMethodAccessorImpl.invoke(Unknown Source)
	at sun.reflect.DelegatingMethodAccessorImpl.invoke(Unknown Source)
	at java.lang.reflect.Method.invoke(Unknown Source)
	at org.testng.internal.MethodInvocationHelper.invokeMethod(MethodInvocationHelper.java:84)
	at org.testng.internal.Invoker.invokeMethod(Invoker.java:714)
	at org.testng.internal.Invoker.invokeTestMethod(Invoker.java:901)
	at org.testng.internal.Invoker.invokeTestMethods(Invoker.java:1231)
	at org.testng.internal.TestMethodWorker.invokeTestMethods(TestMethodWorker.java:127)
	at org.testng.internal.TestMethodWorker.run(TestMethodWorker.java:111)
	at org.testng.TestRunner.privateRun(TestRunner.java:767)
	at org.testng.TestRunner.run(TestRunner.java:617)
	at org.testng.SuiteRunner.runTest(SuiteRunner.java:334)
	at org.testng.SuiteRunner.access$000(SuiteRunner.java:37)
	at org.testng.SuiteRunner$SuiteWorker.run(SuiteRunner.java:368)
	at org.testng.internal.thread.ThreadUtil$2.call(ThreadUtil.java:64)
	at java.util.concurrent.FutureTask.run(Unknown Source)
	at java.util.concurrent.ThreadPoolExecutor.runWorker(Unknown Source)
	at java.util.concurrent.ThreadPoolExecutor$Worker.run(Unknown Source)
	at java.lang.Thread.run(Unknown Source)
Caused by: org.openqa.selenium.NoSuchElementException: Unable to locate element: {"method":"xpath","selector":".//*[@id='titledMotorGrid']/div/table/tbody/tr/td[6]/a"}
For documentation on this error, please visit: http://seleniumhq.org/exceptions/no_such_element.html
Build info: version: '2.46.0', revision: '87c69e2', time: '2015-06-04 16:17:10'
System info: host: 'parasharb-w7', ip: '172.27.103.84', os.name: 'Windows 7', os.arch: 'amd64', os.version: '6.1', java.version: '1.7.0_75'
Driver info: driver.version: unknown
	at <anonymous class>.FirefoxDriver.prototype.findElementInternal_(file:///C:/Users/PARASH~1/AppData/Local/Temp/anonymous3632354675533528201webdriver-profile/extensions/fxdriver@googlecode.com/components/driver-component.js:10299)
	at <anonymous class>.FirefoxDriver.prototype.findElement(file:///C:/Users/PARASH~1/AppData/Local/Temp/anonymous3632354675533528201webdriver-profile/extensions/fxdriver@googlecode.com/components/driver-component.js:10308)
	at <anonymous class>.DelayedCommand.prototype.executeInternal_/h(file:///C:/Users/PARASH~1/AppData/Local/Temp/anonymous3632354675533528201webdriver-profile/extensions/fxdriver@googlecode.com/components/command-processor.js:12282)
	at <anonymous class>.DelayedCommand.prototype.executeInternal_(file:///C:/Users/PARASH~1/AppData/Local/Temp/anonymous3632354675533528201webdriver-profile/extensions/fxdriver@googlecode.com/components/command-processor.js:12287)
	at <anonymous class>.DelayedCommand.prototype.execute/<(file:///C:/Users/PARASH~1/AppData/Local/Temp/anonymous3632354675533528201webdriver-profile/extensions/fxdriver@googlecode.com/components/command-processor.js:12229)
]]>
            </full-stacktrace>
          </exception> <!-- org.openqa.selenium.NoSuchElementException -->
          <reporter-output>
          </reporter-output>
        </test-method> <!-- test13_deleteTitledMotorVehicleInfo -->
        <test-method status="PASS" signature="landingPage()[pri:0, instance:com.provenir.automation.framework.testcases.Collateral360@53ec7c56]" name="landingPage" is-config="true" duration-ms="22" started-at="2015-09-19T11:26:13Z" finished-at="2015-09-19T11:26:13Z">
          <reporter-output>
          </reporter-output>
        </test-method> <!-- landingPage -->
        <test-method status="FAIL" signature="test14_cancelOnTitledMotorVehicle()[pri:0, instance:com.provenir.automation.framework.testcases.Collateral360@53ec7c56]" name="test14_cancelOnTitledMotorVehicle" duration-ms="10532" started-at="2015-09-19T11:26:13Z" finished-at="2015-09-19T11:26:24Z">
          <exception class="org.openqa.selenium.NoSuchElementException">
            <message>
              <![CDATA[Unable to locate element: {"method":"id","selector":"editBtn"}
Command duration or timeout: 39 milliseconds
For documentation on this error, please visit: http://seleniumhq.org/exceptions/no_such_element.html
Build info: version: '2.46.0', revision: '87c69e2', time: '2015-06-04 16:17:10'
System info: host: 'parasharb-w7', ip: '172.27.103.84', os.name: 'Windows 7', os.arch: 'amd64', os.version: '6.1', java.version: '1.7.0_75'
*** Element info: {Using=id, value=editBtn}
Session ID: 7c72692d-20c9-4345-82f1-64a13f89007c
Driver info: org.openqa.selenium.firefox.FirefoxDriver
Capabilities [{platform=WINDOWS, acceptSslCerts=true, javascriptEnabled=true, cssSelectorsEnabled=true, databaseEnabled=true, browserName=firefox, handlesAlerts=true, nativeEvents=false, webStorageEnabled=true, rotatable=false, locationContextEnabled=true, applicationCacheEnabled=true, takesScreenshot=true, version=38.0.5}]]]>
            </message>
            <full-stacktrace>
              <![CDATA[org.openqa.selenium.NoSuchElementException: Unable to locate element: {"method":"id","selector":"editBtn"}
Command duration or timeout: 39 milliseconds
For documentation on this error, please visit: http://seleniumhq.org/exceptions/no_such_element.html
Build info: version: '2.46.0', revision: '87c69e2', time: '2015-06-04 16:17:10'
System info: host: 'parasharb-w7', ip: '172.27.103.84', os.name: 'Windows 7', os.arch: 'amd64', os.version: '6.1', java.version: '1.7.0_75'
*** Element info: {Using=id, value=editBtn}
Session ID: 7c72692d-20c9-4345-82f1-64a13f89007c
Driver info: org.openqa.selenium.firefox.FirefoxDriver
Capabilities [{platform=WINDOWS, acceptSslCerts=true, javascriptEnabled=true, cssSelectorsEnabled=true, databaseEnabled=true, browserName=firefox, handlesAlerts=true, nativeEvents=false, webStorageEnabled=true, rotatable=false, locationContextEnabled=true, applicationCacheEnabled=true, takesScreenshot=true, version=38.0.5}]
	at sun.reflect.GeneratedConstructorAccessor19.newInstance(Unknown Source)
	at sun.reflect.DelegatingConstructorAccessorImpl.newInstance(Unknown Source)
	at java.lang.reflect.Constructor.newInstance(Unknown Source)
	at org.openqa.selenium.remote.ErrorHandler.createThrowable(ErrorHandler.java:204)
	at org.openqa.selenium.remote.ErrorHandler.throwIfResponseFailed(ErrorHandler.java:156)
	at org.openqa.selenium.remote.RemoteWebDriver.execute(RemoteWebDriver.java:605)
	at org.openqa.selenium.remote.RemoteWebDriver.findElement(RemoteWebDriver.java:358)
	at org.openqa.selenium.remote.RemoteWebDriver.findElementById(RemoteWebDriver.java:399)
	at org.openqa.selenium.By$ById.findElement(By.java:215)
	at org.openqa.selenium.remote.RemoteWebDriver.findElement(RemoteWebDriver.java:350)
	at org.openqa.selenium.support.pagefactory.DefaultElementLocator.findElement(DefaultElementLocator.java:69)
	at org.openqa.selenium.support.pagefactory.internal.LocatingElementHandler.invoke(LocatingElementHandler.java:38)
	at com.sun.proxy.$Proxy10.click(Unknown Source)
	at com.provenir.automation.framework.helper.Collateral360Helper.clickEditOnTitledMotorVehicle(Collateral360Helper.java:512)
	at com.provenir.automation.framework.testcases.Collateral360.test14_cancelOnTitledMotorVehicle(Collateral360.java:167)
	at sun.reflect.NativeMethodAccessorImpl.invoke0(Native Method)
	at sun.reflect.NativeMethodAccessorImpl.invoke(Unknown Source)
	at sun.reflect.DelegatingMethodAccessorImpl.invoke(Unknown Source)
	at java.lang.reflect.Method.invoke(Unknown Source)
	at org.testng.internal.MethodInvocationHelper.invokeMethod(MethodInvocationHelper.java:84)
	at org.testng.internal.Invoker.invokeMethod(Invoker.java:714)
	at org.testng.internal.Invoker.invokeTestMethod(Invoker.java:901)
	at org.testng.internal.Invoker.invokeTestMethods(Invoker.java:1231)
	at org.testng.internal.TestMethodWorker.invokeTestMethods(TestMethodWorker.java:127)
	at org.testng.internal.TestMethodWorker.run(TestMethodWorker.java:111)
	at org.testng.TestRunner.privateRun(TestRunner.java:767)
	at org.testng.TestRunner.run(TestRunner.java:617)
	at org.testng.SuiteRunner.runTest(SuiteRunner.java:334)
	at org.testng.SuiteRunner.access$000(SuiteRunner.java:37)
	at org.testng.SuiteRunner$SuiteWorker.run(SuiteRunner.java:368)
	at org.testng.internal.thread.ThreadUtil$2.call(ThreadUtil.java:64)
	at java.util.concurrent.FutureTask.run(Unknown Source)
	at java.util.concurrent.ThreadPoolExecutor.runWorker(Unknown Source)
	at java.util.concurrent.ThreadPoolExecutor$Worker.run(Unknown Source)
	at java.lang.Thread.run(Unknown Source)
Caused by: org.openqa.selenium.NoSuchElementException: Unable to locate element: {"method":"id","selector":"editBtn"}
For documentation on this error, please visit: http://seleniumhq.org/exceptions/no_such_element.html
Build info: version: '2.46.0', revision: '87c69e2', time: '2015-06-04 16:17:10'
System info: host: 'parasharb-w7', ip: '172.27.103.84', os.name: 'Windows 7', os.arch: 'amd64', os.version: '6.1', java.version: '1.7.0_75'
Driver info: driver.version: unknown
	at <anonymous class>.FirefoxDriver.prototype.findElementInternal_(file:///C:/Users/PARASH~1/AppData/Local/Temp/anonymous3632354675533528201webdriver-profile/extensions/fxdriver@googlecode.com/components/driver-component.js:10299)
	at <anonymous class>.FirefoxDriver.prototype.findElement(file:///C:/Users/PARASH~1/AppData/Local/Temp/anonymous3632354675533528201webdriver-profile/extensions/fxdriver@googlecode.com/components/driver-component.js:10308)
	at <anonymous class>.DelayedCommand.prototype.executeInternal_/h(file:///C:/Users/PARASH~1/AppData/Local/Temp/anonymous3632354675533528201webdriver-profile/extensions/fxdriver@googlecode.com/components/command-processor.js:12282)
	at <anonymous class>.DelayedCommand.prototype.executeInternal_(file:///C:/Users/PARASH~1/AppData/Local/Temp/anonymous3632354675533528201webdriver-profile/extensions/fxdriver@googlecode.com/components/command-processor.js:12287)
	at <anonymous class>.DelayedCommand.prototype.execute/<(file:///C:/Users/PARASH~1/AppData/Local/Temp/anonymous3632354675533528201webdriver-profile/extensions/fxdriver@googlecode.com/components/command-processor.js:12229)
]]>
            </full-stacktrace>
          </exception> <!-- org.openqa.selenium.NoSuchElementException -->
          <reporter-output>
          </reporter-output>
        </test-method> <!-- test14_cancelOnTitledMotorVehicle -->
        <test-method status="PASS" signature="landingPage()[pri:0, instance:com.provenir.automation.framework.testcases.Collateral360@53ec7c56]" name="landingPage" is-config="true" duration-ms="29" started-at="2015-09-19T11:26:24Z" finished-at="2015-09-19T11:26:24Z">
          <reporter-output>
          </reporter-output>
        </test-method> <!-- landingPage -->
        <test-method status="PASS" signature="test1_gotoCollateral360()[pri:0, instance:com.provenir.automation.framework.testcases.Collateral360@53ec7c56]" name="test1_gotoCollateral360" duration-ms="62208" started-at="2015-09-19T11:26:24Z" finished-at="2015-09-19T11:27:26Z">
          <reporter-output>
          </reporter-output>
        </test-method> <!-- test1_gotoCollateral360 -->
        <test-method status="PASS" signature="landingPage()[pri:0, instance:com.provenir.automation.framework.testcases.Collateral360@53ec7c56]" name="landingPage" is-config="true" duration-ms="5088" started-at="2015-09-19T11:27:26Z" finished-at="2015-09-19T11:27:31Z">
          <reporter-output>
          </reporter-output>
        </test-method> <!-- landingPage -->
        <test-method status="PASS" signature="test2_verifyCollateralTitle()[pri:0, instance:com.provenir.automation.framework.testcases.Collateral360@53ec7c56]" name="test2_verifyCollateralTitle" duration-ms="10369" started-at="2015-09-19T11:27:31Z" finished-at="2015-09-19T11:27:42Z">
          <reporter-output>
          </reporter-output>
        </test-method> <!-- test2_verifyCollateralTitle -->
        <test-method status="PASS" signature="landingPage()[pri:0, instance:com.provenir.automation.framework.testcases.Collateral360@53ec7c56]" name="landingPage" is-config="true" duration-ms="43" started-at="2015-09-19T11:27:42Z" finished-at="2015-09-19T11:27:42Z">
          <reporter-output>
          </reporter-output>
        </test-method> <!-- landingPage -->
        <test-method status="PASS" signature="test3_saveCollateralDetails()[pri:0, instance:com.provenir.automation.framework.testcases.Collateral360@53ec7c56]" name="test3_saveCollateralDetails" duration-ms="63859" started-at="2015-09-19T11:27:42Z" finished-at="2015-09-19T11:28:46Z">
          <reporter-output>
          </reporter-output>
        </test-method> <!-- test3_saveCollateralDetails -->
        <test-method status="PASS" signature="landingPage()[pri:0, instance:com.provenir.automation.framework.testcases.Collateral360@53ec7c56]" name="landingPage" is-config="true" duration-ms="5093" started-at="2015-09-19T11:28:46Z" finished-at="2015-09-19T11:28:51Z">
          <reporter-output>
          </reporter-output>
        </test-method> <!-- landingPage -->
        <test-method status="PASS" signature="test4_verifyLeftHandNavigationForVehicle()[pri:0, instance:com.provenir.automation.framework.testcases.Collateral360@53ec7c56]" name="test4_verifyLeftHandNavigationForVehicle" duration-ms="25789" started-at="2015-09-19T11:28:51Z" finished-at="2015-09-19T11:29:16Z">
          <reporter-output>
          </reporter-output>
        </test-method> <!-- test4_verifyLeftHandNavigationForVehicle -->
        <test-method status="PASS" signature="landingPage()[pri:0, instance:com.provenir.automation.framework.testcases.Collateral360@53ec7c56]" name="landingPage" is-config="true" duration-ms="5097" started-at="2015-09-19T11:29:16Z" finished-at="2015-09-19T11:29:22Z">
          <reporter-output>
          </reporter-output>
        </test-method> <!-- landingPage -->
        <test-method status="PASS" signature="test5_verifyLeftHandNavigationForShares()[pri:0, instance:com.provenir.automation.framework.testcases.Collateral360@53ec7c56]" name="test5_verifyLeftHandNavigationForShares" duration-ms="25578" started-at="2015-09-19T11:29:22Z" finished-at="2015-09-19T11:29:47Z">
          <reporter-output>
          </reporter-output>
        </test-method> <!-- test5_verifyLeftHandNavigationForShares -->
        <test-method status="PASS" signature="landingPage()[pri:0, instance:com.provenir.automation.framework.testcases.Collateral360@53ec7c56]" name="landingPage" is-config="true" duration-ms="5084" started-at="2015-09-19T11:29:47Z" finished-at="2015-09-19T11:29:52Z">
          <reporter-output>
          </reporter-output>
        </test-method> <!-- landingPage -->
        <test-method status="PASS" signature="test6_verifyLeftHandNavigationForAccountsReceivable()[pri:0, instance:com.provenir.automation.framework.testcases.Collateral360@53ec7c56]" name="test6_verifyLeftHandNavigationForAccountsReceivable" duration-ms="25950" started-at="2015-09-19T11:29:52Z" finished-at="2015-09-19T11:30:18Z">
          <reporter-output>
          </reporter-output>
        </test-method> <!-- test6_verifyLeftHandNavigationForAccountsReceivable -->
        <test-method status="PASS" signature="landingPage()[pri:0, instance:com.provenir.automation.framework.testcases.Collateral360@53ec7c56]" name="landingPage" is-config="true" duration-ms="5166" started-at="2015-09-19T11:30:18Z" finished-at="2015-09-19T11:30:23Z">
          <reporter-output>
          </reporter-output>
        </test-method> <!-- landingPage -->
        <test-method status="PASS" signature="test7_verifyLeftHandNavigationForRealEstate()[pri:0, instance:com.provenir.automation.framework.testcases.Collateral360@53ec7c56]" name="test7_verifyLeftHandNavigationForRealEstate" duration-ms="28576" started-at="2015-09-19T11:30:23Z" finished-at="2015-09-19T11:30:52Z">
          <reporter-output>
          </reporter-output>
        </test-method> <!-- test7_verifyLeftHandNavigationForRealEstate -->
        <test-method status="PASS" signature="landingPage()[pri:0, instance:com.provenir.automation.framework.testcases.Collateral360@53ec7c56]" name="landingPage" is-config="true" duration-ms="5095" started-at="2015-09-19T11:30:52Z" finished-at="2015-09-19T11:30:57Z">
          <reporter-output>
          </reporter-output>
        </test-method> <!-- landingPage -->
        <test-method status="FAIL" signature="test8_saveCollateralDetailsAsVehicle()[pri:0, instance:com.provenir.automation.framework.testcases.Collateral360@53ec7c56]" name="test8_saveCollateralDetailsAsVehicle" duration-ms="47081" started-at="2015-09-19T11:30:57Z" finished-at="2015-09-19T11:31:44Z">
          <exception class="org.openqa.selenium.ElementNotVisibleException">
            <message>
              <![CDATA[Element is not currently visible and so may not be interacted with
Command duration or timeout: 5.10 seconds
Build info: version: '2.46.0', revision: '87c69e2', time: '2015-06-04 16:17:10'
System info: host: 'parasharb-w7', ip: '172.27.103.84', os.name: 'Windows 7', os.arch: 'amd64', os.version: '6.1', java.version: '1.7.0_75'
Session ID: 7c72692d-20c9-4345-82f1-64a13f89007c
Driver info: org.openqa.selenium.firefox.FirefoxDriver
Capabilities [{platform=WINDOWS, acceptSslCerts=true, javascriptEnabled=true, cssSelectorsEnabled=true, databaseEnabled=true, browserName=firefox, handlesAlerts=true, nativeEvents=false, webStorageEnabled=true, rotatable=false, locationContextEnabled=true, applicationCacheEnabled=true, takesScreenshot=true, version=38.0.5}]]]>
            </message>
            <full-stacktrace>
              <![CDATA[org.openqa.selenium.ElementNotVisibleException: Element is not currently visible and so may not be interacted with
Command duration or timeout: 5.10 seconds
Build info: version: '2.46.0', revision: '87c69e2', time: '2015-06-04 16:17:10'
System info: host: 'parasharb-w7', ip: '172.27.103.84', os.name: 'Windows 7', os.arch: 'amd64', os.version: '6.1', java.version: '1.7.0_75'
Session ID: 7c72692d-20c9-4345-82f1-64a13f89007c
Driver info: org.openqa.selenium.firefox.FirefoxDriver
Capabilities [{platform=WINDOWS, acceptSslCerts=true, javascriptEnabled=true, cssSelectorsEnabled=true, databaseEnabled=true, browserName=firefox, handlesAlerts=true, nativeEvents=false, webStorageEnabled=true, rotatable=false, locationContextEnabled=true, applicationCacheEnabled=true, takesScreenshot=true, version=38.0.5}]
	at sun.reflect.NativeConstructorAccessorImpl.newInstance0(Native Method)
	at sun.reflect.NativeConstructorAccessorImpl.newInstance(Unknown Source)
	at sun.reflect.DelegatingConstructorAccessorImpl.newInstance(Unknown Source)
	at java.lang.reflect.Constructor.newInstance(Unknown Source)
	at org.openqa.selenium.remote.ErrorHandler.createThrowable(ErrorHandler.java:204)
	at org.openqa.selenium.remote.ErrorHandler.throwIfResponseFailed(ErrorHandler.java:156)
	at org.openqa.selenium.remote.RemoteWebDriver.execute(RemoteWebDriver.java:605)
	at org.openqa.selenium.remote.RemoteWebElement.execute(RemoteWebElement.java:269)
	at org.openqa.selenium.remote.RemoteWebElement.sendKeys(RemoteWebElement.java:90)
	at sun.reflect.GeneratedMethodAccessor3.invoke(Unknown Source)
	at sun.reflect.DelegatingMethodAccessorImpl.invoke(Unknown Source)
	at java.lang.reflect.Method.invoke(Unknown Source)
	at org.openqa.selenium.support.pagefactory.internal.LocatingElementHandler.invoke(LocatingElementHandler.java:51)
	at com.sun.proxy.$Proxy10.sendKeys(Unknown Source)
	at com.provenir.automation.framework.helper.Collateral360Helper.enterCity(Collateral360Helper.java:321)
	at com.provenir.automation.framework.testcases.Collateral360.test8_saveCollateralDetailsAsVehicle(Collateral360.java:125)
	at sun.reflect.NativeMethodAccessorImpl.invoke0(Native Method)
	at sun.reflect.NativeMethodAccessorImpl.invoke(Unknown Source)
	at sun.reflect.DelegatingMethodAccessorImpl.invoke(Unknown Source)
	at java.lang.reflect.Method.invoke(Unknown Source)
	at org.testng.internal.MethodInvocationHelper.invokeMethod(MethodInvocationHelper.java:84)
	at org.testng.internal.Invoker.invokeMethod(Invoker.java:714)
	at org.testng.internal.Invoker.invokeTestMethod(Invoker.java:901)
	at org.testng.internal.Invoker.invokeTestMethods(Invoker.java:1231)
	at org.testng.internal.TestMethodWorker.invokeTestMethods(TestMethodWorker.java:127)
	at org.testng.internal.TestMethodWorker.run(TestMethodWorker.java:111)
	at org.testng.TestRunner.privateRun(TestRunner.java:767)
	at org.testng.TestRunner.run(TestRunner.java:617)
	at org.testng.SuiteRunner.runTest(SuiteRunner.java:334)
	at org.testng.SuiteRunner.access$000(SuiteRunner.java:37)
	at org.testng.SuiteRunner$SuiteWorker.run(SuiteRunner.java:368)
	at org.testng.internal.thread.ThreadUtil$2.call(ThreadUtil.java:64)
	at java.util.concurrent.FutureTask.run(Unknown Source)
	at java.util.concurrent.ThreadPoolExecutor.runWorker(Unknown Source)
	at java.util.concurrent.ThreadPoolExecutor$Worker.run(Unknown Source)
	at java.lang.Thread.run(Unknown Source)
Caused by: org.openqa.selenium.ElementNotVisibleException: Element is not currently visible and so may not be interacted with
Build info: version: '2.46.0', revision: '87c69e2', time: '2015-06-04 16:17:10'
System info: host: 'parasharb-w7', ip: '172.27.103.84', os.name: 'Windows 7', os.arch: 'amd64', os.version: '6.1', java.version: '1.7.0_75'
Driver info: driver.version: unknown
	at <anonymous class>.fxdriver.preconditions.visible(file:///C:/Users/PARASH~1/AppData/Local/Temp/anonymous3632354675533528201webdriver-profile/extensions/fxdriver@googlecode.com/components/command-processor.js:9615)
	at <anonymous class>.DelayedCommand.prototype.checkPreconditions_(file:///C:/Users/PARASH~1/AppData/Local/Temp/anonymous3632354675533528201webdriver-profile/extensions/fxdriver@googlecode.com/components/command-processor.js:12265)
	at <anonymous class>.DelayedCommand.prototype.executeInternal_/h(file:///C:/Users/PARASH~1/AppData/Local/Temp/anonymous3632354675533528201webdriver-profile/extensions/fxdriver@googlecode.com/components/command-processor.js:12282)
	at <anonymous class>.fxdriver.Timer.prototype.setTimeout/<.notify(file:///C:/Users/PARASH~1/AppData/Local/Temp/anonymous3632354675533528201webdriver-profile/extensions/fxdriver@googlecode.com/components/command-processor.js:603)
]]>
            </full-stacktrace>
          </exception> <!-- org.openqa.selenium.ElementNotVisibleException -->
          <reporter-output>
          </reporter-output>
        </test-method> <!-- test8_saveCollateralDetailsAsVehicle -->
        <test-method status="PASS" signature="landingPage()[pri:0, instance:com.provenir.automation.framework.testcases.Collateral360@53ec7c56]" name="landingPage" is-config="true" duration-ms="5113" started-at="2015-09-19T11:31:44Z" finished-at="2015-09-19T11:31:49Z">
          <reporter-output>
          </reporter-output>
        </test-method> <!-- landingPage -->
        <test-method status="FAIL" signature="test9_verifyActionMenuDisplayed()[pri:0, instance:com.provenir.automation.framework.testcases.Collateral360@53ec7c56]" name="test9_verifyActionMenuDisplayed" duration-ms="20520" started-at="2015-09-19T11:31:49Z" finished-at="2015-09-19T11:32:10Z">
          <exception class="org.openqa.selenium.ElementNotVisibleException">
            <message>
              <![CDATA[Element is not currently visible and so may not be interacted with
Command duration or timeout: 13 milliseconds
Build info: version: '2.46.0', revision: '87c69e2', time: '2015-06-04 16:17:10'
System info: host: 'parasharb-w7', ip: '172.27.103.84', os.name: 'Windows 7', os.arch: 'amd64', os.version: '6.1', java.version: '1.7.0_75'
Session ID: 7c72692d-20c9-4345-82f1-64a13f89007c
Driver info: org.openqa.selenium.firefox.FirefoxDriver
Capabilities [{platform=WINDOWS, acceptSslCerts=true, javascriptEnabled=true, cssSelectorsEnabled=true, databaseEnabled=true, browserName=firefox, handlesAlerts=true, nativeEvents=false, webStorageEnabled=true, rotatable=false, locationContextEnabled=true, applicationCacheEnabled=true, takesScreenshot=true, version=38.0.5}]]]>
            </message>
            <full-stacktrace>
              <![CDATA[org.openqa.selenium.ElementNotVisibleException: Element is not currently visible and so may not be interacted with
Command duration or timeout: 13 milliseconds
Build info: version: '2.46.0', revision: '87c69e2', time: '2015-06-04 16:17:10'
System info: host: 'parasharb-w7', ip: '172.27.103.84', os.name: 'Windows 7', os.arch: 'amd64', os.version: '6.1', java.version: '1.7.0_75'
Session ID: 7c72692d-20c9-4345-82f1-64a13f89007c
Driver info: org.openqa.selenium.firefox.FirefoxDriver
Capabilities [{platform=WINDOWS, acceptSslCerts=true, javascriptEnabled=true, cssSelectorsEnabled=true, databaseEnabled=true, browserName=firefox, handlesAlerts=true, nativeEvents=false, webStorageEnabled=true, rotatable=false, locationContextEnabled=true, applicationCacheEnabled=true, takesScreenshot=true, version=38.0.5}]
	at sun.reflect.NativeConstructorAccessorImpl.newInstance0(Native Method)
	at sun.reflect.NativeConstructorAccessorImpl.newInstance(Unknown Source)
	at sun.reflect.DelegatingConstructorAccessorImpl.newInstance(Unknown Source)
	at java.lang.reflect.Constructor.newInstance(Unknown Source)
	at org.openqa.selenium.remote.ErrorHandler.createThrowable(ErrorHandler.java:204)
	at org.openqa.selenium.remote.ErrorHandler.throwIfResponseFailed(ErrorHandler.java:156)
	at org.openqa.selenium.remote.RemoteWebDriver.execute(RemoteWebDriver.java:605)
	at org.openqa.selenium.remote.RemoteWebElement.execute(RemoteWebElement.java:269)
	at org.openqa.selenium.remote.RemoteWebElement.click(RemoteWebElement.java:80)
	at sun.reflect.GeneratedMethodAccessor2.invoke(Unknown Source)
	at sun.reflect.DelegatingMethodAccessorImpl.invoke(Unknown Source)
	at java.lang.reflect.Method.invoke(Unknown Source)
	at org.openqa.selenium.support.pagefactory.internal.LocatingElementHandler.invoke(LocatingElementHandler.java:51)
	at com.sun.proxy.$Proxy10.click(Unknown Source)
	at com.provenir.automation.framework.helper.Collateral360Helper.clickOnTitledMotorVehicleSection(Collateral360Helper.java:506)
	at com.provenir.automation.framework.testcases.Collateral360.test9_verifyActionMenuDisplayed(Collateral360.java:138)
	at sun.reflect.NativeMethodAccessorImpl.invoke0(Native Method)
	at sun.reflect.NativeMethodAccessorImpl.invoke(Unknown Source)
	at sun.reflect.DelegatingMethodAccessorImpl.invoke(Unknown Source)
	at java.lang.reflect.Method.invoke(Unknown Source)
	at org.testng.internal.MethodInvocationHelper.invokeMethod(MethodInvocationHelper.java:84)
	at org.testng.internal.Invoker.invokeMethod(Invoker.java:714)
	at org.testng.internal.Invoker.invokeTestMethod(Invoker.java:901)
	at org.testng.internal.Invoker.invokeTestMethods(Invoker.java:1231)
	at org.testng.internal.TestMethodWorker.invokeTestMethods(TestMethodWorker.java:127)
	at org.testng.internal.TestMethodWorker.run(TestMethodWorker.java:111)
	at org.testng.TestRunner.privateRun(TestRunner.java:767)
	at org.testng.TestRunner.run(TestRunner.java:617)
	at org.testng.SuiteRunner.runTest(SuiteRunner.java:334)
	at org.testng.SuiteRunner.access$000(SuiteRunner.java:37)
	at org.testng.SuiteRunner$SuiteWorker.run(SuiteRunner.java:368)
	at org.testng.internal.thread.ThreadUtil$2.call(ThreadUtil.java:64)
	at java.util.concurrent.FutureTask.run(Unknown Source)
	at java.util.concurrent.ThreadPoolExecutor.runWorker(Unknown Source)
	at java.util.concurrent.ThreadPoolExecutor$Worker.run(Unknown Source)
	at java.lang.Thread.run(Unknown Source)
Caused by: org.openqa.selenium.ElementNotVisibleException: Element is not currently visible and so may not be interacted with
Build info: version: '2.46.0', revision: '87c69e2', time: '2015-06-04 16:17:10'
System info: host: 'parasharb-w7', ip: '172.27.103.84', os.name: 'Windows 7', os.arch: 'amd64', os.version: '6.1', java.version: '1.7.0_75'
Driver info: driver.version: unknown
	at <anonymous class>.fxdriver.preconditions.visible(file:///C:/Users/PARASH~1/AppData/Local/Temp/anonymous3632354675533528201webdriver-profile/extensions/fxdriver@googlecode.com/components/command-processor.js:9615)
	at <anonymous class>.DelayedCommand.prototype.checkPreconditions_(file:///C:/Users/PARASH~1/AppData/Local/Temp/anonymous3632354675533528201webdriver-profile/extensions/fxdriver@googlecode.com/components/command-processor.js:12265)
	at <anonymous class>.DelayedCommand.prototype.executeInternal_/h(file:///C:/Users/PARASH~1/AppData/Local/Temp/anonymous3632354675533528201webdriver-profile/extensions/fxdriver@googlecode.com/components/command-processor.js:12282)
	at <anonymous class>.DelayedCommand.prototype.executeInternal_(file:///C:/Users/PARASH~1/AppData/Local/Temp/anonymous3632354675533528201webdriver-profile/extensions/fxdriver@googlecode.com/components/command-processor.js:12287)
	at <anonymous class>.DelayedCommand.prototype.execute/<(file:///C:/Users/PARASH~1/AppData/Local/Temp/anonymous3632354675533528201webdriver-profile/extensions/fxdriver@googlecode.com/components/command-processor.js:12229)
]]>
            </full-stacktrace>
          </exception> <!-- org.openqa.selenium.ElementNotVisibleException -->
          <reporter-output>
          </reporter-output>
        </test-method> <!-- test9_verifyActionMenuDisplayed -->
      </class> <!-- com.provenir.automation.framework.testcases.Collateral360 -->
    </test> <!-- Firefox Test -->
  </suite> <!-- Automation test suite -->
</testng-results>
