<?xml version="1.0" encoding="UTF-8"?>
<testng-results skipped="0" failed="0" total="13" passed="13">
  <reporter-output>
  </reporter-output>
  <suite name="Automation test suite" duration-ms="114571" started-at="2015-12-21T05:09:18Z" finished-at="2015-12-21T05:11:12Z">
    <groups>
    </groups>
    <test name="Firefox Test" duration-ms="114571" started-at="2015-12-21T05:09:18Z" finished-at="2015-12-21T05:11:12Z">
      <class name="com.provenir.automation.framework.testcases.FilteredQueues">
        <test-method status="PASS" signature="initialize()[pri:0, instance:com.provenir.automation.framework.testcases.FilteredQueues@29240739]" name="initialize" is-config="true" duration-ms="44" started-at="2015-12-21T10:39:18Z" finished-at="2015-12-21T10:39:18Z">
          <reporter-output>
          </reporter-output>
        </test-method> <!-- initialize -->
        <test-method status="PASS" signature="beforeTest()[pri:0, instance:com.provenir.automation.framework.testcases.FilteredQueues@29240739]" name="beforeTest" is-config="true" duration-ms="25533" started-at="2015-12-21T10:39:18Z" finished-at="2015-12-21T10:39:43Z">
          <reporter-output>
          </reporter-output>
        </test-method> <!-- beforeTest -->
        <test-method status="PASS" signature="beforeMethod(java.lang.String)[pri:0, instance:com.provenir.automation.framework.testcases.FilteredQueues@29240739]" name="beforeMethod" is-config="true" duration-ms="67" started-at="2015-12-21T10:39:43Z" finished-at="2015-12-21T10:39:43Z">
          <params>
            <param index="0">
              <value>
                <![CDATA[Firefox]]>
              </value>
            </param>
          </params>
          <reporter-output>
          </reporter-output>
        </test-method> <!-- beforeMethod -->
        <test-method status="PASS" signature="test1_landingPage()[pri:0, instance:com.provenir.automation.framework.testcases.FilteredQueues@29240739]" name="test1_landingPage" duration-ms="36182" started-at="2015-12-21T10:39:43Z" finished-at="2015-12-21T10:40:20Z">
          <reporter-output>
          </reporter-output>
        </test-method> <!-- test1_landingPage -->
        <test-method status="PASS" signature="test2_verifyFiltersOnMyRequestsPage()[pri:0, instance:com.provenir.automation.framework.testcases.FilteredQueues@29240739]" name="test2_verifyFiltersOnMyRequestsPage" duration-ms="471" started-at="2015-12-21T10:40:20Z" finished-at="2015-12-21T10:40:20Z">
          <reporter-output>
          </reporter-output>
        </test-method> <!-- test2_verifyFiltersOnMyRequestsPage -->
        <test-method status="PASS" signature="test3_verifyDefaultValuesOfFilters()[pri:0, instance:com.provenir.automation.framework.testcases.FilteredQueues@29240739]" name="test3_verifyDefaultValuesOfFilters" duration-ms="41" started-at="2015-12-21T10:40:20Z" finished-at="2015-12-21T10:40:20Z">
          <reporter-output>
          </reporter-output>
        </test-method> <!-- test3_verifyDefaultValuesOfFilters -->
        <test-method status="PASS" signature="test4_verifyFiltersFunctionality()[pri:0, instance:com.provenir.automation.framework.testcases.FilteredQueues@29240739]" name="test4_verifyFiltersFunctionality" duration-ms="3940" started-at="2015-12-21T10:40:20Z" finished-at="2015-12-21T10:40:24Z">
          <reporter-output>
          </reporter-output>
        </test-method> <!-- test4_verifyFiltersFunctionality -->
        <test-method status="PASS" signature="test5_verifyInitialWorkflowStatusOfNewlyCreatedRequest()[pri:0, instance:com.provenir.automation.framework.testcases.FilteredQueues@29240739]" name="test5_verifyInitialWorkflowStatusOfNewlyCreatedRequest" duration-ms="17053" started-at="2015-12-21T10:40:24Z" finished-at="2015-12-21T10:40:41Z">
          <reporter-output>
          </reporter-output>
        </test-method> <!-- test5_verifyInitialWorkflowStatusOfNewlyCreatedRequest -->
        <test-method status="PASS" signature="test6_verifyInitialDecisionStatusOfNewlyCreatedRequest()[pri:0, instance:com.provenir.automation.framework.testcases.FilteredQueues@29240739]" name="test6_verifyInitialDecisionStatusOfNewlyCreatedRequest" duration-ms="8823" started-at="2015-12-21T10:40:41Z" finished-at="2015-12-21T10:40:50Z">
          <reporter-output>
          </reporter-output>
        </test-method> <!-- test6_verifyInitialDecisionStatusOfNewlyCreatedRequest -->
        <test-method status="PASS" signature="test7_verifyReqCount()[pri:0, instance:com.provenir.automation.framework.testcases.FilteredQueues@29240739]" name="test7_verifyReqCount" duration-ms="60" started-at="2015-12-21T10:40:50Z" finished-at="2015-12-21T10:40:50Z">
          <reporter-output>
          </reporter-output>
        </test-method> <!-- test7_verifyReqCount -->
        <test-method status="PASS" signature="test8_verifyExpandAllOnMyReqPage()[pri:0, instance:com.provenir.automation.framework.testcases.FilteredQueues@29240739]" name="test8_verifyExpandAllOnMyReqPage" duration-ms="100" started-at="2015-12-21T10:40:50Z" finished-at="2015-12-21T10:40:50Z">
          <reporter-output>
          </reporter-output>
        </test-method> <!-- test8_verifyExpandAllOnMyReqPage -->
        <test-method status="PASS" signature="test9_verifyHeaderOnTMActAsHyperlink()[pri:0, instance:com.provenir.automation.framework.testcases.FilteredQueues@29240739]" name="test9_verifyHeaderOnTMActAsHyperlink" duration-ms="20117" started-at="2015-12-21T10:40:50Z" finished-at="2015-12-21T10:41:10Z">
          <reporter-output>
          </reporter-output>
        </test-method> <!-- test9_verifyHeaderOnTMActAsHyperlink -->
        <test-method status="PASS" signature="test10_verifyWorkflowExpandedOrNot()[pri:0, instance:com.provenir.automation.framework.testcases.FilteredQueues@29240739]" name="test10_verifyWorkflowExpandedOrNot" duration-ms="1820" started-at="2015-12-21T10:41:10Z" finished-at="2015-12-21T10:41:12Z">
          <reporter-output>
          </reporter-output>
        </test-method> <!-- test10_verifyWorkflowExpandedOrNot -->
        <test-method status="PASS" signature="test11_verifyTaskListDisplayedOnExpanding()[pri:0, instance:com.provenir.automation.framework.testcases.FilteredQueues@29240739]" name="test11_verifyTaskListDisplayedOnExpanding" duration-ms="112" started-at="2015-12-21T10:41:12Z" finished-at="2015-12-21T10:41:12Z">
          <reporter-output>
          </reporter-output>
        </test-method> <!-- test11_verifyTaskListDisplayedOnExpanding -->
        <test-method status="PASS" signature="test12_verifyExpandBtnAgainstEachTask()[pri:0, instance:com.provenir.automation.framework.testcases.FilteredQueues@29240739]" name="test12_verifyExpandBtnAgainstEachTask" duration-ms="120" started-at="2015-12-21T10:41:12Z" finished-at="2015-12-21T10:41:12Z">
          <reporter-output>
          </reporter-output>
        </test-method> <!-- test12_verifyExpandBtnAgainstEachTask -->
        <test-method status="PASS" signature="test13_verifyCollapseAllFunctionality()[pri:0, instance:com.provenir.automation.framework.testcases.FilteredQueues@29240739]" name="test13_verifyCollapseAllFunctionality" duration-ms="98" started-at="2015-12-21T10:41:12Z" finished-at="2015-12-21T10:41:12Z">
          <reporter-output>
          </reporter-output>
        </test-method> <!-- test13_verifyCollapseAllFunctionality -->
        <test-method status="PASS" signature="tearDown()[pri:0, instance:com.provenir.automation.framework.testcases.FilteredQueues@29240739]" name="tearDown" is-config="true" duration-ms="4228" started-at="2015-12-21T10:41:12Z" finished-at="2015-12-21T10:41:17Z">
          <reporter-output>
          </reporter-output>
        </test-method> <!-- tearDown -->
      </class> <!-- com.provenir.automation.framework.testcases.FilteredQueues -->
    </test> <!-- Firefox Test -->
  </suite> <!-- Automation test suite -->
</testng-results>
