<?xml version="1.0" encoding="UTF-8"?>
<testng-results skipped="0" failed="0" total="8" passed="8">
  <reporter-output>
  </reporter-output>
  <suite name="Automation test suite" duration-ms="163470" started-at="2015-09-10T18:07:26Z" finished-at="2015-09-10T18:10:10Z">
    <groups>
    </groups>
    <test name="Chrome Test" duration-ms="143690" started-at="2015-09-10T18:07:26Z" finished-at="2015-09-10T18:09:50Z">
      <class name="com.provenir.automation.framework.testcases.Credit360">
        <test-method status="PASS" signature="initialize()[pri:0, instance:com.provenir.automation.framework.testcases.Credit360@5bbd46e4]" name="initialize" is-config="true" duration-ms="47" started-at="2015-09-10T14:07:26Z" finished-at="2015-09-10T14:07:26Z">
          <reporter-output>
          </reporter-output>
        </test-method> <!-- initialize -->
        <test-method status="PASS" signature="beforeTest()[pri:0, instance:com.provenir.automation.framework.testcases.Credit360@5bbd46e4]" name="beforeTest" is-config="true" duration-ms="93031" started-at="2015-09-10T14:07:26Z" finished-at="2015-09-10T14:08:59Z">
          <reporter-output>
          </reporter-output>
        </test-method> <!-- beforeTest -->
        <test-method status="PASS" signature="beforeMethod(java.lang.String)[pri:0, instance:com.provenir.automation.framework.testcases.Credit360@5bbd46e4]" name="beforeMethod" is-config="true" duration-ms="6" started-at="2015-09-10T14:08:59Z" finished-at="2015-09-10T14:08:59Z">
          <params>
            <param index="0">
              <value>
                <![CDATA[Chrome]]>
              </value>
            </param>
          </params>
          <reporter-output>
          </reporter-output>
        </test-method> <!-- beforeMethod -->
        <test-method status="PASS" signature="landingPage()[pri:0, instance:com.provenir.automation.framework.testcases.Credit360@5bbd46e4]" name="landingPage" is-config="true" duration-ms="50637" started-at="2015-09-10T14:08:59Z" finished-at="2015-09-10T14:09:50Z">
          <reporter-output>
          </reporter-output>
        </test-method> <!-- landingPage -->
        <test-method status="PASS" signature="test123()[pri:0, instance:com.provenir.automation.framework.testcases.Credit360@5bbd46e4]" name="test123" duration-ms="0" started-at="2015-09-10T14:09:50Z" finished-at="2015-09-10T14:09:50Z">
          <reporter-output>
          </reporter-output>
        </test-method> <!-- test123 -->
        <test-method status="PASS" signature="tearDown()[pri:0, instance:com.provenir.automation.framework.testcases.Credit360@5bbd46e4]" name="tearDown" is-config="true" duration-ms="4447" started-at="2015-09-10T14:10:10Z" finished-at="2015-09-10T14:10:14Z">
          <reporter-output>
          </reporter-output>
        </test-method> <!-- tearDown -->
      </class> <!-- com.provenir.automation.framework.testcases.Credit360 -->
    </test> <!-- Chrome Test -->
    <test name="IE Test" duration-ms="143949" started-at="2015-09-10T18:07:26Z" finished-at="2015-09-10T18:09:50Z">
      <class name="com.provenir.automation.framework.testcases.Collateral360">
        <test-method status="PASS" signature="beforeTest()[pri:0, instance:com.provenir.automation.framework.testcases.Collateral360@47c5437c]" name="beforeTest" is-config="true" duration-ms="16144" started-at="2015-09-10T14:07:26Z" finished-at="2015-09-10T14:07:42Z">
          <reporter-output>
          </reporter-output>
        </test-method> <!-- beforeTest -->
        <test-method status="PASS" signature="beforeMethod(java.lang.String)[pri:0, instance:com.provenir.automation.framework.testcases.Collateral360@47c5437c]" name="beforeMethod" is-config="true" duration-ms="24" started-at="2015-09-10T14:07:43Z" finished-at="2015-09-10T14:07:43Z">
          <params>
            <param index="0">
              <value>
                <![CDATA[InternetExplorer]]>
              </value>
            </param>
          </params>
          <reporter-output>
          </reporter-output>
        </test-method> <!-- beforeMethod -->
        <test-method status="PASS" signature="landingPage()[pri:0, instance:com.provenir.automation.framework.testcases.Collateral360@47c5437c]" name="landingPage" is-config="true" duration-ms="24708" started-at="2015-09-10T14:07:43Z" finished-at="2015-09-10T14:08:07Z">
          <reporter-output>
          </reporter-output>
        </test-method> <!-- landingPage -->
        <test-method status="PASS" signature="test1_gotoCollateral360()[pri:0, instance:com.provenir.automation.framework.testcases.Collateral360@47c5437c]" name="test1_gotoCollateral360" duration-ms="31534" started-at="2015-09-10T14:08:07Z" finished-at="2015-09-10T14:08:39Z">
          <reporter-output>
          </reporter-output>
        </test-method> <!-- test1_gotoCollateral360 -->
        <test-method status="PASS" signature="landingPage()[pri:0, instance:com.provenir.automation.framework.testcases.Collateral360@47c5437c]" name="landingPage" is-config="true" duration-ms="5297" started-at="2015-09-10T14:08:39Z" finished-at="2015-09-10T14:08:44Z">
          <reporter-output>
          </reporter-output>
        </test-method> <!-- landingPage -->
        <test-method status="PASS" signature="test2_verifyCollateralTitle()[pri:0, instance:com.provenir.automation.framework.testcases.Collateral360@47c5437c]" name="test2_verifyCollateralTitle" duration-ms="10521" started-at="2015-09-10T14:08:44Z" finished-at="2015-09-10T14:08:55Z">
          <reporter-output>
          </reporter-output>
        </test-method> <!-- test2_verifyCollateralTitle -->
        <test-method status="PASS" signature="landingPage()[pri:0, instance:com.provenir.automation.framework.testcases.Collateral360@47c5437c]" name="landingPage" is-config="true" duration-ms="309" started-at="2015-09-10T14:08:55Z" finished-at="2015-09-10T14:08:55Z">
          <reporter-output>
          </reporter-output>
        </test-method> <!-- landingPage -->
        <test-method status="PASS" signature="test3_saveCollateralDetails()[pri:0, instance:com.provenir.automation.framework.testcases.Collateral360@47c5437c]" name="test3_saveCollateralDetails" duration-ms="50163" started-at="2015-09-10T14:08:55Z" finished-at="2015-09-10T14:09:45Z">
          <reporter-output>
          </reporter-output>
        </test-method> <!-- test3_saveCollateralDetails -->
        <test-method status="PASS" signature="landingPage()[pri:0, instance:com.provenir.automation.framework.testcases.Collateral360@47c5437c]" name="landingPage" is-config="true" duration-ms="5223" started-at="2015-09-10T14:09:45Z" finished-at="2015-09-10T14:09:50Z">
          <reporter-output>
          </reporter-output>
        </test-method> <!-- landingPage -->
        <test-method status="PASS" signature="test_new_page_by_madhu()[pri:0, instance:com.provenir.automation.framework.testcases.Collateral360@47c5437c]" name="test_new_page_by_madhu" duration-ms="3" started-at="2015-09-10T14:09:50Z" finished-at="2015-09-10T14:09:50Z">
          <reporter-output>
          </reporter-output>
        </test-method> <!-- test_new_page_by_madhu -->
      </class> <!-- com.provenir.automation.framework.testcases.Collateral360 -->
    </test> <!-- IE Test -->
    <test name="Firefox Test" duration-ms="163470" started-at="2015-09-10T18:07:26Z" finished-at="2015-09-10T18:10:10Z">
      <class name="com.provenir.automation.framework.testcases.Customer360">
        <test-method status="PASS" signature="beforeTest()[pri:0, instance:com.provenir.automation.framework.testcases.Customer360@4d88f286]" name="beforeTest" is-config="true" duration-ms="46647" started-at="2015-09-10T14:07:26Z" finished-at="2015-09-10T14:08:13Z">
          <reporter-output>
          </reporter-output>
        </test-method> <!-- beforeTest -->
        <test-method status="PASS" signature="beforeMethod(java.lang.String)[pri:0, instance:com.provenir.automation.framework.testcases.Customer360@4d88f286]" name="beforeMethod" is-config="true" duration-ms="19" started-at="2015-09-10T14:08:13Z" finished-at="2015-09-10T14:08:13Z">
          <params>
            <param index="0">
              <value>
                <![CDATA[Firefox]]>
              </value>
            </param>
          </params>
          <reporter-output>
          </reporter-output>
        </test-method> <!-- beforeMethod -->
        <test-method status="PASS" signature="landingPage()[pri:0, instance:com.provenir.automation.framework.testcases.Customer360@4d88f286]" name="landingPage" is-config="true" duration-ms="25745" started-at="2015-09-10T14:08:13Z" finished-at="2015-09-10T14:08:39Z">
          <reporter-output>
          </reporter-output>
        </test-method> <!-- landingPage -->
        <test-method status="PASS" signature="test1_gotoCustomer360()[pri:0, instance:com.provenir.automation.framework.testcases.Customer360@4d88f286]" name="test1_gotoCustomer360" duration-ms="18865" started-at="2015-09-10T14:08:39Z" finished-at="2015-09-10T14:08:58Z">
          <reporter-output>
          </reporter-output>
        </test-method> <!-- test1_gotoCustomer360 -->
        <test-method status="PASS" signature="landingPage()[pri:0, instance:com.provenir.automation.framework.testcases.Customer360@4d88f286]" name="landingPage" is-config="true" duration-ms="15" started-at="2015-09-10T14:08:58Z" finished-at="2015-09-10T14:08:58Z">
          <reporter-output>
          </reporter-output>
        </test-method> <!-- landingPage -->
        <test-method status="PASS" signature="test2_verifyAddressTitle()[pri:0, instance:com.provenir.automation.framework.testcases.Customer360@4d88f286]" name="test2_verifyAddressTitle" duration-ms="124" started-at="2015-09-10T14:08:58Z" finished-at="2015-09-10T14:08:58Z">
          <reporter-output>
          </reporter-output>
        </test-method> <!-- test2_verifyAddressTitle -->
        <test-method status="PASS" signature="landingPage()[pri:0, instance:com.provenir.automation.framework.testcases.Customer360@4d88f286]" name="landingPage" is-config="true" duration-ms="21" started-at="2015-09-10T14:08:58Z" finished-at="2015-09-10T14:08:58Z">
          <reporter-output>
          </reporter-output>
        </test-method> <!-- landingPage -->
        <test-method status="PASS" signature="test3_saveAddress()[pri:0, instance:com.provenir.automation.framework.testcases.Customer360@4d88f286]" name="test3_saveAddress" duration-ms="72009" started-at="2015-09-10T14:08:58Z" finished-at="2015-09-10T14:10:10Z">
          <reporter-output>
          </reporter-output>
        </test-method> <!-- test3_saveAddress -->
      </class> <!-- com.provenir.automation.framework.testcases.Customer360 -->
    </test> <!-- Firefox Test -->
  </suite> <!-- Automation test suite -->
</testng-results>
