<?xml version="1.0" encoding="UTF-8"?>
<testng-results skipped="0" failed="0" total="7" passed="7">
  <reporter-output>
  </reporter-output>
  <suite name="Automation test suite" duration-ms="76609" started-at="2015-12-16T13:17:00Z" finished-at="2015-12-16T13:18:17Z">
    <groups>
    </groups>
    <test name="Firefox Test" duration-ms="76609" started-at="2015-12-16T13:17:00Z" finished-at="2015-12-16T13:18:17Z">
      <class name="com.provenir.automation.framework.testcases.FilteredQueues">
        <test-method status="PASS" signature="initialize()[pri:0, instance:com.provenir.automation.framework.testcases.FilteredQueues@7904f4c8]" name="initialize" is-config="true" duration-ms="49" started-at="2015-12-16T18:47:00Z" finished-at="2015-12-16T18:47:00Z">
          <reporter-output>
          </reporter-output>
        </test-method> <!-- initialize -->
        <test-method status="PASS" signature="beforeTest()[pri:0, instance:com.provenir.automation.framework.testcases.FilteredQueues@7904f4c8]" name="beforeTest" is-config="true" duration-ms="24299" started-at="2015-12-16T18:47:00Z" finished-at="2015-12-16T18:47:25Z">
          <reporter-output>
          </reporter-output>
        </test-method> <!-- beforeTest -->
        <test-method status="PASS" signature="beforeMethod(java.lang.String)[pri:0, instance:com.provenir.automation.framework.testcases.FilteredQueues@7904f4c8]" name="beforeMethod" is-config="true" duration-ms="49" started-at="2015-12-16T18:47:25Z" finished-at="2015-12-16T18:47:25Z">
          <params>
            <param index="0">
              <value>
                <![CDATA[Firefox]]>
              </value>
            </param>
          </params>
          <reporter-output>
          </reporter-output>
        </test-method> <!-- beforeMethod -->
        <test-method status="PASS" signature="test1_landingPage()[pri:0, instance:com.provenir.automation.framework.testcases.FilteredQueues@7904f4c8]" name="test1_landingPage" duration-ms="34412" started-at="2015-12-16T18:47:25Z" finished-at="2015-12-16T18:47:59Z">
          <reporter-output>
          </reporter-output>
        </test-method> <!-- test1_landingPage -->
        <test-method status="PASS" signature="test2_verifyFiltersOnMyRequestsPage()[pri:0, instance:com.provenir.automation.framework.testcases.FilteredQueues@7904f4c8]" name="test2_verifyFiltersOnMyRequestsPage" duration-ms="584" started-at="2015-12-16T18:47:59Z" finished-at="2015-12-16T18:48:00Z">
          <reporter-output>
          </reporter-output>
        </test-method> <!-- test2_verifyFiltersOnMyRequestsPage -->
        <test-method status="PASS" signature="test3_verifyDefaultValuesOfFilters()[pri:0, instance:com.provenir.automation.framework.testcases.FilteredQueues@7904f4c8]" name="test3_verifyDefaultValuesOfFilters" duration-ms="52" started-at="2015-12-16T18:48:00Z" finished-at="2015-12-16T18:48:00Z">
          <reporter-output>
          </reporter-output>
        </test-method> <!-- test3_verifyDefaultValuesOfFilters -->
        <test-method status="PASS" signature="test4_verifyFiltersFunctionality()[pri:0, instance:com.provenir.automation.framework.testcases.FilteredQueues@7904f4c8]" name="test4_verifyFiltersFunctionality" duration-ms="5629" started-at="2015-12-16T18:48:00Z" finished-at="2015-12-16T18:48:05Z">
          <reporter-output>
          </reporter-output>
        </test-method> <!-- test4_verifyFiltersFunctionality -->
        <test-method status="PASS" signature="test5_verifyInitialWorkflowStatusOfNewlyCreatedRequest()[pri:0, instance:com.provenir.automation.framework.testcases.FilteredQueues@7904f4c8]" name="test5_verifyInitialWorkflowStatusOfNewlyCreatedRequest" duration-ms="5390" started-at="2015-12-16T18:48:05Z" finished-at="2015-12-16T18:48:11Z">
          <reporter-output>
          </reporter-output>
        </test-method> <!-- test5_verifyInitialWorkflowStatusOfNewlyCreatedRequest -->
        <test-method status="PASS" signature="test6_verifyInitialDecisionStatusOfNewlyCreatedRequest()[pri:0, instance:com.provenir.automation.framework.testcases.FilteredQueues@7904f4c8]" name="test6_verifyInitialDecisionStatusOfNewlyCreatedRequest" duration-ms="6116" started-at="2015-12-16T18:48:11Z" finished-at="2015-12-16T18:48:17Z">
          <reporter-output>
          </reporter-output>
        </test-method> <!-- test6_verifyInitialDecisionStatusOfNewlyCreatedRequest -->
        <test-method status="PASS" signature="test7_verifyReqCount()[pri:0, instance:com.provenir.automation.framework.testcases.FilteredQueues@7904f4c8]" name="test7_verifyReqCount" duration-ms="46" started-at="2015-12-16T18:48:17Z" finished-at="2015-12-16T18:48:17Z">
          <reporter-output>
          </reporter-output>
        </test-method> <!-- test7_verifyReqCount -->
        <test-method status="PASS" signature="tearDown()[pri:0, instance:com.provenir.automation.framework.testcases.FilteredQueues@7904f4c8]" name="tearDown" is-config="true" duration-ms="3358" started-at="2015-12-16T18:48:17Z" finished-at="2015-12-16T18:48:20Z">
          <reporter-output>
          </reporter-output>
        </test-method> <!-- tearDown -->
      </class> <!-- com.provenir.automation.framework.testcases.FilteredQueues -->
    </test> <!-- Firefox Test -->
  </suite> <!-- Automation test suite -->
</testng-results>
