<?xml version="1.0" encoding="UTF-8"?>
<testng-results skipped="0" failed="1" total="26" passed="25">
  <reporter-output>
  </reporter-output>
  <suite name="Automation test suite" duration-ms="475489" started-at="2015-12-23T10:43:56Z" finished-at="2015-12-23T10:51:51Z">
    <groups>
    </groups>
    <test name="Firefox Test" duration-ms="475489" started-at="2015-12-23T10:43:56Z" finished-at="2015-12-23T10:51:51Z">
      <class name="com.provenir.automation.framework.testcases.FacilityLevelWorkflow">
        <test-method status="PASS" signature="initialize()[pri:0, instance:com.provenir.automation.framework.testcases.FacilityLevelWorkflow@3937bf4]" name="initialize" is-config="true" duration-ms="47" started-at="2015-12-23T16:13:56Z" finished-at="2015-12-23T16:13:56Z">
          <reporter-output>
          </reporter-output>
        </test-method> <!-- initialize -->
        <test-method status="PASS" signature="beforeTest()[pri:0, instance:com.provenir.automation.framework.testcases.FacilityLevelWorkflow@3937bf4]" name="beforeTest" is-config="true" duration-ms="26403" started-at="2015-12-23T16:13:56Z" finished-at="2015-12-23T16:14:22Z">
          <reporter-output>
          </reporter-output>
        </test-method> <!-- beforeTest -->
        <test-method status="PASS" signature="beforeMethod(java.lang.String)[pri:0, instance:com.provenir.automation.framework.testcases.FacilityLevelWorkflow@3937bf4]" name="beforeMethod" is-config="true" duration-ms="142" started-at="2015-12-23T16:14:22Z" finished-at="2015-12-23T16:14:22Z">
          <params>
            <param index="0">
              <value>
                <![CDATA[Firefox]]>
              </value>
            </param>
          </params>
          <reporter-output>
          </reporter-output>
        </test-method> <!-- beforeMethod -->
        <test-method status="PASS" signature="landingPage()[pri:0, instance:com.provenir.automation.framework.testcases.FacilityLevelWorkflow@3937bf4]" name="landingPage" duration-ms="48870" started-at="2015-12-23T16:14:22Z" finished-at="2015-12-23T16:15:11Z">
          <reporter-output>
          </reporter-output>
        </test-method> <!-- landingPage -->
        <test-method status="PASS" signature="test1_verifyResultsAccToWorkflowType()[pri:0, instance:com.provenir.automation.framework.testcases.FacilityLevelWorkflow@3937bf4]" name="test1_verifyResultsAccToWorkflowType" duration-ms="19454" started-at="2015-12-23T16:15:11Z" finished-at="2015-12-23T16:15:30Z">
          <reporter-output>
          </reporter-output>
        </test-method> <!-- test1_verifyResultsAccToWorkflowType -->
        <test-method status="PASS" signature="test2_clickOnAddBtnOfWorkflowSummary()[pri:0, instance:com.provenir.automation.framework.testcases.FacilityLevelWorkflow@3937bf4]" name="test2_clickOnAddBtnOfWorkflowSummary" duration-ms="18671" started-at="2015-12-23T16:15:30Z" finished-at="2015-12-23T16:15:49Z">
          <reporter-output>
          </reporter-output>
        </test-method> <!-- test2_clickOnAddBtnOfWorkflowSummary -->
        <test-method status="PASS" signature="test3_verifyMandatoryDetailsOnManageWorkflow()[pri:0, instance:com.provenir.automation.framework.testcases.FacilityLevelWorkflow@3937bf4]" name="test3_verifyMandatoryDetailsOnManageWorkflow" duration-ms="18296" started-at="2015-12-23T16:15:49Z" finished-at="2015-12-23T16:16:07Z">
          <reporter-output>
          </reporter-output>
        </test-method> <!-- test3_verifyMandatoryDetailsOnManageWorkflow -->
        <test-method status="PASS" signature="test11_goToHomePage()[pri:0, instance:com.provenir.automation.framework.testcases.FacilityLevelWorkflow@3937bf4]" name="test11_goToHomePage" duration-ms="6059" started-at="2015-12-23T16:16:07Z" finished-at="2015-12-23T16:16:14Z">
          <reporter-output>
          </reporter-output>
        </test-method> <!-- test11_goToHomePage -->
        <test-method status="PASS" signature="test12_clickNewCreditRequest()[pri:0, instance:com.provenir.automation.framework.testcases.FacilityLevelWorkflow@3937bf4]" name="test12_clickNewCreditRequest" duration-ms="3221" started-at="2015-12-23T16:16:14Z" finished-at="2015-12-23T16:16:17Z">
          <reporter-output>
          </reporter-output>
        </test-method> <!-- test12_clickNewCreditRequest -->
        <test-method status="PASS" signature="test13_verifyDefaultCreditLevelWorkflow()[pri:0, instance:com.provenir.automation.framework.testcases.FacilityLevelWorkflow@3937bf4]" name="test13_verifyDefaultCreditLevelWorkflow" duration-ms="115" started-at="2015-12-23T16:16:17Z" finished-at="2015-12-23T16:16:17Z">
          <reporter-output>
          </reporter-output>
        </test-method> <!-- test13_verifyDefaultCreditLevelWorkflow -->
        <test-method status="PASS" signature="test14_verifySavedWorkflow()[pri:0, instance:com.provenir.automation.framework.testcases.FacilityLevelWorkflow@3937bf4]" name="test14_verifySavedWorkflow" duration-ms="17371" started-at="2015-12-23T16:16:17Z" finished-at="2015-12-23T16:16:34Z">
          <reporter-output>
          </reporter-output>
        </test-method> <!-- test14_verifySavedWorkflow -->
        <test-method status="PASS" signature="test15_clickTransactionInfoPage()[pri:0, instance:com.provenir.automation.framework.testcases.FacilityLevelWorkflow@3937bf4]" name="test15_clickTransactionInfoPage" duration-ms="18631" started-at="2015-12-23T16:16:34Z" finished-at="2015-12-23T16:16:53Z">
          <reporter-output>
          </reporter-output>
        </test-method> <!-- test15_clickTransactionInfoPage -->
        <test-method status="PASS" signature="test16_verifyDefaultFacilityLevelWorkflow()[pri:0, instance:com.provenir.automation.framework.testcases.FacilityLevelWorkflow@3937bf4]" name="test16_verifyDefaultFacilityLevelWorkflow" duration-ms="10477" started-at="2015-12-23T16:16:53Z" finished-at="2015-12-23T16:17:03Z">
          <reporter-output>
          </reporter-output>
        </test-method> <!-- test16_verifyDefaultFacilityLevelWorkflow -->
        <test-method status="PASS" signature="test17_verifysavedFacilityWorkflow()[pri:0, instance:com.provenir.automation.framework.testcases.FacilityLevelWorkflow@3937bf4]" name="test17_verifysavedFacilityWorkflow" duration-ms="11845" started-at="2015-12-23T16:17:03Z" finished-at="2015-12-23T16:17:15Z">
          <reporter-output>
          </reporter-output>
        </test-method> <!-- test17_verifysavedFacilityWorkflow -->
        <test-method status="PASS" signature="test18_gotoHomePage()[pri:0, instance:com.provenir.automation.framework.testcases.FacilityLevelWorkflow@3937bf4]" name="test18_gotoHomePage" duration-ms="6297" started-at="2015-12-23T16:17:15Z" finished-at="2015-12-23T16:17:21Z">
          <reporter-output>
          </reporter-output>
        </test-method> <!-- test18_gotoHomePage -->
        <test-method status="PASS" signature="test19_searchRequest()[pri:0, instance:com.provenir.automation.framework.testcases.FacilityLevelWorkflow@3937bf4]" name="test19_searchRequest" duration-ms="25846" started-at="2015-12-23T16:17:21Z" finished-at="2015-12-23T16:17:47Z">
          <reporter-output>
          </reporter-output>
        </test-method> <!-- test19_searchRequest -->
        <test-method status="FAIL" signature="test20_verifyTaskManagementSection()[pri:0, instance:com.provenir.automation.framework.testcases.FacilityLevelWorkflow@3937bf4]" name="test20_verifyTaskManagementSection" duration-ms="23683" started-at="2015-12-23T16:17:47Z" finished-at="2015-12-23T16:18:11Z">
          <exception class="java.lang.NullPointerException">
            <full-stacktrace>
              <![CDATA[java.lang.NullPointerException
	at com.provenir.automation.framework.helper.Credit360Helper.clickActionColumnAndVerifyAddedWorkflow(Credit360Helper.java:142)
	at com.provenir.automation.framework.testcases.FacilityLevelWorkflow.test20_verifyTaskManagementSection(FacilityLevelWorkflow.java:247)
	at sun.reflect.NativeMethodAccessorImpl.invoke0(Native Method)
	at sun.reflect.NativeMethodAccessorImpl.invoke(Unknown Source)
	at sun.reflect.DelegatingMethodAccessorImpl.invoke(Unknown Source)
	at java.lang.reflect.Method.invoke(Unknown Source)
	at org.testng.internal.MethodInvocationHelper.invokeMethod(MethodInvocationHelper.java:84)
	at org.testng.internal.Invoker.invokeMethod(Invoker.java:714)
	at org.testng.internal.Invoker.invokeTestMethod(Invoker.java:901)
	at org.testng.internal.Invoker.invokeTestMethods(Invoker.java:1231)
	at org.testng.internal.TestMethodWorker.invokeTestMethods(TestMethodWorker.java:127)
	at org.testng.internal.TestMethodWorker.run(TestMethodWorker.java:111)
	at org.testng.TestRunner.privateRun(TestRunner.java:767)
	at org.testng.TestRunner.run(TestRunner.java:617)
	at org.testng.SuiteRunner.runTest(SuiteRunner.java:334)
	at org.testng.SuiteRunner.access$000(SuiteRunner.java:37)
	at org.testng.SuiteRunner$SuiteWorker.run(SuiteRunner.java:368)
	at org.testng.internal.thread.ThreadUtil$2.call(ThreadUtil.java:64)
	at java.util.concurrent.FutureTask.run(Unknown Source)
	at java.util.concurrent.ThreadPoolExecutor.runWorker(Unknown Source)
	at java.util.concurrent.ThreadPoolExecutor$Worker.run(Unknown Source)
	at java.lang.Thread.run(Unknown Source)
]]>
            </full-stacktrace>
          </exception> <!-- java.lang.NullPointerException -->
          <reporter-output>
          </reporter-output>
        </test-method> <!-- test20_verifyTaskManagementSection -->
        <test-method status="PASS" signature="test21_gotoFacility360()[pri:0, instance:com.provenir.automation.framework.testcases.FacilityLevelWorkflow@3937bf4]" name="test21_gotoFacility360" duration-ms="30747" started-at="2015-12-23T16:18:11Z" finished-at="2015-12-23T16:18:42Z">
          <reporter-output>
          </reporter-output>
        </test-method> <!-- test21_gotoFacility360 -->
        <test-method status="PASS" signature="test22_verifyTaskManagementLoadedOnFacility360()[pri:0, instance:com.provenir.automation.framework.testcases.FacilityLevelWorkflow@3937bf4]" name="test22_verifyTaskManagementLoadedOnFacility360" duration-ms="2059" started-at="2015-12-23T16:18:42Z" finished-at="2015-12-23T16:18:44Z">
          <reporter-output>
          </reporter-output>
        </test-method> <!-- test22_verifyTaskManagementLoadedOnFacility360 -->
        <test-method status="PASS" signature="test23_verifyNoWorkflowIsDisplayedInTaskMgmtOfFacility360()[pri:0, instance:com.provenir.automation.framework.testcases.FacilityLevelWorkflow@3937bf4]" name="test23_verifyNoWorkflowIsDisplayedInTaskMgmtOfFacility360" duration-ms="240" started-at="2015-12-23T16:18:44Z" finished-at="2015-12-23T16:18:44Z">
          <reporter-output>
          </reporter-output>
        </test-method> <!-- test23_verifyNoWorkflowIsDisplayedInTaskMgmtOfFacility360 -->
        <test-method status="PASS" signature="test24_gotoFacility360()[pri:0, instance:com.provenir.automation.framework.testcases.FacilityLevelWorkflow@3937bf4]" name="test24_gotoFacility360" duration-ms="18884" started-at="2015-12-23T16:18:44Z" finished-at="2015-12-23T16:19:03Z">
          <reporter-output>
          </reporter-output>
        </test-method> <!-- test24_gotoFacility360 -->
        <test-method status="PASS" signature="test25_verifyTaskManagementLoadedOnFacility360()[pri:0, instance:com.provenir.automation.framework.testcases.FacilityLevelWorkflow@3937bf4]" name="test25_verifyTaskManagementLoadedOnFacility360" duration-ms="13435" started-at="2015-12-23T16:19:03Z" finished-at="2015-12-23T16:19:16Z">
          <reporter-output>
          </reporter-output>
        </test-method> <!-- test25_verifyTaskManagementLoadedOnFacility360 -->
        <test-method status="PASS" signature="test26_triggerFacilityWorkflow()[pri:0, instance:com.provenir.automation.framework.testcases.FacilityLevelWorkflow@3937bf4]" name="test26_triggerFacilityWorkflow" duration-ms="184" started-at="2015-12-23T16:19:16Z" finished-at="2015-12-23T16:19:17Z">
          <reporter-output>
          </reporter-output>
        </test-method> <!-- test26_triggerFacilityWorkflow -->
        <test-method status="PASS" signature="test27_verifyWorkflowOrderInCredit360()[pri:0, instance:com.provenir.automation.framework.testcases.FacilityLevelWorkflow@3937bf4]" name="test27_verifyWorkflowOrderInCredit360" duration-ms="51687" started-at="2015-12-23T16:19:17Z" finished-at="2015-12-23T16:20:08Z">
          <reporter-output>
          </reporter-output>
        </test-method> <!-- test27_verifyWorkflowOrderInCredit360 -->
        <test-method status="PASS" signature="test28_gotoMyRequestPage()[pri:0, instance:com.provenir.automation.framework.testcases.FacilityLevelWorkflow@3937bf4]" name="test28_gotoMyRequestPage" duration-ms="22752" started-at="2015-12-23T16:20:08Z" finished-at="2015-12-23T16:20:31Z">
          <reporter-output>
          </reporter-output>
        </test-method> <!-- test28_gotoMyRequestPage -->
        <test-method status="PASS" signature="test29_verifyWorkflowDDLReadOnlyWhenEdit()[pri:0, instance:com.provenir.automation.framework.testcases.FacilityLevelWorkflow@3937bf4]" name="test29_verifyWorkflowDDLReadOnlyWhenEdit" duration-ms="708" started-at="2015-12-23T16:20:31Z" finished-at="2015-12-23T16:20:32Z">
          <reporter-output>
          </reporter-output>
        </test-method> <!-- test29_verifyWorkflowDDLReadOnlyWhenEdit -->
        <test-method status="PASS" signature="test30_expandReqAndGotoFacility360()[pri:0, instance:com.provenir.automation.framework.testcases.FacilityLevelWorkflow@3937bf4]" name="test30_expandReqAndGotoFacility360" duration-ms="26374" started-at="2015-12-23T16:20:32Z" finished-at="2015-12-23T16:20:58Z">
          <reporter-output>
          </reporter-output>
        </test-method> <!-- test30_expandReqAndGotoFacility360 -->
        <test-method status="PASS" signature="test31_deleteFacility()[pri:0, instance:com.provenir.automation.framework.testcases.FacilityLevelWorkflow@3937bf4]" name="test31_deleteFacility" duration-ms="22165" started-at="2015-12-23T16:20:58Z" finished-at="2015-12-23T16:21:20Z">
          <reporter-output>
          </reporter-output>
        </test-method> <!-- test31_deleteFacility -->
        <test-method status="PASS" signature="test32_VerifyAssociatedWorkflowIsDeletedOrNot()[pri:0, instance:com.provenir.automation.framework.testcases.FacilityLevelWorkflow@3937bf4]" name="test32_VerifyAssociatedWorkflowIsDeletedOrNot" duration-ms="30781" started-at="2015-12-23T16:21:20Z" finished-at="2015-12-23T16:21:51Z">
          <reporter-output>
          </reporter-output>
        </test-method> <!-- test32_VerifyAssociatedWorkflowIsDeletedOrNot -->
        <test-method status="PASS" signature="tearDown()[pri:0, instance:com.provenir.automation.framework.testcases.FacilityLevelWorkflow@3937bf4]" name="tearDown" is-config="true" duration-ms="4352" started-at="2015-12-23T16:21:51Z" finished-at="2015-12-23T16:21:55Z">
          <reporter-output>
          </reporter-output>
        </test-method> <!-- tearDown -->
      </class> <!-- com.provenir.automation.framework.testcases.FacilityLevelWorkflow -->
    </test> <!-- Firefox Test -->
  </suite> <!-- Automation test suite -->
</testng-results>
