<?xml version="1.0" encoding="UTF-8"?>
<testng-results skipped="0" failed="1" total="3" passed="2">
  <reporter-output>
  </reporter-output>
  <suite name="Demo Search test suite" duration-ms="97777" started-at="2015-08-31T16:29:33Z" finished-at="2015-08-31T16:31:10Z">
    <groups>
    </groups>
    <test name="Chrome Test" duration-ms="97777" started-at="2015-08-31T16:29:33Z" finished-at="2015-08-31T16:31:10Z">
      <class name="com.provenir.automation.framework.testcases.Collateral360">
        <test-method status="PASS" signature="initialize()[pri:0, instance:com.provenir.automation.framework.testcases.Collateral360@7b811ce0]" name="initialize" is-config="true" duration-ms="38" started-at="2015-08-31T12:29:33Z" finished-at="2015-08-31T12:29:33Z">
          <reporter-output>
          </reporter-output>
        </test-method> <!-- initialize -->
        <test-method status="PASS" signature="setUp(java.lang.String)[pri:0, instance:com.provenir.automation.framework.testcases.Collateral360@7b811ce0]" name="setUp" is-config="true" duration-ms="3845" started-at="2015-08-31T12:29:33Z" finished-at="2015-08-31T12:29:37Z">
          <params>
            <param index="0">
              <value>
                <![CDATA[Chrome]]>
              </value>
            </param>
          </params>
          <reporter-output>
          </reporter-output>
        </test-method> <!-- setUp -->
        <test-method status="PASS" signature="beforeMethod()[pri:0, instance:com.provenir.automation.framework.testcases.Collateral360@7b811ce0]" name="beforeMethod" is-config="true" duration-ms="24" started-at="2015-08-31T12:29:37Z" finished-at="2015-08-31T12:29:37Z">
          <reporter-output>
          </reporter-output>
        </test-method> <!-- beforeMethod -->
        <test-method status="PASS" signature="test1_login()[pri:0, instance:com.provenir.automation.framework.testcases.Collateral360@7b811ce0]" name="test1_login" duration-ms="52896" started-at="2015-08-31T12:29:37Z" finished-at="2015-08-31T12:30:29Z">
          <reporter-output>
          </reporter-output>
        </test-method> <!-- test1_login -->
        <test-method status="PASS" signature="beforeMethod()[pri:0, instance:com.provenir.automation.framework.testcases.Collateral360@7b811ce0]" name="beforeMethod" is-config="true" duration-ms="2" started-at="2015-08-31T12:30:29Z" finished-at="2015-08-31T12:30:29Z">
          <reporter-output>
          </reporter-output>
        </test-method> <!-- beforeMethod -->
        <test-method status="PASS" signature="test2_clickOnCollateralAndAdd()[pri:0, instance:com.provenir.automation.framework.testcases.Collateral360@7b811ce0]" name="test2_clickOnCollateralAndAdd" duration-ms="10205" started-at="2015-08-31T12:30:29Z" finished-at="2015-08-31T12:30:40Z">
          <reporter-output>
          </reporter-output>
        </test-method> <!-- test2_clickOnCollateralAndAdd -->
        <test-method status="PASS" signature="beforeMethod()[pri:0, instance:com.provenir.automation.framework.testcases.Collateral360@7b811ce0]" name="beforeMethod" is-config="true" duration-ms="3" started-at="2015-08-31T12:30:40Z" finished-at="2015-08-31T12:30:40Z">
          <reporter-output>
          </reporter-output>
        </test-method> <!-- beforeMethod -->
        <test-method status="FAIL" signature="test3_verifyCollateralTitle()[pri:0, instance:com.provenir.automation.framework.testcases.Collateral360@7b811ce0]" name="test3_verifyCollateralTitle" duration-ms="29475" started-at="2015-08-31T12:30:40Z" finished-at="2015-08-31T12:31:09Z">
          <exception class="org.openqa.selenium.NoSuchElementException">
            <message>
              <![CDATA[no such element
  (Session info: chrome=44.0.2403.157)
  (Driver info: chromedriver=2.16.333243 (0bfa1d3575fc1044244f21ddb82bf870944ef961),platform=Windows NT 6.1 SP1 x86_64) (WARNING: The server did not provide any stacktrace information)
Command duration or timeout: 5.04 seconds
For documentation on this error, please visit: http://seleniumhq.org/exceptions/no_such_element.html
Build info: version: '2.46.0', revision: '87c69e2', time: '2015-06-04 16:17:10'
System info: host: 'pbajpai', ip: '192.168.1.160', os.name: 'Windows 7', os.arch: 'amd64', os.version: '6.1', java.version: '1.7.0_71'
*** Element info: {Using=id, value=useCurrentCust}
Session ID: db7d0cbc4abc81921130dfc18791952a
Driver info: org.openqa.selenium.remote.RemoteWebDriver
Capabilities [{platform=XP, acceptSslCerts=true, javascriptEnabled=true, browserName=chrome, chrome={userDataDir=C:\Users\provenir\AppData\Local\Temp\scoped_dir10764_953}, rotatable=false, locationContextEnabled=true, mobileEmulationEnabled=false, version=44.0.2403.157, takesHeapSnapshot=true, cssSelectorsEnabled=true, databaseEnabled=false, handlesAlerts=true, browserConnectionEnabled=false, webStorageEnabled=true, nativeEvents=true, hasTouchScreen=false, applicationCacheEnabled=false, takesScreenshot=true}]]]>
            </message>
            <full-stacktrace>
              <![CDATA[org.openqa.selenium.NoSuchElementException: no such element
  (Session info: chrome=44.0.2403.157)
  (Driver info: chromedriver=2.16.333243 (0bfa1d3575fc1044244f21ddb82bf870944ef961),platform=Windows NT 6.1 SP1 x86_64) (WARNING: The server did not provide any stacktrace information)
Command duration or timeout: 5.04 seconds
For documentation on this error, please visit: http://seleniumhq.org/exceptions/no_such_element.html
Build info: version: '2.46.0', revision: '87c69e2', time: '2015-06-04 16:17:10'
System info: host: 'pbajpai', ip: '192.168.1.160', os.name: 'Windows 7', os.arch: 'amd64', os.version: '6.1', java.version: '1.7.0_71'
*** Element info: {Using=id, value=useCurrentCust}
Session ID: db7d0cbc4abc81921130dfc18791952a
Driver info: org.openqa.selenium.remote.RemoteWebDriver
Capabilities [{platform=XP, acceptSslCerts=true, javascriptEnabled=true, browserName=chrome, chrome={userDataDir=C:\Users\provenir\AppData\Local\Temp\scoped_dir10764_953}, rotatable=false, locationContextEnabled=true, mobileEmulationEnabled=false, version=44.0.2403.157, takesHeapSnapshot=true, cssSelectorsEnabled=true, databaseEnabled=false, handlesAlerts=true, browserConnectionEnabled=false, webStorageEnabled=true, nativeEvents=true, hasTouchScreen=false, applicationCacheEnabled=false, takesScreenshot=true}]
	at sun.reflect.GeneratedConstructorAccessor12.newInstance(Unknown Source)
	at sun.reflect.DelegatingConstructorAccessorImpl.newInstance(Unknown Source)
	at java.lang.reflect.Constructor.newInstance(Unknown Source)
	at org.openqa.selenium.remote.ErrorHandler.createThrowable(ErrorHandler.java:204)
	at org.openqa.selenium.remote.ErrorHandler.throwIfResponseFailed(ErrorHandler.java:156)
	at org.openqa.selenium.remote.RemoteWebDriver.execute(RemoteWebDriver.java:605)
	at org.openqa.selenium.remote.RemoteWebDriver.findElement(RemoteWebDriver.java:358)
	at org.openqa.selenium.remote.RemoteWebDriver.findElementById(RemoteWebDriver.java:399)
	at org.openqa.selenium.By$ById.findElement(By.java:215)
	at org.openqa.selenium.remote.RemoteWebDriver.findElement(RemoteWebDriver.java:350)
	at org.openqa.selenium.support.pagefactory.DefaultElementLocator.findElement(DefaultElementLocator.java:69)
	at org.openqa.selenium.support.pagefactory.internal.LocatingElementHandler.invoke(LocatingElementHandler.java:38)
	at com.sun.proxy.$Proxy9.isDisplayed(Unknown Source)
	at com.provenir.automation.framework.helper.Collateral360Helper.clickOnSaveCollateral(Collateral360Helper.java:141)
	at com.provenir.automation.framework.testcases.Collateral360.test3_verifyCollateralTitle(Collateral360.java:67)
	at sun.reflect.NativeMethodAccessorImpl.invoke0(Native Method)
	at sun.reflect.NativeMethodAccessorImpl.invoke(Unknown Source)
	at sun.reflect.DelegatingMethodAccessorImpl.invoke(Unknown Source)
	at java.lang.reflect.Method.invoke(Unknown Source)
	at org.testng.internal.MethodInvocationHelper.invokeMethod(MethodInvocationHelper.java:84)
	at org.testng.internal.Invoker.invokeMethod(Invoker.java:714)
	at org.testng.internal.Invoker.invokeTestMethod(Invoker.java:901)
	at org.testng.internal.Invoker.invokeTestMethods(Invoker.java:1231)
	at org.testng.internal.TestMethodWorker.invokeTestMethods(TestMethodWorker.java:127)
	at org.testng.internal.TestMethodWorker.run(TestMethodWorker.java:111)
	at org.testng.TestRunner.privateRun(TestRunner.java:767)
	at org.testng.TestRunner.run(TestRunner.java:617)
	at org.testng.SuiteRunner.runTest(SuiteRunner.java:334)
	at org.testng.SuiteRunner.access$000(SuiteRunner.java:37)
	at org.testng.SuiteRunner$SuiteWorker.run(SuiteRunner.java:368)
	at org.testng.internal.thread.ThreadUtil$2.call(ThreadUtil.java:64)
	at java.util.concurrent.FutureTask.run(Unknown Source)
	at java.util.concurrent.ThreadPoolExecutor.runWorker(Unknown Source)
	at java.util.concurrent.ThreadPoolExecutor$Worker.run(Unknown Source)
	at java.lang.Thread.run(Unknown Source)
]]>
            </full-stacktrace>
          </exception> <!-- org.openqa.selenium.NoSuchElementException -->
          <reporter-output>
          </reporter-output>
        </test-method> <!-- test3_verifyCollateralTitle -->
        <test-method status="PASS" signature="tearDown()[pri:0, instance:com.provenir.automation.framework.testcases.Collateral360@7b811ce0]" name="tearDown" is-config="true" duration-ms="1291" started-at="2015-08-31T12:31:09Z" finished-at="2015-08-31T12:31:10Z">
          <reporter-output>
          </reporter-output>
        </test-method> <!-- tearDown -->
      </class> <!-- com.provenir.automation.framework.testcases.Collateral360 -->
    </test> <!-- Chrome Test -->
  </suite> <!-- Demo Search test suite -->
</testng-results>
