<?xml version="1.0" encoding="UTF-8"?>
<testng-results skipped="0" failed="0" total="8" passed="8">
  <reporter-output>
  </reporter-output>
  <suite name="Demo Search test suite" duration-ms="159142" started-at="2015-09-10T01:18:06Z" finished-at="2015-09-10T01:20:45Z">
    <groups>
    </groups>
    <test name="Chrome Test" duration-ms="113001" started-at="2015-09-10T01:18:06Z" finished-at="2015-09-10T01:19:59Z">
      <class name="com.provenir.automation.framework.testcases.Credit360">
        <test-method status="PASS" signature="initialize()[pri:0, instance:com.provenir.automation.framework.testcases.Credit360@47c5437c]" name="initialize" is-config="true" duration-ms="35" started-at="2015-09-09T21:18:06Z" finished-at="2015-09-09T21:18:06Z">
          <reporter-output>
          </reporter-output>
        </test-method> <!-- initialize -->
        <test-method status="PASS" signature="beforeTest()[pri:0, instance:com.provenir.automation.framework.testcases.Credit360@47c5437c]" name="beforeTest" is-config="true" duration-ms="90998" started-at="2015-09-09T21:18:06Z" finished-at="2015-09-09T21:19:37Z">
          <reporter-output>
          </reporter-output>
        </test-method> <!-- beforeTest -->
        <test-method status="PASS" signature="beforeMethod(java.lang.String)[pri:0, instance:com.provenir.automation.framework.testcases.Credit360@47c5437c]" name="beforeMethod" is-config="true" duration-ms="38" started-at="2015-09-09T21:19:37Z" finished-at="2015-09-09T21:19:37Z">
          <params>
            <param index="0">
              <value>
                <![CDATA[Chrome]]>
              </value>
            </param>
          </params>
          <reporter-output>
          </reporter-output>
        </test-method> <!-- beforeMethod -->
        <test-method status="PASS" signature="test1_login()[pri:0, instance:com.provenir.automation.framework.testcases.Credit360@47c5437c]" name="test1_login" duration-ms="21959" started-at="2015-09-09T21:19:37Z" finished-at="2015-09-09T21:19:59Z">
          <reporter-output>
          </reporter-output>
        </test-method> <!-- test1_login -->
        <test-method status="PASS" signature="tearDown()[pri:0, instance:com.provenir.automation.framework.testcases.Credit360@47c5437c]" name="tearDown" is-config="true" duration-ms="4516" started-at="2015-09-09T21:20:45Z" finished-at="2015-09-09T21:20:50Z">
          <reporter-output>
          </reporter-output>
        </test-method> <!-- tearDown -->
      </class> <!-- com.provenir.automation.framework.testcases.Credit360 -->
    </test> <!-- Chrome Test -->
    <test name="IE Test" duration-ms="147766" started-at="2015-09-10T01:18:06Z" finished-at="2015-09-10T01:20:34Z">
      <class name="com.provenir.automation.framework.testcases.Collateral360">
        <test-method status="PASS" signature="beforeTest()[pri:0, instance:com.provenir.automation.framework.testcases.Collateral360@6f0164a6]" name="beforeTest" is-config="true" duration-ms="16650" started-at="2015-09-09T21:18:06Z" finished-at="2015-09-09T21:18:23Z">
          <reporter-output>
          </reporter-output>
        </test-method> <!-- beforeTest -->
        <test-method status="PASS" signature="beforeMethod(java.lang.String)[pri:0, instance:com.provenir.automation.framework.testcases.Collateral360@6f0164a6]" name="beforeMethod" is-config="true" duration-ms="24" started-at="2015-09-09T21:18:23Z" finished-at="2015-09-09T21:18:23Z">
          <params>
            <param index="0">
              <value>
                <![CDATA[InternetExplorer]]>
              </value>
            </param>
          </params>
          <reporter-output>
          </reporter-output>
        </test-method> <!-- beforeMethod -->
        <test-method status="PASS" signature="landingPage()[pri:0, instance:com.provenir.automation.framework.testcases.Collateral360@6f0164a6]" name="landingPage" is-config="true" duration-ms="19650" started-at="2015-09-09T21:18:23Z" finished-at="2015-09-09T21:18:43Z">
          <reporter-output>
          </reporter-output>
        </test-method> <!-- landingPage -->
        <test-method status="PASS" signature="pre_TESTtest1_login()[pri:0, instance:com.provenir.automation.framework.testcases.Collateral360@6f0164a6]" name="pre_TESTtest1_login" duration-ms="33404" started-at="2015-09-09T21:18:43Z" finished-at="2015-09-09T21:19:16Z">
          <reporter-output>
          </reporter-output>
        </test-method> <!-- pre_TESTtest1_login -->
        <test-method status="PASS" signature="landingPage()[pri:0, instance:com.provenir.automation.framework.testcases.Collateral360@6f0164a6]" name="landingPage" is-config="true" duration-ms="5111" started-at="2015-09-09T21:19:16Z" finished-at="2015-09-09T21:19:21Z">
          <reporter-output>
          </reporter-output>
        </test-method> <!-- landingPage -->
        <test-method status="PASS" signature="test2_verifyCollateralTitle()[pri:0, instance:com.provenir.automation.framework.testcases.Collateral360@6f0164a6]" name="test2_verifyCollateralTitle" duration-ms="10482" started-at="2015-09-09T21:19:21Z" finished-at="2015-09-09T21:19:32Z">
          <reporter-output>
          </reporter-output>
        </test-method> <!-- test2_verifyCollateralTitle -->
        <test-method status="PASS" signature="landingPage()[pri:0, instance:com.provenir.automation.framework.testcases.Collateral360@6f0164a6]" name="landingPage" is-config="true" duration-ms="288" started-at="2015-09-09T21:19:32Z" finished-at="2015-09-09T21:19:32Z">
          <reporter-output>
          </reporter-output>
        </test-method> <!-- landingPage -->
        <test-method status="PASS" signature="test3_saveCollateralDetails()[pri:0, instance:com.provenir.automation.framework.testcases.Collateral360@6f0164a6]" name="test3_saveCollateralDetails" duration-ms="56894" started-at="2015-09-09T21:19:32Z" finished-at="2015-09-09T21:20:29Z">
          <reporter-output>
          </reporter-output>
        </test-method> <!-- test3_saveCollateralDetails -->
        <test-method status="PASS" signature="landingPage()[pri:0, instance:com.provenir.automation.framework.testcases.Collateral360@6f0164a6]" name="landingPage" is-config="true" duration-ms="5243" started-at="2015-09-09T21:20:29Z" finished-at="2015-09-09T21:20:34Z">
          <reporter-output>
          </reporter-output>
        </test-method> <!-- landingPage -->
        <test-method status="PASS" signature="test_new_page_by_madhu()[pri:0, instance:com.provenir.automation.framework.testcases.Collateral360@6f0164a6]" name="test_new_page_by_madhu" duration-ms="0" started-at="2015-09-09T21:20:34Z" finished-at="2015-09-09T21:20:34Z">
          <reporter-output>
          </reporter-output>
        </test-method> <!-- test_new_page_by_madhu -->
      </class> <!-- com.provenir.automation.framework.testcases.Collateral360 -->
    </test> <!-- IE Test -->
    <test name="Firefox Test" duration-ms="159142" started-at="2015-09-10T01:18:06Z" finished-at="2015-09-10T01:20:45Z">
      <class name="com.provenir.automation.framework.testcases.Customer360">
        <test-method status="PASS" signature="beforeTest()[pri:0, instance:com.provenir.automation.framework.testcases.Customer360@79845505]" name="beforeTest" is-config="true" duration-ms="45818" started-at="2015-09-09T21:18:06Z" finished-at="2015-09-09T21:18:52Z">
          <reporter-output>
          </reporter-output>
        </test-method> <!-- beforeTest -->
        <test-method status="PASS" signature="beforeMethod(java.lang.String)[pri:0, instance:com.provenir.automation.framework.testcases.Customer360@79845505]" name="beforeMethod" is-config="true" duration-ms="17" started-at="2015-09-09T21:18:52Z" finished-at="2015-09-09T21:18:52Z">
          <params>
            <param index="0">
              <value>
                <![CDATA[Firefox]]>
              </value>
            </param>
          </params>
          <reporter-output>
          </reporter-output>
        </test-method> <!-- beforeMethod -->
        <test-method status="PASS" signature="test1_login()[pri:0, instance:com.provenir.automation.framework.testcases.Customer360@79845505]" name="test1_login" duration-ms="41683" started-at="2015-09-09T21:18:52Z" finished-at="2015-09-09T21:19:34Z">
          <reporter-output>
          </reporter-output>
        </test-method> <!-- test1_login -->
        <test-method status="PASS" signature="beforeMethod(java.lang.String)[pri:0, instance:com.provenir.automation.framework.testcases.Customer360@79845505]" name="beforeMethod" is-config="true" duration-ms="2" started-at="2015-09-09T21:19:34Z" finished-at="2015-09-09T21:19:34Z">
          <params>
            <param index="0">
              <value>
                <![CDATA[Firefox]]>
              </value>
            </param>
          </params>
          <reporter-output>
          </reporter-output>
        </test-method> <!-- beforeMethod -->
        <test-method status="PASS" signature="test2_verifyAddressTitle()[pri:0, instance:com.provenir.automation.framework.testcases.Customer360@79845505]" name="test2_verifyAddressTitle" duration-ms="120" started-at="2015-09-09T21:19:34Z" finished-at="2015-09-09T21:19:34Z">
          <reporter-output>
          </reporter-output>
        </test-method> <!-- test2_verifyAddressTitle -->
        <test-method status="PASS" signature="beforeMethod(java.lang.String)[pri:0, instance:com.provenir.automation.framework.testcases.Customer360@79845505]" name="beforeMethod" is-config="true" duration-ms="2" started-at="2015-09-09T21:19:34Z" finished-at="2015-09-09T21:19:34Z">
          <params>
            <param index="0">
              <value>
                <![CDATA[Firefox]]>
              </value>
            </param>
          </params>
          <reporter-output>
          </reporter-output>
        </test-method> <!-- beforeMethod -->
        <test-method status="PASS" signature="test3_saveAddress()[pri:0, instance:com.provenir.automation.framework.testcases.Customer360@79845505]" name="test3_saveAddress" duration-ms="71494" started-at="2015-09-09T21:19:34Z" finished-at="2015-09-09T21:20:45Z">
          <reporter-output>
          </reporter-output>
        </test-method> <!-- test3_saveAddress -->
      </class> <!-- com.provenir.automation.framework.testcases.Customer360 -->
    </test> <!-- Firefox Test -->
  </suite> <!-- Demo Search test suite -->
</testng-results>
