<?xml version="1.0" encoding="UTF-8"?>
<testng-results skipped="0" failed="2" total="25" passed="23">
  <reporter-output>
  </reporter-output>
  <suite name="Automation test suite" duration-ms="372864" started-at="2015-12-21T11:54:10Z" finished-at="2015-12-21T12:00:22Z">
    <groups>
    </groups>
    <test name="Firefox Test" duration-ms="372864" started-at="2015-12-21T11:54:10Z" finished-at="2015-12-21T12:00:22Z">
      <class name="com.provenir.automation.framework.testcases.FilteredQueues">
        <test-method status="PASS" signature="initialize()[pri:0, instance:com.provenir.automation.framework.testcases.FilteredQueues@58093139]" name="initialize" is-config="true" duration-ms="45" started-at="2015-12-21T17:24:10Z" finished-at="2015-12-21T17:24:10Z">
          <reporter-output>
          </reporter-output>
        </test-method> <!-- initialize -->
        <test-method status="PASS" signature="beforeTest()[pri:0, instance:com.provenir.automation.framework.testcases.FilteredQueues@58093139]" name="beforeTest" is-config="true" duration-ms="20540" started-at="2015-12-21T17:24:10Z" finished-at="2015-12-21T17:24:30Z">
          <reporter-output>
          </reporter-output>
        </test-method> <!-- beforeTest -->
        <test-method status="PASS" signature="beforeMethod(java.lang.String)[pri:0, instance:com.provenir.automation.framework.testcases.FilteredQueues@58093139]" name="beforeMethod" is-config="true" duration-ms="56" started-at="2015-12-21T17:24:30Z" finished-at="2015-12-21T17:24:30Z">
          <params>
            <param index="0">
              <value>
                <![CDATA[Firefox]]>
              </value>
            </param>
          </params>
          <reporter-output>
          </reporter-output>
        </test-method> <!-- beforeMethod -->
        <test-method status="PASS" signature="test1_landingPage()[pri:0, instance:com.provenir.automation.framework.testcases.FilteredQueues@58093139]" name="test1_landingPage" duration-ms="32574" started-at="2015-12-21T17:24:30Z" finished-at="2015-12-21T17:25:03Z">
          <reporter-output>
          </reporter-output>
        </test-method> <!-- test1_landingPage -->
        <test-method status="PASS" signature="test2_verifyFiltersOnMyRequestsPage()[pri:0, instance:com.provenir.automation.framework.testcases.FilteredQueues@58093139]" name="test2_verifyFiltersOnMyRequestsPage" duration-ms="777" started-at="2015-12-21T17:25:03Z" finished-at="2015-12-21T17:25:04Z">
          <reporter-output>
          </reporter-output>
        </test-method> <!-- test2_verifyFiltersOnMyRequestsPage -->
        <test-method status="PASS" signature="test3_verifyDefaultValuesOfFilters()[pri:0, instance:com.provenir.automation.framework.testcases.FilteredQueues@58093139]" name="test3_verifyDefaultValuesOfFilters" duration-ms="44" started-at="2015-12-21T17:25:04Z" finished-at="2015-12-21T17:25:04Z">
          <reporter-output>
          </reporter-output>
        </test-method> <!-- test3_verifyDefaultValuesOfFilters -->
        <test-method status="PASS" signature="test4_verifyFiltersFunctionality()[pri:0, instance:com.provenir.automation.framework.testcases.FilteredQueues@58093139]" name="test4_verifyFiltersFunctionality" duration-ms="3286" started-at="2015-12-21T17:25:04Z" finished-at="2015-12-21T17:25:07Z">
          <reporter-output>
          </reporter-output>
        </test-method> <!-- test4_verifyFiltersFunctionality -->
        <test-method status="PASS" signature="test5_verifyInitialWorkflowStatusOfNewlyCreatedRequest()[pri:0, instance:com.provenir.automation.framework.testcases.FilteredQueues@58093139]" name="test5_verifyInitialWorkflowStatusOfNewlyCreatedRequest" duration-ms="13034" started-at="2015-12-21T17:25:07Z" finished-at="2015-12-21T17:25:20Z">
          <reporter-output>
          </reporter-output>
        </test-method> <!-- test5_verifyInitialWorkflowStatusOfNewlyCreatedRequest -->
        <test-method status="PASS" signature="test6_verifyInitialDecisionStatusOfNewlyCreatedRequest()[pri:0, instance:com.provenir.automation.framework.testcases.FilteredQueues@58093139]" name="test6_verifyInitialDecisionStatusOfNewlyCreatedRequest" duration-ms="8170" started-at="2015-12-21T17:25:20Z" finished-at="2015-12-21T17:25:28Z">
          <reporter-output>
          </reporter-output>
        </test-method> <!-- test6_verifyInitialDecisionStatusOfNewlyCreatedRequest -->
        <test-method status="PASS" signature="test7_verifyReqCount()[pri:0, instance:com.provenir.automation.framework.testcases.FilteredQueues@58093139]" name="test7_verifyReqCount" duration-ms="45" started-at="2015-12-21T17:25:28Z" finished-at="2015-12-21T17:25:28Z">
          <reporter-output>
          </reporter-output>
        </test-method> <!-- test7_verifyReqCount -->
        <test-method status="PASS" signature="test8_verifyExpandAllOnMyReqPage()[pri:0, instance:com.provenir.automation.framework.testcases.FilteredQueues@58093139]" name="test8_verifyExpandAllOnMyReqPage" duration-ms="187" started-at="2015-12-21T17:25:28Z" finished-at="2015-12-21T17:25:28Z">
          <reporter-output>
          </reporter-output>
        </test-method> <!-- test8_verifyExpandAllOnMyReqPage -->
        <test-method status="PASS" signature="test9_verifyHeaderOnTMActAsHyperlink()[pri:0, instance:com.provenir.automation.framework.testcases.FilteredQueues@58093139]" name="test9_verifyHeaderOnTMActAsHyperlink" duration-ms="7001" started-at="2015-12-21T17:25:28Z" finished-at="2015-12-21T17:25:35Z">
          <reporter-output>
          </reporter-output>
        </test-method> <!-- test9_verifyHeaderOnTMActAsHyperlink -->
        <test-method status="PASS" signature="test10_verifyWorkflowExpandedOrNot()[pri:0, instance:com.provenir.automation.framework.testcases.FilteredQueues@58093139]" name="test10_verifyWorkflowExpandedOrNot" duration-ms="2064" started-at="2015-12-21T17:25:35Z" finished-at="2015-12-21T17:25:37Z">
          <reporter-output>
          </reporter-output>
        </test-method> <!-- test10_verifyWorkflowExpandedOrNot -->
        <test-method status="PASS" signature="test11_verifyTaskListDisplayedOnExpanding()[pri:0, instance:com.provenir.automation.framework.testcases.FilteredQueues@58093139]" name="test11_verifyTaskListDisplayedOnExpanding" duration-ms="133" started-at="2015-12-21T17:25:37Z" finished-at="2015-12-21T17:25:37Z">
          <reporter-output>
          </reporter-output>
        </test-method> <!-- test11_verifyTaskListDisplayedOnExpanding -->
        <test-method status="PASS" signature="test12_verifyExpandBtnAgainstEachTask()[pri:0, instance:com.provenir.automation.framework.testcases.FilteredQueues@58093139]" name="test12_verifyExpandBtnAgainstEachTask" duration-ms="118" started-at="2015-12-21T17:25:37Z" finished-at="2015-12-21T17:25:38Z">
          <reporter-output>
          </reporter-output>
        </test-method> <!-- test12_verifyExpandBtnAgainstEachTask -->
        <test-method status="PASS" signature="test13_verifyCollapseAllFunctionality()[pri:0, instance:com.provenir.automation.framework.testcases.FilteredQueues@58093139]" name="test13_verifyCollapseAllFunctionality" duration-ms="117" started-at="2015-12-21T17:25:38Z" finished-at="2015-12-21T17:25:38Z">
          <reporter-output>
          </reporter-output>
        </test-method> <!-- test13_verifyCollapseAllFunctionality -->
        <test-method status="PASS" signature="test14_clickCollapseOption()[pri:0, instance:com.provenir.automation.framework.testcases.FilteredQueues@58093139]" name="test14_clickCollapseOption" duration-ms="830" started-at="2015-12-21T17:25:38Z" finished-at="2015-12-21T17:25:39Z">
          <reporter-output>
          </reporter-output>
        </test-method> <!-- test14_clickCollapseOption -->
        <test-method status="FAIL" signature="test15_verifyExpansionOfTMOnCredit360()[pri:0, instance:com.provenir.automation.framework.testcases.FilteredQueues@58093139]" name="test15_verifyExpansionOfTMOnCredit360" duration-ms="30333" started-at="2015-12-21T17:25:39Z" finished-at="2015-12-21T17:26:09Z">
          <exception class="org.openqa.selenium.NoSuchElementException">
            <message>
              <![CDATA[Unable to locate element: {"method":"id","selector":"taskMangmnt"}
Command duration or timeout: 10 milliseconds
For documentation on this error, please visit: http://seleniumhq.org/exceptions/no_such_element.html
Build info: version: '2.46.0', revision: '87c69e2', time: '2015-06-04 16:17:10'
System info: host: 'parasharb-w7', ip: '172.27.103.103', os.name: 'Windows 7', os.arch: 'amd64', os.version: '6.1', java.version: '1.7.0_75'
*** Element info: {Using=id, value=taskMangmnt}
Session ID: f1523a2a-1d3c-483e-96da-e15e28b296d4
Driver info: org.openqa.selenium.firefox.FirefoxDriver
Capabilities [{platform=WINDOWS, acceptSslCerts=true, javascriptEnabled=true, cssSelectorsEnabled=true, databaseEnabled=true, browserName=firefox, handlesAlerts=true, nativeEvents=false, webStorageEnabled=true, rotatable=false, locationContextEnabled=true, applicationCacheEnabled=true, takesScreenshot=true, version=42.0}]]]>
            </message>
            <full-stacktrace>
              <![CDATA[org.openqa.selenium.NoSuchElementException: Unable to locate element: {"method":"id","selector":"taskMangmnt"}
Command duration or timeout: 10 milliseconds
For documentation on this error, please visit: http://seleniumhq.org/exceptions/no_such_element.html
Build info: version: '2.46.0', revision: '87c69e2', time: '2015-06-04 16:17:10'
System info: host: 'parasharb-w7', ip: '172.27.103.103', os.name: 'Windows 7', os.arch: 'amd64', os.version: '6.1', java.version: '1.7.0_75'
*** Element info: {Using=id, value=taskMangmnt}
Session ID: f1523a2a-1d3c-483e-96da-e15e28b296d4
Driver info: org.openqa.selenium.firefox.FirefoxDriver
Capabilities [{platform=WINDOWS, acceptSslCerts=true, javascriptEnabled=true, cssSelectorsEnabled=true, databaseEnabled=true, browserName=firefox, handlesAlerts=true, nativeEvents=false, webStorageEnabled=true, rotatable=false, locationContextEnabled=true, applicationCacheEnabled=true, takesScreenshot=true, version=42.0}]
	at sun.reflect.GeneratedConstructorAccessor14.newInstance(Unknown Source)
	at sun.reflect.DelegatingConstructorAccessorImpl.newInstance(Unknown Source)
	at java.lang.reflect.Constructor.newInstance(Unknown Source)
	at org.openqa.selenium.remote.ErrorHandler.createThrowable(ErrorHandler.java:204)
	at org.openqa.selenium.remote.ErrorHandler.throwIfResponseFailed(ErrorHandler.java:156)
	at org.openqa.selenium.remote.RemoteWebDriver.execute(RemoteWebDriver.java:605)
	at org.openqa.selenium.remote.RemoteWebDriver.findElement(RemoteWebDriver.java:358)
	at org.openqa.selenium.remote.RemoteWebDriver.findElementById(RemoteWebDriver.java:399)
	at org.openqa.selenium.By$ById.findElement(By.java:215)
	at org.openqa.selenium.remote.RemoteWebDriver.findElement(RemoteWebDriver.java:350)
	at org.openqa.selenium.support.pagefactory.DefaultElementLocator.findElement(DefaultElementLocator.java:69)
	at org.openqa.selenium.support.pagefactory.internal.LocatingElementHandler.invoke(LocatingElementHandler.java:38)
	at com.sun.proxy.$Proxy9.click(Unknown Source)
	at com.provenir.automation.framework.helper.Credit360Helper.clickTaskManagement(Credit360Helper.java:161)
	at com.provenir.automation.framework.testcases.FilteredQueues.test15_verifyExpansionOfTMOnCredit360(FilteredQueues.java:143)
	at sun.reflect.NativeMethodAccessorImpl.invoke0(Native Method)
	at sun.reflect.NativeMethodAccessorImpl.invoke(Unknown Source)
	at sun.reflect.DelegatingMethodAccessorImpl.invoke(Unknown Source)
	at java.lang.reflect.Method.invoke(Unknown Source)
	at org.testng.internal.MethodInvocationHelper.invokeMethod(MethodInvocationHelper.java:84)
	at org.testng.internal.Invoker.invokeMethod(Invoker.java:714)
	at org.testng.internal.Invoker.invokeTestMethod(Invoker.java:901)
	at org.testng.internal.Invoker.invokeTestMethods(Invoker.java:1231)
	at org.testng.internal.TestMethodWorker.invokeTestMethods(TestMethodWorker.java:127)
	at org.testng.internal.TestMethodWorker.run(TestMethodWorker.java:111)
	at org.testng.TestRunner.privateRun(TestRunner.java:767)
	at org.testng.TestRunner.run(TestRunner.java:617)
	at org.testng.SuiteRunner.runTest(SuiteRunner.java:334)
	at org.testng.SuiteRunner.access$000(SuiteRunner.java:37)
	at org.testng.SuiteRunner$SuiteWorker.run(SuiteRunner.java:368)
	at org.testng.internal.thread.ThreadUtil$2.call(ThreadUtil.java:64)
	at java.util.concurrent.FutureTask.run(Unknown Source)
	at java.util.concurrent.ThreadPoolExecutor.runWorker(Unknown Source)
	at java.util.concurrent.ThreadPoolExecutor$Worker.run(Unknown Source)
	at java.lang.Thread.run(Unknown Source)
Caused by: org.openqa.selenium.NoSuchElementException: Unable to locate element: {"method":"id","selector":"taskMangmnt"}
For documentation on this error, please visit: http://seleniumhq.org/exceptions/no_such_element.html
Build info: version: '2.46.0', revision: '87c69e2', time: '2015-06-04 16:17:10'
System info: host: 'parasharb-w7', ip: '172.27.103.103', os.name: 'Windows 7', os.arch: 'amd64', os.version: '6.1', java.version: '1.7.0_75'
Driver info: driver.version: unknown
	at <anonymous class>.FirefoxDriver.prototype.findElementInternal_(file:///C:/Users/PARASH~1/AppData/Local/Temp/anonymous3343665722305606891webdriver-profile/extensions/fxdriver@googlecode.com/components/driver-component.js:10299)
	at <anonymous class>.FirefoxDriver.prototype.findElement(file:///C:/Users/PARASH~1/AppData/Local/Temp/anonymous3343665722305606891webdriver-profile/extensions/fxdriver@googlecode.com/components/driver-component.js:10308)
	at <anonymous class>.DelayedCommand.prototype.executeInternal_/h(file:///C:/Users/PARASH~1/AppData/Local/Temp/anonymous3343665722305606891webdriver-profile/extensions/fxdriver@googlecode.com/components/command-processor.js:12282)
	at <anonymous class>.DelayedCommand.prototype.executeInternal_(file:///C:/Users/PARASH~1/AppData/Local/Temp/anonymous3343665722305606891webdriver-profile/extensions/fxdriver@googlecode.com/components/command-processor.js:12287)
	at <anonymous class>.DelayedCommand.prototype.execute/<(file:///C:/Users/PARASH~1/AppData/Local/Temp/anonymous3343665722305606891webdriver-profile/extensions/fxdriver@googlecode.com/components/command-processor.js:12229)
]]>
            </full-stacktrace>
          </exception> <!-- org.openqa.selenium.NoSuchElementException -->
          <reporter-output>
          </reporter-output>
        </test-method> <!-- test15_verifyExpansionOfTMOnCredit360 -->
        <test-method status="FAIL" signature="test16_verifyExpansionOfTMOnFacility360()[pri:0, instance:com.provenir.automation.framework.testcases.FilteredQueues@58093139]" name="test16_verifyExpansionOfTMOnFacility360" duration-ms="12429" started-at="2015-12-21T17:26:09Z" finished-at="2015-12-21T17:26:21Z">
          <exception class="java.lang.ClassCastException">
            <message>
              <![CDATA[java.lang.String cannot be cast to java.lang.Number]]>
            </message>
            <full-stacktrace>
              <![CDATA[java.lang.ClassCastException: java.lang.String cannot be cast to java.lang.Number
	at org.openqa.selenium.remote.ErrorHandler$FrameInfoToStackFrame.apply(ErrorHandler.java:297)
	at org.openqa.selenium.remote.ErrorHandler$FrameInfoToStackFrame.apply(ErrorHandler.java:1)
	at com.google.common.collect.Iterators$8.transform(Iterators.java:799)
	at com.google.common.collect.TransformedIterator.next(TransformedIterator.java:48)
	at com.google.common.collect.Iterators$7.computeNext(Iterators.java:651)
	at com.google.common.collect.AbstractIterator.tryToComputeNext(AbstractIterator.java:143)
	at com.google.common.collect.AbstractIterator.hasNext(AbstractIterator.java:138)
	at com.google.common.collect.Iterators.addAll(Iterators.java:361)
	at com.google.common.collect.Lists.newArrayList(Lists.java:160)
	at com.google.common.collect.Iterables.toCollection(Iterables.java:337)
	at com.google.common.collect.Iterables.toArray(Iterables.java:315)
	at org.openqa.selenium.remote.ErrorHandler.rebuildServerError(ErrorHandler.java:270)
	at org.openqa.selenium.remote.ErrorHandler.throwIfResponseFailed(ErrorHandler.java:118)
	at org.openqa.selenium.remote.RemoteWebDriver.execute(RemoteWebDriver.java:605)
	at org.openqa.selenium.remote.RemoteWebDriver.findElement(RemoteWebDriver.java:358)
	at org.openqa.selenium.remote.RemoteWebDriver.findElementById(RemoteWebDriver.java:399)
	at org.openqa.selenium.By$ById.findElement(By.java:215)
	at org.openqa.selenium.remote.RemoteWebDriver.findElement(RemoteWebDriver.java:350)
	at org.openqa.selenium.support.pagefactory.DefaultElementLocator.findElement(DefaultElementLocator.java:69)
	at org.openqa.selenium.support.pagefactory.internal.LocatingElementHandler.invoke(LocatingElementHandler.java:38)
	at com.sun.proxy.$Proxy9.click(Unknown Source)
	at com.provenir.automation.framework.helper.Facility360Details.clickTaskManagement(Facility360Details.java:1500)
	at com.provenir.automation.framework.testcases.FilteredQueues.test16_verifyExpansionOfTMOnFacility360(FilteredQueues.java:152)
	at sun.reflect.NativeMethodAccessorImpl.invoke0(Native Method)
	at sun.reflect.NativeMethodAccessorImpl.invoke(Unknown Source)
	at sun.reflect.DelegatingMethodAccessorImpl.invoke(Unknown Source)
	at java.lang.reflect.Method.invoke(Unknown Source)
	at org.testng.internal.MethodInvocationHelper.invokeMethod(MethodInvocationHelper.java:84)
	at org.testng.internal.Invoker.invokeMethod(Invoker.java:714)
	at org.testng.internal.Invoker.invokeTestMethod(Invoker.java:901)
	at org.testng.internal.Invoker.invokeTestMethods(Invoker.java:1231)
	at org.testng.internal.TestMethodWorker.invokeTestMethods(TestMethodWorker.java:127)
	at org.testng.internal.TestMethodWorker.run(TestMethodWorker.java:111)
	at org.testng.TestRunner.privateRun(TestRunner.java:767)
	at org.testng.TestRunner.run(TestRunner.java:617)
	at org.testng.SuiteRunner.runTest(SuiteRunner.java:334)
	at org.testng.SuiteRunner.access$000(SuiteRunner.java:37)
	at org.testng.SuiteRunner$SuiteWorker.run(SuiteRunner.java:368)
	at org.testng.internal.thread.ThreadUtil$2.call(ThreadUtil.java:64)
	at java.util.concurrent.FutureTask.run(Unknown Source)
	at java.util.concurrent.ThreadPoolExecutor.runWorker(Unknown Source)
	at java.util.concurrent.ThreadPoolExecutor$Worker.run(Unknown Source)
	at java.lang.Thread.run(Unknown Source)
]]>
            </full-stacktrace>
          </exception> <!-- java.lang.ClassCastException -->
          <reporter-output>
          </reporter-output>
        </test-method> <!-- test16_verifyExpansionOfTMOnFacility360 -->
        <test-method status="PASS" signature="test17_verifyMyTeamTasksPage()[pri:0, instance:com.provenir.automation.framework.testcases.FilteredQueues@58093139]" name="test17_verifyMyTeamTasksPage" duration-ms="22004" started-at="2015-12-21T17:26:21Z" finished-at="2015-12-21T17:26:43Z">
          <reporter-output>
          </reporter-output>
        </test-method> <!-- test17_verifyMyTeamTasksPage -->
        <test-method status="PASS" signature="test18_verifyFiltersOnMyTeamTasksPage()[pri:0, instance:com.provenir.automation.framework.testcases.FilteredQueues@58093139]" name="test18_verifyFiltersOnMyTeamTasksPage" duration-ms="710" started-at="2015-12-21T17:26:43Z" finished-at="2015-12-21T17:26:44Z">
          <reporter-output>
          </reporter-output>
        </test-method> <!-- test18_verifyFiltersOnMyTeamTasksPage -->
        <test-method status="PASS" signature="test19_verifyDefaultValuesOfFiltersOnMyTeamTasksPage()[pri:0, instance:com.provenir.automation.framework.testcases.FilteredQueues@58093139]" name="test19_verifyDefaultValuesOfFiltersOnMyTeamTasksPage" duration-ms="222" started-at="2015-12-21T17:26:44Z" finished-at="2015-12-21T17:26:44Z">
          <reporter-output>
          </reporter-output>
        </test-method> <!-- test19_verifyDefaultValuesOfFiltersOnMyTeamTasksPage -->
        <test-method status="PASS" signature="test20_verifyFilterationOnMyTeamTasksPage()[pri:0, instance:com.provenir.automation.framework.testcases.FilteredQueues@58093139]" name="test20_verifyFilterationOnMyTeamTasksPage" duration-ms="13576" started-at="2015-12-21T17:26:44Z" finished-at="2015-12-21T17:26:58Z">
          <reporter-output>
          </reporter-output>
        </test-method> <!-- test20_verifyFilterationOnMyTeamTasksPage -->
        <test-method status="PASS" signature="test21_verifyMyTaskPageDisplayed()[pri:0, instance:com.provenir.automation.framework.testcases.FilteredQueues@58093139]" name="test21_verifyMyTaskPageDisplayed" duration-ms="191143" started-at="2015-12-21T17:26:58Z" finished-at="2015-12-21T17:30:09Z">
          <reporter-output>
          </reporter-output>
        </test-method> <!-- test21_verifyMyTaskPageDisplayed -->
        <test-method status="PASS" signature="test22_verifyFiltersOnMyTasksPAge()[pri:0, instance:com.provenir.automation.framework.testcases.FilteredQueues@58093139]" name="test22_verifyFiltersOnMyTasksPAge" duration-ms="647" started-at="2015-12-21T17:30:09Z" finished-at="2015-12-21T17:30:10Z">
          <reporter-output>
          </reporter-output>
        </test-method> <!-- test22_verifyFiltersOnMyTasksPAge -->
        <test-method status="PASS" signature="test23_verifyDefaultValuesOfFiltersOnMyTasksPage()[pri:0, instance:com.provenir.automation.framework.testcases.FilteredQueues@58093139]" name="test23_verifyDefaultValuesOfFiltersOnMyTasksPage" duration-ms="244" started-at="2015-12-21T17:30:10Z" finished-at="2015-12-21T17:30:10Z">
          <reporter-output>
          </reporter-output>
        </test-method> <!-- test23_verifyDefaultValuesOfFiltersOnMyTasksPage -->
        <test-method status="PASS" signature="test24_verifyFilterationOnMyTasksPage()[pri:0, instance:com.provenir.automation.framework.testcases.FilteredQueues@58093139]" name="test24_verifyFilterationOnMyTasksPage" duration-ms="6669" started-at="2015-12-21T17:30:10Z" finished-at="2015-12-21T17:30:17Z">
          <reporter-output>
          </reporter-output>
        </test-method> <!-- test24_verifyFilterationOnMyTasksPage -->
        <test-method status="PASS" signature="test25_verifyGroupQueuePageDisplayed()[pri:0, instance:com.provenir.automation.framework.testcases.FilteredQueues@58093139]" name="test25_verifyGroupQueuePageDisplayed" duration-ms="5859" started-at="2015-12-21T17:30:17Z" finished-at="2015-12-21T17:30:22Z">
          <reporter-output>
          </reporter-output>
        </test-method> <!-- test25_verifyGroupQueuePageDisplayed -->
        <test-method status="PASS" signature="tearDown()[pri:0, instance:com.provenir.automation.framework.testcases.FilteredQueues@58093139]" name="tearDown" is-config="true" duration-ms="4159" started-at="2015-12-21T17:30:23Z" finished-at="2015-12-21T17:30:27Z">
          <reporter-output>
          </reporter-output>
        </test-method> <!-- tearDown -->
      </class> <!-- com.provenir.automation.framework.testcases.FilteredQueues -->
    </test> <!-- Firefox Test -->
  </suite> <!-- Automation test suite -->
</testng-results>
