<?xml version="1.0" encoding="UTF-8"?>
<testng-results skipped="1" failed="0" total="8" passed="7">
  <reporter-output>
  </reporter-output>
  <suite name="Automation test suite" duration-ms="247357" started-at="2015-09-11T17:14:08Z" finished-at="2015-09-11T17:18:16Z">
    <groups>
    </groups>
    <test name="Chrome Test" duration-ms="32523" started-at="2015-09-11T17:14:08Z" finished-at="2015-09-11T17:14:41Z">
      <class name="com.provenir.automation.framework.testcases.Credit360">
        <test-method status="PASS" signature="initialize()[pri:0, instance:com.provenir.automation.framework.testcases.Credit360@42334f8e]" name="initialize" is-config="true" duration-ms="33" started-at="2015-09-11T13:14:08Z" finished-at="2015-09-11T13:14:08Z">
          <reporter-output>
          </reporter-output>
        </test-method> <!-- initialize -->
        <test-method status="PASS" signature="beforeTest()[pri:0, instance:com.provenir.automation.framework.testcases.Credit360@42334f8e]" name="beforeTest" is-config="true" duration-ms="12515" started-at="2015-09-11T13:14:08Z" finished-at="2015-09-11T13:14:21Z">
          <reporter-output>
          </reporter-output>
        </test-method> <!-- beforeTest -->
        <test-method status="PASS" signature="beforeMethod(java.lang.String)[pri:0, instance:com.provenir.automation.framework.testcases.Credit360@42334f8e]" name="beforeMethod" is-config="true" duration-ms="23" started-at="2015-09-11T13:14:21Z" finished-at="2015-09-11T13:14:21Z">
          <params>
            <param index="0">
              <value>
                <![CDATA[Chrome]]>
              </value>
            </param>
          </params>
          <reporter-output>
          </reporter-output>
        </test-method> <!-- beforeMethod -->
        <test-method status="FAIL" signature="landingPage()[pri:0, instance:com.provenir.automation.framework.testcases.Credit360@42334f8e]" name="landingPage" is-config="true" duration-ms="0" started-at="2015-09-11T13:14:21Z" finished-at="2015-09-11T13:14:21Z">
          <exception class="org.openqa.selenium.WebDriverException">
            <message>
              <![CDATA[unknown error: Element is not clickable at point (135, 93). Other element would receive the click: <div class="blockUI blockOverlay" style="z-index: 1000; border: none; margin: 0px; padding: 0px; width: 100%; height: 100%; top: 0px; left: 0px; opacity: 0; cursor: default; position: fixed; background-color: rgb(0, 0, 0);"></div>
  (Session info: chrome=45.0.2454.85)
  (Driver info: chromedriver=2.16.333243 (0bfa1d3575fc1044244f21ddb82bf870944ef961),platform=Windows NT 6.1 SP1 x86_64) (WARNING: The server did not provide any stacktrace information)
Command duration or timeout: 64 milliseconds
Build info: version: '2.46.0', revision: '87c69e2', time: '2015-06-04 16:17:10'
System info: host: 'pbajpai', ip: '192.168.1.160', os.name: 'Windows 7', os.arch: 'amd64', os.version: '6.1', java.version: '1.7.0_71'
Session ID: ef9122766666d67c30e0e9c96823776e
Driver info: org.openqa.selenium.remote.RemoteWebDriver
Capabilities [{platform=XP, acceptSslCerts=true, javascriptEnabled=true, browserName=chrome, chrome={userDataDir=C:\Users\provenir\AppData\Local\Temp\scoped_dir1812_25792}, rotatable=false, locationContextEnabled=true, mobileEmulationEnabled=false, version=45.0.2454.85, takesHeapSnapshot=true, cssSelectorsEnabled=true, databaseEnabled=false, handlesAlerts=true, browserConnectionEnabled=false, webStorageEnabled=true, nativeEvents=true, hasTouchScreen=false, applicationCacheEnabled=false, takesScreenshot=true}]]]>
            </message>
            <full-stacktrace>
              <![CDATA[org.openqa.selenium.WebDriverException: unknown error: Element is not clickable at point (135, 93). Other element would receive the click: <div class="blockUI blockOverlay" style="z-index: 1000; border: none; margin: 0px; padding: 0px; width: 100%; height: 100%; top: 0px; left: 0px; opacity: 0; cursor: default; position: fixed; background-color: rgb(0, 0, 0);"></div>
  (Session info: chrome=45.0.2454.85)
  (Driver info: chromedriver=2.16.333243 (0bfa1d3575fc1044244f21ddb82bf870944ef961),platform=Windows NT 6.1 SP1 x86_64) (WARNING: The server did not provide any stacktrace information)
Command duration or timeout: 64 milliseconds
Build info: version: '2.46.0', revision: '87c69e2', time: '2015-06-04 16:17:10'
System info: host: 'pbajpai', ip: '192.168.1.160', os.name: 'Windows 7', os.arch: 'amd64', os.version: '6.1', java.version: '1.7.0_71'
Session ID: ef9122766666d67c30e0e9c96823776e
Driver info: org.openqa.selenium.remote.RemoteWebDriver
Capabilities [{platform=XP, acceptSslCerts=true, javascriptEnabled=true, browserName=chrome, chrome={userDataDir=C:\Users\provenir\AppData\Local\Temp\scoped_dir1812_25792}, rotatable=false, locationContextEnabled=true, mobileEmulationEnabled=false, version=45.0.2454.85, takesHeapSnapshot=true, cssSelectorsEnabled=true, databaseEnabled=false, handlesAlerts=true, browserConnectionEnabled=false, webStorageEnabled=true, nativeEvents=true, hasTouchScreen=false, applicationCacheEnabled=false, takesScreenshot=true}]
	at sun.reflect.NativeConstructorAccessorImpl.newInstance0(Native Method)
	at sun.reflect.NativeConstructorAccessorImpl.newInstance(Unknown Source)
	at sun.reflect.DelegatingConstructorAccessorImpl.newInstance(Unknown Source)
	at java.lang.reflect.Constructor.newInstance(Unknown Source)
	at org.openqa.selenium.remote.ErrorHandler.createThrowable(ErrorHandler.java:204)
	at org.openqa.selenium.remote.ErrorHandler.throwIfResponseFailed(ErrorHandler.java:156)
	at org.openqa.selenium.remote.RemoteWebDriver.execute(RemoteWebDriver.java:605)
	at org.openqa.selenium.remote.RemoteWebElement.execute(RemoteWebElement.java:269)
	at org.openqa.selenium.remote.RemoteWebElement.click(RemoteWebElement.java:80)
	at sun.reflect.NativeMethodAccessorImpl.invoke0(Native Method)
	at sun.reflect.NativeMethodAccessorImpl.invoke(Unknown Source)
	at sun.reflect.DelegatingMethodAccessorImpl.invoke(Unknown Source)
	at java.lang.reflect.Method.invoke(Unknown Source)
	at org.openqa.selenium.support.pagefactory.internal.LocatingElementHandler.invoke(LocatingElementHandler.java:51)
	at com.sun.proxy.$Proxy10.click(Unknown Source)
	at com.provenir.automation.framework.helper.AdvanceSearchHelper.clickAdvanceSearchLink(AdvanceSearchHelper.java:42)
	at com.provenir.automation.framework.testcases.Credit360.landingPage(Credit360.java:48)
	at sun.reflect.NativeMethodAccessorImpl.invoke0(Native Method)
	at sun.reflect.NativeMethodAccessorImpl.invoke(Unknown Source)
	at sun.reflect.DelegatingMethodAccessorImpl.invoke(Unknown Source)
	at java.lang.reflect.Method.invoke(Unknown Source)
	at org.testng.internal.MethodInvocationHelper.invokeMethod(MethodInvocationHelper.java:84)
	at org.testng.internal.Invoker.invokeConfigurationMethod(Invoker.java:564)
	at org.testng.internal.Invoker.invokeConfigurations(Invoker.java:213)
	at org.testng.internal.Invoker.invokeMethod(Invoker.java:653)
	at org.testng.internal.Invoker.invokeTestMethod(Invoker.java:901)
	at org.testng.internal.Invoker.invokeTestMethods(Invoker.java:1231)
	at org.testng.internal.TestMethodWorker.invokeTestMethods(TestMethodWorker.java:127)
	at org.testng.internal.TestMethodWorker.run(TestMethodWorker.java:111)
	at org.testng.TestRunner.privateRun(TestRunner.java:767)
	at org.testng.TestRunner.run(TestRunner.java:617)
	at org.testng.SuiteRunner.runTest(SuiteRunner.java:334)
	at org.testng.SuiteRunner.access$000(SuiteRunner.java:37)
	at org.testng.SuiteRunner$SuiteWorker.run(SuiteRunner.java:368)
	at org.testng.internal.thread.ThreadUtil$2.call(ThreadUtil.java:64)
	at java.util.concurrent.FutureTask.run(Unknown Source)
	at java.util.concurrent.ThreadPoolExecutor.runWorker(Unknown Source)
	at java.util.concurrent.ThreadPoolExecutor$Worker.run(Unknown Source)
	at java.lang.Thread.run(Unknown Source)
]]>
            </full-stacktrace>
          </exception> <!-- org.openqa.selenium.WebDriverException -->
          <reporter-output>
          </reporter-output>
        </test-method> <!-- landingPage -->
        <test-method status="SKIP" signature="test123()[pri:0, instance:com.provenir.automation.framework.testcases.Credit360@42334f8e]" name="test123" duration-ms="1" started-at="2015-09-11T13:14:41Z" finished-at="2015-09-11T13:14:41Z">
          <reporter-output>
          </reporter-output>
        </test-method> <!-- test123 -->
        <test-method status="SKIP" signature="tearDown()[pri:0, instance:com.provenir.automation.framework.testcases.Credit360@42334f8e]" name="tearDown" is-config="true" duration-ms="0" started-at="2015-09-11T13:18:16Z" finished-at="2015-09-11T13:18:16Z">
          <reporter-output>
          </reporter-output>
        </test-method> <!-- tearDown -->
      </class> <!-- com.provenir.automation.framework.testcases.Credit360 -->
    </test> <!-- Chrome Test -->
    <test name="Firefox Test" duration-ms="167674" started-at="2015-09-11T17:14:08Z" finished-at="2015-09-11T17:16:56Z">
      <class name="com.provenir.automation.framework.testcases.Customer360">
        <test-method status="PASS" signature="beforeTest()[pri:0, instance:com.provenir.automation.framework.testcases.Customer360@3ba0fcfb]" name="beforeTest" is-config="true" duration-ms="46058" started-at="2015-09-11T13:14:08Z" finished-at="2015-09-11T13:14:54Z">
          <reporter-output>
          </reporter-output>
        </test-method> <!-- beforeTest -->
        <test-method status="PASS" signature="beforeMethod(java.lang.String)[pri:0, instance:com.provenir.automation.framework.testcases.Customer360@3ba0fcfb]" name="beforeMethod" is-config="true" duration-ms="3" started-at="2015-09-11T13:14:54Z" finished-at="2015-09-11T13:14:54Z">
          <params>
            <param index="0">
              <value>
                <![CDATA[Firefox]]>
              </value>
            </param>
          </params>
          <reporter-output>
          </reporter-output>
        </test-method> <!-- beforeMethod -->
        <test-method status="PASS" signature="landingPage()[pri:0, instance:com.provenir.automation.framework.testcases.Customer360@3ba0fcfb]" name="landingPage" is-config="true" duration-ms="29764" started-at="2015-09-11T13:14:54Z" finished-at="2015-09-11T13:15:24Z">
          <reporter-output>
          </reporter-output>
        </test-method> <!-- landingPage -->
        <test-method status="PASS" signature="test1_gotoCustomer360()[pri:0, instance:com.provenir.automation.framework.testcases.Customer360@3ba0fcfb]" name="test1_gotoCustomer360" duration-ms="20365" started-at="2015-09-11T13:15:24Z" finished-at="2015-09-11T13:15:45Z">
          <reporter-output>
          </reporter-output>
        </test-method> <!-- test1_gotoCustomer360 -->
        <test-method status="PASS" signature="landingPage()[pri:0, instance:com.provenir.automation.framework.testcases.Customer360@3ba0fcfb]" name="landingPage" is-config="true" duration-ms="16" started-at="2015-09-11T13:15:45Z" finished-at="2015-09-11T13:15:45Z">
          <reporter-output>
          </reporter-output>
        </test-method> <!-- landingPage -->
        <test-method status="PASS" signature="test2_verifyAddressTitle()[pri:0, instance:com.provenir.automation.framework.testcases.Customer360@3ba0fcfb]" name="test2_verifyAddressTitle" duration-ms="127" started-at="2015-09-11T13:15:45Z" finished-at="2015-09-11T13:15:45Z">
          <reporter-output>
          </reporter-output>
        </test-method> <!-- test2_verifyAddressTitle -->
        <test-method status="PASS" signature="landingPage()[pri:0, instance:com.provenir.automation.framework.testcases.Customer360@3ba0fcfb]" name="landingPage" is-config="true" duration-ms="16" started-at="2015-09-11T13:15:45Z" finished-at="2015-09-11T13:15:45Z">
          <reporter-output>
          </reporter-output>
        </test-method> <!-- landingPage -->
        <test-method status="PASS" signature="test3_saveAddress()[pri:0, instance:com.provenir.automation.framework.testcases.Customer360@3ba0fcfb]" name="test3_saveAddress" duration-ms="71316" started-at="2015-09-11T13:15:45Z" finished-at="2015-09-11T13:16:56Z">
          <reporter-output>
          </reporter-output>
        </test-method> <!-- test3_saveAddress -->
      </class> <!-- com.provenir.automation.framework.testcases.Customer360 -->
    </test> <!-- Firefox Test -->
    <test name="IE Test" duration-ms="247357" started-at="2015-09-11T17:14:08Z" finished-at="2015-09-11T17:18:16Z">
      <class name="com.provenir.automation.framework.testcases.Collateral360">
        <test-method status="PASS" signature="beforeTest()[pri:0, instance:com.provenir.automation.framework.testcases.Collateral360@4fe3d81]" name="beforeTest" is-config="true" duration-ms="92339" started-at="2015-09-11T13:14:08Z" finished-at="2015-09-11T13:15:41Z">
          <reporter-output>
          </reporter-output>
        </test-method> <!-- beforeTest -->
        <test-method status="PASS" signature="beforeMethod(java.lang.String)[pri:0, instance:com.provenir.automation.framework.testcases.Collateral360@4fe3d81]" name="beforeMethod" is-config="true" duration-ms="8" started-at="2015-09-11T13:15:41Z" finished-at="2015-09-11T13:15:41Z">
          <params>
            <param index="0">
              <value>
                <![CDATA[InternetExplorer]]>
              </value>
            </param>
          </params>
          <reporter-output>
          </reporter-output>
        </test-method> <!-- beforeMethod -->
        <test-method status="PASS" signature="landingPage()[pri:0, instance:com.provenir.automation.framework.testcases.Collateral360@4fe3d81]" name="landingPage" is-config="true" duration-ms="29216" started-at="2015-09-11T13:15:41Z" finished-at="2015-09-11T13:16:10Z">
          <reporter-output>
          </reporter-output>
        </test-method> <!-- landingPage -->
        <test-method status="PASS" signature="test1_gotoCollateral360()[pri:0, instance:com.provenir.automation.framework.testcases.Collateral360@4fe3d81]" name="test1_gotoCollateral360" duration-ms="36998" started-at="2015-09-11T13:16:10Z" finished-at="2015-09-11T13:16:47Z">
          <reporter-output>
          </reporter-output>
        </test-method> <!-- test1_gotoCollateral360 -->
        <test-method status="PASS" signature="landingPage()[pri:0, instance:com.provenir.automation.framework.testcases.Collateral360@4fe3d81]" name="landingPage" is-config="true" duration-ms="5077" started-at="2015-09-11T13:16:47Z" finished-at="2015-09-11T13:16:52Z">
          <reporter-output>
          </reporter-output>
        </test-method> <!-- landingPage -->
        <test-method status="PASS" signature="test2_verifyCollateralTitle()[pri:0, instance:com.provenir.automation.framework.testcases.Collateral360@4fe3d81]" name="test2_verifyCollateralTitle" duration-ms="10415" started-at="2015-09-11T13:16:52Z" finished-at="2015-09-11T13:17:02Z">
          <reporter-output>
          </reporter-output>
        </test-method> <!-- test2_verifyCollateralTitle -->
        <test-method status="PASS" signature="landingPage()[pri:0, instance:com.provenir.automation.framework.testcases.Collateral360@4fe3d81]" name="landingPage" is-config="true" duration-ms="295" started-at="2015-09-11T13:17:02Z" finished-at="2015-09-11T13:17:03Z">
          <reporter-output>
          </reporter-output>
        </test-method> <!-- landingPage -->
        <test-method status="PASS" signature="test3_saveCollateralDetails()[pri:0, instance:com.provenir.automation.framework.testcases.Collateral360@4fe3d81]" name="test3_saveCollateralDetails" duration-ms="67878" started-at="2015-09-11T13:17:03Z" finished-at="2015-09-11T13:18:11Z">
          <reporter-output>
          </reporter-output>
        </test-method> <!-- test3_saveCollateralDetails -->
        <test-method status="PASS" signature="landingPage()[pri:0, instance:com.provenir.automation.framework.testcases.Collateral360@4fe3d81]" name="landingPage" is-config="true" duration-ms="5115" started-at="2015-09-11T13:18:11Z" finished-at="2015-09-11T13:18:16Z">
          <reporter-output>
          </reporter-output>
        </test-method> <!-- landingPage -->
        <test-method status="PASS" signature="test_new_page_by_madhu()[pri:0, instance:com.provenir.automation.framework.testcases.Collateral360@4fe3d81]" name="test_new_page_by_madhu" duration-ms="2" started-at="2015-09-11T13:18:16Z" finished-at="2015-09-11T13:18:16Z">
          <reporter-output>
          </reporter-output>
        </test-method> <!-- test_new_page_by_madhu -->
      </class> <!-- com.provenir.automation.framework.testcases.Collateral360 -->
    </test> <!-- IE Test -->
  </suite> <!-- Automation test suite -->
</testng-results>
