<?xml version="1.0" encoding="UTF-8"?>
<testng-results skipped="0" failed="4" total="42" passed="38">
  <reporter-output>
  </reporter-output>
  <suite name="Automation test suite" duration-ms="1781729" started-at="2015-12-28T05:52:43Z" finished-at="2015-12-28T06:22:25Z">
    <groups>
    </groups>
    <test name="Chrome Test" duration-ms="1781729" started-at="2015-12-28T05:52:43Z" finished-at="2015-12-28T06:22:25Z">
      <class name="com.provenir.automation.framework.testcases.Collateral360">
        <test-method status="PASS" signature="initialize()[pri:0, instance:com.provenir.automation.framework.testcases.Collateral360@287cbe54]" name="initialize" is-config="true" duration-ms="51" started-at="2015-12-28T11:22:43Z" finished-at="2015-12-28T11:22:43Z">
          <reporter-output>
          </reporter-output>
        </test-method> <!-- initialize -->
        <test-method status="PASS" signature="beforeTest()[pri:0, instance:com.provenir.automation.framework.testcases.Collateral360@287cbe54]" name="beforeTest" is-config="true" duration-ms="23888" started-at="2015-12-28T11:22:43Z" finished-at="2015-12-28T11:23:07Z">
          <reporter-output>
          </reporter-output>
        </test-method> <!-- beforeTest -->
        <test-method status="PASS" signature="beforeMethod(java.lang.String)[pri:0, instance:com.provenir.automation.framework.testcases.Collateral360@287cbe54]" name="beforeMethod" is-config="true" duration-ms="136" started-at="2015-12-28T11:23:07Z" finished-at="2015-12-28T11:23:07Z">
          <params>
            <param index="0">
              <value>
                <![CDATA[Chrome]]>
              </value>
            </param>
          </params>
          <reporter-output>
          </reporter-output>
        </test-method> <!-- beforeMethod -->
        <test-method status="PASS" signature="test0_landingPage()[pri:0, instance:com.provenir.automation.framework.testcases.Collateral360@287cbe54]" name="test0_landingPage" duration-ms="39443" started-at="2015-12-28T11:23:07Z" finished-at="2015-12-28T11:23:47Z">
          <reporter-output>
          </reporter-output>
        </test-method> <!-- test0_landingPage -->
        <test-method status="PASS" signature="test1_gotoCollateral360()[pri:0, instance:com.provenir.automation.framework.testcases.Collateral360@287cbe54]" name="test1_gotoCollateral360" duration-ms="73882" started-at="2015-12-28T11:23:47Z" finished-at="2015-12-28T11:25:01Z">
          <reporter-output>
          </reporter-output>
        </test-method> <!-- test1_gotoCollateral360 -->
        <test-method status="PASS" signature="test2_verifyCollateralTitle()[pri:0, instance:com.provenir.automation.framework.testcases.Collateral360@287cbe54]" name="test2_verifyCollateralTitle" duration-ms="27743" started-at="2015-12-28T11:25:01Z" finished-at="2015-12-28T11:25:28Z">
          <reporter-output>
          </reporter-output>
        </test-method> <!-- test2_verifyCollateralTitle -->
        <test-method status="PASS" signature="test3_saveCollateralDetails()[pri:0, instance:com.provenir.automation.framework.testcases.Collateral360@287cbe54]" name="test3_saveCollateralDetails" duration-ms="501800" started-at="2015-12-28T11:25:28Z" finished-at="2015-12-28T11:33:50Z">
          <reporter-output>
          </reporter-output>
        </test-method> <!-- test3_saveCollateralDetails -->
        <test-method status="PASS" signature="test4_verifyLeftHandNavigationForVehicle()[pri:0, instance:com.provenir.automation.framework.testcases.Collateral360@287cbe54]" name="test4_verifyLeftHandNavigationForVehicle" duration-ms="37373" started-at="2015-12-28T11:33:50Z" finished-at="2015-12-28T11:34:28Z">
          <reporter-output>
          </reporter-output>
        </test-method> <!-- test4_verifyLeftHandNavigationForVehicle -->
        <test-method status="PASS" signature="test5_verifyLeftHandNavigationForShares()[pri:0, instance:com.provenir.automation.framework.testcases.Collateral360@287cbe54]" name="test5_verifyLeftHandNavigationForShares" duration-ms="36236" started-at="2015-12-28T11:34:28Z" finished-at="2015-12-28T11:35:04Z">
          <reporter-output>
          </reporter-output>
        </test-method> <!-- test5_verifyLeftHandNavigationForShares -->
        <test-method status="PASS" signature="test6_verifyLeftHandNavigationForAccountsReceivable()[pri:0, instance:com.provenir.automation.framework.testcases.Collateral360@287cbe54]" name="test6_verifyLeftHandNavigationForAccountsReceivable" duration-ms="33371" started-at="2015-12-28T11:35:04Z" finished-at="2015-12-28T11:35:37Z">
          <reporter-output>
          </reporter-output>
        </test-method> <!-- test6_verifyLeftHandNavigationForAccountsReceivable -->
        <test-method status="PASS" signature="test7_verifyLeftHandNavigationForRealEstate()[pri:0, instance:com.provenir.automation.framework.testcases.Collateral360@287cbe54]" name="test7_verifyLeftHandNavigationForRealEstate" duration-ms="50414" started-at="2015-12-28T11:35:37Z" finished-at="2015-12-28T11:36:28Z">
          <reporter-output>
          </reporter-output>
        </test-method> <!-- test7_verifyLeftHandNavigationForRealEstate -->
        <test-method status="PASS" signature="test8_saveCollateralDetailsAsVehicle()[pri:0, instance:com.provenir.automation.framework.testcases.Collateral360@287cbe54]" name="test8_saveCollateralDetailsAsVehicle" duration-ms="88139" started-at="2015-12-28T11:36:28Z" finished-at="2015-12-28T11:37:56Z">
          <reporter-output>
          </reporter-output>
        </test-method> <!-- test8_saveCollateralDetailsAsVehicle -->
        <test-method status="PASS" signature="test9_verifyActionMenuDisplayedOnVehicle()[pri:0, instance:com.provenir.automation.framework.testcases.Collateral360@287cbe54]" name="test9_verifyActionMenuDisplayedOnVehicle" duration-ms="19601" started-at="2015-12-28T11:37:56Z" finished-at="2015-12-28T11:38:15Z">
          <reporter-output>
          </reporter-output>
        </test-method> <!-- test9_verifyActionMenuDisplayedOnVehicle -->
        <test-method status="PASS" signature="test11_saveOnTitledMotorVehicle()[pri:0, instance:com.provenir.automation.framework.testcases.Collateral360@287cbe54]" name="test11_saveOnTitledMotorVehicle" duration-ms="7789" started-at="2015-12-28T11:38:15Z" finished-at="2015-12-28T11:38:23Z">
          <reporter-output>
          </reporter-output>
        </test-method> <!-- test11_saveOnTitledMotorVehicle -->
        <test-method status="PASS" signature="test12_updateTitledMotorVehicle()[pri:0, instance:com.provenir.automation.framework.testcases.Collateral360@287cbe54]" name="test12_updateTitledMotorVehicle" duration-ms="11614" started-at="2015-12-28T11:38:23Z" finished-at="2015-12-28T11:38:35Z">
          <reporter-output>
          </reporter-output>
        </test-method> <!-- test12_updateTitledMotorVehicle -->
        <test-method status="PASS" signature="test13_deleteTitledMotorVehicleInfo()[pri:0, instance:com.provenir.automation.framework.testcases.Collateral360@287cbe54]" name="test13_deleteTitledMotorVehicleInfo" duration-ms="6638" started-at="2015-12-28T11:38:35Z" finished-at="2015-12-28T11:38:41Z">
          <reporter-output>
          </reporter-output>
        </test-method> <!-- test13_deleteTitledMotorVehicleInfo -->
        <test-method status="PASS" signature="test14_cancelOnTitledMotorVehicle()[pri:0, instance:com.provenir.automation.framework.testcases.Collateral360@287cbe54]" name="test14_cancelOnTitledMotorVehicle" duration-ms="12013" started-at="2015-12-28T11:38:41Z" finished-at="2015-12-28T11:38:54Z">
          <reporter-output>
          </reporter-output>
        </test-method> <!-- test14_cancelOnTitledMotorVehicle -->
        <test-method status="FAIL" signature="test15_gotoCollateralPool()[pri:0, instance:com.provenir.automation.framework.testcases.Collateral360@287cbe54]" name="test15_gotoCollateralPool" duration-ms="28634" started-at="2015-12-28T11:38:54Z" finished-at="2015-12-28T11:39:22Z">
          <exception class="org.openqa.selenium.WebDriverException">
            <message>
              <![CDATA[unknown error: Element is not clickable at point (95, 159). Other element would receive the click: <div class="blockUI blockOverlay" style="z-index: 1000; border: none; margin: 0px; padding: 0px; width: 100%; height: 100%; top: 0px; left: 0px; opacity: 0; cursor: default; position: fixed; background-color: rgb(0, 0, 0);"></div>
  (Session info: chrome=47.0.2526.106)
  (Driver info: chromedriver=2.20.353145 (343b531d31eeb933ec778dbcf7081628a1396067),platform=Windows NT 6.1 SP1 x86_64) (WARNING: The server did not provide any stacktrace information)
Command duration or timeout: 57 milliseconds
Build info: version: '2.48.2', revision: '41bccdd', time: '2015-10-09 19:55:52'
System info: host: 'parasharb-w7', ip: '172.27.103.103', os.name: 'Windows 7', os.arch: 'amd64', os.version: '6.1', java.version: '1.7.0_75'
Session ID: 8f952d5b66c86b7900aaee0ed752366f
Driver info: org.openqa.selenium.remote.RemoteWebDriver
Capabilities [{platform=XP, acceptSslCerts=true, javascriptEnabled=true, browserName=chrome, chrome={userDataDir=C:\Users\PARASH~1\AppData\Local\Temp\scoped_dir49144_14584}, rotatable=false, locationContextEnabled=true, mobileEmulationEnabled=false, version=47.0.2526.106, takesHeapSnapshot=true, cssSelectorsEnabled=true, databaseEnabled=false, handlesAlerts=true, browserConnectionEnabled=false, webStorageEnabled=true, nativeEvents=true, hasTouchScreen=false, applicationCacheEnabled=false, takesScreenshot=true}]]]>
            </message>
            <full-stacktrace>
              <![CDATA[org.openqa.selenium.WebDriverException: unknown error: Element is not clickable at point (95, 159). Other element would receive the click: <div class="blockUI blockOverlay" style="z-index: 1000; border: none; margin: 0px; padding: 0px; width: 100%; height: 100%; top: 0px; left: 0px; opacity: 0; cursor: default; position: fixed; background-color: rgb(0, 0, 0);"></div>
  (Session info: chrome=47.0.2526.106)
  (Driver info: chromedriver=2.20.353145 (343b531d31eeb933ec778dbcf7081628a1396067),platform=Windows NT 6.1 SP1 x86_64) (WARNING: The server did not provide any stacktrace information)
Command duration or timeout: 57 milliseconds
Build info: version: '2.48.2', revision: '41bccdd', time: '2015-10-09 19:55:52'
System info: host: 'parasharb-w7', ip: '172.27.103.103', os.name: 'Windows 7', os.arch: 'amd64', os.version: '6.1', java.version: '1.7.0_75'
Session ID: 8f952d5b66c86b7900aaee0ed752366f
Driver info: org.openqa.selenium.remote.RemoteWebDriver
Capabilities [{platform=XP, acceptSslCerts=true, javascriptEnabled=true, browserName=chrome, chrome={userDataDir=C:\Users\PARASH~1\AppData\Local\Temp\scoped_dir49144_14584}, rotatable=false, locationContextEnabled=true, mobileEmulationEnabled=false, version=47.0.2526.106, takesHeapSnapshot=true, cssSelectorsEnabled=true, databaseEnabled=false, handlesAlerts=true, browserConnectionEnabled=false, webStorageEnabled=true, nativeEvents=true, hasTouchScreen=false, applicationCacheEnabled=false, takesScreenshot=true}]
	at sun.reflect.NativeConstructorAccessorImpl.newInstance0(Native Method)
	at sun.reflect.NativeConstructorAccessorImpl.newInstance(Unknown Source)
	at sun.reflect.DelegatingConstructorAccessorImpl.newInstance(Unknown Source)
	at java.lang.reflect.Constructor.newInstance(Unknown Source)
	at org.openqa.selenium.remote.ErrorHandler.createThrowable(ErrorHandler.java:206)
	at org.openqa.selenium.remote.ErrorHandler.throwIfResponseFailed(ErrorHandler.java:158)
	at org.openqa.selenium.remote.RemoteWebDriver.execute(RemoteWebDriver.java:647)
	at org.openqa.selenium.remote.RemoteWebElement.execute(RemoteWebElement.java:326)
	at org.openqa.selenium.remote.RemoteWebElement.click(RemoteWebElement.java:84)
	at sun.reflect.GeneratedMethodAccessor2.invoke(Unknown Source)
	at sun.reflect.DelegatingMethodAccessorImpl.invoke(Unknown Source)
	at java.lang.reflect.Method.invoke(Unknown Source)
	at org.openqa.selenium.support.pagefactory.internal.LocatingElementHandler.invoke(LocatingElementHandler.java:51)
	at com.sun.proxy.$Proxy9.click(Unknown Source)
	at com.provenir.automation.framework.helper.Collateral360Helper.clickCollateralAccounts(Collateral360Helper.java:988)
	at com.provenir.automation.framework.testcases.Collateral360.test15_gotoCollateralPool(Collateral360.java:185)
	at sun.reflect.NativeMethodAccessorImpl.invoke0(Native Method)
	at sun.reflect.NativeMethodAccessorImpl.invoke(Unknown Source)
	at sun.reflect.DelegatingMethodAccessorImpl.invoke(Unknown Source)
	at java.lang.reflect.Method.invoke(Unknown Source)
	at org.testng.internal.MethodInvocationHelper.invokeMethod(MethodInvocationHelper.java:84)
	at org.testng.internal.Invoker.invokeMethod(Invoker.java:714)
	at org.testng.internal.Invoker.invokeTestMethod(Invoker.java:901)
	at org.testng.internal.Invoker.invokeTestMethods(Invoker.java:1231)
	at org.testng.internal.TestMethodWorker.invokeTestMethods(TestMethodWorker.java:127)
	at org.testng.internal.TestMethodWorker.run(TestMethodWorker.java:111)
	at org.testng.TestRunner.privateRun(TestRunner.java:767)
	at org.testng.TestRunner.run(TestRunner.java:617)
	at org.testng.SuiteRunner.runTest(SuiteRunner.java:334)
	at org.testng.SuiteRunner.access$000(SuiteRunner.java:37)
	at org.testng.SuiteRunner$SuiteWorker.run(SuiteRunner.java:368)
	at org.testng.internal.thread.ThreadUtil$2.call(ThreadUtil.java:64)
	at java.util.concurrent.FutureTask.run(Unknown Source)
	at java.util.concurrent.ThreadPoolExecutor.runWorker(Unknown Source)
	at java.util.concurrent.ThreadPoolExecutor$Worker.run(Unknown Source)
	at java.lang.Thread.run(Unknown Source)
]]>
            </full-stacktrace>
          </exception> <!-- org.openqa.selenium.WebDriverException -->
          <reporter-output>
          </reporter-output>
        </test-method> <!-- test15_gotoCollateralPool -->
        <test-method status="PASS" signature="test16_saveCollateralDetailsAsUCC()[pri:0, instance:com.provenir.automation.framework.testcases.Collateral360@287cbe54]" name="test16_saveCollateralDetailsAsUCC" duration-ms="103922" started-at="2015-12-28T11:39:22Z" finished-at="2015-12-28T11:41:06Z">
          <reporter-output>
          </reporter-output>
        </test-method> <!-- test16_saveCollateralDetailsAsUCC -->
        <test-method status="PASS" signature="test17_verifyDeleteOnUCC()[pri:0, instance:com.provenir.automation.framework.testcases.Collateral360@287cbe54]" name="test17_verifyDeleteOnUCC" duration-ms="17694" started-at="2015-12-28T11:41:06Z" finished-at="2015-12-28T11:41:24Z">
          <reporter-output>
          </reporter-output>
        </test-method> <!-- test17_verifyDeleteOnUCC -->
        <test-method status="PASS" signature="test18_verifyActionMenuDisplayedOnUCC()[pri:0, instance:com.provenir.automation.framework.testcases.Collateral360@287cbe54]" name="test18_verifyActionMenuDisplayedOnUCC" duration-ms="11293" started-at="2015-12-28T11:41:24Z" finished-at="2015-12-28T11:41:35Z">
          <reporter-output>
          </reporter-output>
        </test-method> <!-- test18_verifyActionMenuDisplayedOnUCC -->
        <test-method status="PASS" signature="test19_verifyMandatoryDetailsOnUCCUCC()[pri:0, instance:com.provenir.automation.framework.testcases.Collateral360@287cbe54]" name="test19_verifyMandatoryDetailsOnUCCUCC" duration-ms="741" started-at="2015-12-28T11:41:35Z" finished-at="2015-12-28T11:41:36Z">
          <reporter-output>
          </reporter-output>
        </test-method> <!-- test19_verifyMandatoryDetailsOnUCCUCC -->
        <test-method status="PASS" signature="test20_saveUCC()[pri:0, instance:com.provenir.automation.framework.testcases.Collateral360@287cbe54]" name="test20_saveUCC" duration-ms="14569" started-at="2015-12-28T11:41:36Z" finished-at="2015-12-28T11:41:50Z">
          <reporter-output>
          </reporter-output>
        </test-method> <!-- test20_saveUCC -->
        <test-method status="PASS" signature="test21_updateUCC()[pri:0, instance:com.provenir.automation.framework.testcases.Collateral360@287cbe54]" name="test21_updateUCC" duration-ms="14749" started-at="2015-12-28T11:41:50Z" finished-at="2015-12-28T11:42:05Z">
          <reporter-output>
          </reporter-output>
        </test-method> <!-- test21_updateUCC -->
        <test-method status="PASS" signature="test22_cancelUCCDetails()[pri:0, instance:com.provenir.automation.framework.testcases.Collateral360@287cbe54]" name="test22_cancelUCCDetails" duration-ms="29549" started-at="2015-12-28T11:42:05Z" finished-at="2015-12-28T11:42:35Z">
          <reporter-output>
          </reporter-output>
        </test-method> <!-- test22_cancelUCCDetails -->
        <test-method status="FAIL" signature="test23_gotoCollateral360()[pri:0, instance:com.provenir.automation.framework.testcases.Collateral360@287cbe54]" name="test23_gotoCollateral360" duration-ms="25787" started-at="2015-12-28T11:42:35Z" finished-at="2015-12-28T11:43:01Z">
          <exception class="org.openqa.selenium.WebDriverException">
            <message>
              <![CDATA[unknown error: Element is not clickable at point (95, 159). Other element would receive the click: <div class="blockUI blockOverlay" style="z-index: 1000; border: none; margin: 0px; padding: 0px; width: 100%; height: 100%; top: 0px; left: 0px; opacity: 0; cursor: default; position: fixed; background-color: rgb(0, 0, 0);"></div>
  (Session info: chrome=47.0.2526.106)
  (Driver info: chromedriver=2.20.353145 (343b531d31eeb933ec778dbcf7081628a1396067),platform=Windows NT 6.1 SP1 x86_64) (WARNING: The server did not provide any stacktrace information)
Command duration or timeout: 108 milliseconds
Build info: version: '2.48.2', revision: '41bccdd', time: '2015-10-09 19:55:52'
System info: host: 'parasharb-w7', ip: '172.27.103.103', os.name: 'Windows 7', os.arch: 'amd64', os.version: '6.1', java.version: '1.7.0_75'
Session ID: 8f952d5b66c86b7900aaee0ed752366f
Driver info: org.openqa.selenium.remote.RemoteWebDriver
Capabilities [{platform=XP, acceptSslCerts=true, javascriptEnabled=true, browserName=chrome, chrome={userDataDir=C:\Users\PARASH~1\AppData\Local\Temp\scoped_dir49144_14584}, rotatable=false, locationContextEnabled=true, mobileEmulationEnabled=false, version=47.0.2526.106, takesHeapSnapshot=true, cssSelectorsEnabled=true, databaseEnabled=false, handlesAlerts=true, browserConnectionEnabled=false, webStorageEnabled=true, nativeEvents=true, hasTouchScreen=false, applicationCacheEnabled=false, takesScreenshot=true}]]]>
            </message>
            <full-stacktrace>
              <![CDATA[org.openqa.selenium.WebDriverException: unknown error: Element is not clickable at point (95, 159). Other element would receive the click: <div class="blockUI blockOverlay" style="z-index: 1000; border: none; margin: 0px; padding: 0px; width: 100%; height: 100%; top: 0px; left: 0px; opacity: 0; cursor: default; position: fixed; background-color: rgb(0, 0, 0);"></div>
  (Session info: chrome=47.0.2526.106)
  (Driver info: chromedriver=2.20.353145 (343b531d31eeb933ec778dbcf7081628a1396067),platform=Windows NT 6.1 SP1 x86_64) (WARNING: The server did not provide any stacktrace information)
Command duration or timeout: 108 milliseconds
Build info: version: '2.48.2', revision: '41bccdd', time: '2015-10-09 19:55:52'
System info: host: 'parasharb-w7', ip: '172.27.103.103', os.name: 'Windows 7', os.arch: 'amd64', os.version: '6.1', java.version: '1.7.0_75'
Session ID: 8f952d5b66c86b7900aaee0ed752366f
Driver info: org.openqa.selenium.remote.RemoteWebDriver
Capabilities [{platform=XP, acceptSslCerts=true, javascriptEnabled=true, browserName=chrome, chrome={userDataDir=C:\Users\PARASH~1\AppData\Local\Temp\scoped_dir49144_14584}, rotatable=false, locationContextEnabled=true, mobileEmulationEnabled=false, version=47.0.2526.106, takesHeapSnapshot=true, cssSelectorsEnabled=true, databaseEnabled=false, handlesAlerts=true, browserConnectionEnabled=false, webStorageEnabled=true, nativeEvents=true, hasTouchScreen=false, applicationCacheEnabled=false, takesScreenshot=true}]
	at sun.reflect.NativeConstructorAccessorImpl.newInstance0(Native Method)
	at sun.reflect.NativeConstructorAccessorImpl.newInstance(Unknown Source)
	at sun.reflect.DelegatingConstructorAccessorImpl.newInstance(Unknown Source)
	at java.lang.reflect.Constructor.newInstance(Unknown Source)
	at org.openqa.selenium.remote.ErrorHandler.createThrowable(ErrorHandler.java:206)
	at org.openqa.selenium.remote.ErrorHandler.throwIfResponseFailed(ErrorHandler.java:158)
	at org.openqa.selenium.remote.RemoteWebDriver.execute(RemoteWebDriver.java:647)
	at org.openqa.selenium.remote.RemoteWebElement.execute(RemoteWebElement.java:326)
	at org.openqa.selenium.remote.RemoteWebElement.click(RemoteWebElement.java:84)
	at sun.reflect.GeneratedMethodAccessor2.invoke(Unknown Source)
	at sun.reflect.DelegatingMethodAccessorImpl.invoke(Unknown Source)
	at java.lang.reflect.Method.invoke(Unknown Source)
	at org.openqa.selenium.support.pagefactory.internal.LocatingElementHandler.invoke(LocatingElementHandler.java:51)
	at com.sun.proxy.$Proxy9.click(Unknown Source)
	at com.provenir.automation.framework.helper.Collateral360Helper.clickCollateralAccounts(Collateral360Helper.java:988)
	at com.provenir.automation.framework.testcases.Collateral360.test23_gotoCollateral360(Collateral360.java:244)
	at sun.reflect.NativeMethodAccessorImpl.invoke0(Native Method)
	at sun.reflect.NativeMethodAccessorImpl.invoke(Unknown Source)
	at sun.reflect.DelegatingMethodAccessorImpl.invoke(Unknown Source)
	at java.lang.reflect.Method.invoke(Unknown Source)
	at org.testng.internal.MethodInvocationHelper.invokeMethod(MethodInvocationHelper.java:84)
	at org.testng.internal.Invoker.invokeMethod(Invoker.java:714)
	at org.testng.internal.Invoker.invokeTestMethod(Invoker.java:901)
	at org.testng.internal.Invoker.invokeTestMethods(Invoker.java:1231)
	at org.testng.internal.TestMethodWorker.invokeTestMethods(TestMethodWorker.java:127)
	at org.testng.internal.TestMethodWorker.run(TestMethodWorker.java:111)
	at org.testng.TestRunner.privateRun(TestRunner.java:767)
	at org.testng.TestRunner.run(TestRunner.java:617)
	at org.testng.SuiteRunner.runTest(SuiteRunner.java:334)
	at org.testng.SuiteRunner.access$000(SuiteRunner.java:37)
	at org.testng.SuiteRunner$SuiteWorker.run(SuiteRunner.java:368)
	at org.testng.internal.thread.ThreadUtil$2.call(ThreadUtil.java:64)
	at java.util.concurrent.FutureTask.run(Unknown Source)
	at java.util.concurrent.ThreadPoolExecutor.runWorker(Unknown Source)
	at java.util.concurrent.ThreadPoolExecutor$Worker.run(Unknown Source)
	at java.lang.Thread.run(Unknown Source)
]]>
            </full-stacktrace>
          </exception> <!-- org.openqa.selenium.WebDriverException -->
          <reporter-output>
          </reporter-output>
        </test-method> <!-- test23_gotoCollateral360 -->
        <test-method status="PASS" signature="test24_verifyMutualFundsSection()[pri:0, instance:com.provenir.automation.framework.testcases.Collateral360@287cbe54]" name="test24_verifyMutualFundsSection" duration-ms="88108" started-at="2015-12-28T11:43:01Z" finished-at="2015-12-28T11:44:29Z">
          <reporter-output>
          </reporter-output>
        </test-method> <!-- test24_verifyMutualFundsSection -->
        <test-method status="PASS" signature="test25_verifyMandatoryFieldsOnMutualFunds()[pri:0, instance:com.provenir.automation.framework.testcases.Collateral360@287cbe54]" name="test25_verifyMandatoryFieldsOnMutualFunds" duration-ms="27921" started-at="2015-12-28T11:44:29Z" finished-at="2015-12-28T11:44:57Z">
          <reporter-output>
          </reporter-output>
        </test-method> <!-- test25_verifyMandatoryFieldsOnMutualFunds -->
        <test-method status="PASS" signature="test26_saveOnMutualFunds()[pri:0, instance:com.provenir.automation.framework.testcases.Collateral360@287cbe54]" name="test26_saveOnMutualFunds" duration-ms="40419" started-at="2015-12-28T11:44:57Z" finished-at="2015-12-28T11:45:37Z">
          <reporter-output>
          </reporter-output>
        </test-method> <!-- test26_saveOnMutualFunds -->
        <test-method status="PASS" signature="test27_updateMutualFunds()[pri:0, instance:com.provenir.automation.framework.testcases.Collateral360@287cbe54]" name="test27_updateMutualFunds" duration-ms="17629" started-at="2015-12-28T11:45:37Z" finished-at="2015-12-28T11:45:55Z">
          <reporter-output>
          </reporter-output>
        </test-method> <!-- test27_updateMutualFunds -->
        <test-method status="PASS" signature="test28_cancelMutualFunds()[pri:0, instance:com.provenir.automation.framework.testcases.Collateral360@287cbe54]" name="test28_cancelMutualFunds" duration-ms="15819" started-at="2015-12-28T11:45:55Z" finished-at="2015-12-28T11:46:10Z">
          <reporter-output>
          </reporter-output>
        </test-method> <!-- test28_cancelMutualFunds -->
        <test-method status="PASS" signature="test29_verifyCertificatedBondsSection()[pri:0, instance:com.provenir.automation.framework.testcases.Collateral360@287cbe54]" name="test29_verifyCertificatedBondsSection" duration-ms="13804" started-at="2015-12-28T11:46:10Z" finished-at="2015-12-28T11:46:24Z">
          <reporter-output>
          </reporter-output>
        </test-method> <!-- test29_verifyCertificatedBondsSection -->
        <test-method status="PASS" signature="test30_saveOnCertifiedBonds()[pri:0, instance:com.provenir.automation.framework.testcases.Collateral360@287cbe54]" name="test30_saveOnCertifiedBonds" duration-ms="25068" started-at="2015-12-28T11:46:24Z" finished-at="2015-12-28T11:46:49Z">
          <reporter-output>
          </reporter-output>
        </test-method> <!-- test30_saveOnCertifiedBonds -->
        <test-method status="PASS" signature="test31_updateCertifiedBonds()[pri:0, instance:com.provenir.automation.framework.testcases.Collateral360@287cbe54]" name="test31_updateCertifiedBonds" duration-ms="15451" started-at="2015-12-28T11:46:49Z" finished-at="2015-12-28T11:47:05Z">
          <reporter-output>
          </reporter-output>
        </test-method> <!-- test31_updateCertifiedBonds -->
        <test-method status="PASS" signature="test32_cancelCertifiedBonds()[pri:0, instance:com.provenir.automation.framework.testcases.Collateral360@287cbe54]" name="test32_cancelCertifiedBonds" duration-ms="22635" started-at="2015-12-28T11:47:05Z" finished-at="2015-12-28T11:47:27Z">
          <reporter-output>
          </reporter-output>
        </test-method> <!-- test32_cancelCertifiedBonds -->
        <test-method status="PASS" signature="test33_VerifyUncertifiedSecuritiesOrMutualFundsSection()[pri:0, instance:com.provenir.automation.framework.testcases.Collateral360@287cbe54]" name="test33_VerifyUncertifiedSecuritiesOrMutualFundsSection" duration-ms="14763" started-at="2015-12-28T11:47:27Z" finished-at="2015-12-28T11:47:42Z">
          <reporter-output>
          </reporter-output>
        </test-method> <!-- test33_VerifyUncertifiedSecuritiesOrMutualFundsSection -->
        <test-method status="PASS" signature="test34_saveOnUncertifiedSecurities()[pri:0, instance:com.provenir.automation.framework.testcases.Collateral360@287cbe54]" name="test34_saveOnUncertifiedSecurities" duration-ms="30716" started-at="2015-12-28T11:47:42Z" finished-at="2015-12-28T11:48:13Z">
          <reporter-output>
          </reporter-output>
        </test-method> <!-- test34_saveOnUncertifiedSecurities -->
        <test-method status="PASS" signature="test35_updateOnUncertifiedSecurities()[pri:0, instance:com.provenir.automation.framework.testcases.Collateral360@287cbe54]" name="test35_updateOnUncertifiedSecurities" duration-ms="15709" started-at="2015-12-28T11:48:13Z" finished-at="2015-12-28T11:48:29Z">
          <reporter-output>
          </reporter-output>
        </test-method> <!-- test35_updateOnUncertifiedSecurities -->
        <test-method status="PASS" signature="test36_cancelOnUncertifiedSecurities()[pri:0, instance:com.provenir.automation.framework.testcases.Collateral360@287cbe54]" name="test36_cancelOnUncertifiedSecurities" duration-ms="21884" started-at="2015-12-28T11:48:29Z" finished-at="2015-12-28T11:48:50Z">
          <reporter-output>
          </reporter-output>
        </test-method> <!-- test36_cancelOnUncertifiedSecurities -->
        <test-method status="FAIL" signature="test37_goToCollateralPool()[pri:0, instance:com.provenir.automation.framework.testcases.Collateral360@287cbe54]" name="test37_goToCollateralPool" duration-ms="30805" started-at="2015-12-28T11:48:50Z" finished-at="2015-12-28T11:49:21Z">
          <exception class="org.openqa.selenium.WebDriverException">
            <message>
              <![CDATA[unknown error: Element is not clickable at point (95, 159). Other element would receive the click: <div class="blockUI blockOverlay" style="z-index: 1000; border: none; margin: 0px; padding: 0px; width: 100%; height: 100%; top: 0px; left: 0px; opacity: 0; cursor: default; position: fixed; background-color: rgb(0, 0, 0);"></div>
  (Session info: chrome=47.0.2526.106)
  (Driver info: chromedriver=2.20.353145 (343b531d31eeb933ec778dbcf7081628a1396067),platform=Windows NT 6.1 SP1 x86_64) (WARNING: The server did not provide any stacktrace information)
Command duration or timeout: 109 milliseconds
Build info: version: '2.48.2', revision: '41bccdd', time: '2015-10-09 19:55:52'
System info: host: 'parasharb-w7', ip: '172.27.103.103', os.name: 'Windows 7', os.arch: 'amd64', os.version: '6.1', java.version: '1.7.0_75'
Session ID: 8f952d5b66c86b7900aaee0ed752366f
Driver info: org.openqa.selenium.remote.RemoteWebDriver
Capabilities [{platform=XP, acceptSslCerts=true, javascriptEnabled=true, browserName=chrome, chrome={userDataDir=C:\Users\PARASH~1\AppData\Local\Temp\scoped_dir49144_14584}, rotatable=false, locationContextEnabled=true, mobileEmulationEnabled=false, version=47.0.2526.106, takesHeapSnapshot=true, cssSelectorsEnabled=true, databaseEnabled=false, handlesAlerts=true, browserConnectionEnabled=false, webStorageEnabled=true, nativeEvents=true, hasTouchScreen=false, applicationCacheEnabled=false, takesScreenshot=true}]]]>
            </message>
            <full-stacktrace>
              <![CDATA[org.openqa.selenium.WebDriverException: unknown error: Element is not clickable at point (95, 159). Other element would receive the click: <div class="blockUI blockOverlay" style="z-index: 1000; border: none; margin: 0px; padding: 0px; width: 100%; height: 100%; top: 0px; left: 0px; opacity: 0; cursor: default; position: fixed; background-color: rgb(0, 0, 0);"></div>
  (Session info: chrome=47.0.2526.106)
  (Driver info: chromedriver=2.20.353145 (343b531d31eeb933ec778dbcf7081628a1396067),platform=Windows NT 6.1 SP1 x86_64) (WARNING: The server did not provide any stacktrace information)
Command duration or timeout: 109 milliseconds
Build info: version: '2.48.2', revision: '41bccdd', time: '2015-10-09 19:55:52'
System info: host: 'parasharb-w7', ip: '172.27.103.103', os.name: 'Windows 7', os.arch: 'amd64', os.version: '6.1', java.version: '1.7.0_75'
Session ID: 8f952d5b66c86b7900aaee0ed752366f
Driver info: org.openqa.selenium.remote.RemoteWebDriver
Capabilities [{platform=XP, acceptSslCerts=true, javascriptEnabled=true, browserName=chrome, chrome={userDataDir=C:\Users\PARASH~1\AppData\Local\Temp\scoped_dir49144_14584}, rotatable=false, locationContextEnabled=true, mobileEmulationEnabled=false, version=47.0.2526.106, takesHeapSnapshot=true, cssSelectorsEnabled=true, databaseEnabled=false, handlesAlerts=true, browserConnectionEnabled=false, webStorageEnabled=true, nativeEvents=true, hasTouchScreen=false, applicationCacheEnabled=false, takesScreenshot=true}]
	at sun.reflect.NativeConstructorAccessorImpl.newInstance0(Native Method)
	at sun.reflect.NativeConstructorAccessorImpl.newInstance(Unknown Source)
	at sun.reflect.DelegatingConstructorAccessorImpl.newInstance(Unknown Source)
	at java.lang.reflect.Constructor.newInstance(Unknown Source)
	at org.openqa.selenium.remote.ErrorHandler.createThrowable(ErrorHandler.java:206)
	at org.openqa.selenium.remote.ErrorHandler.throwIfResponseFailed(ErrorHandler.java:158)
	at org.openqa.selenium.remote.RemoteWebDriver.execute(RemoteWebDriver.java:647)
	at org.openqa.selenium.remote.RemoteWebElement.execute(RemoteWebElement.java:326)
	at org.openqa.selenium.remote.RemoteWebElement.click(RemoteWebElement.java:84)
	at sun.reflect.GeneratedMethodAccessor2.invoke(Unknown Source)
	at sun.reflect.DelegatingMethodAccessorImpl.invoke(Unknown Source)
	at java.lang.reflect.Method.invoke(Unknown Source)
	at org.openqa.selenium.support.pagefactory.internal.LocatingElementHandler.invoke(LocatingElementHandler.java:51)
	at com.sun.proxy.$Proxy9.click(Unknown Source)
	at com.provenir.automation.framework.helper.Collateral360Helper.clickCollateralAccounts(Collateral360Helper.java:988)
	at com.provenir.automation.framework.testcases.Collateral360.test37_goToCollateralPool(Collateral360.java:364)
	at sun.reflect.NativeMethodAccessorImpl.invoke0(Native Method)
	at sun.reflect.NativeMethodAccessorImpl.invoke(Unknown Source)
	at sun.reflect.DelegatingMethodAccessorImpl.invoke(Unknown Source)
	at java.lang.reflect.Method.invoke(Unknown Source)
	at org.testng.internal.MethodInvocationHelper.invokeMethod(MethodInvocationHelper.java:84)
	at org.testng.internal.Invoker.invokeMethod(Invoker.java:714)
	at org.testng.internal.Invoker.invokeTestMethod(Invoker.java:901)
	at org.testng.internal.Invoker.invokeTestMethods(Invoker.java:1231)
	at org.testng.internal.TestMethodWorker.invokeTestMethods(TestMethodWorker.java:127)
	at org.testng.internal.TestMethodWorker.run(TestMethodWorker.java:111)
	at org.testng.TestRunner.privateRun(TestRunner.java:767)
	at org.testng.TestRunner.run(TestRunner.java:617)
	at org.testng.SuiteRunner.runTest(SuiteRunner.java:334)
	at org.testng.SuiteRunner.access$000(SuiteRunner.java:37)
	at org.testng.SuiteRunner$SuiteWorker.run(SuiteRunner.java:368)
	at org.testng.internal.thread.ThreadUtil$2.call(ThreadUtil.java:64)
	at java.util.concurrent.FutureTask.run(Unknown Source)
	at java.util.concurrent.ThreadPoolExecutor.runWorker(Unknown Source)
	at java.util.concurrent.ThreadPoolExecutor$Worker.run(Unknown Source)
	at java.lang.Thread.run(Unknown Source)
]]>
            </full-stacktrace>
          </exception> <!-- org.openqa.selenium.WebDriverException -->
          <reporter-output>
          </reporter-output>
        </test-method> <!-- test37_goToCollateralPool -->
        <test-method status="FAIL" signature="test38_saveCollateralDetailsAsRealState()[pri:0, instance:com.provenir.automation.framework.testcases.Collateral360@287cbe54]" name="test38_saveCollateralDetailsAsRealState" duration-ms="11919" started-at="2015-12-28T11:49:21Z" finished-at="2015-12-28T11:49:33Z">
          <exception class="org.openqa.selenium.NoSuchElementException">
            <message>
              <![CDATA[no such element: Unable to locate element: {"method":"xpath","selector":".//*[@id='UPSERTCOLLACCTFORM']/div[2]/a"}
  (Session info: chrome=47.0.2526.106)
  (Driver info: chromedriver=2.20.353145 (343b531d31eeb933ec778dbcf7081628a1396067),platform=Windows NT 6.1 SP1 x86_64) (WARNING: The server did not provide any stacktrace information)
Command duration or timeout: 15 milliseconds
For documentation on this error, please visit: http://seleniumhq.org/exceptions/no_such_element.html
Build info: version: '2.48.2', revision: '41bccdd', time: '2015-10-09 19:55:52'
System info: host: 'parasharb-w7', ip: '172.27.103.103', os.name: 'Windows 7', os.arch: 'amd64', os.version: '6.1', java.version: '1.7.0_75'
*** Element info: {Using=xpath, value=.//*[@id='UPSERTCOLLACCTFORM']/div[2]/a}
Session ID: 8f952d5b66c86b7900aaee0ed752366f
Driver info: org.openqa.selenium.remote.RemoteWebDriver
Capabilities [{platform=XP, acceptSslCerts=true, javascriptEnabled=true, browserName=chrome, chrome={userDataDir=C:\Users\PARASH~1\AppData\Local\Temp\scoped_dir49144_14584}, rotatable=false, locationContextEnabled=true, mobileEmulationEnabled=false, version=47.0.2526.106, takesHeapSnapshot=true, cssSelectorsEnabled=true, databaseEnabled=false, handlesAlerts=true, browserConnectionEnabled=false, webStorageEnabled=true, nativeEvents=true, hasTouchScreen=false, applicationCacheEnabled=false, takesScreenshot=true}]]]>
            </message>
            <full-stacktrace>
              <![CDATA[org.openqa.selenium.NoSuchElementException: no such element: Unable to locate element: {"method":"xpath","selector":".//*[@id='UPSERTCOLLACCTFORM']/div[2]/a"}
  (Session info: chrome=47.0.2526.106)
  (Driver info: chromedriver=2.20.353145 (343b531d31eeb933ec778dbcf7081628a1396067),platform=Windows NT 6.1 SP1 x86_64) (WARNING: The server did not provide any stacktrace information)
Command duration or timeout: 15 milliseconds
For documentation on this error, please visit: http://seleniumhq.org/exceptions/no_such_element.html
Build info: version: '2.48.2', revision: '41bccdd', time: '2015-10-09 19:55:52'
System info: host: 'parasharb-w7', ip: '172.27.103.103', os.name: 'Windows 7', os.arch: 'amd64', os.version: '6.1', java.version: '1.7.0_75'
*** Element info: {Using=xpath, value=.//*[@id='UPSERTCOLLACCTFORM']/div[2]/a}
Session ID: 8f952d5b66c86b7900aaee0ed752366f
Driver info: org.openqa.selenium.remote.RemoteWebDriver
Capabilities [{platform=XP, acceptSslCerts=true, javascriptEnabled=true, browserName=chrome, chrome={userDataDir=C:\Users\PARASH~1\AppData\Local\Temp\scoped_dir49144_14584}, rotatable=false, locationContextEnabled=true, mobileEmulationEnabled=false, version=47.0.2526.106, takesHeapSnapshot=true, cssSelectorsEnabled=true, databaseEnabled=false, handlesAlerts=true, browserConnectionEnabled=false, webStorageEnabled=true, nativeEvents=true, hasTouchScreen=false, applicationCacheEnabled=false, takesScreenshot=true}]
	at sun.reflect.GeneratedConstructorAccessor13.newInstance(Unknown Source)
	at sun.reflect.DelegatingConstructorAccessorImpl.newInstance(Unknown Source)
	at java.lang.reflect.Constructor.newInstance(Unknown Source)
	at org.openqa.selenium.remote.ErrorHandler.createThrowable(ErrorHandler.java:206)
	at org.openqa.selenium.remote.ErrorHandler.throwIfResponseFailed(ErrorHandler.java:158)
	at org.openqa.selenium.remote.RemoteWebDriver.execute(RemoteWebDriver.java:647)
	at org.openqa.selenium.remote.RemoteWebDriver.findElement(RemoteWebDriver.java:353)
	at org.openqa.selenium.remote.RemoteWebDriver.findElementByXPath(RemoteWebDriver.java:490)
	at org.openqa.selenium.By$ByXPath.findElement(By.java:361)
	at org.openqa.selenium.remote.RemoteWebDriver.findElement(RemoteWebDriver.java:345)
	at org.openqa.selenium.support.pagefactory.DefaultElementLocator.findElement(DefaultElementLocator.java:69)
	at org.openqa.selenium.support.pagefactory.internal.LocatingElementHandler.invoke(LocatingElementHandler.java:38)
	at com.sun.proxy.$Proxy9.click(Unknown Source)
	at com.provenir.automation.framework.helper.Collateral360Helper.editOnBasicCollateralInformation(Collateral360Helper.java:1038)
	at com.provenir.automation.framework.testcases.Collateral360.test38_saveCollateralDetailsAsRealState(Collateral360.java:370)
	at sun.reflect.NativeMethodAccessorImpl.invoke0(Native Method)
	at sun.reflect.NativeMethodAccessorImpl.invoke(Unknown Source)
	at sun.reflect.DelegatingMethodAccessorImpl.invoke(Unknown Source)
	at java.lang.reflect.Method.invoke(Unknown Source)
	at org.testng.internal.MethodInvocationHelper.invokeMethod(MethodInvocationHelper.java:84)
	at org.testng.internal.Invoker.invokeMethod(Invoker.java:714)
	at org.testng.internal.Invoker.invokeTestMethod(Invoker.java:901)
	at org.testng.internal.Invoker.invokeTestMethods(Invoker.java:1231)
	at org.testng.internal.TestMethodWorker.invokeTestMethods(TestMethodWorker.java:127)
	at org.testng.internal.TestMethodWorker.run(TestMethodWorker.java:111)
	at org.testng.TestRunner.privateRun(TestRunner.java:767)
	at org.testng.TestRunner.run(TestRunner.java:617)
	at org.testng.SuiteRunner.runTest(SuiteRunner.java:334)
	at org.testng.SuiteRunner.access$000(SuiteRunner.java:37)
	at org.testng.SuiteRunner$SuiteWorker.run(SuiteRunner.java:368)
	at org.testng.internal.thread.ThreadUtil$2.call(ThreadUtil.java:64)
	at java.util.concurrent.FutureTask.run(Unknown Source)
	at java.util.concurrent.ThreadPoolExecutor.runWorker(Unknown Source)
	at java.util.concurrent.ThreadPoolExecutor$Worker.run(Unknown Source)
	at java.lang.Thread.run(Unknown Source)
]]>
            </full-stacktrace>
          </exception> <!-- org.openqa.selenium.NoSuchElementException -->
          <reporter-output>
          </reporter-output>
        </test-method> <!-- test38_saveCollateralDetailsAsRealState -->
        <test-method status="PASS" signature="test39_ClickTaxInformation()[pri:0, instance:com.provenir.automation.framework.testcases.Collateral360@287cbe54]" name="test39_ClickTaxInformation" duration-ms="103445" started-at="2015-12-28T11:49:33Z" finished-at="2015-12-28T11:51:17Z">
          <reporter-output>
          </reporter-output>
        </test-method> <!-- test39_ClickTaxInformation -->
        <test-method status="PASS" signature="test40_AddTaxInformation()[pri:0, instance:com.provenir.automation.framework.testcases.Collateral360@287cbe54]" name="test40_AddTaxInformation" duration-ms="4514" started-at="2015-12-28T11:51:17Z" finished-at="2015-12-28T11:51:21Z">
          <reporter-output>
          </reporter-output>
        </test-method> <!-- test40_AddTaxInformation -->
        <test-method status="PASS" signature="test41_verifyErrorMsgTaxApnDetails()[pri:0, instance:com.provenir.automation.framework.testcases.Collateral360@287cbe54]" name="test41_verifyErrorMsgTaxApnDetails" duration-ms="12697" started-at="2015-12-28T11:51:21Z" finished-at="2015-12-28T11:51:34Z">
          <reporter-output>
          </reporter-output>
        </test-method> <!-- test41_verifyErrorMsgTaxApnDetails -->
        <test-method status="PASS" signature="test42_SaveTaxInformationDetails()[pri:0, instance:com.provenir.automation.framework.testcases.Collateral360@287cbe54]" name="test42_SaveTaxInformationDetails" duration-ms="51241" started-at="2015-12-28T11:51:34Z" finished-at="2015-12-28T11:52:25Z">
          <reporter-output>
          </reporter-output>
        </test-method> <!-- test42_SaveTaxInformationDetails -->
        <test-method status="PASS" signature="tearDown()[pri:0, instance:com.provenir.automation.framework.testcases.Collateral360@287cbe54]" name="tearDown" is-config="true" duration-ms="4433" started-at="2015-12-28T11:52:25Z" finished-at="2015-12-28T11:52:30Z">
          <reporter-output>
          </reporter-output>
        </test-method> <!-- tearDown -->
      </class> <!-- com.provenir.automation.framework.testcases.Collateral360 -->
    </test> <!-- Chrome Test -->
  </suite> <!-- Automation test suite -->
</testng-results>
