<?xml version="1.0" encoding="UTF-8"?>
<testng-results skipped="0" failed="2" total="42" passed="40">
  <reporter-output>
  </reporter-output>
  <suite name="Automation test suite" duration-ms="865801" started-at="2015-12-17T14:01:14Z" finished-at="2015-12-17T14:15:40Z">
    <groups>
    </groups>
    <test name="Firefox Test" duration-ms="865801" started-at="2015-12-17T14:01:14Z" finished-at="2015-12-17T14:15:40Z">
      <class name="com.provenir.automation.framework.testcases.Collateral360">
        <test-method status="PASS" signature="initialize()[pri:0, instance:com.provenir.automation.framework.testcases.Collateral360@3a40e900]" name="initialize" is-config="true" duration-ms="46" started-at="2015-12-17T19:31:14Z" finished-at="2015-12-17T19:31:14Z">
          <reporter-output>
          </reporter-output>
        </test-method> <!-- initialize -->
        <test-method status="PASS" signature="beforeTest()[pri:0, instance:com.provenir.automation.framework.testcases.Collateral360@3a40e900]" name="beforeTest" is-config="true" duration-ms="23436" started-at="2015-12-17T19:31:14Z" finished-at="2015-12-17T19:31:37Z">
          <reporter-output>
          </reporter-output>
        </test-method> <!-- beforeTest -->
        <test-method status="PASS" signature="beforeMethod(java.lang.String)[pri:0, instance:com.provenir.automation.framework.testcases.Collateral360@3a40e900]" name="beforeMethod" is-config="true" duration-ms="73" started-at="2015-12-17T19:31:37Z" finished-at="2015-12-17T19:31:38Z">
          <params>
            <param index="0">
              <value>
                <![CDATA[Firefox]]>
              </value>
            </param>
          </params>
          <reporter-output>
          </reporter-output>
        </test-method> <!-- beforeMethod -->
        <test-method status="PASS" signature="test0_landingPage()[pri:0, instance:com.provenir.automation.framework.testcases.Collateral360@3a40e900]" name="test0_landingPage" duration-ms="37787" started-at="2015-12-17T19:31:38Z" finished-at="2015-12-17T19:32:15Z">
          <reporter-output>
          </reporter-output>
        </test-method> <!-- test0_landingPage -->
        <test-method status="PASS" signature="test1_gotoCollateral360()[pri:0, instance:com.provenir.automation.framework.testcases.Collateral360@3a40e900]" name="test1_gotoCollateral360" duration-ms="43735" started-at="2015-12-17T19:32:15Z" finished-at="2015-12-17T19:32:59Z">
          <reporter-output>
          </reporter-output>
        </test-method> <!-- test1_gotoCollateral360 -->
        <test-method status="PASS" signature="test2_verifyCollateralTitle()[pri:0, instance:com.provenir.automation.framework.testcases.Collateral360@3a40e900]" name="test2_verifyCollateralTitle" duration-ms="10306" started-at="2015-12-17T19:32:59Z" finished-at="2015-12-17T19:33:09Z">
          <reporter-output>
          </reporter-output>
        </test-method> <!-- test2_verifyCollateralTitle -->
        <test-method status="PASS" signature="test3_saveCollateralDetails()[pri:0, instance:com.provenir.automation.framework.testcases.Collateral360@3a40e900]" name="test3_saveCollateralDetails" duration-ms="118962" started-at="2015-12-17T19:33:09Z" finished-at="2015-12-17T19:35:08Z">
          <reporter-output>
          </reporter-output>
        </test-method> <!-- test3_saveCollateralDetails -->
        <test-method status="PASS" signature="test4_verifyLeftHandNavigationForVehicle()[pri:0, instance:com.provenir.automation.framework.testcases.Collateral360@3a40e900]" name="test4_verifyLeftHandNavigationForVehicle" duration-ms="25969" started-at="2015-12-17T19:35:08Z" finished-at="2015-12-17T19:35:34Z">
          <reporter-output>
          </reporter-output>
        </test-method> <!-- test4_verifyLeftHandNavigationForVehicle -->
        <test-method status="PASS" signature="test5_verifyLeftHandNavigationForShares()[pri:0, instance:com.provenir.automation.framework.testcases.Collateral360@3a40e900]" name="test5_verifyLeftHandNavigationForShares" duration-ms="22758" started-at="2015-12-17T19:35:34Z" finished-at="2015-12-17T19:35:57Z">
          <reporter-output>
          </reporter-output>
        </test-method> <!-- test5_verifyLeftHandNavigationForShares -->
        <test-method status="PASS" signature="test6_verifyLeftHandNavigationForAccountsReceivable()[pri:0, instance:com.provenir.automation.framework.testcases.Collateral360@3a40e900]" name="test6_verifyLeftHandNavigationForAccountsReceivable" duration-ms="20402" started-at="2015-12-17T19:35:57Z" finished-at="2015-12-17T19:36:17Z">
          <reporter-output>
          </reporter-output>
        </test-method> <!-- test6_verifyLeftHandNavigationForAccountsReceivable -->
        <test-method status="PASS" signature="test7_verifyLeftHandNavigationForRealEstate()[pri:0, instance:com.provenir.automation.framework.testcases.Collateral360@3a40e900]" name="test7_verifyLeftHandNavigationForRealEstate" duration-ms="28045" started-at="2015-12-17T19:36:17Z" finished-at="2015-12-17T19:36:46Z">
          <reporter-output>
          </reporter-output>
        </test-method> <!-- test7_verifyLeftHandNavigationForRealEstate -->
        <test-method status="PASS" signature="test8_saveCollateralDetailsAsVehicle()[pri:0, instance:com.provenir.automation.framework.testcases.Collateral360@3a40e900]" name="test8_saveCollateralDetailsAsVehicle" duration-ms="91289" started-at="2015-12-17T19:36:46Z" finished-at="2015-12-17T19:38:17Z">
          <reporter-output>
          </reporter-output>
        </test-method> <!-- test8_saveCollateralDetailsAsVehicle -->
        <test-method status="PASS" signature="test9_verifyActionMenuDisplayedOnVehicle()[pri:0, instance:com.provenir.automation.framework.testcases.Collateral360@3a40e900]" name="test9_verifyActionMenuDisplayedOnVehicle" duration-ms="4804" started-at="2015-12-17T19:38:17Z" finished-at="2015-12-17T19:38:22Z">
          <reporter-output>
          </reporter-output>
        </test-method> <!-- test9_verifyActionMenuDisplayedOnVehicle -->
        <test-method status="PASS" signature="test11_saveOnTitledMotorVehicle()[pri:0, instance:com.provenir.automation.framework.testcases.Collateral360@3a40e900]" name="test11_saveOnTitledMotorVehicle" duration-ms="2984" started-at="2015-12-17T19:38:22Z" finished-at="2015-12-17T19:38:25Z">
          <reporter-output>
          </reporter-output>
        </test-method> <!-- test11_saveOnTitledMotorVehicle -->
        <test-method status="PASS" signature="test12_updateTitledMotorVehicle()[pri:0, instance:com.provenir.automation.framework.testcases.Collateral360@3a40e900]" name="test12_updateTitledMotorVehicle" duration-ms="4755" started-at="2015-12-17T19:38:25Z" finished-at="2015-12-17T19:38:29Z">
          <reporter-output>
          </reporter-output>
        </test-method> <!-- test12_updateTitledMotorVehicle -->
        <test-method status="PASS" signature="test13_deleteTitledMotorVehicleInfo()[pri:0, instance:com.provenir.automation.framework.testcases.Collateral360@3a40e900]" name="test13_deleteTitledMotorVehicleInfo" duration-ms="3205" started-at="2015-12-17T19:38:29Z" finished-at="2015-12-17T19:38:33Z">
          <reporter-output>
          </reporter-output>
        </test-method> <!-- test13_deleteTitledMotorVehicleInfo -->
        <test-method status="PASS" signature="test14_cancelOnTitledMotorVehicle()[pri:0, instance:com.provenir.automation.framework.testcases.Collateral360@3a40e900]" name="test14_cancelOnTitledMotorVehicle" duration-ms="3713" started-at="2015-12-17T19:38:33Z" finished-at="2015-12-17T19:38:36Z">
          <reporter-output>
          </reporter-output>
        </test-method> <!-- test14_cancelOnTitledMotorVehicle -->
        <test-method status="PASS" signature="test15_gotoCollateralPool()[pri:0, instance:com.provenir.automation.framework.testcases.Collateral360@3a40e900]" name="test15_gotoCollateralPool" duration-ms="39082" started-at="2015-12-17T19:38:36Z" finished-at="2015-12-17T19:39:15Z">
          <reporter-output>
          </reporter-output>
        </test-method> <!-- test15_gotoCollateralPool -->
        <test-method status="PASS" signature="test16_saveCollateralDetailsAsUCC()[pri:0, instance:com.provenir.automation.framework.testcases.Collateral360@3a40e900]" name="test16_saveCollateralDetailsAsUCC" duration-ms="38893" started-at="2015-12-17T19:39:15Z" finished-at="2015-12-17T19:39:54Z">
          <reporter-output>
          </reporter-output>
        </test-method> <!-- test16_saveCollateralDetailsAsUCC -->
        <test-method status="PASS" signature="test17_verifyDeleteOnUCC()[pri:0, instance:com.provenir.automation.framework.testcases.Collateral360@3a40e900]" name="test17_verifyDeleteOnUCC" duration-ms="11416" started-at="2015-12-17T19:39:54Z" finished-at="2015-12-17T19:40:06Z">
          <reporter-output>
          </reporter-output>
        </test-method> <!-- test17_verifyDeleteOnUCC -->
        <test-method status="PASS" signature="test18_verifyActionMenuDisplayedOnUCC()[pri:0, instance:com.provenir.automation.framework.testcases.Collateral360@3a40e900]" name="test18_verifyActionMenuDisplayedOnUCC" duration-ms="5218" started-at="2015-12-17T19:40:06Z" finished-at="2015-12-17T19:40:11Z">
          <reporter-output>
          </reporter-output>
        </test-method> <!-- test18_verifyActionMenuDisplayedOnUCC -->
        <test-method status="PASS" signature="test19_verifyMandatoryDetailsOnUCCUCC()[pri:0, instance:com.provenir.automation.framework.testcases.Collateral360@3a40e900]" name="test19_verifyMandatoryDetailsOnUCCUCC" duration-ms="1347" started-at="2015-12-17T19:40:11Z" finished-at="2015-12-17T19:40:12Z">
          <reporter-output>
          </reporter-output>
        </test-method> <!-- test19_verifyMandatoryDetailsOnUCCUCC -->
        <test-method status="PASS" signature="test20_saveUCC()[pri:0, instance:com.provenir.automation.framework.testcases.Collateral360@3a40e900]" name="test20_saveUCC" duration-ms="6795" started-at="2015-12-17T19:40:12Z" finished-at="2015-12-17T19:40:19Z">
          <reporter-output>
          </reporter-output>
        </test-method> <!-- test20_saveUCC -->
        <test-method status="PASS" signature="test21_updateUCC()[pri:0, instance:com.provenir.automation.framework.testcases.Collateral360@3a40e900]" name="test21_updateUCC" duration-ms="10692" started-at="2015-12-17T19:40:19Z" finished-at="2015-12-17T19:40:30Z">
          <reporter-output>
          </reporter-output>
        </test-method> <!-- test21_updateUCC -->
        <test-method status="PASS" signature="test22_cancelUCCDetails()[pri:0, instance:com.provenir.automation.framework.testcases.Collateral360@3a40e900]" name="test22_cancelUCCDetails" duration-ms="22045" started-at="2015-12-17T19:40:30Z" finished-at="2015-12-17T19:40:52Z">
          <reporter-output>
          </reporter-output>
        </test-method> <!-- test22_cancelUCCDetails -->
        <test-method status="PASS" signature="test23_gotoCollateral360()[pri:0, instance:com.provenir.automation.framework.testcases.Collateral360@3a40e900]" name="test23_gotoCollateral360" duration-ms="35750" started-at="2015-12-17T19:40:52Z" finished-at="2015-12-17T19:41:28Z">
          <reporter-output>
          </reporter-output>
        </test-method> <!-- test23_gotoCollateral360 -->
        <test-method status="FAIL" signature="test24_verifyMutualFundsSection()[pri:0, instance:com.provenir.automation.framework.testcases.Collateral360@3a40e900]" name="test24_verifyMutualFundsSection" duration-ms="6442" started-at="2015-12-17T19:41:28Z" finished-at="2015-12-17T19:41:34Z">
          <exception class="org.openqa.selenium.WebDriverException">
            <message>
              <![CDATA[Element must be user-editable in order to clear it.
Command duration or timeout: 45 milliseconds
Build info: version: '2.46.0', revision: '87c69e2', time: '2015-06-04 16:17:10'
System info: host: 'parasharb-w7', ip: '172.27.103.103', os.name: 'Windows 7', os.arch: 'amd64', os.version: '6.1', java.version: '1.7.0_75'
Session ID: 3089f7ca-0b94-4558-90c3-d53a0003cfaf
Driver info: org.openqa.selenium.firefox.FirefoxDriver
Capabilities [{platform=WINDOWS, acceptSslCerts=true, javascriptEnabled=true, cssSelectorsEnabled=true, databaseEnabled=true, browserName=firefox, handlesAlerts=true, nativeEvents=false, webStorageEnabled=true, rotatable=false, locationContextEnabled=true, applicationCacheEnabled=true, takesScreenshot=true, version=42.0}]]]>
            </message>
            <full-stacktrace>
              <![CDATA[org.openqa.selenium.WebDriverException: Element must be user-editable in order to clear it.
Command duration or timeout: 45 milliseconds
Build info: version: '2.46.0', revision: '87c69e2', time: '2015-06-04 16:17:10'
System info: host: 'parasharb-w7', ip: '172.27.103.103', os.name: 'Windows 7', os.arch: 'amd64', os.version: '6.1', java.version: '1.7.0_75'
Session ID: 3089f7ca-0b94-4558-90c3-d53a0003cfaf
Driver info: org.openqa.selenium.firefox.FirefoxDriver
Capabilities [{platform=WINDOWS, acceptSslCerts=true, javascriptEnabled=true, cssSelectorsEnabled=true, databaseEnabled=true, browserName=firefox, handlesAlerts=true, nativeEvents=false, webStorageEnabled=true, rotatable=false, locationContextEnabled=true, applicationCacheEnabled=true, takesScreenshot=true, version=42.0}]
	at sun.reflect.NativeConstructorAccessorImpl.newInstance0(Native Method)
	at sun.reflect.NativeConstructorAccessorImpl.newInstance(Unknown Source)
	at sun.reflect.DelegatingConstructorAccessorImpl.newInstance(Unknown Source)
	at java.lang.reflect.Constructor.newInstance(Unknown Source)
	at org.openqa.selenium.remote.ErrorHandler.createThrowable(ErrorHandler.java:204)
	at org.openqa.selenium.remote.ErrorHandler.throwIfResponseFailed(ErrorHandler.java:156)
	at org.openqa.selenium.remote.RemoteWebDriver.execute(RemoteWebDriver.java:605)
	at org.openqa.selenium.remote.RemoteWebElement.execute(RemoteWebElement.java:269)
	at org.openqa.selenium.remote.RemoteWebElement.clear(RemoteWebElement.java:114)
	at sun.reflect.GeneratedMethodAccessor6.invoke(Unknown Source)
	at sun.reflect.DelegatingMethodAccessorImpl.invoke(Unknown Source)
	at java.lang.reflect.Method.invoke(Unknown Source)
	at org.openqa.selenium.support.pagefactory.internal.LocatingElementHandler.invoke(LocatingElementHandler.java:51)
	at com.sun.proxy.$Proxy9.clear(Unknown Source)
	at com.provenir.automation.framework.helper.Collateral360Helper.enterCollateralName(Collateral360Helper.java:465)
	at com.provenir.automation.framework.testcases.Collateral360.test24_verifyMutualFundsSection(Collateral360.java:253)
	at sun.reflect.NativeMethodAccessorImpl.invoke0(Native Method)
	at sun.reflect.NativeMethodAccessorImpl.invoke(Unknown Source)
	at sun.reflect.DelegatingMethodAccessorImpl.invoke(Unknown Source)
	at java.lang.reflect.Method.invoke(Unknown Source)
	at org.testng.internal.MethodInvocationHelper.invokeMethod(MethodInvocationHelper.java:84)
	at org.testng.internal.Invoker.invokeMethod(Invoker.java:714)
	at org.testng.internal.Invoker.invokeTestMethod(Invoker.java:901)
	at org.testng.internal.Invoker.invokeTestMethods(Invoker.java:1231)
	at org.testng.internal.TestMethodWorker.invokeTestMethods(TestMethodWorker.java:127)
	at org.testng.internal.TestMethodWorker.run(TestMethodWorker.java:111)
	at org.testng.TestRunner.privateRun(TestRunner.java:767)
	at org.testng.TestRunner.run(TestRunner.java:617)
	at org.testng.SuiteRunner.runTest(SuiteRunner.java:334)
	at org.testng.SuiteRunner.access$000(SuiteRunner.java:37)
	at org.testng.SuiteRunner$SuiteWorker.run(SuiteRunner.java:368)
	at org.testng.internal.thread.ThreadUtil$2.call(ThreadUtil.java:64)
	at java.util.concurrent.FutureTask.run(Unknown Source)
	at java.util.concurrent.ThreadPoolExecutor.runWorker(Unknown Source)
	at java.util.concurrent.ThreadPoolExecutor$Worker.run(Unknown Source)
	at java.lang.Thread.run(Unknown Source)
Caused by: org.openqa.selenium.WebDriverException: Element must be user-editable in order to clear it.
Build info: version: '2.46.0', revision: '87c69e2', time: '2015-06-04 16:17:10'
System info: host: 'parasharb-w7', ip: '172.27.103.103', os.name: 'Windows 7', os.arch: 'amd64', os.version: '6.1', java.version: '1.7.0_75'
Driver info: driver.version: unknown
	at <anonymous class>.bot.Error(file:///C:/Users/PARASH~1/AppData/Local/Temp/anonymous7170364553865951857webdriver-profile/extensions/fxdriver@googlecode.com/components/command-processor.js:4763)
	at <anonymous class>.bot.action.clear(file:///C:/Users/PARASH~1/AppData/Local/Temp/anonymous7170364553865951857webdriver-profile/extensions/fxdriver@googlecode.com/components/command-processor.js:11308)
	at <anonymous class>.WebElement.clearElement(file:///C:/Users/PARASH~1/AppData/Local/Temp/anonymous7170364553865951857webdriver-profile/extensions/fxdriver@googlecode.com/components/command-processor.js:11754)
	at <anonymous class>.DelayedCommand.prototype.executeInternal_/h(file:///C:/Users/PARASH~1/AppData/Local/Temp/anonymous7170364553865951857webdriver-profile/extensions/fxdriver@googlecode.com/components/command-processor.js:12282)
	at <anonymous class>.DelayedCommand.prototype.executeInternal_(file:///C:/Users/PARASH~1/AppData/Local/Temp/anonymous7170364553865951857webdriver-profile/extensions/fxdriver@googlecode.com/components/command-processor.js:12287)
	at <anonymous class>.DelayedCommand.prototype.execute/<(file:///C:/Users/PARASH~1/AppData/Local/Temp/anonymous7170364553865951857webdriver-profile/extensions/fxdriver@googlecode.com/components/command-processor.js:12229)
]]>
            </full-stacktrace>
          </exception> <!-- org.openqa.selenium.WebDriverException -->
          <reporter-output>
          </reporter-output>
        </test-method> <!-- test24_verifyMutualFundsSection -->
        <test-method status="PASS" signature="test25_verifyMandatoryFieldsOnMutualFunds()[pri:0, instance:com.provenir.automation.framework.testcases.Collateral360@3a40e900]" name="test25_verifyMandatoryFieldsOnMutualFunds" duration-ms="19276" started-at="2015-12-17T19:41:34Z" finished-at="2015-12-17T19:41:53Z">
          <reporter-output>
          </reporter-output>
        </test-method> <!-- test25_verifyMandatoryFieldsOnMutualFunds -->
        <test-method status="PASS" signature="test26_saveOnMutualFunds()[pri:0, instance:com.provenir.automation.framework.testcases.Collateral360@3a40e900]" name="test26_saveOnMutualFunds" duration-ms="15506" started-at="2015-12-17T19:41:53Z" finished-at="2015-12-17T19:42:09Z">
          <reporter-output>
          </reporter-output>
        </test-method> <!-- test26_saveOnMutualFunds -->
        <test-method status="PASS" signature="test27_updateMutualFunds()[pri:0, instance:com.provenir.automation.framework.testcases.Collateral360@3a40e900]" name="test27_updateMutualFunds" duration-ms="4791" started-at="2015-12-17T19:42:09Z" finished-at="2015-12-17T19:42:14Z">
          <reporter-output>
          </reporter-output>
        </test-method> <!-- test27_updateMutualFunds -->
        <test-method status="PASS" signature="test28_cancelMutualFunds()[pri:0, instance:com.provenir.automation.framework.testcases.Collateral360@3a40e900]" name="test28_cancelMutualFunds" duration-ms="4634" started-at="2015-12-17T19:42:14Z" finished-at="2015-12-17T19:42:18Z">
          <reporter-output>
          </reporter-output>
        </test-method> <!-- test28_cancelMutualFunds -->
        <test-method status="PASS" signature="test29_verifyCertificatedBondsSection()[pri:0, instance:com.provenir.automation.framework.testcases.Collateral360@3a40e900]" name="test29_verifyCertificatedBondsSection" duration-ms="5021" started-at="2015-12-17T19:42:18Z" finished-at="2015-12-17T19:42:23Z">
          <reporter-output>
          </reporter-output>
        </test-method> <!-- test29_verifyCertificatedBondsSection -->
        <test-method status="PASS" signature="test30_saveOnCertifiedBonds()[pri:0, instance:com.provenir.automation.framework.testcases.Collateral360@3a40e900]" name="test30_saveOnCertifiedBonds" duration-ms="10123" started-at="2015-12-17T19:42:23Z" finished-at="2015-12-17T19:42:33Z">
          <reporter-output>
          </reporter-output>
        </test-method> <!-- test30_saveOnCertifiedBonds -->
        <test-method status="PASS" signature="test31_updateCertifiedBonds()[pri:0, instance:com.provenir.automation.framework.testcases.Collateral360@3a40e900]" name="test31_updateCertifiedBonds" duration-ms="4744" started-at="2015-12-17T19:42:33Z" finished-at="2015-12-17T19:42:38Z">
          <reporter-output>
          </reporter-output>
        </test-method> <!-- test31_updateCertifiedBonds -->
        <test-method status="PASS" signature="test32_cancelCertifiedBonds()[pri:0, instance:com.provenir.automation.framework.testcases.Collateral360@3a40e900]" name="test32_cancelCertifiedBonds" duration-ms="5061" started-at="2015-12-17T19:42:38Z" finished-at="2015-12-17T19:42:43Z">
          <reporter-output>
          </reporter-output>
        </test-method> <!-- test32_cancelCertifiedBonds -->
        <test-method status="PASS" signature="test33_VerifyUncertifiedSecuritiesOrMutualFundsSection()[pri:0, instance:com.provenir.automation.framework.testcases.Collateral360@3a40e900]" name="test33_VerifyUncertifiedSecuritiesOrMutualFundsSection" duration-ms="5911" started-at="2015-12-17T19:42:43Z" finished-at="2015-12-17T19:42:49Z">
          <reporter-output>
          </reporter-output>
        </test-method> <!-- test33_VerifyUncertifiedSecuritiesOrMutualFundsSection -->
        <test-method status="PASS" signature="test34_saveOnUncertifiedSecurities()[pri:0, instance:com.provenir.automation.framework.testcases.Collateral360@3a40e900]" name="test34_saveOnUncertifiedSecurities" duration-ms="12018" started-at="2015-12-17T19:42:49Z" finished-at="2015-12-17T19:43:01Z">
          <reporter-output>
          </reporter-output>
        </test-method> <!-- test34_saveOnUncertifiedSecurities -->
        <test-method status="PASS" signature="test35_updateOnUncertifiedSecurities()[pri:0, instance:com.provenir.automation.framework.testcases.Collateral360@3a40e900]" name="test35_updateOnUncertifiedSecurities" duration-ms="5319" started-at="2015-12-17T19:43:01Z" finished-at="2015-12-17T19:43:06Z">
          <reporter-output>
          </reporter-output>
        </test-method> <!-- test35_updateOnUncertifiedSecurities -->
        <test-method status="PASS" signature="test36_cancelOnUncertifiedSecurities()[pri:0, instance:com.provenir.automation.framework.testcases.Collateral360@3a40e900]" name="test36_cancelOnUncertifiedSecurities" duration-ms="5312" started-at="2015-12-17T19:43:06Z" finished-at="2015-12-17T19:43:12Z">
          <reporter-output>
          </reporter-output>
        </test-method> <!-- test36_cancelOnUncertifiedSecurities -->
        <test-method status="PASS" signature="test37_goToCollateralPool()[pri:0, instance:com.provenir.automation.framework.testcases.Collateral360@3a40e900]" name="test37_goToCollateralPool" duration-ms="44991" started-at="2015-12-17T19:43:12Z" finished-at="2015-12-17T19:43:57Z">
          <reporter-output>
          </reporter-output>
        </test-method> <!-- test37_goToCollateralPool -->
        <test-method status="FAIL" signature="test38_saveCollateralDetailsAsRealState()[pri:0, instance:com.provenir.automation.framework.testcases.Collateral360@3a40e900]" name="test38_saveCollateralDetailsAsRealState" duration-ms="52930" started-at="2015-12-17T19:43:57Z" finished-at="2015-12-17T19:44:50Z">
          <exception class="org.openqa.selenium.NoSuchElementException">
            <message>
              <![CDATA[Unable to locate element: {"method":"xpath","selector":"//b[contains(.,' Proceed ')]"}
Command duration or timeout: 22 milliseconds
For documentation on this error, please visit: http://seleniumhq.org/exceptions/no_such_element.html
Build info: version: '2.46.0', revision: '87c69e2', time: '2015-06-04 16:17:10'
System info: host: 'parasharb-w7', ip: '172.27.103.103', os.name: 'Windows 7', os.arch: 'amd64', os.version: '6.1', java.version: '1.7.0_75'
*** Element info: {Using=xpath, value=//b[contains(.,' Proceed ')]}
Session ID: 3089f7ca-0b94-4558-90c3-d53a0003cfaf
Driver info: org.openqa.selenium.firefox.FirefoxDriver
Capabilities [{platform=WINDOWS, acceptSslCerts=true, javascriptEnabled=true, cssSelectorsEnabled=true, databaseEnabled=true, browserName=firefox, handlesAlerts=true, nativeEvents=false, webStorageEnabled=true, rotatable=false, locationContextEnabled=true, applicationCacheEnabled=true, takesScreenshot=true, version=42.0}]]]>
            </message>
            <full-stacktrace>
              <![CDATA[org.openqa.selenium.NoSuchElementException: Unable to locate element: {"method":"xpath","selector":"//b[contains(.,' Proceed ')]"}
Command duration or timeout: 22 milliseconds
For documentation on this error, please visit: http://seleniumhq.org/exceptions/no_such_element.html
Build info: version: '2.46.0', revision: '87c69e2', time: '2015-06-04 16:17:10'
System info: host: 'parasharb-w7', ip: '172.27.103.103', os.name: 'Windows 7', os.arch: 'amd64', os.version: '6.1', java.version: '1.7.0_75'
*** Element info: {Using=xpath, value=//b[contains(.,' Proceed ')]}
Session ID: 3089f7ca-0b94-4558-90c3-d53a0003cfaf
Driver info: org.openqa.selenium.firefox.FirefoxDriver
Capabilities [{platform=WINDOWS, acceptSslCerts=true, javascriptEnabled=true, cssSelectorsEnabled=true, databaseEnabled=true, browserName=firefox, handlesAlerts=true, nativeEvents=false, webStorageEnabled=true, rotatable=false, locationContextEnabled=true, applicationCacheEnabled=true, takesScreenshot=true, version=42.0}]
	at sun.reflect.GeneratedConstructorAccessor14.newInstance(Unknown Source)
	at sun.reflect.DelegatingConstructorAccessorImpl.newInstance(Unknown Source)
	at java.lang.reflect.Constructor.newInstance(Unknown Source)
	at org.openqa.selenium.remote.ErrorHandler.createThrowable(ErrorHandler.java:204)
	at org.openqa.selenium.remote.ErrorHandler.throwIfResponseFailed(ErrorHandler.java:156)
	at org.openqa.selenium.remote.RemoteWebDriver.execute(RemoteWebDriver.java:605)
	at org.openqa.selenium.remote.RemoteWebDriver.findElement(RemoteWebDriver.java:358)
	at org.openqa.selenium.remote.RemoteWebDriver.findElementByXPath(RemoteWebDriver.java:455)
	at org.openqa.selenium.By$ByXPath.findElement(By.java:358)
	at org.openqa.selenium.remote.RemoteWebDriver.findElement(RemoteWebDriver.java:350)
	at org.openqa.selenium.support.pagefactory.DefaultElementLocator.findElement(DefaultElementLocator.java:69)
	at org.openqa.selenium.support.pagefactory.internal.LocatingElementHandler.invoke(LocatingElementHandler.java:38)
	at com.sun.proxy.$Proxy9.isDisplayed(Unknown Source)
	at com.provenir.automation.framework.helper.Collateral360Helper.checkForProceedBtn(Collateral360Helper.java:1417)
	at com.provenir.automation.framework.testcases.Collateral360.test38_saveCollateralDetailsAsRealState(Collateral360.java:385)
	at sun.reflect.NativeMethodAccessorImpl.invoke0(Native Method)
	at sun.reflect.NativeMethodAccessorImpl.invoke(Unknown Source)
	at sun.reflect.DelegatingMethodAccessorImpl.invoke(Unknown Source)
	at java.lang.reflect.Method.invoke(Unknown Source)
	at org.testng.internal.MethodInvocationHelper.invokeMethod(MethodInvocationHelper.java:84)
	at org.testng.internal.Invoker.invokeMethod(Invoker.java:714)
	at org.testng.internal.Invoker.invokeTestMethod(Invoker.java:901)
	at org.testng.internal.Invoker.invokeTestMethods(Invoker.java:1231)
	at org.testng.internal.TestMethodWorker.invokeTestMethods(TestMethodWorker.java:127)
	at org.testng.internal.TestMethodWorker.run(TestMethodWorker.java:111)
	at org.testng.TestRunner.privateRun(TestRunner.java:767)
	at org.testng.TestRunner.run(TestRunner.java:617)
	at org.testng.SuiteRunner.runTest(SuiteRunner.java:334)
	at org.testng.SuiteRunner.access$000(SuiteRunner.java:37)
	at org.testng.SuiteRunner$SuiteWorker.run(SuiteRunner.java:368)
	at org.testng.internal.thread.ThreadUtil$2.call(ThreadUtil.java:64)
	at java.util.concurrent.FutureTask.run(Unknown Source)
	at java.util.concurrent.ThreadPoolExecutor.runWorker(Unknown Source)
	at java.util.concurrent.ThreadPoolExecutor$Worker.run(Unknown Source)
	at java.lang.Thread.run(Unknown Source)
Caused by: org.openqa.selenium.NoSuchElementException: Unable to locate element: {"method":"xpath","selector":"//b[contains(.,' Proceed ')]"}
For documentation on this error, please visit: http://seleniumhq.org/exceptions/no_such_element.html
Build info: version: '2.46.0', revision: '87c69e2', time: '2015-06-04 16:17:10'
System info: host: 'parasharb-w7', ip: '172.27.103.103', os.name: 'Windows 7', os.arch: 'amd64', os.version: '6.1', java.version: '1.7.0_75'
Driver info: driver.version: unknown
	at <anonymous class>.FirefoxDriver.prototype.findElementInternal_(file:///C:/Users/PARASH~1/AppData/Local/Temp/anonymous7170364553865951857webdriver-profile/extensions/fxdriver@googlecode.com/components/driver-component.js:10299)
	at <anonymous class>.FirefoxDriver.prototype.findElement(file:///C:/Users/PARASH~1/AppData/Local/Temp/anonymous7170364553865951857webdriver-profile/extensions/fxdriver@googlecode.com/components/driver-component.js:10308)
	at <anonymous class>.DelayedCommand.prototype.executeInternal_/h(file:///C:/Users/PARASH~1/AppData/Local/Temp/anonymous7170364553865951857webdriver-profile/extensions/fxdriver@googlecode.com/components/command-processor.js:12282)
	at <anonymous class>.DelayedCommand.prototype.executeInternal_(file:///C:/Users/PARASH~1/AppData/Local/Temp/anonymous7170364553865951857webdriver-profile/extensions/fxdriver@googlecode.com/components/command-processor.js:12287)
	at <anonymous class>.DelayedCommand.prototype.execute/<(file:///C:/Users/PARASH~1/AppData/Local/Temp/anonymous7170364553865951857webdriver-profile/extensions/fxdriver@googlecode.com/components/command-processor.js:12229)
]]>
            </full-stacktrace>
          </exception> <!-- org.openqa.selenium.NoSuchElementException -->
          <reporter-output>
          </reporter-output>
        </test-method> <!-- test38_saveCollateralDetailsAsRealState -->
        <test-method status="PASS" signature="test39_ClickTaxInformation()[pri:0, instance:com.provenir.automation.framework.testcases.Collateral360@3a40e900]" name="test39_ClickTaxInformation" duration-ms="15749" started-at="2015-12-17T19:44:50Z" finished-at="2015-12-17T19:45:05Z">
          <reporter-output>
          </reporter-output>
        </test-method> <!-- test39_ClickTaxInformation -->
        <test-method status="PASS" signature="test40_AddTaxInformation()[pri:0, instance:com.provenir.automation.framework.testcases.Collateral360@3a40e900]" name="test40_AddTaxInformation" duration-ms="5532" started-at="2015-12-17T19:45:05Z" finished-at="2015-12-17T19:45:11Z">
          <reporter-output>
          </reporter-output>
        </test-method> <!-- test40_AddTaxInformation -->
        <test-method status="PASS" signature="test41_verifyErrorMsgTaxApnDetails()[pri:0, instance:com.provenir.automation.framework.testcases.Collateral360@3a40e900]" name="test41_verifyErrorMsgTaxApnDetails" duration-ms="478" started-at="2015-12-17T19:45:11Z" finished-at="2015-12-17T19:45:11Z">
          <reporter-output>
          </reporter-output>
        </test-method> <!-- test41_verifyErrorMsgTaxApnDetails -->
        <test-method status="PASS" signature="test42_SaveTaxInformationDetails()[pri:0, instance:com.provenir.automation.framework.testcases.Collateral360@3a40e900]" name="test42_SaveTaxInformationDetails" duration-ms="28428" started-at="2015-12-17T19:45:11Z" finished-at="2015-12-17T19:45:40Z">
          <reporter-output>
          </reporter-output>
        </test-method> <!-- test42_SaveTaxInformationDetails -->
        <test-method status="PASS" signature="tearDown()[pri:0, instance:com.provenir.automation.framework.testcases.Collateral360@3a40e900]" name="tearDown" is-config="true" duration-ms="4131" started-at="2015-12-17T19:45:40Z" finished-at="2015-12-17T19:45:44Z">
          <reporter-output>
          </reporter-output>
        </test-method> <!-- tearDown -->
      </class> <!-- com.provenir.automation.framework.testcases.Collateral360 -->
    </test> <!-- Firefox Test -->
  </suite> <!-- Automation test suite -->
</testng-results>
