<?xml version="1.0" encoding="UTF-8"?>
<testng-results skipped="0" failed="1" total="8" passed="7">
  <reporter-output>
  </reporter-output>
  <suite name="Demo Search test suite" duration-ms="228148" started-at="2015-09-10T09:35:51Z" finished-at="2015-09-10T09:39:39Z">
    <groups>
    </groups>
    <test name="Chrome Test" duration-ms="100863" started-at="2015-09-10T09:35:51Z" finished-at="2015-09-10T09:37:32Z">
      <class name="com.provenir.automation.framework.testcases.Credit360">
        <test-method status="PASS" signature="initialize()[pri:0, instance:com.provenir.automation.framework.testcases.Credit360@677951c9]" name="initialize" is-config="true" duration-ms="36" started-at="2015-09-10T05:35:51Z" finished-at="2015-09-10T05:35:51Z">
          <reporter-output>
          </reporter-output>
        </test-method> <!-- initialize -->
        <test-method status="PASS" signature="beforeTest()[pri:0, instance:com.provenir.automation.framework.testcases.Credit360@677951c9]" name="beforeTest" is-config="true" duration-ms="45674" started-at="2015-09-10T05:35:51Z" finished-at="2015-09-10T05:36:37Z">
          <reporter-output>
          </reporter-output>
        </test-method> <!-- beforeTest -->
        <test-method status="PASS" signature="beforeMethod(java.lang.String)[pri:0, instance:com.provenir.automation.framework.testcases.Credit360@677951c9]" name="beforeMethod" is-config="true" duration-ms="5" started-at="2015-09-10T05:36:37Z" finished-at="2015-09-10T05:36:37Z">
          <params>
            <param index="0">
              <value>
                <![CDATA[Chrome]]>
              </value>
            </param>
          </params>
          <reporter-output>
          </reporter-output>
        </test-method> <!-- beforeMethod -->
        <test-method status="PASS" signature="landingPage()[pri:0, instance:com.provenir.automation.framework.testcases.Credit360@677951c9]" name="landingPage" is-config="true" duration-ms="53972" started-at="2015-09-10T05:36:37Z" finished-at="2015-09-10T05:37:31Z">
          <reporter-output>
          </reporter-output>
        </test-method> <!-- landingPage -->
        <test-method status="FAIL" signature="test1_addAndSaveBorrower()[pri:0, instance:com.provenir.automation.framework.testcases.Credit360@677951c9]" name="test1_addAndSaveBorrower" duration-ms="1200" started-at="2015-09-10T05:37:31Z" finished-at="2015-09-10T05:37:32Z">
          <exception class="org.openqa.selenium.WebDriverException">
            <message>
              <![CDATA[unknown error: Element is not clickable at point (221, 147). Other element would receive the click: <div class="blockUI blockOverlay" style="z-index: 1000; border: none; margin: 0px; padding: 0px; width: 100%; height: 100%; top: 0px; left: 0px; opacity: 0; cursor: default; position: fixed; background-color: rgb(0, 0, 0);"></div>
  (Session info: chrome=45.0.2454.85)
  (Driver info: chromedriver=2.16.333243 (0bfa1d3575fc1044244f21ddb82bf870944ef961),platform=Windows NT 6.1 SP1 x86_64) (WARNING: The server did not provide any stacktrace information)
Command duration or timeout: 47 milliseconds
Build info: version: '2.46.0', revision: '87c69e2', time: '2015-06-04 16:17:10'
System info: host: 'pbajpai', ip: '10.1.107.41', os.name: 'Windows 7', os.arch: 'amd64', os.version: '6.1', java.version: '1.7.0_71'
Session ID: 22bbb74209c8302c48ceb1f6704a4be6
Driver info: org.openqa.selenium.remote.RemoteWebDriver
Capabilities [{platform=XP, acceptSslCerts=true, javascriptEnabled=true, browserName=chrome, chrome={userDataDir=C:\Users\provenir\AppData\Local\Temp\scoped_dir11756_6874}, rotatable=false, locationContextEnabled=true, mobileEmulationEnabled=false, version=45.0.2454.85, takesHeapSnapshot=true, cssSelectorsEnabled=true, databaseEnabled=false, handlesAlerts=true, browserConnectionEnabled=false, webStorageEnabled=true, nativeEvents=true, hasTouchScreen=false, applicationCacheEnabled=false, takesScreenshot=true}]]]>
            </message>
            <full-stacktrace>
              <![CDATA[org.openqa.selenium.WebDriverException: unknown error: Element is not clickable at point (221, 147). Other element would receive the click: <div class="blockUI blockOverlay" style="z-index: 1000; border: none; margin: 0px; padding: 0px; width: 100%; height: 100%; top: 0px; left: 0px; opacity: 0; cursor: default; position: fixed; background-color: rgb(0, 0, 0);"></div>
  (Session info: chrome=45.0.2454.85)
  (Driver info: chromedriver=2.16.333243 (0bfa1d3575fc1044244f21ddb82bf870944ef961),platform=Windows NT 6.1 SP1 x86_64) (WARNING: The server did not provide any stacktrace information)
Command duration or timeout: 47 milliseconds
Build info: version: '2.46.0', revision: '87c69e2', time: '2015-06-04 16:17:10'
System info: host: 'pbajpai', ip: '10.1.107.41', os.name: 'Windows 7', os.arch: 'amd64', os.version: '6.1', java.version: '1.7.0_71'
Session ID: 22bbb74209c8302c48ceb1f6704a4be6
Driver info: org.openqa.selenium.remote.RemoteWebDriver
Capabilities [{platform=XP, acceptSslCerts=true, javascriptEnabled=true, browserName=chrome, chrome={userDataDir=C:\Users\provenir\AppData\Local\Temp\scoped_dir11756_6874}, rotatable=false, locationContextEnabled=true, mobileEmulationEnabled=false, version=45.0.2454.85, takesHeapSnapshot=true, cssSelectorsEnabled=true, databaseEnabled=false, handlesAlerts=true, browserConnectionEnabled=false, webStorageEnabled=true, nativeEvents=true, hasTouchScreen=false, applicationCacheEnabled=false, takesScreenshot=true}]
	at sun.reflect.NativeConstructorAccessorImpl.newInstance0(Native Method)
	at sun.reflect.NativeConstructorAccessorImpl.newInstance(Unknown Source)
	at sun.reflect.DelegatingConstructorAccessorImpl.newInstance(Unknown Source)
	at java.lang.reflect.Constructor.newInstance(Unknown Source)
	at org.openqa.selenium.remote.ErrorHandler.createThrowable(ErrorHandler.java:204)
	at org.openqa.selenium.remote.ErrorHandler.throwIfResponseFailed(ErrorHandler.java:156)
	at org.openqa.selenium.remote.RemoteWebDriver.execute(RemoteWebDriver.java:605)
	at org.openqa.selenium.remote.RemoteWebElement.execute(RemoteWebElement.java:269)
	at org.openqa.selenium.remote.RemoteWebElement.click(RemoteWebElement.java:80)
	at sun.reflect.NativeMethodAccessorImpl.invoke0(Native Method)
	at sun.reflect.NativeMethodAccessorImpl.invoke(Unknown Source)
	at sun.reflect.DelegatingMethodAccessorImpl.invoke(Unknown Source)
	at java.lang.reflect.Method.invoke(Unknown Source)
	at org.openqa.selenium.support.pagefactory.internal.LocatingElementHandler.invoke(LocatingElementHandler.java:51)
	at com.sun.proxy.$Proxy10.click(Unknown Source)
	at com.provenir.automation.framework.helper.Credit360Helper.clickCreditBorrowerAndAdd(Credit360Helper.java:49)
	at com.provenir.automation.framework.testcases.Credit360.test1_addAndSaveBorrower(Credit360.java:58)
	at sun.reflect.NativeMethodAccessorImpl.invoke0(Native Method)
	at sun.reflect.NativeMethodAccessorImpl.invoke(Unknown Source)
	at sun.reflect.DelegatingMethodAccessorImpl.invoke(Unknown Source)
	at java.lang.reflect.Method.invoke(Unknown Source)
	at org.testng.internal.MethodInvocationHelper.invokeMethod(MethodInvocationHelper.java:84)
	at org.testng.internal.Invoker.invokeMethod(Invoker.java:714)
	at org.testng.internal.Invoker.invokeTestMethod(Invoker.java:901)
	at org.testng.internal.Invoker.invokeTestMethods(Invoker.java:1231)
	at org.testng.internal.TestMethodWorker.invokeTestMethods(TestMethodWorker.java:127)
	at org.testng.internal.TestMethodWorker.run(TestMethodWorker.java:111)
	at org.testng.TestRunner.privateRun(TestRunner.java:767)
	at org.testng.TestRunner.run(TestRunner.java:617)
	at org.testng.SuiteRunner.runTest(SuiteRunner.java:334)
	at org.testng.SuiteRunner.access$000(SuiteRunner.java:37)
	at org.testng.SuiteRunner$SuiteWorker.run(SuiteRunner.java:368)
	at org.testng.internal.thread.ThreadUtil$2.call(ThreadUtil.java:64)
	at java.util.concurrent.FutureTask.run(Unknown Source)
	at java.util.concurrent.ThreadPoolExecutor.runWorker(Unknown Source)
	at java.util.concurrent.ThreadPoolExecutor$Worker.run(Unknown Source)
	at java.lang.Thread.run(Unknown Source)
]]>
            </full-stacktrace>
          </exception> <!-- org.openqa.selenium.WebDriverException -->
          <reporter-output>
          </reporter-output>
        </test-method> <!-- test1_addAndSaveBorrower -->
        <test-method status="PASS" signature="tearDown()[pri:0, instance:com.provenir.automation.framework.testcases.Credit360@677951c9]" name="tearDown" is-config="true" duration-ms="5270" started-at="2015-09-10T05:39:39Z" finished-at="2015-09-10T05:39:45Z">
          <reporter-output>
          </reporter-output>
        </test-method> <!-- tearDown -->
      </class> <!-- com.provenir.automation.framework.testcases.Credit360 -->
    </test> <!-- Chrome Test -->
    <test name="Firefox Test" duration-ms="128475" started-at="2015-09-10T09:35:51Z" finished-at="2015-09-10T09:38:00Z">
      <class name="com.provenir.automation.framework.testcases.Customer360">
        <test-method status="PASS" signature="beforeTest()[pri:0, instance:com.provenir.automation.framework.testcases.Customer360@59ea632e]" name="beforeTest" is-config="true" duration-ms="12782" started-at="2015-09-10T05:35:51Z" finished-at="2015-09-10T05:36:04Z">
          <reporter-output>
          </reporter-output>
        </test-method> <!-- beforeTest -->
        <test-method status="PASS" signature="beforeMethod(java.lang.String)[pri:0, instance:com.provenir.automation.framework.testcases.Customer360@59ea632e]" name="beforeMethod" is-config="true" duration-ms="21" started-at="2015-09-10T05:36:04Z" finished-at="2015-09-10T05:36:04Z">
          <params>
            <param index="0">
              <value>
                <![CDATA[Firefox]]>
              </value>
            </param>
          </params>
          <reporter-output>
          </reporter-output>
        </test-method> <!-- beforeMethod -->
        <test-method status="PASS" signature="landingPage()[pri:0, instance:com.provenir.automation.framework.testcases.Customer360@59ea632e]" name="landingPage" is-config="true" duration-ms="25163" started-at="2015-09-10T05:36:04Z" finished-at="2015-09-10T05:36:29Z">
          <reporter-output>
          </reporter-output>
        </test-method> <!-- landingPage -->
        <test-method status="PASS" signature="test1_gotoCustomer360()[pri:0, instance:com.provenir.automation.framework.testcases.Customer360@59ea632e]" name="test1_gotoCustomer360" duration-ms="18618" started-at="2015-09-10T05:36:29Z" finished-at="2015-09-10T05:36:48Z">
          <reporter-output>
          </reporter-output>
        </test-method> <!-- test1_gotoCustomer360 -->
        <test-method status="PASS" signature="landingPage()[pri:0, instance:com.provenir.automation.framework.testcases.Customer360@59ea632e]" name="landingPage" is-config="true" duration-ms="23" started-at="2015-09-10T05:36:48Z" finished-at="2015-09-10T05:36:48Z">
          <reporter-output>
          </reporter-output>
        </test-method> <!-- landingPage -->
        <test-method status="PASS" signature="test2_verifyAddressTitle()[pri:0, instance:com.provenir.automation.framework.testcases.Customer360@59ea632e]" name="test2_verifyAddressTitle" duration-ms="138" started-at="2015-09-10T05:36:48Z" finished-at="2015-09-10T05:36:48Z">
          <reporter-output>
          </reporter-output>
        </test-method> <!-- test2_verifyAddressTitle -->
        <test-method status="PASS" signature="landingPage()[pri:0, instance:com.provenir.automation.framework.testcases.Customer360@59ea632e]" name="landingPage" is-config="true" duration-ms="19" started-at="2015-09-10T05:36:48Z" finished-at="2015-09-10T05:36:48Z">
          <reporter-output>
          </reporter-output>
        </test-method> <!-- landingPage -->
        <test-method status="PASS" signature="test3_saveAddress()[pri:0, instance:com.provenir.automation.framework.testcases.Customer360@59ea632e]" name="test3_saveAddress" duration-ms="71698" started-at="2015-09-10T05:36:48Z" finished-at="2015-09-10T05:38:00Z">
          <reporter-output>
          </reporter-output>
        </test-method> <!-- test3_saveAddress -->
      </class> <!-- com.provenir.automation.framework.testcases.Customer360 -->
    </test> <!-- Firefox Test -->
    <test name="IE Test" duration-ms="228148" started-at="2015-09-10T09:35:51Z" finished-at="2015-09-10T09:39:39Z">
      <class name="com.provenir.automation.framework.testcases.Collateral360">
        <test-method status="PASS" signature="beforeTest()[pri:0, instance:com.provenir.automation.framework.testcases.Collateral360@67d1a6b3]" name="beforeTest" is-config="true" duration-ms="91095" started-at="2015-09-10T05:35:51Z" finished-at="2015-09-10T05:37:22Z">
          <reporter-output>
          </reporter-output>
        </test-method> <!-- beforeTest -->
        <test-method status="PASS" signature="beforeMethod(java.lang.String)[pri:0, instance:com.provenir.automation.framework.testcases.Collateral360@67d1a6b3]" name="beforeMethod" is-config="true" duration-ms="6" started-at="2015-09-10T05:37:22Z" finished-at="2015-09-10T05:37:22Z">
          <params>
            <param index="0">
              <value>
                <![CDATA[InternetExplorer]]>
              </value>
            </param>
          </params>
          <reporter-output>
          </reporter-output>
        </test-method> <!-- beforeMethod -->
        <test-method status="PASS" signature="landingPage()[pri:0, instance:com.provenir.automation.framework.testcases.Collateral360@67d1a6b3]" name="landingPage" is-config="true" duration-ms="24653" started-at="2015-09-10T05:37:22Z" finished-at="2015-09-10T05:37:47Z">
          <reporter-output>
          </reporter-output>
        </test-method> <!-- landingPage -->
        <test-method status="PASS" signature="test1_gotoCollateral360()[pri:0, instance:com.provenir.automation.framework.testcases.Collateral360@67d1a6b3]" name="test1_gotoCollateral360" duration-ms="31047" started-at="2015-09-10T05:37:47Z" finished-at="2015-09-10T05:38:18Z">
          <reporter-output>
          </reporter-output>
        </test-method> <!-- test1_gotoCollateral360 -->
        <test-method status="PASS" signature="landingPage()[pri:0, instance:com.provenir.automation.framework.testcases.Collateral360@67d1a6b3]" name="landingPage" is-config="true" duration-ms="5105" started-at="2015-09-10T05:38:18Z" finished-at="2015-09-10T05:38:23Z">
          <reporter-output>
          </reporter-output>
        </test-method> <!-- landingPage -->
        <test-method status="PASS" signature="test2_verifyCollateralTitle()[pri:0, instance:com.provenir.automation.framework.testcases.Collateral360@67d1a6b3]" name="test2_verifyCollateralTitle" duration-ms="10443" started-at="2015-09-10T05:38:23Z" finished-at="2015-09-10T05:38:34Z">
          <reporter-output>
          </reporter-output>
        </test-method> <!-- test2_verifyCollateralTitle -->
        <test-method status="PASS" signature="landingPage()[pri:0, instance:com.provenir.automation.framework.testcases.Collateral360@67d1a6b3]" name="landingPage" is-config="true" duration-ms="306" started-at="2015-09-10T05:38:34Z" finished-at="2015-09-10T05:38:34Z">
          <reporter-output>
          </reporter-output>
        </test-method> <!-- landingPage -->
        <test-method status="PASS" signature="test3_saveCollateralDetails()[pri:0, instance:com.provenir.automation.framework.testcases.Collateral360@67d1a6b3]" name="test3_saveCollateralDetails" duration-ms="60436" started-at="2015-09-10T05:38:34Z" finished-at="2015-09-10T05:39:34Z">
          <reporter-output>
          </reporter-output>
        </test-method> <!-- test3_saveCollateralDetails -->
        <test-method status="PASS" signature="landingPage()[pri:0, instance:com.provenir.automation.framework.testcases.Collateral360@67d1a6b3]" name="landingPage" is-config="true" duration-ms="5045" started-at="2015-09-10T05:39:34Z" finished-at="2015-09-10T05:39:39Z">
          <reporter-output>
          </reporter-output>
        </test-method> <!-- landingPage -->
        <test-method status="PASS" signature="test_new_page_by_madhu()[pri:0, instance:com.provenir.automation.framework.testcases.Collateral360@67d1a6b3]" name="test_new_page_by_madhu" duration-ms="2" started-at="2015-09-10T05:39:39Z" finished-at="2015-09-10T05:39:39Z">
          <reporter-output>
          </reporter-output>
        </test-method> <!-- test_new_page_by_madhu -->
      </class> <!-- com.provenir.automation.framework.testcases.Collateral360 -->
    </test> <!-- IE Test -->
  </suite> <!-- Demo Search test suite -->
</testng-results>
