<?xml version="1.0" encoding="UTF-8"?>
<testng-results skipped="0" failed="1" total="32" passed="31">
  <reporter-output>
  </reporter-output>
  <suite name="Automation test suite" duration-ms="340981" started-at="2015-12-28T10:02:32Z" finished-at="2015-12-28T10:08:13Z">
    <groups>
    </groups>
    <test name="Firefox Test" duration-ms="340981" started-at="2015-12-28T10:02:32Z" finished-at="2015-12-28T10:08:13Z">
      <class name="com.provenir.automation.framework.testcases.FilteredQueues">
        <test-method status="PASS" signature="initialize()[pri:0, instance:com.provenir.automation.framework.testcases.FilteredQueues@4ee2f574]" name="initialize" is-config="true" duration-ms="55" started-at="2015-12-28T15:32:32Z" finished-at="2015-12-28T15:32:32Z">
          <reporter-output>
          </reporter-output>
        </test-method> <!-- initialize -->
        <test-method status="PASS" signature="beforeTest()[pri:0, instance:com.provenir.automation.framework.testcases.FilteredQueues@4ee2f574]" name="beforeTest" is-config="true" duration-ms="24235" started-at="2015-12-28T15:32:32Z" finished-at="2015-12-28T15:32:56Z">
          <reporter-output>
          </reporter-output>
        </test-method> <!-- beforeTest -->
        <test-method status="PASS" signature="beforeMethod(java.lang.String)[pri:0, instance:com.provenir.automation.framework.testcases.FilteredQueues@4ee2f574]" name="beforeMethod" is-config="true" duration-ms="157" started-at="2015-12-28T15:32:56Z" finished-at="2015-12-28T15:32:56Z">
          <params>
            <param index="0">
              <value>
                <![CDATA[Firefox]]>
              </value>
            </param>
          </params>
          <reporter-output>
          </reporter-output>
        </test-method> <!-- beforeMethod -->
        <test-method status="PASS" signature="test1_landingPage()[pri:0, instance:com.provenir.automation.framework.testcases.FilteredQueues@4ee2f574]" name="test1_landingPage" duration-ms="35001" started-at="2015-12-28T15:32:56Z" finished-at="2015-12-28T15:33:31Z">
          <reporter-output>
          </reporter-output>
        </test-method> <!-- test1_landingPage -->
        <test-method status="PASS" signature="test2_verifyFiltersOnMyRequestsPage()[pri:0, instance:com.provenir.automation.framework.testcases.FilteredQueues@4ee2f574]" name="test2_verifyFiltersOnMyRequestsPage" duration-ms="7593" started-at="2015-12-28T15:33:31Z" finished-at="2015-12-28T15:33:39Z">
          <reporter-output>
          </reporter-output>
        </test-method> <!-- test2_verifyFiltersOnMyRequestsPage -->
        <test-method status="PASS" signature="test3_verifyDefaultValuesOfFilters()[pri:0, instance:com.provenir.automation.framework.testcases.FilteredQueues@4ee2f574]" name="test3_verifyDefaultValuesOfFilters" duration-ms="73" started-at="2015-12-28T15:33:39Z" finished-at="2015-12-28T15:33:39Z">
          <reporter-output>
          </reporter-output>
        </test-method> <!-- test3_verifyDefaultValuesOfFilters -->
        <test-method status="PASS" signature="test4_verifyFiltersFunctionality()[pri:0, instance:com.provenir.automation.framework.testcases.FilteredQueues@4ee2f574]" name="test4_verifyFiltersFunctionality" duration-ms="4465" started-at="2015-12-28T15:33:39Z" finished-at="2015-12-28T15:33:43Z">
          <reporter-output>
          </reporter-output>
        </test-method> <!-- test4_verifyFiltersFunctionality -->
        <test-method status="PASS" signature="test5_verifyInitialWorkflowStatusOfNewlyCreatedRequest()[pri:0, instance:com.provenir.automation.framework.testcases.FilteredQueues@4ee2f574]" name="test5_verifyInitialWorkflowStatusOfNewlyCreatedRequest" duration-ms="16481" started-at="2015-12-28T15:33:43Z" finished-at="2015-12-28T15:34:00Z">
          <reporter-output>
          </reporter-output>
        </test-method> <!-- test5_verifyInitialWorkflowStatusOfNewlyCreatedRequest -->
        <test-method status="PASS" signature="test6_verifyInitialDecisionStatusOfNewlyCreatedRequest()[pri:0, instance:com.provenir.automation.framework.testcases.FilteredQueues@4ee2f574]" name="test6_verifyInitialDecisionStatusOfNewlyCreatedRequest" duration-ms="8700" started-at="2015-12-28T15:34:00Z" finished-at="2015-12-28T15:34:08Z">
          <reporter-output>
          </reporter-output>
        </test-method> <!-- test6_verifyInitialDecisionStatusOfNewlyCreatedRequest -->
        <test-method status="PASS" signature="test7_verifyReqCount()[pri:0, instance:com.provenir.automation.framework.testcases.FilteredQueues@4ee2f574]" name="test7_verifyReqCount" duration-ms="48" started-at="2015-12-28T15:34:08Z" finished-at="2015-12-28T15:34:09Z">
          <reporter-output>
          </reporter-output>
        </test-method> <!-- test7_verifyReqCount -->
        <test-method status="PASS" signature="test8_verifyExpandAllOnMyReqPage()[pri:0, instance:com.provenir.automation.framework.testcases.FilteredQueues@4ee2f574]" name="test8_verifyExpandAllOnMyReqPage" duration-ms="109" started-at="2015-12-28T15:34:09Z" finished-at="2015-12-28T15:34:09Z">
          <reporter-output>
          </reporter-output>
        </test-method> <!-- test8_verifyExpandAllOnMyReqPage -->
        <test-method status="PASS" signature="test9_verifyHeaderOnTMActAsHyperlink()[pri:0, instance:com.provenir.automation.framework.testcases.FilteredQueues@4ee2f574]" name="test9_verifyHeaderOnTMActAsHyperlink" duration-ms="15601" started-at="2015-12-28T15:34:09Z" finished-at="2015-12-28T15:34:24Z">
          <reporter-output>
          </reporter-output>
        </test-method> <!-- test9_verifyHeaderOnTMActAsHyperlink -->
        <test-method status="PASS" signature="test10_verifyWorkflowExpandedOrNot()[pri:0, instance:com.provenir.automation.framework.testcases.FilteredQueues@4ee2f574]" name="test10_verifyWorkflowExpandedOrNot" duration-ms="250" started-at="2015-12-28T15:34:24Z" finished-at="2015-12-28T15:34:24Z">
          <reporter-output>
          </reporter-output>
        </test-method> <!-- test10_verifyWorkflowExpandedOrNot -->
        <test-method status="PASS" signature="test11_verifyTaskListDisplayedOnExpanding()[pri:0, instance:com.provenir.automation.framework.testcases.FilteredQueues@4ee2f574]" name="test11_verifyTaskListDisplayedOnExpanding" duration-ms="21620" started-at="2015-12-28T15:34:24Z" finished-at="2015-12-28T15:34:46Z">
          <reporter-output>
          </reporter-output>
        </test-method> <!-- test11_verifyTaskListDisplayedOnExpanding -->
        <test-method status="FAIL" signature="test12_verifyExpandBtnAgainstEachTask()[pri:0, instance:com.provenir.automation.framework.testcases.FilteredQueues@4ee2f574]" name="test12_verifyExpandBtnAgainstEachTask" duration-ms="26783" started-at="2015-12-28T15:34:46Z" finished-at="2015-12-28T15:35:13Z">
          <exception class="org.openqa.selenium.NoSuchElementException">
            <message>
              <![CDATA[Unable to locate element: {"method":"xpath","selector":"//span[contains(@class,'toggle expand')]"}
Command duration or timeout: 61 milliseconds
For documentation on this error, please visit: http://seleniumhq.org/exceptions/no_such_element.html
Build info: version: '2.48.2', revision: '41bccdd', time: '2015-10-09 19:55:52'
System info: host: 'parasharb-w7', ip: '172.27.103.103', os.name: 'Windows 7', os.arch: 'amd64', os.version: '6.1', java.version: '1.7.0_75'
*** Element info: {Using=xpath, value=//span[contains(@class,'toggle expand')]}
Session ID: e85f0bf4-e1e1-4e95-a146-d123af563ed9
Driver info: org.openqa.selenium.firefox.FirefoxDriver
Capabilities [{platform=WINDOWS, acceptSslCerts=true, javascriptEnabled=true, cssSelectorsEnabled=true, databaseEnabled=true, browserName=firefox, handlesAlerts=true, nativeEvents=false, webStorageEnabled=true, rotatable=false, locationContextEnabled=true, applicationCacheEnabled=true, takesScreenshot=true, version=43.0.2}]]]>
            </message>
            <full-stacktrace>
              <![CDATA[org.openqa.selenium.NoSuchElementException: Unable to locate element: {"method":"xpath","selector":"//span[contains(@class,'toggle expand')]"}
Command duration or timeout: 61 milliseconds
For documentation on this error, please visit: http://seleniumhq.org/exceptions/no_such_element.html
Build info: version: '2.48.2', revision: '41bccdd', time: '2015-10-09 19:55:52'
System info: host: 'parasharb-w7', ip: '172.27.103.103', os.name: 'Windows 7', os.arch: 'amd64', os.version: '6.1', java.version: '1.7.0_75'
*** Element info: {Using=xpath, value=//span[contains(@class,'toggle expand')]}
Session ID: e85f0bf4-e1e1-4e95-a146-d123af563ed9
Driver info: org.openqa.selenium.firefox.FirefoxDriver
Capabilities [{platform=WINDOWS, acceptSslCerts=true, javascriptEnabled=true, cssSelectorsEnabled=true, databaseEnabled=true, browserName=firefox, handlesAlerts=true, nativeEvents=false, webStorageEnabled=true, rotatable=false, locationContextEnabled=true, applicationCacheEnabled=true, takesScreenshot=true, version=43.0.2}]
	at sun.reflect.GeneratedConstructorAccessor14.newInstance(Unknown Source)
	at sun.reflect.DelegatingConstructorAccessorImpl.newInstance(Unknown Source)
	at java.lang.reflect.Constructor.newInstance(Unknown Source)
	at org.openqa.selenium.remote.ErrorHandler.createThrowable(ErrorHandler.java:206)
	at org.openqa.selenium.remote.ErrorHandler.throwIfResponseFailed(ErrorHandler.java:158)
	at org.openqa.selenium.remote.RemoteWebDriver.execute(RemoteWebDriver.java:647)
	at org.openqa.selenium.remote.RemoteWebDriver.findElement(RemoteWebDriver.java:353)
	at org.openqa.selenium.remote.RemoteWebDriver.findElementByXPath(RemoteWebDriver.java:490)
	at org.openqa.selenium.By$ByXPath.findElement(By.java:361)
	at org.openqa.selenium.remote.RemoteWebDriver.findElement(RemoteWebDriver.java:345)
	at org.openqa.selenium.support.pagefactory.DefaultElementLocator.findElement(DefaultElementLocator.java:69)
	at org.openqa.selenium.support.pagefactory.internal.LocatingElementHandler.invoke(LocatingElementHandler.java:38)
	at com.sun.proxy.$Proxy9.isDisplayed(Unknown Source)
	at com.provenir.automation.framework.helper.MyRequests.verifyExpandAllOptionOfTasks(MyRequests.java:624)
	at com.provenir.automation.framework.testcases.FilteredQueues.test12_verifyExpandBtnAgainstEachTask(FilteredQueues.java:131)
	at sun.reflect.NativeMethodAccessorImpl.invoke0(Native Method)
	at sun.reflect.NativeMethodAccessorImpl.invoke(Unknown Source)
	at sun.reflect.DelegatingMethodAccessorImpl.invoke(Unknown Source)
	at java.lang.reflect.Method.invoke(Unknown Source)
	at org.testng.internal.MethodInvocationHelper.invokeMethod(MethodInvocationHelper.java:84)
	at org.testng.internal.Invoker.invokeMethod(Invoker.java:714)
	at org.testng.internal.Invoker.invokeTestMethod(Invoker.java:901)
	at org.testng.internal.Invoker.invokeTestMethods(Invoker.java:1231)
	at org.testng.internal.TestMethodWorker.invokeTestMethods(TestMethodWorker.java:127)
	at org.testng.internal.TestMethodWorker.run(TestMethodWorker.java:111)
	at org.testng.TestRunner.privateRun(TestRunner.java:767)
	at org.testng.TestRunner.run(TestRunner.java:617)
	at org.testng.SuiteRunner.runTest(SuiteRunner.java:334)
	at org.testng.SuiteRunner.access$000(SuiteRunner.java:37)
	at org.testng.SuiteRunner$SuiteWorker.run(SuiteRunner.java:368)
	at org.testng.internal.thread.ThreadUtil$2.call(ThreadUtil.java:64)
	at java.util.concurrent.FutureTask.run(Unknown Source)
	at java.util.concurrent.ThreadPoolExecutor.runWorker(Unknown Source)
	at java.util.concurrent.ThreadPoolExecutor$Worker.run(Unknown Source)
	at java.lang.Thread.run(Unknown Source)
Caused by: org.openqa.selenium.NoSuchElementException: Unable to locate element: {"method":"xpath","selector":"//span[contains(@class,'toggle expand')]"}
For documentation on this error, please visit: http://seleniumhq.org/exceptions/no_such_element.html
Build info: version: '2.48.2', revision: '41bccdd', time: '2015-10-09 19:55:52'
System info: host: 'parasharb-w7', ip: '172.27.103.103', os.name: 'Windows 7', os.arch: 'amd64', os.version: '6.1', java.version: '1.7.0_75'
Driver info: driver.version: unknown
	at <anonymous class>.FirefoxDriver.prototype.findElementInternal_(file:///C:/Users/PARASH~1/AppData/Local/Temp/anonymous5703867653054763153webdriver-profile/extensions/fxdriver@googlecode.com/components/driver-component.js:10659)
	at <anonymous class>.FirefoxDriver.prototype.findElement(file:///C:/Users/PARASH~1/AppData/Local/Temp/anonymous5703867653054763153webdriver-profile/extensions/fxdriver@googlecode.com/components/driver-component.js:10668)
	at <anonymous class>.DelayedCommand.prototype.executeInternal_/h(file:///C:/Users/PARASH~1/AppData/Local/Temp/anonymous5703867653054763153webdriver-profile/extensions/fxdriver@googlecode.com/components/command-processor.js:12534)
	at <anonymous class>.DelayedCommand.prototype.executeInternal_(file:///C:/Users/PARASH~1/AppData/Local/Temp/anonymous5703867653054763153webdriver-profile/extensions/fxdriver@googlecode.com/components/command-processor.js:12539)
	at <anonymous class>.DelayedCommand.prototype.execute/<(file:///C:/Users/PARASH~1/AppData/Local/Temp/anonymous5703867653054763153webdriver-profile/extensions/fxdriver@googlecode.com/components/command-processor.js:12481)
]]>
            </full-stacktrace>
          </exception> <!-- org.openqa.selenium.NoSuchElementException -->
          <reporter-output>
          </reporter-output>
        </test-method> <!-- test12_verifyExpandBtnAgainstEachTask -->
        <test-method status="PASS" signature="test13_verifyCollapseAllFunctionality()[pri:0, instance:com.provenir.automation.framework.testcases.FilteredQueues@4ee2f574]" name="test13_verifyCollapseAllFunctionality" duration-ms="116" started-at="2015-12-28T15:35:13Z" finished-at="2015-12-28T15:35:13Z">
          <reporter-output>
          </reporter-output>
        </test-method> <!-- test13_verifyCollapseAllFunctionality -->
        <test-method status="PASS" signature="test14_clickCollapseOption()[pri:0, instance:com.provenir.automation.framework.testcases.FilteredQueues@4ee2f574]" name="test14_clickCollapseOption" duration-ms="760" started-at="2015-12-28T15:35:13Z" finished-at="2015-12-28T15:35:14Z">
          <reporter-output>
          </reporter-output>
        </test-method> <!-- test14_clickCollapseOption -->
        <test-method status="PASS" signature="test17_verifyMyTeamTasksPage()[pri:0, instance:com.provenir.automation.framework.testcases.FilteredQueues@4ee2f574]" name="test17_verifyMyTeamTasksPage" duration-ms="12982" started-at="2015-12-28T15:35:14Z" finished-at="2015-12-28T15:35:27Z">
          <reporter-output>
          </reporter-output>
        </test-method> <!-- test17_verifyMyTeamTasksPage -->
        <test-method status="PASS" signature="test18_verifyFiltersOnMyTeamTasksPage()[pri:0, instance:com.provenir.automation.framework.testcases.FilteredQueues@4ee2f574]" name="test18_verifyFiltersOnMyTeamTasksPage" duration-ms="507" started-at="2015-12-28T15:35:27Z" finished-at="2015-12-28T15:35:27Z">
          <reporter-output>
          </reporter-output>
        </test-method> <!-- test18_verifyFiltersOnMyTeamTasksPage -->
        <test-method status="PASS" signature="test19_verifyDefaultValuesOfFiltersOnMyTeamTasksPage()[pri:0, instance:com.provenir.automation.framework.testcases.FilteredQueues@4ee2f574]" name="test19_verifyDefaultValuesOfFiltersOnMyTeamTasksPage" duration-ms="194" started-at="2015-12-28T15:35:27Z" finished-at="2015-12-28T15:35:28Z">
          <reporter-output>
          </reporter-output>
        </test-method> <!-- test19_verifyDefaultValuesOfFiltersOnMyTeamTasksPage -->
        <test-method status="PASS" signature="test20_verifyFilterationOnMyTeamTasksPage()[pri:0, instance:com.provenir.automation.framework.testcases.FilteredQueues@4ee2f574]" name="test20_verifyFilterationOnMyTeamTasksPage" duration-ms="4980" started-at="2015-12-28T15:35:28Z" finished-at="2015-12-28T15:35:33Z">
          <reporter-output>
          </reporter-output>
        </test-method> <!-- test20_verifyFilterationOnMyTeamTasksPage -->
        <test-method status="PASS" signature="test21_verifyMyTaskPageDisplayed()[pri:0, instance:com.provenir.automation.framework.testcases.FilteredQueues@4ee2f574]" name="test21_verifyMyTaskPageDisplayed" duration-ms="28337" started-at="2015-12-28T15:35:33Z" finished-at="2015-12-28T15:36:01Z">
          <reporter-output>
          </reporter-output>
        </test-method> <!-- test21_verifyMyTaskPageDisplayed -->
        <test-method status="PASS" signature="test22_verifyFiltersOnMyTasksPAge()[pri:0, instance:com.provenir.automation.framework.testcases.FilteredQueues@4ee2f574]" name="test22_verifyFiltersOnMyTasksPAge" duration-ms="3198" started-at="2015-12-28T15:36:01Z" finished-at="2015-12-28T15:36:04Z">
          <reporter-output>
          </reporter-output>
        </test-method> <!-- test22_verifyFiltersOnMyTasksPAge -->
        <test-method status="PASS" signature="test23_verifyDefaultValuesOfFiltersOnMyTasksPage()[pri:0, instance:com.provenir.automation.framework.testcases.FilteredQueues@4ee2f574]" name="test23_verifyDefaultValuesOfFiltersOnMyTasksPage" duration-ms="1505" started-at="2015-12-28T15:36:04Z" finished-at="2015-12-28T15:36:06Z">
          <reporter-output>
          </reporter-output>
        </test-method> <!-- test23_verifyDefaultValuesOfFiltersOnMyTasksPage -->
        <test-method status="PASS" signature="test24_verifyFilterationOnMyTasksPage()[pri:0, instance:com.provenir.automation.framework.testcases.FilteredQueues@4ee2f574]" name="test24_verifyFilterationOnMyTasksPage" duration-ms="10257" started-at="2015-12-28T15:36:06Z" finished-at="2015-12-28T15:36:16Z">
          <reporter-output>
          </reporter-output>
        </test-method> <!-- test24_verifyFilterationOnMyTasksPage -->
        <test-method status="PASS" signature="test25_verifyGroupQueuePageDisplayed()[pri:0, instance:com.provenir.automation.framework.testcases.FilteredQueues@4ee2f574]" name="test25_verifyGroupQueuePageDisplayed" duration-ms="38281" started-at="2015-12-28T15:36:16Z" finished-at="2015-12-28T15:36:54Z">
          <reporter-output>
          </reporter-output>
        </test-method> <!-- test25_verifyGroupQueuePageDisplayed -->
        <test-method status="PASS" signature="test26_verifyFiltersOnGroupQueue()[pri:0, instance:com.provenir.automation.framework.testcases.FilteredQueues@4ee2f574]" name="test26_verifyFiltersOnGroupQueue" duration-ms="364" started-at="2015-12-28T15:36:54Z" finished-at="2015-12-28T15:36:54Z">
          <reporter-output>
          </reporter-output>
        </test-method> <!-- test26_verifyFiltersOnGroupQueue -->
        <test-method status="PASS" signature="test27_verifyDefaultValuesOfFiltersOnGroupQueue()[pri:0, instance:com.provenir.automation.framework.testcases.FilteredQueues@4ee2f574]" name="test27_verifyDefaultValuesOfFiltersOnGroupQueue" duration-ms="169" started-at="2015-12-28T15:36:54Z" finished-at="2015-12-28T15:36:55Z">
          <reporter-output>
          </reporter-output>
        </test-method> <!-- test27_verifyDefaultValuesOfFiltersOnGroupQueue -->
        <test-method status="PASS" signature="test28_verifyFilterationOnGroupQueue()[pri:0, instance:com.provenir.automation.framework.testcases.FilteredQueues@4ee2f574]" name="test28_verifyFilterationOnGroupQueue" duration-ms="31518" started-at="2015-12-28T15:36:55Z" finished-at="2015-12-28T15:37:26Z">
          <reporter-output>
          </reporter-output>
        </test-method> <!-- test28_verifyFilterationOnGroupQueue -->
        <test-method status="PASS" signature="test29_verifyRoleQueuePageDisplayed()[pri:0, instance:com.provenir.automation.framework.testcases.FilteredQueues@4ee2f574]" name="test29_verifyRoleQueuePageDisplayed" duration-ms="8289" started-at="2015-12-28T15:37:26Z" finished-at="2015-12-28T15:37:34Z">
          <reporter-output>
          </reporter-output>
        </test-method> <!-- test29_verifyRoleQueuePageDisplayed -->
        <test-method status="PASS" signature="test30_verifyFiltersOnRoleQueue()[pri:0, instance:com.provenir.automation.framework.testcases.FilteredQueues@4ee2f574]" name="test30_verifyFiltersOnRoleQueue" duration-ms="239" started-at="2015-12-28T15:37:34Z" finished-at="2015-12-28T15:37:35Z">
          <reporter-output>
          </reporter-output>
        </test-method> <!-- test30_verifyFiltersOnRoleQueue -->
        <test-method status="PASS" signature="test31_verifyDefaultValuesOfFiltersOnRoleQueue()[pri:0, instance:com.provenir.automation.framework.testcases.FilteredQueues@4ee2f574]" name="test31_verifyDefaultValuesOfFiltersOnRoleQueue" duration-ms="140" started-at="2015-12-28T15:37:35Z" finished-at="2015-12-28T15:37:35Z">
          <reporter-output>
          </reporter-output>
        </test-method> <!-- test31_verifyDefaultValuesOfFiltersOnRoleQueue -->
        <test-method status="PASS" signature="test32_verifyFilterationOnRoleQueue()[pri:0, instance:com.provenir.automation.framework.testcases.FilteredQueues@4ee2f574]" name="test32_verifyFilterationOnRoleQueue" duration-ms="3276" started-at="2015-12-28T15:37:35Z" finished-at="2015-12-28T15:37:38Z">
          <reporter-output>
          </reporter-output>
        </test-method> <!-- test32_verifyFilterationOnRoleQueue -->
        <test-method status="PASS" signature="test33_gotoOnMTasks()[pri:0, instance:com.provenir.automation.framework.testcases.FilteredQueues@4ee2f574]" name="test33_gotoOnMTasks" duration-ms="22489" started-at="2015-12-28T15:37:38Z" finished-at="2015-12-28T15:38:01Z">
          <reporter-output>
          </reporter-output>
        </test-method> <!-- test33_gotoOnMTasks -->
        <test-method status="PASS" signature="test34_verifySortedColumnsOnMyTasks()[pri:0, instance:com.provenir.automation.framework.testcases.FilteredQueues@4ee2f574]" name="test34_verifySortedColumnsOnMyTasks" duration-ms="12096" started-at="2015-12-28T15:38:01Z" finished-at="2015-12-28T15:38:13Z">
          <reporter-output>
          </reporter-output>
        </test-method> <!-- test34_verifySortedColumnsOnMyTasks -->
        <test-method status="PASS" signature="tearDown()[pri:0, instance:com.provenir.automation.framework.testcases.FilteredQueues@4ee2f574]" name="tearDown" is-config="true" duration-ms="4217" started-at="2015-12-28T15:38:13Z" finished-at="2015-12-28T15:38:17Z">
          <reporter-output>
          </reporter-output>
        </test-method> <!-- tearDown -->
      </class> <!-- com.provenir.automation.framework.testcases.FilteredQueues -->
    </test> <!-- Firefox Test -->
  </suite> <!-- Automation test suite -->
</testng-results>
