<?xml version="1.0" encoding="UTF-8"?>
<!-- Generated by org.testng.reporters.JUnitXMLReporter -->
<testsuite hostname="pbajpai" name="Firefox Test" tests="3" failures="0" timestamp="10 Sep 2015 01:20:45 GMT" time="159.142" errors="0">
  <testcase name="test1_login" time="41.683" classname="com.provenir.automation.framework.testcases.Customer360"/>
  <testcase name="test2_verifyAddressTitle" time="0.12" classname="com.provenir.automation.framework.testcases.Customer360"/>
  <testcase name="test3_saveAddress" time="71.494" classname="com.provenir.automation.framework.testcases.Customer360"/>
</testsuite> <!-- Firefox Test -->
