<?xml version="1.0" encoding="UTF-8"?>
<!-- Generated by org.testng.reporters.JUnitXMLReporter -->
<testsuite hostname="pbajpai" name="Firefox Test" tests="3" failures="0" timestamp="10 Sep 2015 09:38:00 GMT" time="128.475" errors="0">
  <testcase name="test1_gotoCustomer360" time="18.618" classname="com.provenir.automation.framework.testcases.Customer360"/>
  <testcase name="test2_verifyAddressTitle" time="0.138" classname="com.provenir.automation.framework.testcases.Customer360"/>
  <testcase name="test3_saveAddress" time="71.698" classname="com.provenir.automation.framework.testcases.Customer360"/>
</testsuite> <!-- Firefox Test -->
