<?xml version="1.0" encoding="UTF-8"?>
<!-- Generated by org.testng.reporters.JUnitXMLReporter -->
<testsuite hostname="pbajpai" name="IE Test" tests="4" failures="0" timestamp="10 Sep 2015 01:20:34 GMT" time="147.766" errors="0">
  <testcase name="pre_TESTtest1_login" time="33.404" classname="com.provenir.automation.framework.testcases.Collateral360"/>
  <testcase name="test2_verifyCollateralTitle" time="10.482" classname="com.provenir.automation.framework.testcases.Collateral360"/>
  <testcase name="test3_saveCollateralDetails" time="56.894" classname="com.provenir.automation.framework.testcases.Collateral360"/>
  <testcase name="test_new_page_by_madhu" time="0.0" classname="com.provenir.automation.framework.testcases.Collateral360"/>
</testsuite> <!-- IE Test -->
