<?xml version="1.0" encoding="UTF-8"?>
<!-- Generated by org.testng.reporters.JUnitXMLReporter -->
<testsuite hostname="pbajpai" name="Chrome Test" tests="3" failures="0" timestamp="6 Aug 2015 14:48:39 GMT" time="148.801" errors="0">
  <testcase name="clickOnCollateralAndAdd" time="2.276" classname="collateral.Collateral360"/>
  <testcase name="verifyCollateralTitle" time="4.854" classname="collateral.Collateral360"/>
  <testcase name="saveCollateralInformation" time="38.607" classname="collateral.Collateral360"/>
</testsuite> <!-- Chrome Test -->
