<?xml version="1.0" encoding="UTF-8"?>
<!-- Generated by org.testng.reporters.JUnitXMLReporter -->
<testsuite hostname="pbajpai" name="Chrome Test" tests="3" failures="0" timestamp="6 Aug 2015 12:51:48 GMT" time="27.757" errors="0">
  <testcase name="@BeforeTest beforeTest" time="0.0" classname="collateral.Collateral360">
    <failure type="org.openqa.selenium.WebDriverException" message="chrome not reachable
  (Session info: chrome=44.0.2403.125)
  (Driver info: chromedriver=2.16.333243 (0bfa1d3575fc1044244f21ddb82bf870944ef961),platform=Windows NT 6.1 SP1 x86_64) (WARNING: The server did not provide any stacktrace information)
Command duration or timeout: 2.01 seconds
Build info: version: &amp;apos;2.46.0&amp;apos;, revision: &amp;apos;87c69e2&amp;apos;, time: &amp;apos;2015-06-04 16:17:10&amp;apos;
System info: host: &amp;apos;pbajpai&amp;apos;, ip: &amp;apos;10.5.21.54&amp;apos;, os.name: &amp;apos;Windows 7&amp;apos;, os.arch: &amp;apos;amd64&amp;apos;, os.version: &amp;apos;6.1&amp;apos;, java.version: &amp;apos;1.7.0_79&amp;apos;
*** Element info: {Using=id, value=srchTxt}
Session ID: 209cc3da643015e04b158fc6f5726390
Driver info: org.openqa.selenium.remote.RemoteWebDriver
Capabilities [{platform=XP, acceptSslCerts=true, javascriptEnabled=true, browserName=chrome, chrome={userDataDir=C:\Users\provenir\AppData\Local\Temp\scoped_dir16008_2384}, rotatable=false, locationContextEnabled=true, mobileEmulationEnabled=false, version=44.0.2403.125, takesHeapSnapshot=true, cssSelectorsEnabled=true, databaseEnabled=false, handlesAlerts=true, browserConnectionEnabled=false, webStorageEnabled=true, nativeEvents=true, hasTouchScreen=false, applicationCacheEnabled=false, takesScreenshot=true}]">
      <![CDATA[org.openqa.selenium.WebDriverException: chrome not reachable
  (Session info: chrome=44.0.2403.125)
  (Driver info: chromedriver=2.16.333243 (0bfa1d3575fc1044244f21ddb82bf870944ef961),platform=Windows NT 6.1 SP1 x86_64) (WARNING: The server did not provide any stacktrace information)
Command duration or timeout: 2.01 seconds
Build info: version: '2.46.0', revision: '87c69e2', time: '2015-06-04 16:17:10'
System info: host: 'pbajpai', ip: '10.5.21.54', os.name: 'Windows 7', os.arch: 'amd64', os.version: '6.1', java.version: '1.7.0_79'
*** Element info: {Using=id, value=srchTxt}
Session ID: 209cc3da643015e04b158fc6f5726390
Driver info: org.openqa.selenium.remote.RemoteWebDriver
Capabilities [{platform=XP, acceptSslCerts=true, javascriptEnabled=true, browserName=chrome, chrome={userDataDir=C:\Users\provenir\AppData\Local\Temp\scoped_dir16008_2384}, rotatable=false, locationContextEnabled=true, mobileEmulationEnabled=false, version=44.0.2403.125, takesHeapSnapshot=true, cssSelectorsEnabled=true, databaseEnabled=false, handlesAlerts=true, browserConnectionEnabled=false, webStorageEnabled=true, nativeEvents=true, hasTouchScreen=false, applicationCacheEnabled=false, takesScreenshot=true}]
	at org.openqa.selenium.remote.ErrorHandler.createThrowable(ErrorHandler.java:204)
	at org.openqa.selenium.remote.ErrorHandler.throwIfResponseFailed(ErrorHandler.java:156)
	at org.openqa.selenium.remote.RemoteWebDriver.execute(RemoteWebDriver.java:605)
	at org.openqa.selenium.remote.RemoteWebDriver.findElement(RemoteWebDriver.java:358)
	at org.openqa.selenium.remote.RemoteWebDriver.findElementById(RemoteWebDriver.java:399)
	at org.openqa.selenium.By$ById.findElement(By.java:215)
	at org.openqa.selenium.remote.RemoteWebDriver.findElement(RemoteWebDriver.java:350)
	at helper.SearchHelper.searchCustomer(SearchHelper.java:24)
	at collateral.Collateral360.beforeTest(Collateral360.java:52)
	at java.util.concurrent.FutureTask.run(Unknown Source)
	at java.util.concurrent.ThreadPoolExecutor.runWorker(Unknown Source)
	at java.util.concurrent.ThreadPoolExecutor$Worker.run(Unknown Source)
	at java.lang.Thread.run(Unknown Source)
... Removed 18 stack frames]]>
    </failure>
  </testcase> <!-- @BeforeTest beforeTest -->
  <testcase name="@AfterTest afterTest" time="0.0" classname="collateral.Collateral360">
    <skipped/>
  </testcase> <!-- @AfterTest afterTest -->
  <testcase name="clickOnCollateralAndAdd" time="0.001" classname="collateral.Collateral360">
    <skipped/>
  </testcase> <!-- clickOnCollateralAndAdd -->
  <testcase name="verifyCollateralTitle" time="0.0" classname="collateral.Collateral360">
    <skipped/>
  </testcase> <!-- verifyCollateralTitle -->
  <testcase name="saveCollateralInformation" time="0.001" classname="collateral.Collateral360">
    <skipped/>
  </testcase> <!-- saveCollateralInformation -->
</testsuite> <!-- Chrome Test -->
