<?xml version="1.0" encoding="UTF-8"?>
<!-- Generated by org.testng.reporters.JUnitXMLReporter -->
<testsuite hostname="pbajpai" name="Chrome Test" tests="5" failures="0" timestamp="23 Jul 2015 12:58:20 GMT" time="105.698" errors="0">
  <testcase name="clickOnCollateralAndAdd" time="1.794" classname="collateral.collateral360"/>
  <testcase name="saveCollateralInformation" time="38.034" classname="collateral.collateral360"/>
  <testcase name="testParashar" time="0.003" classname="collateral.collateral360"/>
  <testcase name="testRoy" time="0.002" classname="collateral.collateral360"/>
  <testcase name="verifyCollateralTitle" time="0.314" classname="collateral.collateral360"/>
</testsuite> <!-- Chrome Test -->
