<?xml version="1.0" encoding="UTF-8"?>
<!-- Generated by org.testng.reporters.JUnitXMLReporter -->
<testsuite hostname="rroque" name="Chrome Test" tests="3" failures="0" timestamp="5 May 2015 13:39:45 GMT" time="17.974" errors="0">
  <testcase name="testSearchforBush" time="5.887" classname="search_demo.SearchTest"/>
  <testcase name="testSearchforClinton" time="4.104" classname="search_demo.SearchTest"/>
  <testcase name="testSearchforObama" time="3.803" classname="search_demo.SearchTest"/>
</testsuite> <!-- Chrome Test -->
