<?xml version="1.0" encoding="UTF-8"?>
<!-- Generated by org.testng.reporters.JUnitXMLReporter -->
<testsuite hostname="pbajpai" name="Chrome Test" tests="3" failures="2" timestamp="31 Jul 2015 05:21:46 GMT" time="138.016" errors="0">
  <testcase name="clickOnCollateralAndAdd" time="0.786" classname="collateral.Collateral360">
    <failure type="org.openqa.selenium.WebDriverException" message="unknown error: Element is not clickable at point (1315, 16). Other element would receive the click: &amp;lt;span class=&amp;quot;arrow_overlay&amp;quot;&amp;gt;...&amp;lt;/span&amp;gt;
  (Session info: chrome=44.0.2403.125)
  (Driver info: chromedriver=2.16.333243 (0bfa1d3575fc1044244f21ddb82bf870944ef961),platform=Windows NT 6.1 SP1 x86_64) (WARNING: The server did not provide any stacktrace information)
Command duration or timeout: 138 milliseconds
Build info: version: &amp;apos;2.46.0&amp;apos;, revision: &amp;apos;87c69e2&amp;apos;, time: &amp;apos;2015-06-04 16:17:10&amp;apos;
System info: host: &amp;apos;pbajpai&amp;apos;, ip: &amp;apos;10.5.23.60&amp;apos;, os.name: &amp;apos;Windows 7&amp;apos;, os.arch: &amp;apos;amd64&amp;apos;, os.version: &amp;apos;6.1&amp;apos;, java.version: &amp;apos;1.7.0_79&amp;apos;
Session ID: d018bb32e1e744b2355276a757b93927
Driver info: org.openqa.selenium.remote.RemoteWebDriver
Capabilities [{platform=XP, acceptSslCerts=true, javascriptEnabled=true, browserName=chrome, chrome={userDataDir=C:\Users\provenir\AppData\Local\Temp\scoped_dir15348_28412}, rotatable=false, locationContextEnabled=true, mobileEmulationEnabled=false, version=44.0.2403.125, takesHeapSnapshot=true, cssSelectorsEnabled=true, databaseEnabled=false, handlesAlerts=true, browserConnectionEnabled=false, webStorageEnabled=true, nativeEvents=true, hasTouchScreen=false, applicationCacheEnabled=false, takesScreenshot=true}]">
      <![CDATA[org.openqa.selenium.WebDriverException: unknown error: Element is not clickable at point (1315, 16). Other element would receive the click: <span class="arrow_overlay">...</span>
  (Session info: chrome=44.0.2403.125)
  (Driver info: chromedriver=2.16.333243 (0bfa1d3575fc1044244f21ddb82bf870944ef961),platform=Windows NT 6.1 SP1 x86_64) (WARNING: The server did not provide any stacktrace information)
Command duration or timeout: 138 milliseconds
Build info: version: '2.46.0', revision: '87c69e2', time: '2015-06-04 16:17:10'
System info: host: 'pbajpai', ip: '10.5.23.60', os.name: 'Windows 7', os.arch: 'amd64', os.version: '6.1', java.version: '1.7.0_79'
Session ID: d018bb32e1e744b2355276a757b93927
Driver info: org.openqa.selenium.remote.RemoteWebDriver
Capabilities [{platform=XP, acceptSslCerts=true, javascriptEnabled=true, browserName=chrome, chrome={userDataDir=C:\Users\provenir\AppData\Local\Temp\scoped_dir15348_28412}, rotatable=false, locationContextEnabled=true, mobileEmulationEnabled=false, version=44.0.2403.125, takesHeapSnapshot=true, cssSelectorsEnabled=true, databaseEnabled=false, handlesAlerts=true, browserConnectionEnabled=false, webStorageEnabled=true, nativeEvents=true, hasTouchScreen=false, applicationCacheEnabled=false, takesScreenshot=true}]
	at org.openqa.selenium.remote.ErrorHandler.createThrowable(ErrorHandler.java:204)
	at org.openqa.selenium.remote.ErrorHandler.throwIfResponseFailed(ErrorHandler.java:156)
	at org.openqa.selenium.remote.RemoteWebDriver.execute(RemoteWebDriver.java:605)
	at org.openqa.selenium.remote.RemoteWebElement.execute(RemoteWebElement.java:269)
	at org.openqa.selenium.remote.RemoteWebElement.click(RemoteWebElement.java:80)
	at collateral.Collateral360Helper.clickOnAddBtn(Collateral360Helper.java:41)
	at collateral.Collateral360.clickOnCollateralAndAdd(Collateral360.java:60)
	at java.util.concurrent.FutureTask.run(Unknown Source)
	at java.util.concurrent.ThreadPoolExecutor.runWorker(Unknown Source)
	at java.util.concurrent.ThreadPoolExecutor$Worker.run(Unknown Source)
	at java.lang.Thread.run(Unknown Source)
... Removed 20 stack frames]]>
    </failure>
  </testcase> <!-- clickOnCollateralAndAdd -->
  <testcase name="saveCollateralInformation" time="44.519" classname="collateral.Collateral360">
    <failure type="org.openqa.selenium.NoSuchElementException" message="no such element
  (Session info: chrome=44.0.2403.125)
  (Driver info: chromedriver=2.16.333243 (0bfa1d3575fc1044244f21ddb82bf870944ef961),platform=Windows NT 6.1 SP1 x86_64) (WARNING: The server did not provide any stacktrace information)
Command duration or timeout: 117 milliseconds
For documentation on this error, please visit: http://seleniumhq.org/exceptions/no_such_element.html
Build info: version: &amp;apos;2.46.0&amp;apos;, revision: &amp;apos;87c69e2&amp;apos;, time: &amp;apos;2015-06-04 16:17:10&amp;apos;
System info: host: &amp;apos;pbajpai&amp;apos;, ip: &amp;apos;10.5.23.60&amp;apos;, os.name: &amp;apos;Windows 7&amp;apos;, os.arch: &amp;apos;amd64&amp;apos;, os.version: &amp;apos;6.1&amp;apos;, java.version: &amp;apos;1.7.0_79&amp;apos;
*** Element info: {Using=id, value=useCurrentCust}
Session ID: d018bb32e1e744b2355276a757b93927
Driver info: org.openqa.selenium.remote.RemoteWebDriver
Capabilities [{platform=XP, acceptSslCerts=true, javascriptEnabled=true, browserName=chrome, chrome={userDataDir=C:\Users\provenir\AppData\Local\Temp\scoped_dir15348_28412}, rotatable=false, locationContextEnabled=true, mobileEmulationEnabled=false, version=44.0.2403.125, takesHeapSnapshot=true, cssSelectorsEnabled=true, databaseEnabled=false, handlesAlerts=true, browserConnectionEnabled=false, webStorageEnabled=true, nativeEvents=true, hasTouchScreen=false, applicationCacheEnabled=false, takesScreenshot=true}]">
      <![CDATA[org.openqa.selenium.NoSuchElementException: no such element
  (Session info: chrome=44.0.2403.125)
  (Driver info: chromedriver=2.16.333243 (0bfa1d3575fc1044244f21ddb82bf870944ef961),platform=Windows NT 6.1 SP1 x86_64) (WARNING: The server did not provide any stacktrace information)
Command duration or timeout: 117 milliseconds
For documentation on this error, please visit: http://seleniumhq.org/exceptions/no_such_element.html
Build info: version: '2.46.0', revision: '87c69e2', time: '2015-06-04 16:17:10'
System info: host: 'pbajpai', ip: '10.5.23.60', os.name: 'Windows 7', os.arch: 'amd64', os.version: '6.1', java.version: '1.7.0_79'
*** Element info: {Using=id, value=useCurrentCust}
Session ID: d018bb32e1e744b2355276a757b93927
Driver info: org.openqa.selenium.remote.RemoteWebDriver
Capabilities [{platform=XP, acceptSslCerts=true, javascriptEnabled=true, browserName=chrome, chrome={userDataDir=C:\Users\provenir\AppData\Local\Temp\scoped_dir15348_28412}, rotatable=false, locationContextEnabled=true, mobileEmulationEnabled=false, version=44.0.2403.125, takesHeapSnapshot=true, cssSelectorsEnabled=true, databaseEnabled=false, handlesAlerts=true, browserConnectionEnabled=false, webStorageEnabled=true, nativeEvents=true, hasTouchScreen=false, applicationCacheEnabled=false, takesScreenshot=true}]
	at org.openqa.selenium.remote.ErrorHandler.createThrowable(ErrorHandler.java:204)
	at org.openqa.selenium.remote.ErrorHandler.throwIfResponseFailed(ErrorHandler.java:156)
	at org.openqa.selenium.remote.RemoteWebDriver.execute(RemoteWebDriver.java:605)
	at org.openqa.selenium.remote.RemoteWebDriver.findElement(RemoteWebDriver.java:358)
	at org.openqa.selenium.remote.RemoteWebDriver.findElementById(RemoteWebDriver.java:399)
	at org.openqa.selenium.By$ById.findElement(By.java:215)
	at org.openqa.selenium.remote.RemoteWebDriver.findElement(RemoteWebDriver.java:350)
	at collateral.Collateral360Helper.clickOnSaveCollateral(Collateral360Helper.java:142)
	at collateral.Collateral360.saveCollateralInformation(Collateral360.java:78)
	at java.util.concurrent.FutureTask.run(Unknown Source)
	at java.util.concurrent.ThreadPoolExecutor.runWorker(Unknown Source)
	at java.util.concurrent.ThreadPoolExecutor$Worker.run(Unknown Source)
	at java.lang.Thread.run(Unknown Source)
... Removed 19 stack frames]]>
    </failure>
  </testcase> <!-- saveCollateralInformation -->
  <testcase name="verifyCollateralTitle" time="0.291" classname="collateral.Collateral360"/>
</testsuite> <!-- Chrome Test -->
