<?xml version="1.0" encoding="UTF-8"?>
<!-- Generated by org.testng.reporters.JUnitXMLReporter -->
<testsuite hostname="rroque" name="Firefox Test" tests="3" failures="0" timestamp="5 May 2015 13:39:51 GMT" time="24.072" errors="0">
  <testcase name="testSearchforBush" time="5.723" classname="search_demo.SearchTest"/>
  <testcase name="testSearchforClinton" time="4.933" classname="search_demo.SearchTest"/>
  <testcase name="testSearchforObama" time="4.69" classname="search_demo.SearchTest"/>
</testsuite> <!-- Firefox Test -->
