<?xml version="1.0" encoding="UTF-8"?>
<!-- Generated by org.testng.reporters.JUnitXMLReporter -->
<testsuite hostname="pbajpai" name="Firefox Test" tests="2" failures="1" timestamp="20 Jul 2015 18:02:12 GMT" time="74.684" errors="0">
  <testcase name="saveCollateralInformation" time="7.974" classname="collateral.collateral360">
    <failure type="org.openqa.selenium.NoSuchElementException" message="Unable to locate element: {&amp;quot;method&amp;quot;:&amp;quot;xpath&amp;quot;,&amp;quot;selector&amp;quot;:&amp;quot;//input[contains(@customname,&amp;apos;collType&amp;apos;)]&amp;quot;}
Command duration or timeout: 178 milliseconds
For documentation on this error, please visit: http://seleniumhq.org/exceptions/no_such_element.html
Build info: version: &amp;apos;2.46.0&amp;apos;, revision: &amp;apos;87c69e2&amp;apos;, time: &amp;apos;2015-06-04 16:17:10&amp;apos;
System info: host: &amp;apos;pbajpai&amp;apos;, ip: &amp;apos;192.168.1.160&amp;apos;, os.name: &amp;apos;Windows 7&amp;apos;, os.arch: &amp;apos;amd64&amp;apos;, os.version: &amp;apos;6.1&amp;apos;, java.version: &amp;apos;1.7.0_79&amp;apos;
*** Element info: {Using=xpath, value=//input[contains(@customname,&amp;apos;collType&amp;apos;)]}
Session ID: eb3da929-6d70-4ecc-8a26-60593ca183bf
Driver info: org.openqa.selenium.firefox.FirefoxDriver
Capabilities [{platform=WINDOWS, acceptSslCerts=true, javascriptEnabled=true, cssSelectorsEnabled=true, databaseEnabled=true, browserName=firefox, handlesAlerts=true, nativeEvents=false, webStorageEnabled=true, rotatable=false, locationContextEnabled=true, applicationCacheEnabled=true, takesScreenshot=true, version=39.0}]">
      <![CDATA[org.openqa.selenium.NoSuchElementException: Unable to locate element: {"method":"xpath","selector":"//input[contains(@customname,'collType')]"}
Command duration or timeout: 178 milliseconds
For documentation on this error, please visit: http://seleniumhq.org/exceptions/no_such_element.html
Build info: version: '2.46.0', revision: '87c69e2', time: '2015-06-04 16:17:10'
System info: host: 'pbajpai', ip: '192.168.1.160', os.name: 'Windows 7', os.arch: 'amd64', os.version: '6.1', java.version: '1.7.0_79'
*** Element info: {Using=xpath, value=//input[contains(@customname,'collType')]}
Session ID: eb3da929-6d70-4ecc-8a26-60593ca183bf
Driver info: org.openqa.selenium.firefox.FirefoxDriver
Capabilities [{platform=WINDOWS, acceptSslCerts=true, javascriptEnabled=true, cssSelectorsEnabled=true, databaseEnabled=true, browserName=firefox, handlesAlerts=true, nativeEvents=false, webStorageEnabled=true, rotatable=false, locationContextEnabled=true, applicationCacheEnabled=true, takesScreenshot=true, version=39.0}]
	at org.openqa.selenium.remote.ErrorHandler.createThrowable(ErrorHandler.java:204)
	at org.openqa.selenium.remote.ErrorHandler.throwIfResponseFailed(ErrorHandler.java:156)
	at org.openqa.selenium.remote.RemoteWebDriver.execute(RemoteWebDriver.java:605)
	at org.openqa.selenium.remote.RemoteWebDriver.findElement(RemoteWebDriver.java:358)
	at org.openqa.selenium.remote.RemoteWebDriver.findElementByXPath(RemoteWebDriver.java:455)
	at org.openqa.selenium.By$ByXPath.findElement(By.java:358)
	at org.openqa.selenium.remote.RemoteWebDriver.findElement(RemoteWebDriver.java:350)
	at collateral.collateral360Helper.selectCollateralType(collateral360Helper.java:59)
	at collateral.collateral360.saveCollateralInformation(collateral360.java:56)
	at java.util.concurrent.FutureTask.run(Unknown Source)
	at java.util.concurrent.ThreadPoolExecutor.runWorker(Unknown Source)
	at java.util.concurrent.ThreadPoolExecutor$Worker.run(Unknown Source)
	at java.lang.Thread.run(Unknown Source)
Caused by: org.openqa.selenium.NoSuchElementException: Unable to locate element: {"method":"xpath","selector":"//input[contains(@customname,'collType')]"}
For documentation on this error, please visit: http://seleniumhq.org/exceptions/no_such_element.html
Build info: version: '2.46.0', revision: '87c69e2', time: '2015-06-04 16:17:10'
System info: host: 'pbajpai', ip: '192.168.1.160', os.name: 'Windows 7', os.arch: 'amd64', os.version: '6.1', java.version: '1.7.0_79'
Driver info: driver.version: unknown
	at <anonymous class>.FirefoxDriver.prototype.findElementInternal_(file:///C:/Users/provenir/AppData/Local/Temp/anonymous5790035793314642120webdriver-profile/extensions/fxdriver@googlecode.com/components/driver-component.js:10299)
	at <anonymous class>.fxdriver.Timer.prototype.setTimeout/<.notify(file:///C:/Users/provenir/AppData/Local/Temp/anonymous5790035793314642120webdriver-profile/extensions/fxdriver@googlecode.com/components/driver-component.js:603)
... Removed 20 stack frames]]>
    </failure>
  </testcase> <!-- saveCollateralInformation -->
  <testcase name="verifyCollateralTitle" time="0.32" classname="collateral.collateral360"/>
</testsuite> <!-- Firefox Test -->
