<?xml version="1.0" encoding="UTF-8"?>
<!-- Generated by org.testng.reporters.JUnitXMLReporter -->
<testsuite hostname="pbajpai" name="IE Test" tests="3" failures="2" timestamp="6 Aug 2015 14:49:53 GMT" time="222.23" errors="0">
  <testcase name="clickOnCollateralAndAdd" time="12.876" classname="collateral.Collateral360"/>
  <testcase name="verifyCollateralTitle" time="61.663" classname="collateral.Collateral360">
    <failure/>
  </testcase> <!-- verifyCollateralTitle -->
  <testcase name="saveCollateralInformation" time="41.041" classname="collateral.Collateral360">
    <failure/>
  </testcase> <!-- saveCollateralInformation -->
</testsuite> <!-- IE Test -->
