<?xml version="1.0" encoding="UTF-8"?>
<!-- Generated by org.testng.reporters.JUnitXMLReporter -->
<testsuite hostname="rroque" name="Internet Explorer Test" tests="3" failures="0" timestamp="5 May 2015 13:39:47 GMT" time="19.542" errors="0">
  <testcase name="testSearchforBush" time="5.534" classname="search_demo.SearchTest"/>
  <testcase name="testSearchforClinton" time="4.479" classname="search_demo.SearchTest"/>
  <testcase name="testSearchforObama" time="4.808" classname="search_demo.SearchTest"/>
</testsuite> <!-- Internet Explorer Test -->
