<?xml version="1.0" encoding="UTF-8"?>
<!-- Generated by org.testng.reporters.JUnitXMLReporter -->
<testsuite hostname="rroque" name="Test 1" tests="4" failures="0" timestamp="21 Apr 2015 20:49:12 GMT" time="10.58" errors="0">
  <testcase name="testSearchforBush" time="5.444" classname="google.SearchTest3"/>
  <testcase name="testSearchforBush" time="5.908" classname="google.SearchTest2"/>
  <testcase name="testSearchforObama" time="4.732" classname="google.SearchTest3"/>
  <testcase name="testSearchforObama" time="4.652" classname="google.SearchTest2"/>
</testsuite> <!-- Test 1 -->
